[2025-01-15T12:19:10.737+0500] {processor.py:186} INFO - Started process (PID=36143) to work on /Users/mac/Desktop/Comapny2/CryptoPortfolioAI/.venv/lib/python3.10/site-packages/airflow/example_dags/plugins/event_listener.py
[2025-01-15T12:19:10.738+0500] {processor.py:914} INFO - Processing file /Users/mac/Desktop/Comapny2/CryptoPortfolioAI/.venv/lib/python3.10/site-packages/airflow/example_dags/plugins/event_listener.py for tasks to queue
[2025-01-15T12:19:10.739+0500] {logging_mixin.py:190} INFO - [2025-01-15T12:19:10.739+0500] {dagbag.py:588} INFO - Filling up the DagBag from /Users/mac/Desktop/Comapny2/CryptoPortfolioAI/.venv/lib/python3.10/site-packages/airflow/example_dags/plugins/event_listener.py
[2025-01-15T12:19:10.741+0500] {processor.py:927} WARNING - No viable dags retrieved from /Users/mac/Desktop/Comapny2/CryptoPortfolioAI/.venv/lib/python3.10/site-packages/airflow/example_dags/plugins/event_listener.py
[2025-01-15T12:19:10.839+0500] {processor.py:208} INFO - Processing /Users/mac/Desktop/Comapny2/CryptoPortfolioAI/.venv/lib/python3.10/site-packages/airflow/example_dags/plugins/event_listener.py took 0.108 seconds
[2025-01-15T23:20:02.973+0500] {processor.py:186} INFO - Started process (PID=3139) to work on /Users/mac/Desktop/Comapny2/CryptoPortfolioAI/.venv/lib/python3.10/site-packages/airflow/example_dags/plugins/event_listener.py
[2025-01-15T23:20:02.975+0500] {processor.py:914} INFO - Processing file /Users/mac/Desktop/Comapny2/CryptoPortfolioAI/.venv/lib/python3.10/site-packages/airflow/example_dags/plugins/event_listener.py for tasks to queue
[2025-01-15T23:20:02.977+0500] {logging_mixin.py:190} INFO - [2025-01-15T23:20:02.976+0500] {dagbag.py:588} INFO - Filling up the DagBag from /Users/mac/Desktop/Comapny2/CryptoPortfolioAI/.venv/lib/python3.10/site-packages/airflow/example_dags/plugins/event_listener.py
[2025-01-15T23:20:02.979+0500] {processor.py:927} WARNING - No viable dags retrieved from /Users/mac/Desktop/Comapny2/CryptoPortfolioAI/.venv/lib/python3.10/site-packages/airflow/example_dags/plugins/event_listener.py
[2025-01-15T23:20:03.100+0500] {processor.py:208} INFO - Processing /Users/mac/Desktop/Comapny2/CryptoPortfolioAI/.venv/lib/python3.10/site-packages/airflow/example_dags/plugins/event_listener.py took 0.132 seconds
[2025-01-15T23:24:13.339+0500] {processor.py:186} INFO - Started process (PID=4271) to work on /Users/mac/Desktop/Comapny2/CryptoPortfolioAI/.venv/lib/python3.10/site-packages/airflow/example_dags/plugins/event_listener.py
[2025-01-15T23:24:13.342+0500] {processor.py:914} INFO - Processing file /Users/mac/Desktop/Comapny2/CryptoPortfolioAI/.venv/lib/python3.10/site-packages/airflow/example_dags/plugins/event_listener.py for tasks to queue
[2025-01-15T23:24:13.346+0500] {logging_mixin.py:190} INFO - [2025-01-15T23:24:13.346+0500] {dagbag.py:588} INFO - Filling up the DagBag from /Users/mac/Desktop/Comapny2/CryptoPortfolioAI/.venv/lib/python3.10/site-packages/airflow/example_dags/plugins/event_listener.py
[2025-01-15T23:24:13.349+0500] {processor.py:927} WARNING - No viable dags retrieved from /Users/mac/Desktop/Comapny2/CryptoPortfolioAI/.venv/lib/python3.10/site-packages/airflow/example_dags/plugins/event_listener.py
[2025-01-15T23:24:13.622+0500] {processor.py:208} INFO - Processing /Users/mac/Desktop/Comapny2/CryptoPortfolioAI/.venv/lib/python3.10/site-packages/airflow/example_dags/plugins/event_listener.py took 0.290 seconds
[2025-01-15T23:28:15.874+0500] {processor.py:186} INFO - Started process (PID=5446) to work on /Users/mac/Desktop/Comapny2/CryptoPortfolioAI/.venv/lib/python3.10/site-packages/airflow/example_dags/plugins/event_listener.py
[2025-01-15T23:28:15.877+0500] {processor.py:914} INFO - Processing file /Users/mac/Desktop/Comapny2/CryptoPortfolioAI/.venv/lib/python3.10/site-packages/airflow/example_dags/plugins/event_listener.py for tasks to queue
[2025-01-15T23:28:15.879+0500] {logging_mixin.py:190} INFO - [2025-01-15T23:28:15.879+0500] {dagbag.py:588} INFO - Filling up the DagBag from /Users/mac/Desktop/Comapny2/CryptoPortfolioAI/.venv/lib/python3.10/site-packages/airflow/example_dags/plugins/event_listener.py
[2025-01-15T23:28:15.882+0500] {processor.py:927} WARNING - No viable dags retrieved from /Users/mac/Desktop/Comapny2/CryptoPortfolioAI/.venv/lib/python3.10/site-packages/airflow/example_dags/plugins/event_listener.py
[2025-01-15T23:28:16.065+0500] {processor.py:208} INFO - Processing /Users/mac/Desktop/Comapny2/CryptoPortfolioAI/.venv/lib/python3.10/site-packages/airflow/example_dags/plugins/event_listener.py took 0.198 seconds
[2025-01-15T23:31:43.796+0500] {processor.py:186} INFO - Started process (PID=6514) to work on /Users/mac/Desktop/Comapny2/CryptoPortfolioAI/.venv/lib/python3.10/site-packages/airflow/example_dags/plugins/event_listener.py
[2025-01-15T23:31:43.798+0500] {processor.py:914} INFO - Processing file /Users/mac/Desktop/Comapny2/CryptoPortfolioAI/.venv/lib/python3.10/site-packages/airflow/example_dags/plugins/event_listener.py for tasks to queue
[2025-01-15T23:31:43.800+0500] {logging_mixin.py:190} INFO - [2025-01-15T23:31:43.800+0500] {dagbag.py:588} INFO - Filling up the DagBag from /Users/mac/Desktop/Comapny2/CryptoPortfolioAI/.venv/lib/python3.10/site-packages/airflow/example_dags/plugins/event_listener.py
[2025-01-15T23:31:43.801+0500] {processor.py:927} WARNING - No viable dags retrieved from /Users/mac/Desktop/Comapny2/CryptoPortfolioAI/.venv/lib/python3.10/site-packages/airflow/example_dags/plugins/event_listener.py
[2025-01-15T23:31:43.916+0500] {processor.py:208} INFO - Processing /Users/mac/Desktop/Comapny2/CryptoPortfolioAI/.venv/lib/python3.10/site-packages/airflow/example_dags/plugins/event_listener.py took 0.125 seconds
[2025-01-15T23:34:35.405+0500] {processor.py:186} INFO - Started process (PID=7289) to work on /Users/mac/Desktop/Comapny2/CryptoPortfolioAI/.venv/lib/python3.10/site-packages/airflow/example_dags/plugins/event_listener.py
[2025-01-15T23:34:35.408+0500] {processor.py:914} INFO - Processing file /Users/mac/Desktop/Comapny2/CryptoPortfolioAI/.venv/lib/python3.10/site-packages/airflow/example_dags/plugins/event_listener.py for tasks to queue
[2025-01-15T23:34:35.409+0500] {logging_mixin.py:190} INFO - [2025-01-15T23:34:35.409+0500] {dagbag.py:588} INFO - Filling up the DagBag from /Users/mac/Desktop/Comapny2/CryptoPortfolioAI/.venv/lib/python3.10/site-packages/airflow/example_dags/plugins/event_listener.py
[2025-01-15T23:34:35.411+0500] {processor.py:927} WARNING - No viable dags retrieved from /Users/mac/Desktop/Comapny2/CryptoPortfolioAI/.venv/lib/python3.10/site-packages/airflow/example_dags/plugins/event_listener.py
[2025-01-15T23:34:35.509+0500] {processor.py:208} INFO - Processing /Users/mac/Desktop/Comapny2/CryptoPortfolioAI/.venv/lib/python3.10/site-packages/airflow/example_dags/plugins/event_listener.py took 0.109 seconds
[2025-01-15T23:37:24.350+0500] {processor.py:186} INFO - Started process (PID=8066) to work on /Users/mac/Desktop/Comapny2/CryptoPortfolioAI/.venv/lib/python3.10/site-packages/airflow/example_dags/plugins/event_listener.py
[2025-01-15T23:37:24.352+0500] {processor.py:914} INFO - Processing file /Users/mac/Desktop/Comapny2/CryptoPortfolioAI/.venv/lib/python3.10/site-packages/airflow/example_dags/plugins/event_listener.py for tasks to queue
[2025-01-15T23:37:24.354+0500] {logging_mixin.py:190} INFO - [2025-01-15T23:37:24.354+0500] {dagbag.py:588} INFO - Filling up the DagBag from /Users/mac/Desktop/Comapny2/CryptoPortfolioAI/.venv/lib/python3.10/site-packages/airflow/example_dags/plugins/event_listener.py
[2025-01-15T23:37:24.355+0500] {processor.py:927} WARNING - No viable dags retrieved from /Users/mac/Desktop/Comapny2/CryptoPortfolioAI/.venv/lib/python3.10/site-packages/airflow/example_dags/plugins/event_listener.py
[2025-01-15T23:37:24.455+0500] {processor.py:208} INFO - Processing /Users/mac/Desktop/Comapny2/CryptoPortfolioAI/.venv/lib/python3.10/site-packages/airflow/example_dags/plugins/event_listener.py took 0.110 seconds
[2025-01-15T23:40:17.649+0500] {processor.py:186} INFO - Started process (PID=8829) to work on /Users/mac/Desktop/Comapny2/CryptoPortfolioAI/.venv/lib/python3.10/site-packages/airflow/example_dags/plugins/event_listener.py
[2025-01-15T23:40:17.652+0500] {processor.py:914} INFO - Processing file /Users/mac/Desktop/Comapny2/CryptoPortfolioAI/.venv/lib/python3.10/site-packages/airflow/example_dags/plugins/event_listener.py for tasks to queue
[2025-01-15T23:40:17.654+0500] {logging_mixin.py:190} INFO - [2025-01-15T23:40:17.653+0500] {dagbag.py:588} INFO - Filling up the DagBag from /Users/mac/Desktop/Comapny2/CryptoPortfolioAI/.venv/lib/python3.10/site-packages/airflow/example_dags/plugins/event_listener.py
[2025-01-15T23:40:17.656+0500] {processor.py:927} WARNING - No viable dags retrieved from /Users/mac/Desktop/Comapny2/CryptoPortfolioAI/.venv/lib/python3.10/site-packages/airflow/example_dags/plugins/event_listener.py
[2025-01-15T23:40:17.800+0500] {processor.py:208} INFO - Processing /Users/mac/Desktop/Comapny2/CryptoPortfolioAI/.venv/lib/python3.10/site-packages/airflow/example_dags/plugins/event_listener.py took 0.157 seconds
[2025-01-15T23:43:35.492+0500] {processor.py:186} INFO - Started process (PID=9611) to work on /Users/mac/Desktop/Comapny2/CryptoPortfolioAI/.venv/lib/python3.10/site-packages/airflow/example_dags/plugins/event_listener.py
[2025-01-15T23:43:35.495+0500] {processor.py:914} INFO - Processing file /Users/mac/Desktop/Comapny2/CryptoPortfolioAI/.venv/lib/python3.10/site-packages/airflow/example_dags/plugins/event_listener.py for tasks to queue
[2025-01-15T23:43:35.496+0500] {logging_mixin.py:190} INFO - [2025-01-15T23:43:35.496+0500] {dagbag.py:588} INFO - Filling up the DagBag from /Users/mac/Desktop/Comapny2/CryptoPortfolioAI/.venv/lib/python3.10/site-packages/airflow/example_dags/plugins/event_listener.py
[2025-01-15T23:43:35.497+0500] {processor.py:927} WARNING - No viable dags retrieved from /Users/mac/Desktop/Comapny2/CryptoPortfolioAI/.venv/lib/python3.10/site-packages/airflow/example_dags/plugins/event_listener.py
[2025-01-15T23:43:35.600+0500] {processor.py:208} INFO - Processing /Users/mac/Desktop/Comapny2/CryptoPortfolioAI/.venv/lib/python3.10/site-packages/airflow/example_dags/plugins/event_listener.py took 0.112 seconds
