[2025-01-15T12:19:07.919+0500] {processor.py:186} INFO - Started process (PID=36132) to work on /Users/mac/Desktop/Comapny2/CryptoPortfolioAI/.venv/lib/python3.10/site-packages/airflow/example_dags/plugins/listener_plugin.py
[2025-01-15T12:19:07.920+0500] {processor.py:914} INFO - Processing file /Users/mac/Desktop/Comapny2/CryptoPortfolioAI/.venv/lib/python3.10/site-packages/airflow/example_dags/plugins/listener_plugin.py for tasks to queue
[2025-01-15T12:19:07.921+0500] {logging_mixin.py:190} INFO - [2025-01-15T12:19:07.921+0500] {dagbag.py:588} INFO - Filling up the DagBag from /Users/mac/Desktop/Comapny2/CryptoPortfolioAI/.venv/lib/python3.10/site-packages/airflow/example_dags/plugins/listener_plugin.py
[2025-01-15T12:19:07.924+0500] {processor.py:927} WARNING - No viable dags retrieved from /Users/mac/Desktop/Comapny2/CryptoPortfolioAI/.venv/lib/python3.10/site-packages/airflow/example_dags/plugins/listener_plugin.py
[2025-01-15T12:19:08.039+0500] {processor.py:208} INFO - Processing /Users/mac/Desktop/Comapny2/CryptoPortfolioAI/.venv/lib/python3.10/site-packages/airflow/example_dags/plugins/listener_plugin.py took 0.126 seconds
[2025-01-15T23:19:59.179+0500] {processor.py:186} INFO - Started process (PID=3110) to work on /Users/mac/Desktop/Comapny2/CryptoPortfolioAI/.venv/lib/python3.10/site-packages/airflow/example_dags/plugins/listener_plugin.py
[2025-01-15T23:19:59.181+0500] {processor.py:914} INFO - Processing file /Users/mac/Desktop/Comapny2/CryptoPortfolioAI/.venv/lib/python3.10/site-packages/airflow/example_dags/plugins/listener_plugin.py for tasks to queue
[2025-01-15T23:19:59.183+0500] {logging_mixin.py:190} INFO - [2025-01-15T23:19:59.182+0500] {dagbag.py:588} INFO - Filling up the DagBag from /Users/mac/Desktop/Comapny2/CryptoPortfolioAI/.venv/lib/python3.10/site-packages/airflow/example_dags/plugins/listener_plugin.py
[2025-01-15T23:19:59.187+0500] {processor.py:927} WARNING - No viable dags retrieved from /Users/mac/Desktop/Comapny2/CryptoPortfolioAI/.venv/lib/python3.10/site-packages/airflow/example_dags/plugins/listener_plugin.py
[2025-01-15T23:19:59.309+0500] {processor.py:208} INFO - Processing /Users/mac/Desktop/Comapny2/CryptoPortfolioAI/.venv/lib/python3.10/site-packages/airflow/example_dags/plugins/listener_plugin.py took 0.135 seconds
[2025-01-15T23:24:09.534+0500] {processor.py:186} INFO - Started process (PID=4255) to work on /Users/mac/Desktop/Comapny2/CryptoPortfolioAI/.venv/lib/python3.10/site-packages/airflow/example_dags/plugins/listener_plugin.py
[2025-01-15T23:24:09.536+0500] {processor.py:914} INFO - Processing file /Users/mac/Desktop/Comapny2/CryptoPortfolioAI/.venv/lib/python3.10/site-packages/airflow/example_dags/plugins/listener_plugin.py for tasks to queue
[2025-01-15T23:24:09.538+0500] {logging_mixin.py:190} INFO - [2025-01-15T23:24:09.538+0500] {dagbag.py:588} INFO - Filling up the DagBag from /Users/mac/Desktop/Comapny2/CryptoPortfolioAI/.venv/lib/python3.10/site-packages/airflow/example_dags/plugins/listener_plugin.py
[2025-01-15T23:24:09.545+0500] {processor.py:927} WARNING - No viable dags retrieved from /Users/mac/Desktop/Comapny2/CryptoPortfolioAI/.venv/lib/python3.10/site-packages/airflow/example_dags/plugins/listener_plugin.py
[2025-01-15T23:24:09.684+0500] {processor.py:208} INFO - Processing /Users/mac/Desktop/Comapny2/CryptoPortfolioAI/.venv/lib/python3.10/site-packages/airflow/example_dags/plugins/listener_plugin.py took 0.156 seconds
[2025-01-15T23:28:10.360+0500] {processor.py:186} INFO - Started process (PID=5418) to work on /Users/mac/Desktop/Comapny2/CryptoPortfolioAI/.venv/lib/python3.10/site-packages/airflow/example_dags/plugins/listener_plugin.py
[2025-01-15T23:28:10.362+0500] {processor.py:914} INFO - Processing file /Users/mac/Desktop/Comapny2/CryptoPortfolioAI/.venv/lib/python3.10/site-packages/airflow/example_dags/plugins/listener_plugin.py for tasks to queue
[2025-01-15T23:28:10.364+0500] {logging_mixin.py:190} INFO - [2025-01-15T23:28:10.364+0500] {dagbag.py:588} INFO - Filling up the DagBag from /Users/mac/Desktop/Comapny2/CryptoPortfolioAI/.venv/lib/python3.10/site-packages/airflow/example_dags/plugins/listener_plugin.py
[2025-01-15T23:28:10.372+0500] {processor.py:927} WARNING - No viable dags retrieved from /Users/mac/Desktop/Comapny2/CryptoPortfolioAI/.venv/lib/python3.10/site-packages/airflow/example_dags/plugins/listener_plugin.py
[2025-01-15T23:28:10.496+0500] {processor.py:208} INFO - Processing /Users/mac/Desktop/Comapny2/CryptoPortfolioAI/.venv/lib/python3.10/site-packages/airflow/example_dags/plugins/listener_plugin.py took 0.141 seconds
[2025-01-15T23:31:41.441+0500] {processor.py:186} INFO - Started process (PID=6504) to work on /Users/mac/Desktop/Comapny2/CryptoPortfolioAI/.venv/lib/python3.10/site-packages/airflow/example_dags/plugins/listener_plugin.py
[2025-01-15T23:31:41.444+0500] {processor.py:914} INFO - Processing file /Users/mac/Desktop/Comapny2/CryptoPortfolioAI/.venv/lib/python3.10/site-packages/airflow/example_dags/plugins/listener_plugin.py for tasks to queue
[2025-01-15T23:31:41.445+0500] {logging_mixin.py:190} INFO - [2025-01-15T23:31:41.445+0500] {dagbag.py:588} INFO - Filling up the DagBag from /Users/mac/Desktop/Comapny2/CryptoPortfolioAI/.venv/lib/python3.10/site-packages/airflow/example_dags/plugins/listener_plugin.py
[2025-01-15T23:31:41.448+0500] {processor.py:927} WARNING - No viable dags retrieved from /Users/mac/Desktop/Comapny2/CryptoPortfolioAI/.venv/lib/python3.10/site-packages/airflow/example_dags/plugins/listener_plugin.py
[2025-01-15T23:31:41.554+0500] {processor.py:208} INFO - Processing /Users/mac/Desktop/Comapny2/CryptoPortfolioAI/.venv/lib/python3.10/site-packages/airflow/example_dags/plugins/listener_plugin.py took 0.117 seconds
[2025-01-15T23:34:32.161+0500] {processor.py:186} INFO - Started process (PID=7271) to work on /Users/mac/Desktop/Comapny2/CryptoPortfolioAI/.venv/lib/python3.10/site-packages/airflow/example_dags/plugins/listener_plugin.py
[2025-01-15T23:34:32.164+0500] {processor.py:914} INFO - Processing file /Users/mac/Desktop/Comapny2/CryptoPortfolioAI/.venv/lib/python3.10/site-packages/airflow/example_dags/plugins/listener_plugin.py for tasks to queue
[2025-01-15T23:34:32.165+0500] {logging_mixin.py:190} INFO - [2025-01-15T23:34:32.165+0500] {dagbag.py:588} INFO - Filling up the DagBag from /Users/mac/Desktop/Comapny2/CryptoPortfolioAI/.venv/lib/python3.10/site-packages/airflow/example_dags/plugins/listener_plugin.py
[2025-01-15T23:34:32.171+0500] {processor.py:927} WARNING - No viable dags retrieved from /Users/mac/Desktop/Comapny2/CryptoPortfolioAI/.venv/lib/python3.10/site-packages/airflow/example_dags/plugins/listener_plugin.py
[2025-01-15T23:34:32.272+0500] {processor.py:208} INFO - Processing /Users/mac/Desktop/Comapny2/CryptoPortfolioAI/.venv/lib/python3.10/site-packages/airflow/example_dags/plugins/listener_plugin.py took 0.116 seconds
[2025-01-15T23:37:21.769+0500] {processor.py:186} INFO - Started process (PID=8040) to work on /Users/mac/Desktop/Comapny2/CryptoPortfolioAI/.venv/lib/python3.10/site-packages/airflow/example_dags/plugins/listener_plugin.py
[2025-01-15T23:37:21.772+0500] {processor.py:914} INFO - Processing file /Users/mac/Desktop/Comapny2/CryptoPortfolioAI/.venv/lib/python3.10/site-packages/airflow/example_dags/plugins/listener_plugin.py for tasks to queue
[2025-01-15T23:37:21.774+0500] {logging_mixin.py:190} INFO - [2025-01-15T23:37:21.774+0500] {dagbag.py:588} INFO - Filling up the DagBag from /Users/mac/Desktop/Comapny2/CryptoPortfolioAI/.venv/lib/python3.10/site-packages/airflow/example_dags/plugins/listener_plugin.py
[2025-01-15T23:37:21.778+0500] {processor.py:927} WARNING - No viable dags retrieved from /Users/mac/Desktop/Comapny2/CryptoPortfolioAI/.venv/lib/python3.10/site-packages/airflow/example_dags/plugins/listener_plugin.py
[2025-01-15T23:37:21.874+0500] {processor.py:208} INFO - Processing /Users/mac/Desktop/Comapny2/CryptoPortfolioAI/.venv/lib/python3.10/site-packages/airflow/example_dags/plugins/listener_plugin.py took 0.109 seconds
[2025-01-15T23:40:13.331+0500] {processor.py:186} INFO - Started process (PID=8807) to work on /Users/mac/Desktop/Comapny2/CryptoPortfolioAI/.venv/lib/python3.10/site-packages/airflow/example_dags/plugins/listener_plugin.py
[2025-01-15T23:40:13.334+0500] {processor.py:914} INFO - Processing file /Users/mac/Desktop/Comapny2/CryptoPortfolioAI/.venv/lib/python3.10/site-packages/airflow/example_dags/plugins/listener_plugin.py for tasks to queue
[2025-01-15T23:40:13.336+0500] {logging_mixin.py:190} INFO - [2025-01-15T23:40:13.336+0500] {dagbag.py:588} INFO - Filling up the DagBag from /Users/mac/Desktop/Comapny2/CryptoPortfolioAI/.venv/lib/python3.10/site-packages/airflow/example_dags/plugins/listener_plugin.py
[2025-01-15T23:40:13.343+0500] {processor.py:927} WARNING - No viable dags retrieved from /Users/mac/Desktop/Comapny2/CryptoPortfolioAI/.venv/lib/python3.10/site-packages/airflow/example_dags/plugins/listener_plugin.py
[2025-01-15T23:40:13.655+0500] {processor.py:208} INFO - Processing /Users/mac/Desktop/Comapny2/CryptoPortfolioAI/.venv/lib/python3.10/site-packages/airflow/example_dags/plugins/listener_plugin.py took 0.330 seconds
[2025-01-15T23:43:32.253+0500] {processor.py:186} INFO - Started process (PID=9593) to work on /Users/mac/Desktop/Comapny2/CryptoPortfolioAI/.venv/lib/python3.10/site-packages/airflow/example_dags/plugins/listener_plugin.py
[2025-01-15T23:43:32.256+0500] {processor.py:914} INFO - Processing file /Users/mac/Desktop/Comapny2/CryptoPortfolioAI/.venv/lib/python3.10/site-packages/airflow/example_dags/plugins/listener_plugin.py for tasks to queue
[2025-01-15T23:43:32.257+0500] {logging_mixin.py:190} INFO - [2025-01-15T23:43:32.257+0500] {dagbag.py:588} INFO - Filling up the DagBag from /Users/mac/Desktop/Comapny2/CryptoPortfolioAI/.venv/lib/python3.10/site-packages/airflow/example_dags/plugins/listener_plugin.py
[2025-01-15T23:43:32.260+0500] {processor.py:927} WARNING - No viable dags retrieved from /Users/mac/Desktop/Comapny2/CryptoPortfolioAI/.venv/lib/python3.10/site-packages/airflow/example_dags/plugins/listener_plugin.py
[2025-01-15T23:43:32.364+0500] {processor.py:208} INFO - Processing /Users/mac/Desktop/Comapny2/CryptoPortfolioAI/.venv/lib/python3.10/site-packages/airflow/example_dags/plugins/listener_plugin.py took 0.115 seconds
