[2025-01-15T12:19:04.051+0500] {processor.py:186} INFO - Started process (PID=36118) to work on /Users/mac/Desktop/Comapny2/CryptoPortfolioAI/.venv/lib/python3.10/site-packages/airflow/example_dags/plugins/workday.py
[2025-01-15T12:19:04.052+0500] {processor.py:914} INFO - Processing file /Users/mac/Desktop/Comapny2/CryptoPortfolioAI/.venv/lib/python3.10/site-packages/airflow/example_dags/plugins/workday.py for tasks to queue
[2025-01-15T12:19:04.054+0500] {logging_mixin.py:190} INFO - [2025-01-15T12:19:04.054+0500] {dagbag.py:588} INFO - Filling up the DagBag from /Users/mac/Desktop/Comapny2/CryptoPortfolioAI/.venv/lib/python3.10/site-packages/airflow/example_dags/plugins/workday.py
[2025-01-15T12:19:04.575+0500] {processor.py:927} WARNING - No viable dags retrieved from /Users/mac/Desktop/Comapny2/CryptoPortfolioAI/.venv/lib/python3.10/site-packages/airflow/example_dags/plugins/workday.py
[2025-01-15T12:19:04.746+0500] {processor.py:208} INFO - Processing /Users/mac/Desktop/Comapny2/CryptoPortfolioAI/.venv/lib/python3.10/site-packages/airflow/example_dags/plugins/workday.py took 0.701 seconds
[2025-01-15T23:19:54.900+0500] {processor.py:186} INFO - Started process (PID=3087) to work on /Users/mac/Desktop/Comapny2/CryptoPortfolioAI/.venv/lib/python3.10/site-packages/airflow/example_dags/plugins/workday.py
[2025-01-15T23:19:54.902+0500] {processor.py:914} INFO - Processing file /Users/mac/Desktop/Comapny2/CryptoPortfolioAI/.venv/lib/python3.10/site-packages/airflow/example_dags/plugins/workday.py for tasks to queue
[2025-01-15T23:19:54.904+0500] {logging_mixin.py:190} INFO - [2025-01-15T23:19:54.904+0500] {dagbag.py:588} INFO - Filling up the DagBag from /Users/mac/Desktop/Comapny2/CryptoPortfolioAI/.venv/lib/python3.10/site-packages/airflow/example_dags/plugins/workday.py
[2025-01-15T23:19:55.352+0500] {processor.py:927} WARNING - No viable dags retrieved from /Users/mac/Desktop/Comapny2/CryptoPortfolioAI/.venv/lib/python3.10/site-packages/airflow/example_dags/plugins/workday.py
[2025-01-15T23:19:55.453+0500] {processor.py:208} INFO - Processing /Users/mac/Desktop/Comapny2/CryptoPortfolioAI/.venv/lib/python3.10/site-packages/airflow/example_dags/plugins/workday.py took 0.558 seconds
[2025-01-15T23:24:03.481+0500] {processor.py:186} INFO - Started process (PID=4239) to work on /Users/mac/Desktop/Comapny2/CryptoPortfolioAI/.venv/lib/python3.10/site-packages/airflow/example_dags/plugins/workday.py
[2025-01-15T23:24:03.483+0500] {processor.py:914} INFO - Processing file /Users/mac/Desktop/Comapny2/CryptoPortfolioAI/.venv/lib/python3.10/site-packages/airflow/example_dags/plugins/workday.py for tasks to queue
[2025-01-15T23:24:03.485+0500] {logging_mixin.py:190} INFO - [2025-01-15T23:24:03.484+0500] {dagbag.py:588} INFO - Filling up the DagBag from /Users/mac/Desktop/Comapny2/CryptoPortfolioAI/.venv/lib/python3.10/site-packages/airflow/example_dags/plugins/workday.py
[2025-01-15T23:24:04.375+0500] {processor.py:927} WARNING - No viable dags retrieved from /Users/mac/Desktop/Comapny2/CryptoPortfolioAI/.venv/lib/python3.10/site-packages/airflow/example_dags/plugins/workday.py
[2025-01-15T23:24:04.639+0500] {processor.py:208} INFO - Processing /Users/mac/Desktop/Comapny2/CryptoPortfolioAI/.venv/lib/python3.10/site-packages/airflow/example_dags/plugins/workday.py took 1.163 seconds
[2025-01-15T23:28:03.176+0500] {processor.py:186} INFO - Started process (PID=5366) to work on /Users/mac/Desktop/Comapny2/CryptoPortfolioAI/.venv/lib/python3.10/site-packages/airflow/example_dags/plugins/workday.py
[2025-01-15T23:28:03.178+0500] {processor.py:914} INFO - Processing file /Users/mac/Desktop/Comapny2/CryptoPortfolioAI/.venv/lib/python3.10/site-packages/airflow/example_dags/plugins/workday.py for tasks to queue
[2025-01-15T23:28:03.180+0500] {logging_mixin.py:190} INFO - [2025-01-15T23:28:03.180+0500] {dagbag.py:588} INFO - Filling up the DagBag from /Users/mac/Desktop/Comapny2/CryptoPortfolioAI/.venv/lib/python3.10/site-packages/airflow/example_dags/plugins/workday.py
[2025-01-15T23:28:04.087+0500] {processor.py:927} WARNING - No viable dags retrieved from /Users/mac/Desktop/Comapny2/CryptoPortfolioAI/.venv/lib/python3.10/site-packages/airflow/example_dags/plugins/workday.py
[2025-01-15T23:28:04.221+0500] {processor.py:208} INFO - Processing /Users/mac/Desktop/Comapny2/CryptoPortfolioAI/.venv/lib/python3.10/site-packages/airflow/example_dags/plugins/workday.py took 1.050 seconds
[2025-01-15T23:31:37.571+0500] {processor.py:186} INFO - Started process (PID=6486) to work on /Users/mac/Desktop/Comapny2/CryptoPortfolioAI/.venv/lib/python3.10/site-packages/airflow/example_dags/plugins/workday.py
[2025-01-15T23:31:37.573+0500] {processor.py:914} INFO - Processing file /Users/mac/Desktop/Comapny2/CryptoPortfolioAI/.venv/lib/python3.10/site-packages/airflow/example_dags/plugins/workday.py for tasks to queue
[2025-01-15T23:31:37.575+0500] {logging_mixin.py:190} INFO - [2025-01-15T23:31:37.575+0500] {dagbag.py:588} INFO - Filling up the DagBag from /Users/mac/Desktop/Comapny2/CryptoPortfolioAI/.venv/lib/python3.10/site-packages/airflow/example_dags/plugins/workday.py
[2025-01-15T23:31:38.002+0500] {processor.py:927} WARNING - No viable dags retrieved from /Users/mac/Desktop/Comapny2/CryptoPortfolioAI/.venv/lib/python3.10/site-packages/airflow/example_dags/plugins/workday.py
[2025-01-15T23:31:38.101+0500] {processor.py:208} INFO - Processing /Users/mac/Desktop/Comapny2/CryptoPortfolioAI/.venv/lib/python3.10/site-packages/airflow/example_dags/plugins/workday.py took 0.535 seconds
[2025-01-15T23:34:28.155+0500] {processor.py:186} INFO - Started process (PID=7253) to work on /Users/mac/Desktop/Comapny2/CryptoPortfolioAI/.venv/lib/python3.10/site-packages/airflow/example_dags/plugins/workday.py
[2025-01-15T23:34:28.158+0500] {processor.py:914} INFO - Processing file /Users/mac/Desktop/Comapny2/CryptoPortfolioAI/.venv/lib/python3.10/site-packages/airflow/example_dags/plugins/workday.py for tasks to queue
[2025-01-15T23:34:28.160+0500] {logging_mixin.py:190} INFO - [2025-01-15T23:34:28.159+0500] {dagbag.py:588} INFO - Filling up the DagBag from /Users/mac/Desktop/Comapny2/CryptoPortfolioAI/.venv/lib/python3.10/site-packages/airflow/example_dags/plugins/workday.py
[2025-01-15T23:34:28.847+0500] {processor.py:927} WARNING - No viable dags retrieved from /Users/mac/Desktop/Comapny2/CryptoPortfolioAI/.venv/lib/python3.10/site-packages/airflow/example_dags/plugins/workday.py
[2025-01-15T23:34:28.948+0500] {processor.py:208} INFO - Processing /Users/mac/Desktop/Comapny2/CryptoPortfolioAI/.venv/lib/python3.10/site-packages/airflow/example_dags/plugins/workday.py took 0.798 seconds
[2025-01-15T23:37:18.623+0500] {processor.py:186} INFO - Started process (PID=8031) to work on /Users/mac/Desktop/Comapny2/CryptoPortfolioAI/.venv/lib/python3.10/site-packages/airflow/example_dags/plugins/workday.py
[2025-01-15T23:37:18.626+0500] {processor.py:914} INFO - Processing file /Users/mac/Desktop/Comapny2/CryptoPortfolioAI/.venv/lib/python3.10/site-packages/airflow/example_dags/plugins/workday.py for tasks to queue
[2025-01-15T23:37:18.627+0500] {logging_mixin.py:190} INFO - [2025-01-15T23:37:18.627+0500] {dagbag.py:588} INFO - Filling up the DagBag from /Users/mac/Desktop/Comapny2/CryptoPortfolioAI/.venv/lib/python3.10/site-packages/airflow/example_dags/plugins/workday.py
[2025-01-15T23:37:19.350+0500] {processor.py:927} WARNING - No viable dags retrieved from /Users/mac/Desktop/Comapny2/CryptoPortfolioAI/.venv/lib/python3.10/site-packages/airflow/example_dags/plugins/workday.py
[2025-01-15T23:37:19.446+0500] {processor.py:208} INFO - Processing /Users/mac/Desktop/Comapny2/CryptoPortfolioAI/.venv/lib/python3.10/site-packages/airflow/example_dags/plugins/workday.py took 0.828 seconds
[2025-01-15T23:40:08.949+0500] {processor.py:186} INFO - Started process (PID=8791) to work on /Users/mac/Desktop/Comapny2/CryptoPortfolioAI/.venv/lib/python3.10/site-packages/airflow/example_dags/plugins/workday.py
[2025-01-15T23:40:08.951+0500] {processor.py:914} INFO - Processing file /Users/mac/Desktop/Comapny2/CryptoPortfolioAI/.venv/lib/python3.10/site-packages/airflow/example_dags/plugins/workday.py for tasks to queue
[2025-01-15T23:40:08.953+0500] {logging_mixin.py:190} INFO - [2025-01-15T23:40:08.952+0500] {dagbag.py:588} INFO - Filling up the DagBag from /Users/mac/Desktop/Comapny2/CryptoPortfolioAI/.venv/lib/python3.10/site-packages/airflow/example_dags/plugins/workday.py
[2025-01-15T23:40:09.473+0500] {processor.py:927} WARNING - No viable dags retrieved from /Users/mac/Desktop/Comapny2/CryptoPortfolioAI/.venv/lib/python3.10/site-packages/airflow/example_dags/plugins/workday.py
[2025-01-15T23:40:09.614+0500] {processor.py:208} INFO - Processing /Users/mac/Desktop/Comapny2/CryptoPortfolioAI/.venv/lib/python3.10/site-packages/airflow/example_dags/plugins/workday.py took 0.669 seconds
[2025-01-15T23:43:29.410+0500] {processor.py:186} INFO - Started process (PID=9585) to work on /Users/mac/Desktop/Comapny2/CryptoPortfolioAI/.venv/lib/python3.10/site-packages/airflow/example_dags/plugins/workday.py
[2025-01-15T23:43:29.413+0500] {processor.py:914} INFO - Processing file /Users/mac/Desktop/Comapny2/CryptoPortfolioAI/.venv/lib/python3.10/site-packages/airflow/example_dags/plugins/workday.py for tasks to queue
[2025-01-15T23:43:29.414+0500] {logging_mixin.py:190} INFO - [2025-01-15T23:43:29.414+0500] {dagbag.py:588} INFO - Filling up the DagBag from /Users/mac/Desktop/Comapny2/CryptoPortfolioAI/.venv/lib/python3.10/site-packages/airflow/example_dags/plugins/workday.py
[2025-01-15T23:43:29.843+0500] {processor.py:927} WARNING - No viable dags retrieved from /Users/mac/Desktop/Comapny2/CryptoPortfolioAI/.venv/lib/python3.10/site-packages/airflow/example_dags/plugins/workday.py
[2025-01-15T23:43:29.944+0500] {processor.py:208} INFO - Processing /Users/mac/Desktop/Comapny2/CryptoPortfolioAI/.venv/lib/python3.10/site-packages/airflow/example_dags/plugins/workday.py took 0.538 seconds
