[2025-01-15T12:19:00.821+0500] {processor.py:186} INFO - Started process (PID=36099) to work on /Users/mac/Desktop/Comapny2/CryptoPortfolioAI/.venv/lib/python3.10/site-packages/airflow/example_dags/subdags/subdag.py
[2025-01-15T12:19:00.822+0500] {processor.py:914} INFO - Processing file /Users/mac/Desktop/Comapny2/CryptoPortfolioAI/.venv/lib/python3.10/site-packages/airflow/example_dags/subdags/subdag.py for tasks to queue
[2025-01-15T12:19:00.823+0500] {logging_mixin.py:190} INFO - [2025-01-15T12:19:00.823+0500] {dagbag.py:588} INFO - Filling up the DagBag from /Users/mac/Desktop/Comapny2/CryptoPortfolioAI/.venv/lib/python3.10/site-packages/airflow/example_dags/subdags/subdag.py
[2025-01-15T12:19:00.825+0500] {processor.py:927} WARNING - No viable dags retrieved from /Users/mac/Desktop/Comapny2/CryptoPortfolioAI/.venv/lib/python3.10/site-packages/airflow/example_dags/subdags/subdag.py
[2025-01-15T12:19:00.932+0500] {processor.py:208} INFO - Processing /Users/mac/Desktop/Comapny2/CryptoPortfolioAI/.venv/lib/python3.10/site-packages/airflow/example_dags/subdags/subdag.py took 0.117 seconds
[2025-01-15T23:19:51.457+0500] {processor.py:186} INFO - Started process (PID=3058) to work on /Users/mac/Desktop/Comapny2/CryptoPortfolioAI/.venv/lib/python3.10/site-packages/airflow/example_dags/subdags/subdag.py
[2025-01-15T23:19:51.459+0500] {processor.py:914} INFO - Processing file /Users/mac/Desktop/Comapny2/CryptoPortfolioAI/.venv/lib/python3.10/site-packages/airflow/example_dags/subdags/subdag.py for tasks to queue
[2025-01-15T23:19:51.461+0500] {logging_mixin.py:190} INFO - [2025-01-15T23:19:51.461+0500] {dagbag.py:588} INFO - Filling up the DagBag from /Users/mac/Desktop/Comapny2/CryptoPortfolioAI/.venv/lib/python3.10/site-packages/airflow/example_dags/subdags/subdag.py
[2025-01-15T23:19:51.464+0500] {processor.py:927} WARNING - No viable dags retrieved from /Users/mac/Desktop/Comapny2/CryptoPortfolioAI/.venv/lib/python3.10/site-packages/airflow/example_dags/subdags/subdag.py
[2025-01-15T23:19:51.574+0500] {processor.py:208} INFO - Processing /Users/mac/Desktop/Comapny2/CryptoPortfolioAI/.venv/lib/python3.10/site-packages/airflow/example_dags/subdags/subdag.py took 0.124 seconds
[2025-01-15T23:23:59.321+0500] {processor.py:186} INFO - Started process (PID=4216) to work on /Users/mac/Desktop/Comapny2/CryptoPortfolioAI/.venv/lib/python3.10/site-packages/airflow/example_dags/subdags/subdag.py
[2025-01-15T23:23:59.323+0500] {processor.py:914} INFO - Processing file /Users/mac/Desktop/Comapny2/CryptoPortfolioAI/.venv/lib/python3.10/site-packages/airflow/example_dags/subdags/subdag.py for tasks to queue
[2025-01-15T23:23:59.324+0500] {logging_mixin.py:190} INFO - [2025-01-15T23:23:59.324+0500] {dagbag.py:588} INFO - Filling up the DagBag from /Users/mac/Desktop/Comapny2/CryptoPortfolioAI/.venv/lib/python3.10/site-packages/airflow/example_dags/subdags/subdag.py
[2025-01-15T23:23:59.328+0500] {processor.py:927} WARNING - No viable dags retrieved from /Users/mac/Desktop/Comapny2/CryptoPortfolioAI/.venv/lib/python3.10/site-packages/airflow/example_dags/subdags/subdag.py
[2025-01-15T23:23:59.443+0500] {processor.py:208} INFO - Processing /Users/mac/Desktop/Comapny2/CryptoPortfolioAI/.venv/lib/python3.10/site-packages/airflow/example_dags/subdags/subdag.py took 0.128 seconds
[2025-01-15T23:27:58.622+0500] {processor.py:186} INFO - Started process (PID=5348) to work on /Users/mac/Desktop/Comapny2/CryptoPortfolioAI/.venv/lib/python3.10/site-packages/airflow/example_dags/subdags/subdag.py
[2025-01-15T23:27:58.624+0500] {processor.py:914} INFO - Processing file /Users/mac/Desktop/Comapny2/CryptoPortfolioAI/.venv/lib/python3.10/site-packages/airflow/example_dags/subdags/subdag.py for tasks to queue
[2025-01-15T23:27:58.626+0500] {logging_mixin.py:190} INFO - [2025-01-15T23:27:58.625+0500] {dagbag.py:588} INFO - Filling up the DagBag from /Users/mac/Desktop/Comapny2/CryptoPortfolioAI/.venv/lib/python3.10/site-packages/airflow/example_dags/subdags/subdag.py
[2025-01-15T23:27:58.630+0500] {processor.py:927} WARNING - No viable dags retrieved from /Users/mac/Desktop/Comapny2/CryptoPortfolioAI/.venv/lib/python3.10/site-packages/airflow/example_dags/subdags/subdag.py
[2025-01-15T23:27:58.758+0500] {processor.py:208} INFO - Processing /Users/mac/Desktop/Comapny2/CryptoPortfolioAI/.venv/lib/python3.10/site-packages/airflow/example_dags/subdags/subdag.py took 0.141 seconds
[2025-01-15T23:31:34.118+0500] {processor.py:186} INFO - Started process (PID=6465) to work on /Users/mac/Desktop/Comapny2/CryptoPortfolioAI/.venv/lib/python3.10/site-packages/airflow/example_dags/subdags/subdag.py
[2025-01-15T23:31:34.120+0500] {processor.py:914} INFO - Processing file /Users/mac/Desktop/Comapny2/CryptoPortfolioAI/.venv/lib/python3.10/site-packages/airflow/example_dags/subdags/subdag.py for tasks to queue
[2025-01-15T23:31:34.122+0500] {logging_mixin.py:190} INFO - [2025-01-15T23:31:34.122+0500] {dagbag.py:588} INFO - Filling up the DagBag from /Users/mac/Desktop/Comapny2/CryptoPortfolioAI/.venv/lib/python3.10/site-packages/airflow/example_dags/subdags/subdag.py
[2025-01-15T23:31:34.125+0500] {processor.py:927} WARNING - No viable dags retrieved from /Users/mac/Desktop/Comapny2/CryptoPortfolioAI/.venv/lib/python3.10/site-packages/airflow/example_dags/subdags/subdag.py
[2025-01-15T23:31:34.234+0500] {processor.py:208} INFO - Processing /Users/mac/Desktop/Comapny2/CryptoPortfolioAI/.venv/lib/python3.10/site-packages/airflow/example_dags/subdags/subdag.py took 0.120 seconds
[2025-01-15T23:34:25.806+0500] {processor.py:186} INFO - Started process (PID=7245) to work on /Users/mac/Desktop/Comapny2/CryptoPortfolioAI/.venv/lib/python3.10/site-packages/airflow/example_dags/subdags/subdag.py
[2025-01-15T23:34:25.808+0500] {processor.py:914} INFO - Processing file /Users/mac/Desktop/Comapny2/CryptoPortfolioAI/.venv/lib/python3.10/site-packages/airflow/example_dags/subdags/subdag.py for tasks to queue
[2025-01-15T23:34:25.810+0500] {logging_mixin.py:190} INFO - [2025-01-15T23:34:25.810+0500] {dagbag.py:588} INFO - Filling up the DagBag from /Users/mac/Desktop/Comapny2/CryptoPortfolioAI/.venv/lib/python3.10/site-packages/airflow/example_dags/subdags/subdag.py
[2025-01-15T23:34:25.814+0500] {processor.py:927} WARNING - No viable dags retrieved from /Users/mac/Desktop/Comapny2/CryptoPortfolioAI/.venv/lib/python3.10/site-packages/airflow/example_dags/subdags/subdag.py
[2025-01-15T23:34:25.912+0500] {processor.py:208} INFO - Processing /Users/mac/Desktop/Comapny2/CryptoPortfolioAI/.venv/lib/python3.10/site-packages/airflow/example_dags/subdags/subdag.py took 0.111 seconds
[2025-01-15T23:37:15.357+0500] {processor.py:186} INFO - Started process (PID=8013) to work on /Users/mac/Desktop/Comapny2/CryptoPortfolioAI/.venv/lib/python3.10/site-packages/airflow/example_dags/subdags/subdag.py
[2025-01-15T23:37:15.360+0500] {processor.py:914} INFO - Processing file /Users/mac/Desktop/Comapny2/CryptoPortfolioAI/.venv/lib/python3.10/site-packages/airflow/example_dags/subdags/subdag.py for tasks to queue
[2025-01-15T23:37:15.361+0500] {logging_mixin.py:190} INFO - [2025-01-15T23:37:15.361+0500] {dagbag.py:588} INFO - Filling up the DagBag from /Users/mac/Desktop/Comapny2/CryptoPortfolioAI/.venv/lib/python3.10/site-packages/airflow/example_dags/subdags/subdag.py
[2025-01-15T23:37:15.364+0500] {processor.py:927} WARNING - No viable dags retrieved from /Users/mac/Desktop/Comapny2/CryptoPortfolioAI/.venv/lib/python3.10/site-packages/airflow/example_dags/subdags/subdag.py
[2025-01-15T23:37:15.464+0500] {processor.py:208} INFO - Processing /Users/mac/Desktop/Comapny2/CryptoPortfolioAI/.venv/lib/python3.10/site-packages/airflow/example_dags/subdags/subdag.py took 0.112 seconds
[2025-01-15T23:40:05.214+0500] {processor.py:186} INFO - Started process (PID=8777) to work on /Users/mac/Desktop/Comapny2/CryptoPortfolioAI/.venv/lib/python3.10/site-packages/airflow/example_dags/subdags/subdag.py
[2025-01-15T23:40:05.216+0500] {processor.py:914} INFO - Processing file /Users/mac/Desktop/Comapny2/CryptoPortfolioAI/.venv/lib/python3.10/site-packages/airflow/example_dags/subdags/subdag.py for tasks to queue
[2025-01-15T23:40:05.217+0500] {logging_mixin.py:190} INFO - [2025-01-15T23:40:05.217+0500] {dagbag.py:588} INFO - Filling up the DagBag from /Users/mac/Desktop/Comapny2/CryptoPortfolioAI/.venv/lib/python3.10/site-packages/airflow/example_dags/subdags/subdag.py
[2025-01-15T23:40:05.219+0500] {processor.py:927} WARNING - No viable dags retrieved from /Users/mac/Desktop/Comapny2/CryptoPortfolioAI/.venv/lib/python3.10/site-packages/airflow/example_dags/subdags/subdag.py
[2025-01-15T23:40:05.348+0500] {processor.py:208} INFO - Processing /Users/mac/Desktop/Comapny2/CryptoPortfolioAI/.venv/lib/python3.10/site-packages/airflow/example_dags/subdags/subdag.py took 0.138 seconds
[2025-01-15T23:43:26.180+0500] {processor.py:186} INFO - Started process (PID=9567) to work on /Users/mac/Desktop/Comapny2/CryptoPortfolioAI/.venv/lib/python3.10/site-packages/airflow/example_dags/subdags/subdag.py
[2025-01-15T23:43:26.183+0500] {processor.py:914} INFO - Processing file /Users/mac/Desktop/Comapny2/CryptoPortfolioAI/.venv/lib/python3.10/site-packages/airflow/example_dags/subdags/subdag.py for tasks to queue
[2025-01-15T23:43:26.185+0500] {logging_mixin.py:190} INFO - [2025-01-15T23:43:26.184+0500] {dagbag.py:588} INFO - Filling up the DagBag from /Users/mac/Desktop/Comapny2/CryptoPortfolioAI/.venv/lib/python3.10/site-packages/airflow/example_dags/subdags/subdag.py
[2025-01-15T23:43:26.189+0500] {processor.py:927} WARNING - No viable dags retrieved from /Users/mac/Desktop/Comapny2/CryptoPortfolioAI/.venv/lib/python3.10/site-packages/airflow/example_dags/subdags/subdag.py
[2025-01-15T23:43:26.294+0500] {processor.py:208} INFO - Processing /Users/mac/Desktop/Comapny2/CryptoPortfolioAI/.venv/lib/python3.10/site-packages/airflow/example_dags/subdags/subdag.py took 0.118 seconds
