[2025-01-15T23:23:36.106+0500] {processor.py:186} INFO - Started process (PID=4120) to work on /Users/mac/Desktop/Comapny2/CryptoPortfolioAI/.venv/lib/python3.10/site-packages/airflow/example_dags/example_branch_day_of_week_operator.py
[2025-01-15T23:23:36.107+0500] {processor.py:914} INFO - Processing file /Users/mac/Desktop/Comapny2/CryptoPortfolioAI/.venv/lib/python3.10/site-packages/airflow/example_dags/example_branch_day_of_week_operator.py for tasks to queue
[2025-01-15T23:23:36.109+0500] {logging_mixin.py:190} INFO - [2025-01-15T23:23:36.108+0500] {dagbag.py:588} INFO - Filling up the DagBag from /Users/mac/Desktop/Comapny2/CryptoPortfolioAI/.venv/lib/python3.10/site-packages/airflow/example_dags/example_branch_day_of_week_operator.py
[2025-01-15T23:23:36.125+0500] {processor.py:925} INFO - DAG(s) 'example_weekday_branch_operator' retrieved from /Users/mac/Desktop/Comapny2/CryptoPortfolioAI/.venv/lib/python3.10/site-packages/airflow/example_dags/example_branch_day_of_week_operator.py
[2025-01-15T23:23:36.400+0500] {logging_mixin.py:190} INFO - [2025-01-15T23:23:36.399+0500] {override.py:1912} INFO - Created Permission View: can edit on DAG:example_weekday_branch_operator
[2025-01-15T23:23:36.410+0500] {logging_mixin.py:190} INFO - [2025-01-15T23:23:36.410+0500] {override.py:1912} INFO - Created Permission View: can read on DAG:example_weekday_branch_operator
[2025-01-15T23:23:36.418+0500] {logging_mixin.py:190} INFO - [2025-01-15T23:23:36.418+0500] {override.py:1912} INFO - Created Permission View: can delete on DAG:example_weekday_branch_operator
[2025-01-15T23:23:36.429+0500] {logging_mixin.py:190} INFO - [2025-01-15T23:23:36.429+0500] {override.py:1912} INFO - Created Permission View: can create on DAG Run:example_weekday_branch_operator
[2025-01-15T23:23:36.441+0500] {logging_mixin.py:190} INFO - [2025-01-15T23:23:36.440+0500] {override.py:1912} INFO - Created Permission View: can read on DAG Run:example_weekday_branch_operator
[2025-01-15T23:23:36.451+0500] {logging_mixin.py:190} INFO - [2025-01-15T23:23:36.450+0500] {override.py:1912} INFO - Created Permission View: can delete on DAG Run:example_weekday_branch_operator
[2025-01-15T23:23:36.460+0500] {logging_mixin.py:190} INFO - [2025-01-15T23:23:36.459+0500] {override.py:1912} INFO - Created Permission View: menu access on DAG Run:example_weekday_branch_operator
[2025-01-15T23:23:36.460+0500] {logging_mixin.py:190} INFO - [2025-01-15T23:23:36.460+0500] {dag.py:3239} INFO - Sync 1 DAGs
[2025-01-15T23:23:36.474+0500] {logging_mixin.py:190} INFO - [2025-01-15T23:23:36.474+0500] {dag.py:3262} INFO - Creating ORM DAG for example_weekday_branch_operator
[2025-01-15T23:23:36.488+0500] {logging_mixin.py:190} INFO - [2025-01-15T23:23:36.488+0500] {dag.py:4180} INFO - Setting next_dagrun for example_weekday_branch_operator to 2025-01-14 00:00:00+00:00, run_after=2025-01-15 00:00:00+00:00
[2025-01-15T23:23:36.509+0500] {processor.py:208} INFO - Processing /Users/mac/Desktop/Comapny2/CryptoPortfolioAI/.venv/lib/python3.10/site-packages/airflow/example_dags/example_branch_day_of_week_operator.py took 0.407 seconds
[2025-01-15T23:31:15.678+0500] {processor.py:186} INFO - Started process (PID=6379) to work on /Users/mac/Desktop/Comapny2/CryptoPortfolioAI/.venv/lib/python3.10/site-packages/airflow/example_dags/example_branch_day_of_week_operator.py
[2025-01-15T23:31:15.680+0500] {processor.py:914} INFO - Processing file /Users/mac/Desktop/Comapny2/CryptoPortfolioAI/.venv/lib/python3.10/site-packages/airflow/example_dags/example_branch_day_of_week_operator.py for tasks to queue
[2025-01-15T23:31:15.682+0500] {logging_mixin.py:190} INFO - [2025-01-15T23:31:15.682+0500] {dagbag.py:588} INFO - Filling up the DagBag from /Users/mac/Desktop/Comapny2/CryptoPortfolioAI/.venv/lib/python3.10/site-packages/airflow/example_dags/example_branch_day_of_week_operator.py
[2025-01-15T23:31:15.697+0500] {processor.py:925} INFO - DAG(s) 'example_weekday_branch_operator' retrieved from /Users/mac/Desktop/Comapny2/CryptoPortfolioAI/.venv/lib/python3.10/site-packages/airflow/example_dags/example_branch_day_of_week_operator.py
[2025-01-15T23:31:15.809+0500] {logging_mixin.py:190} INFO - [2025-01-15T23:31:15.808+0500] {dag.py:3239} INFO - Sync 1 DAGs
[2025-01-15T23:31:15.826+0500] {logging_mixin.py:190} INFO - [2025-01-15T23:31:15.826+0500] {dag.py:4180} INFO - Setting next_dagrun for example_weekday_branch_operator to 2025-01-14 00:00:00+00:00, run_after=2025-01-15 00:00:00+00:00
[2025-01-15T23:31:15.846+0500] {processor.py:208} INFO - Processing /Users/mac/Desktop/Comapny2/CryptoPortfolioAI/.venv/lib/python3.10/site-packages/airflow/example_dags/example_branch_day_of_week_operator.py took 0.173 seconds
[2025-01-15T23:36:58.420+0500] {processor.py:186} INFO - Started process (PID=7921) to work on /Users/mac/Desktop/Comapny2/CryptoPortfolioAI/.venv/lib/python3.10/site-packages/airflow/example_dags/example_branch_day_of_week_operator.py
[2025-01-15T23:36:58.423+0500] {processor.py:914} INFO - Processing file /Users/mac/Desktop/Comapny2/CryptoPortfolioAI/.venv/lib/python3.10/site-packages/airflow/example_dags/example_branch_day_of_week_operator.py for tasks to queue
[2025-01-15T23:36:58.424+0500] {logging_mixin.py:190} INFO - [2025-01-15T23:36:58.424+0500] {dagbag.py:588} INFO - Filling up the DagBag from /Users/mac/Desktop/Comapny2/CryptoPortfolioAI/.venv/lib/python3.10/site-packages/airflow/example_dags/example_branch_day_of_week_operator.py
[2025-01-15T23:36:58.440+0500] {processor.py:925} INFO - DAG(s) 'example_weekday_branch_operator' retrieved from /Users/mac/Desktop/Comapny2/CryptoPortfolioAI/.venv/lib/python3.10/site-packages/airflow/example_dags/example_branch_day_of_week_operator.py
[2025-01-15T23:36:58.548+0500] {logging_mixin.py:190} INFO - [2025-01-15T23:36:58.548+0500] {dag.py:3239} INFO - Sync 1 DAGs
[2025-01-15T23:36:58.566+0500] {logging_mixin.py:190} INFO - [2025-01-15T23:36:58.565+0500] {dag.py:4180} INFO - Setting next_dagrun for example_weekday_branch_operator to 2025-01-14 00:00:00+00:00, run_after=2025-01-15 00:00:00+00:00
[2025-01-15T23:36:58.586+0500] {processor.py:208} INFO - Processing /Users/mac/Desktop/Comapny2/CryptoPortfolioAI/.venv/lib/python3.10/site-packages/airflow/example_dags/example_branch_day_of_week_operator.py took 0.171 seconds
[2025-01-15T23:43:08.403+0500] {processor.py:186} INFO - Started process (PID=9491) to work on /Users/mac/Desktop/Comapny2/CryptoPortfolioAI/.venv/lib/python3.10/site-packages/airflow/example_dags/example_branch_day_of_week_operator.py
[2025-01-15T23:43:08.405+0500] {processor.py:914} INFO - Processing file /Users/mac/Desktop/Comapny2/CryptoPortfolioAI/.venv/lib/python3.10/site-packages/airflow/example_dags/example_branch_day_of_week_operator.py for tasks to queue
[2025-01-15T23:43:08.407+0500] {logging_mixin.py:190} INFO - [2025-01-15T23:43:08.407+0500] {dagbag.py:588} INFO - Filling up the DagBag from /Users/mac/Desktop/Comapny2/CryptoPortfolioAI/.venv/lib/python3.10/site-packages/airflow/example_dags/example_branch_day_of_week_operator.py
[2025-01-15T23:43:08.425+0500] {processor.py:925} INFO - DAG(s) 'example_weekday_branch_operator' retrieved from /Users/mac/Desktop/Comapny2/CryptoPortfolioAI/.venv/lib/python3.10/site-packages/airflow/example_dags/example_branch_day_of_week_operator.py
[2025-01-15T23:43:08.535+0500] {logging_mixin.py:190} INFO - [2025-01-15T23:43:08.535+0500] {dag.py:3239} INFO - Sync 1 DAGs
[2025-01-15T23:43:08.554+0500] {logging_mixin.py:190} INFO - [2025-01-15T23:43:08.554+0500] {dag.py:4180} INFO - Setting next_dagrun for example_weekday_branch_operator to 2025-01-14 00:00:00+00:00, run_after=2025-01-15 00:00:00+00:00
[2025-01-15T23:43:08.574+0500] {processor.py:208} INFO - Processing /Users/mac/Desktop/Comapny2/CryptoPortfolioAI/.venv/lib/python3.10/site-packages/airflow/example_dags/example_branch_day_of_week_operator.py took 0.176 seconds
