[2025-01-15T23:21:36.585+0500] {processor.py:186} INFO - Started process (PID=3573) to work on /Users/mac/Desktop/Comapny2/CryptoPortfolioAI/.venv/lib/python3.10/site-packages/airflow/example_dags/example_sensors.py
[2025-01-15T23:21:36.587+0500] {processor.py:914} INFO - Processing file /Users/mac/Desktop/Comapny2/CryptoPortfolioAI/.venv/lib/python3.10/site-packages/airflow/example_dags/example_sensors.py for tasks to queue
[2025-01-15T23:21:36.590+0500] {logging_mixin.py:190} INFO - [2025-01-15T23:21:36.589+0500] {dagbag.py:588} INFO - Filling up the DagBag from /Users/mac/Desktop/Comapny2/CryptoPortfolioAI/.venv/lib/python3.10/site-packages/airflow/example_dags/example_sensors.py
[2025-01-15T23:21:36.620+0500] {processor.py:925} INFO - DAG(s) 'example_sensors' retrieved from /Users/mac/Desktop/Comapny2/CryptoPortfolioAI/.venv/lib/python3.10/site-packages/airflow/example_dags/example_sensors.py
[2025-01-15T23:21:37.921+0500] {logging_mixin.py:190} INFO - [2025-01-15T23:21:37.921+0500] {override.py:1912} INFO - Created Permission View: can read on DAG:example_sensors
[2025-01-15T23:21:37.932+0500] {logging_mixin.py:190} INFO - [2025-01-15T23:21:37.931+0500] {override.py:1912} INFO - Created Permission View: can edit on DAG:example_sensors
[2025-01-15T23:21:37.939+0500] {logging_mixin.py:190} INFO - [2025-01-15T23:21:37.939+0500] {override.py:1912} INFO - Created Permission View: can delete on DAG:example_sensors
[2025-01-15T23:21:37.954+0500] {logging_mixin.py:190} INFO - [2025-01-15T23:21:37.953+0500] {override.py:1912} INFO - Created Permission View: can read on DAG Run:example_sensors
[2025-01-15T23:21:37.965+0500] {logging_mixin.py:190} INFO - [2025-01-15T23:21:37.964+0500] {override.py:1912} INFO - Created Permission View: can delete on DAG Run:example_sensors
[2025-01-15T23:21:37.977+0500] {logging_mixin.py:190} INFO - [2025-01-15T23:21:37.976+0500] {override.py:1912} INFO - Created Permission View: menu access on DAG Run:example_sensors
[2025-01-15T23:21:37.990+0500] {logging_mixin.py:190} INFO - [2025-01-15T23:21:37.989+0500] {override.py:1912} INFO - Created Permission View: can create on DAG Run:example_sensors
[2025-01-15T23:21:37.991+0500] {logging_mixin.py:190} INFO - [2025-01-15T23:21:37.990+0500] {dag.py:3239} INFO - Sync 1 DAGs
[2025-01-15T23:21:38.008+0500] {logging_mixin.py:190} INFO - [2025-01-15T23:21:38.007+0500] {dag.py:3262} INFO - Creating ORM DAG for example_sensors
[2025-01-15T23:21:38.008+0500] {logging_mixin.py:190} INFO - [2025-01-15T23:21:38.008+0500] {dag.py:4180} INFO - Setting next_dagrun for example_sensors to None, run_after=None
[2025-01-15T23:21:38.029+0500] {processor.py:208} INFO - Processing /Users/mac/Desktop/Comapny2/CryptoPortfolioAI/.venv/lib/python3.10/site-packages/airflow/example_dags/example_sensors.py took 1.449 seconds
[2025-01-15T23:25:50.816+0500] {processor.py:186} INFO - Started process (PID=4700) to work on /Users/mac/Desktop/Comapny2/CryptoPortfolioAI/.venv/lib/python3.10/site-packages/airflow/example_dags/example_sensors.py
[2025-01-15T23:25:50.818+0500] {processor.py:914} INFO - Processing file /Users/mac/Desktop/Comapny2/CryptoPortfolioAI/.venv/lib/python3.10/site-packages/airflow/example_dags/example_sensors.py for tasks to queue
[2025-01-15T23:25:50.819+0500] {logging_mixin.py:190} INFO - [2025-01-15T23:25:50.819+0500] {dagbag.py:588} INFO - Filling up the DagBag from /Users/mac/Desktop/Comapny2/CryptoPortfolioAI/.venv/lib/python3.10/site-packages/airflow/example_dags/example_sensors.py
[2025-01-15T23:25:50.845+0500] {processor.py:925} INFO - DAG(s) 'example_sensors' retrieved from /Users/mac/Desktop/Comapny2/CryptoPortfolioAI/.venv/lib/python3.10/site-packages/airflow/example_dags/example_sensors.py
[2025-01-15T23:25:51.748+0500] {logging_mixin.py:190} INFO - [2025-01-15T23:25:51.747+0500] {dag.py:3239} INFO - Sync 1 DAGs
[2025-01-15T23:25:51.760+0500] {logging_mixin.py:190} INFO - [2025-01-15T23:25:51.759+0500] {dag.py:4180} INFO - Setting next_dagrun for example_sensors to None, run_after=None
[2025-01-15T23:25:51.784+0500] {processor.py:208} INFO - Processing /Users/mac/Desktop/Comapny2/CryptoPortfolioAI/.venv/lib/python3.10/site-packages/airflow/example_dags/example_sensors.py took 0.973 seconds
[2025-01-15T23:29:55.877+0500] {processor.py:186} INFO - Started process (PID=5932) to work on /Users/mac/Desktop/Comapny2/CryptoPortfolioAI/.venv/lib/python3.10/site-packages/airflow/example_dags/example_sensors.py
[2025-01-15T23:29:55.880+0500] {processor.py:914} INFO - Processing file /Users/mac/Desktop/Comapny2/CryptoPortfolioAI/.venv/lib/python3.10/site-packages/airflow/example_dags/example_sensors.py for tasks to queue
[2025-01-15T23:29:55.886+0500] {logging_mixin.py:190} INFO - [2025-01-15T23:29:55.883+0500] {dagbag.py:588} INFO - Filling up the DagBag from /Users/mac/Desktop/Comapny2/CryptoPortfolioAI/.venv/lib/python3.10/site-packages/airflow/example_dags/example_sensors.py
[2025-01-15T23:29:55.924+0500] {processor.py:925} INFO - DAG(s) 'example_sensors' retrieved from /Users/mac/Desktop/Comapny2/CryptoPortfolioAI/.venv/lib/python3.10/site-packages/airflow/example_dags/example_sensors.py
[2025-01-15T23:29:57.141+0500] {logging_mixin.py:190} INFO - [2025-01-15T23:29:57.140+0500] {dag.py:3239} INFO - Sync 1 DAGs
[2025-01-15T23:29:57.189+0500] {logging_mixin.py:190} INFO - [2025-01-15T23:29:57.188+0500] {dag.py:4180} INFO - Setting next_dagrun for example_sensors to None, run_after=None
[2025-01-15T23:29:57.228+0500] {processor.py:208} INFO - Processing /Users/mac/Desktop/Comapny2/CryptoPortfolioAI/.venv/lib/python3.10/site-packages/airflow/example_dags/example_sensors.py took 1.359 seconds
[2025-01-15T23:33:01.410+0500] {processor.py:186} INFO - Started process (PID=6865) to work on /Users/mac/Desktop/Comapny2/CryptoPortfolioAI/.venv/lib/python3.10/site-packages/airflow/example_dags/example_sensors.py
[2025-01-15T23:33:01.412+0500] {processor.py:914} INFO - Processing file /Users/mac/Desktop/Comapny2/CryptoPortfolioAI/.venv/lib/python3.10/site-packages/airflow/example_dags/example_sensors.py for tasks to queue
[2025-01-15T23:33:01.414+0500] {logging_mixin.py:190} INFO - [2025-01-15T23:33:01.413+0500] {dagbag.py:588} INFO - Filling up the DagBag from /Users/mac/Desktop/Comapny2/CryptoPortfolioAI/.venv/lib/python3.10/site-packages/airflow/example_dags/example_sensors.py
[2025-01-15T23:33:01.430+0500] {processor.py:925} INFO - DAG(s) 'example_sensors' retrieved from /Users/mac/Desktop/Comapny2/CryptoPortfolioAI/.venv/lib/python3.10/site-packages/airflow/example_dags/example_sensors.py
[2025-01-15T23:33:01.970+0500] {logging_mixin.py:190} INFO - [2025-01-15T23:33:01.969+0500] {dag.py:3239} INFO - Sync 1 DAGs
[2025-01-15T23:33:01.981+0500] {logging_mixin.py:190} INFO - [2025-01-15T23:33:01.980+0500] {dag.py:4180} INFO - Setting next_dagrun for example_sensors to None, run_after=None
[2025-01-15T23:33:02.002+0500] {processor.py:208} INFO - Processing /Users/mac/Desktop/Comapny2/CryptoPortfolioAI/.venv/lib/python3.10/site-packages/airflow/example_dags/example_sensors.py took 0.596 seconds
[2025-01-15T23:35:52.104+0500] {processor.py:186} INFO - Started process (PID=7622) to work on /Users/mac/Desktop/Comapny2/CryptoPortfolioAI/.venv/lib/python3.10/site-packages/airflow/example_dags/example_sensors.py
[2025-01-15T23:35:52.106+0500] {processor.py:914} INFO - Processing file /Users/mac/Desktop/Comapny2/CryptoPortfolioAI/.venv/lib/python3.10/site-packages/airflow/example_dags/example_sensors.py for tasks to queue
[2025-01-15T23:35:52.108+0500] {logging_mixin.py:190} INFO - [2025-01-15T23:35:52.108+0500] {dagbag.py:588} INFO - Filling up the DagBag from /Users/mac/Desktop/Comapny2/CryptoPortfolioAI/.venv/lib/python3.10/site-packages/airflow/example_dags/example_sensors.py
[2025-01-15T23:35:52.132+0500] {processor.py:925} INFO - DAG(s) 'example_sensors' retrieved from /Users/mac/Desktop/Comapny2/CryptoPortfolioAI/.venv/lib/python3.10/site-packages/airflow/example_dags/example_sensors.py
[2025-01-15T23:35:52.923+0500] {logging_mixin.py:190} INFO - [2025-01-15T23:35:52.923+0500] {dag.py:3239} INFO - Sync 1 DAGs
[2025-01-15T23:35:52.936+0500] {logging_mixin.py:190} INFO - [2025-01-15T23:35:52.935+0500] {dag.py:4180} INFO - Setting next_dagrun for example_sensors to None, run_after=None
[2025-01-15T23:35:52.956+0500] {processor.py:208} INFO - Processing /Users/mac/Desktop/Comapny2/CryptoPortfolioAI/.venv/lib/python3.10/site-packages/airflow/example_dags/example_sensors.py took 0.857 seconds
[2025-01-15T23:38:37.848+0500] {processor.py:186} INFO - Started process (PID=8394) to work on /Users/mac/Desktop/Comapny2/CryptoPortfolioAI/.venv/lib/python3.10/site-packages/airflow/example_dags/example_sensors.py
[2025-01-15T23:38:37.850+0500] {processor.py:914} INFO - Processing file /Users/mac/Desktop/Comapny2/CryptoPortfolioAI/.venv/lib/python3.10/site-packages/airflow/example_dags/example_sensors.py for tasks to queue
[2025-01-15T23:38:37.853+0500] {logging_mixin.py:190} INFO - [2025-01-15T23:38:37.852+0500] {dagbag.py:588} INFO - Filling up the DagBag from /Users/mac/Desktop/Comapny2/CryptoPortfolioAI/.venv/lib/python3.10/site-packages/airflow/example_dags/example_sensors.py
[2025-01-15T23:38:37.876+0500] {processor.py:925} INFO - DAG(s) 'example_sensors' retrieved from /Users/mac/Desktop/Comapny2/CryptoPortfolioAI/.venv/lib/python3.10/site-packages/airflow/example_dags/example_sensors.py
[2025-01-15T23:38:38.409+0500] {logging_mixin.py:190} INFO - [2025-01-15T23:38:38.409+0500] {dag.py:3239} INFO - Sync 1 DAGs
[2025-01-15T23:38:38.419+0500] {logging_mixin.py:190} INFO - [2025-01-15T23:38:38.419+0500] {dag.py:4180} INFO - Setting next_dagrun for example_sensors to None, run_after=None
[2025-01-15T23:38:38.438+0500] {processor.py:208} INFO - Processing /Users/mac/Desktop/Comapny2/CryptoPortfolioAI/.venv/lib/python3.10/site-packages/airflow/example_dags/example_sensors.py took 0.595 seconds
[2025-01-15T23:41:53.159+0500] {processor.py:186} INFO - Started process (PID=9170) to work on /Users/mac/Desktop/Comapny2/CryptoPortfolioAI/.venv/lib/python3.10/site-packages/airflow/example_dags/example_sensors.py
[2025-01-15T23:41:53.161+0500] {processor.py:914} INFO - Processing file /Users/mac/Desktop/Comapny2/CryptoPortfolioAI/.venv/lib/python3.10/site-packages/airflow/example_dags/example_sensors.py for tasks to queue
[2025-01-15T23:41:53.163+0500] {logging_mixin.py:190} INFO - [2025-01-15T23:41:53.163+0500] {dagbag.py:588} INFO - Filling up the DagBag from /Users/mac/Desktop/Comapny2/CryptoPortfolioAI/.venv/lib/python3.10/site-packages/airflow/example_dags/example_sensors.py
[2025-01-15T23:41:53.193+0500] {processor.py:925} INFO - DAG(s) 'example_sensors' retrieved from /Users/mac/Desktop/Comapny2/CryptoPortfolioAI/.venv/lib/python3.10/site-packages/airflow/example_dags/example_sensors.py
[2025-01-15T23:41:54.227+0500] {logging_mixin.py:190} INFO - [2025-01-15T23:41:54.227+0500] {dag.py:3239} INFO - Sync 1 DAGs
[2025-01-15T23:41:54.241+0500] {logging_mixin.py:190} INFO - [2025-01-15T23:41:54.241+0500] {dag.py:4180} INFO - Setting next_dagrun for example_sensors to None, run_after=None
[2025-01-15T23:41:54.269+0500] {processor.py:208} INFO - Processing /Users/mac/Desktop/Comapny2/CryptoPortfolioAI/.venv/lib/python3.10/site-packages/airflow/example_dags/example_sensors.py took 1.116 seconds
