[2025-01-15T23:22:30.668+0500] {processor.py:186} INFO - Started process (PID=3821) to work on /Users/mac/Desktop/Comapny2/CryptoPortfolioAI/.venv/lib/python3.10/site-packages/airflow/example_dags/example_inlet_event_extra.py
[2025-01-15T23:22:30.670+0500] {processor.py:914} INFO - Processing file /Users/mac/Desktop/Comapny2/CryptoPortfolioAI/.venv/lib/python3.10/site-packages/airflow/example_dags/example_inlet_event_extra.py for tasks to queue
[2025-01-15T23:22:30.672+0500] {logging_mixin.py:190} INFO - [2025-01-15T23:22:30.672+0500] {dagbag.py:588} INFO - Filling up the DagBag from /Users/mac/Desktop/Comapny2/CryptoPortfolioAI/.venv/lib/python3.10/site-packages/airflow/example_dags/example_inlet_event_extra.py
[2025-01-15T23:22:30.804+0500] {processor.py:925} INFO - DAG(s) 'read_dataset_event_from_classic', 'read_dataset_event' retrieved from /Users/mac/Desktop/Comapny2/CryptoPortfolioAI/.venv/lib/python3.10/site-packages/airflow/example_dags/example_inlet_event_extra.py
[2025-01-15T23:22:31.026+0500] {logging_mixin.py:190} INFO - [2025-01-15T23:22:31.025+0500] {override.py:1912} INFO - Created Permission View: can edit on DAG:read_dataset_event_from_classic
[2025-01-15T23:22:31.037+0500] {logging_mixin.py:190} INFO - [2025-01-15T23:22:31.037+0500] {override.py:1912} INFO - Created Permission View: can delete on DAG:read_dataset_event_from_classic
[2025-01-15T23:22:31.045+0500] {logging_mixin.py:190} INFO - [2025-01-15T23:22:31.044+0500] {override.py:1912} INFO - Created Permission View: can read on DAG:read_dataset_event_from_classic
[2025-01-15T23:22:31.059+0500] {logging_mixin.py:190} INFO - [2025-01-15T23:22:31.059+0500] {override.py:1912} INFO - Created Permission View: can delete on DAG Run:read_dataset_event_from_classic
[2025-01-15T23:22:31.070+0500] {logging_mixin.py:190} INFO - [2025-01-15T23:22:31.070+0500] {override.py:1912} INFO - Created Permission View: menu access on DAG Run:read_dataset_event_from_classic
[2025-01-15T23:22:31.083+0500] {logging_mixin.py:190} INFO - [2025-01-15T23:22:31.082+0500] {override.py:1912} INFO - Created Permission View: can read on DAG Run:read_dataset_event_from_classic
[2025-01-15T23:22:31.098+0500] {logging_mixin.py:190} INFO - [2025-01-15T23:22:31.098+0500] {override.py:1912} INFO - Created Permission View: can create on DAG Run:read_dataset_event_from_classic
[2025-01-15T23:22:31.118+0500] {logging_mixin.py:190} INFO - [2025-01-15T23:22:31.118+0500] {override.py:1912} INFO - Created Permission View: can edit on DAG:read_dataset_event
[2025-01-15T23:22:31.130+0500] {logging_mixin.py:190} INFO - [2025-01-15T23:22:31.130+0500] {override.py:1912} INFO - Created Permission View: can delete on DAG:read_dataset_event
[2025-01-15T23:22:31.142+0500] {logging_mixin.py:190} INFO - [2025-01-15T23:22:31.141+0500] {override.py:1912} INFO - Created Permission View: can read on DAG:read_dataset_event
[2025-01-15T23:22:31.198+0500] {logging_mixin.py:190} INFO - [2025-01-15T23:22:31.197+0500] {override.py:1912} INFO - Created Permission View: can delete on DAG Run:read_dataset_event
[2025-01-15T23:22:31.212+0500] {logging_mixin.py:190} INFO - [2025-01-15T23:22:31.211+0500] {override.py:1912} INFO - Created Permission View: menu access on DAG Run:read_dataset_event
[2025-01-15T23:22:31.222+0500] {logging_mixin.py:190} INFO - [2025-01-15T23:22:31.221+0500] {override.py:1912} INFO - Created Permission View: can read on DAG Run:read_dataset_event
[2025-01-15T23:22:31.234+0500] {logging_mixin.py:190} INFO - [2025-01-15T23:22:31.234+0500] {override.py:1912} INFO - Created Permission View: can create on DAG Run:read_dataset_event
[2025-01-15T23:22:31.235+0500] {logging_mixin.py:190} INFO - [2025-01-15T23:22:31.235+0500] {dag.py:3239} INFO - Sync 2 DAGs
[2025-01-15T23:22:31.287+0500] {logging_mixin.py:190} INFO - [2025-01-15T23:22:31.286+0500] {dag.py:3262} INFO - Creating ORM DAG for read_dataset_event_from_classic
[2025-01-15T23:22:31.292+0500] {logging_mixin.py:190} INFO - [2025-01-15T23:22:31.287+0500] {dag.py:3262} INFO - Creating ORM DAG for read_dataset_event
[2025-01-15T23:22:31.326+0500] {logging_mixin.py:190} INFO - [2025-01-15T23:22:31.325+0500] {dag.py:4180} INFO - Setting next_dagrun for read_dataset_event to 2025-01-14 00:00:00+00:00, run_after=2025-01-15 00:00:00+00:00
[2025-01-15T23:22:31.333+0500] {logging_mixin.py:190} INFO - [2025-01-15T23:22:31.332+0500] {dag.py:4180} INFO - Setting next_dagrun for read_dataset_event_from_classic to 2025-01-14 00:00:00+00:00, run_after=2025-01-15 00:00:00+00:00
[2025-01-15T23:22:31.364+0500] {processor.py:208} INFO - Processing /Users/mac/Desktop/Comapny2/CryptoPortfolioAI/.venv/lib/python3.10/site-packages/airflow/example_dags/example_inlet_event_extra.py took 0.701 seconds
[2025-01-15T23:27:00.062+0500] {processor.py:186} INFO - Started process (PID=5010) to work on /Users/mac/Desktop/Comapny2/CryptoPortfolioAI/.venv/lib/python3.10/site-packages/airflow/example_dags/example_inlet_event_extra.py
[2025-01-15T23:27:00.065+0500] {processor.py:914} INFO - Processing file /Users/mac/Desktop/Comapny2/CryptoPortfolioAI/.venv/lib/python3.10/site-packages/airflow/example_dags/example_inlet_event_extra.py for tasks to queue
[2025-01-15T23:27:00.067+0500] {logging_mixin.py:190} INFO - [2025-01-15T23:27:00.067+0500] {dagbag.py:588} INFO - Filling up the DagBag from /Users/mac/Desktop/Comapny2/CryptoPortfolioAI/.venv/lib/python3.10/site-packages/airflow/example_dags/example_inlet_event_extra.py
[2025-01-15T23:27:00.269+0500] {processor.py:925} INFO - DAG(s) 'read_dataset_event_from_classic', 'read_dataset_event' retrieved from /Users/mac/Desktop/Comapny2/CryptoPortfolioAI/.venv/lib/python3.10/site-packages/airflow/example_dags/example_inlet_event_extra.py
[2025-01-15T23:27:00.424+0500] {logging_mixin.py:190} INFO - [2025-01-15T23:27:00.424+0500] {dag.py:3239} INFO - Sync 2 DAGs
[2025-01-15T23:27:00.453+0500] {logging_mixin.py:190} INFO - [2025-01-15T23:27:00.452+0500] {dag.py:4180} INFO - Setting next_dagrun for read_dataset_event to 2025-01-14 00:00:00+00:00, run_after=2025-01-15 00:00:00+00:00
[2025-01-15T23:27:00.457+0500] {logging_mixin.py:190} INFO - [2025-01-15T23:27:00.457+0500] {dag.py:4180} INFO - Setting next_dagrun for read_dataset_event_from_classic to 2025-01-14 00:00:00+00:00, run_after=2025-01-15 00:00:00+00:00
[2025-01-15T23:27:00.479+0500] {processor.py:208} INFO - Processing /Users/mac/Desktop/Comapny2/CryptoPortfolioAI/.venv/lib/python3.10/site-packages/airflow/example_dags/example_inlet_event_extra.py took 0.423 seconds
[2025-01-15T23:30:45.792+0500] {processor.py:186} INFO - Started process (PID=6226) to work on /Users/mac/Desktop/Comapny2/CryptoPortfolioAI/.venv/lib/python3.10/site-packages/airflow/example_dags/example_inlet_event_extra.py
[2025-01-15T23:30:45.795+0500] {processor.py:914} INFO - Processing file /Users/mac/Desktop/Comapny2/CryptoPortfolioAI/.venv/lib/python3.10/site-packages/airflow/example_dags/example_inlet_event_extra.py for tasks to queue
[2025-01-15T23:30:45.797+0500] {logging_mixin.py:190} INFO - [2025-01-15T23:30:45.797+0500] {dagbag.py:588} INFO - Filling up the DagBag from /Users/mac/Desktop/Comapny2/CryptoPortfolioAI/.venv/lib/python3.10/site-packages/airflow/example_dags/example_inlet_event_extra.py
[2025-01-15T23:30:45.876+0500] {processor.py:925} INFO - DAG(s) 'read_dataset_event_from_classic', 'read_dataset_event' retrieved from /Users/mac/Desktop/Comapny2/CryptoPortfolioAI/.venv/lib/python3.10/site-packages/airflow/example_dags/example_inlet_event_extra.py
[2025-01-15T23:30:45.986+0500] {logging_mixin.py:190} INFO - [2025-01-15T23:30:45.986+0500] {dag.py:3239} INFO - Sync 2 DAGs
[2025-01-15T23:30:46.004+0500] {logging_mixin.py:190} INFO - [2025-01-15T23:30:46.004+0500] {dag.py:4180} INFO - Setting next_dagrun for read_dataset_event to 2025-01-14 00:00:00+00:00, run_after=2025-01-15 00:00:00+00:00
[2025-01-15T23:30:46.009+0500] {logging_mixin.py:190} INFO - [2025-01-15T23:30:46.009+0500] {dag.py:4180} INFO - Setting next_dagrun for read_dataset_event_from_classic to 2025-01-14 00:00:00+00:00, run_after=2025-01-15 00:00:00+00:00
[2025-01-15T23:30:46.026+0500] {processor.py:208} INFO - Processing /Users/mac/Desktop/Comapny2/CryptoPortfolioAI/.venv/lib/python3.10/site-packages/airflow/example_dags/example_inlet_event_extra.py took 0.239 seconds
[2025-01-15T23:33:47.821+0500] {processor.py:186} INFO - Started process (PID=7082) to work on /Users/mac/Desktop/Comapny2/CryptoPortfolioAI/.venv/lib/python3.10/site-packages/airflow/example_dags/example_inlet_event_extra.py
[2025-01-15T23:33:47.824+0500] {processor.py:914} INFO - Processing file /Users/mac/Desktop/Comapny2/CryptoPortfolioAI/.venv/lib/python3.10/site-packages/airflow/example_dags/example_inlet_event_extra.py for tasks to queue
[2025-01-15T23:33:47.826+0500] {logging_mixin.py:190} INFO - [2025-01-15T23:33:47.825+0500] {dagbag.py:588} INFO - Filling up the DagBag from /Users/mac/Desktop/Comapny2/CryptoPortfolioAI/.venv/lib/python3.10/site-packages/airflow/example_dags/example_inlet_event_extra.py
[2025-01-15T23:33:47.939+0500] {processor.py:925} INFO - DAG(s) 'read_dataset_event_from_classic', 'read_dataset_event' retrieved from /Users/mac/Desktop/Comapny2/CryptoPortfolioAI/.venv/lib/python3.10/site-packages/airflow/example_dags/example_inlet_event_extra.py
[2025-01-15T23:33:48.049+0500] {logging_mixin.py:190} INFO - [2025-01-15T23:33:48.048+0500] {dag.py:3239} INFO - Sync 2 DAGs
[2025-01-15T23:33:48.070+0500] {logging_mixin.py:190} INFO - [2025-01-15T23:33:48.070+0500] {dag.py:4180} INFO - Setting next_dagrun for read_dataset_event to 2025-01-14 00:00:00+00:00, run_after=2025-01-15 00:00:00+00:00
[2025-01-15T23:33:48.075+0500] {logging_mixin.py:190} INFO - [2025-01-15T23:33:48.075+0500] {dag.py:4180} INFO - Setting next_dagrun for read_dataset_event_from_classic to 2025-01-14 00:00:00+00:00, run_after=2025-01-15 00:00:00+00:00
[2025-01-15T23:33:48.095+0500] {processor.py:208} INFO - Processing /Users/mac/Desktop/Comapny2/CryptoPortfolioAI/.venv/lib/python3.10/site-packages/airflow/example_dags/example_inlet_event_extra.py took 0.278 seconds
[2025-01-15T23:36:41.513+0500] {processor.py:186} INFO - Started process (PID=7846) to work on /Users/mac/Desktop/Comapny2/CryptoPortfolioAI/.venv/lib/python3.10/site-packages/airflow/example_dags/example_inlet_event_extra.py
[2025-01-15T23:36:41.515+0500] {processor.py:914} INFO - Processing file /Users/mac/Desktop/Comapny2/CryptoPortfolioAI/.venv/lib/python3.10/site-packages/airflow/example_dags/example_inlet_event_extra.py for tasks to queue
[2025-01-15T23:36:41.517+0500] {logging_mixin.py:190} INFO - [2025-01-15T23:36:41.517+0500] {dagbag.py:588} INFO - Filling up the DagBag from /Users/mac/Desktop/Comapny2/CryptoPortfolioAI/.venv/lib/python3.10/site-packages/airflow/example_dags/example_inlet_event_extra.py
[2025-01-15T23:36:41.618+0500] {processor.py:925} INFO - DAG(s) 'read_dataset_event_from_classic', 'read_dataset_event' retrieved from /Users/mac/Desktop/Comapny2/CryptoPortfolioAI/.venv/lib/python3.10/site-packages/airflow/example_dags/example_inlet_event_extra.py
[2025-01-15T23:36:41.729+0500] {logging_mixin.py:190} INFO - [2025-01-15T23:36:41.729+0500] {dag.py:3239} INFO - Sync 2 DAGs
[2025-01-15T23:36:41.751+0500] {logging_mixin.py:190} INFO - [2025-01-15T23:36:41.750+0500] {dag.py:4180} INFO - Setting next_dagrun for read_dataset_event to 2025-01-14 00:00:00+00:00, run_after=2025-01-15 00:00:00+00:00
[2025-01-15T23:36:41.755+0500] {logging_mixin.py:190} INFO - [2025-01-15T23:36:41.754+0500] {dag.py:4180} INFO - Setting next_dagrun for read_dataset_event_from_classic to 2025-01-14 00:00:00+00:00, run_after=2025-01-15 00:00:00+00:00
[2025-01-15T23:36:41.773+0500] {processor.py:208} INFO - Processing /Users/mac/Desktop/Comapny2/CryptoPortfolioAI/.venv/lib/python3.10/site-packages/airflow/example_dags/example_inlet_event_extra.py took 0.266 seconds
[2025-01-15T23:42:44.778+0500] {processor.py:186} INFO - Started process (PID=9391) to work on /Users/mac/Desktop/Comapny2/CryptoPortfolioAI/.venv/lib/python3.10/site-packages/airflow/example_dags/example_inlet_event_extra.py
[2025-01-15T23:42:44.782+0500] {processor.py:914} INFO - Processing file /Users/mac/Desktop/Comapny2/CryptoPortfolioAI/.venv/lib/python3.10/site-packages/airflow/example_dags/example_inlet_event_extra.py for tasks to queue
[2025-01-15T23:42:44.783+0500] {logging_mixin.py:190} INFO - [2025-01-15T23:42:44.783+0500] {dagbag.py:588} INFO - Filling up the DagBag from /Users/mac/Desktop/Comapny2/CryptoPortfolioAI/.venv/lib/python3.10/site-packages/airflow/example_dags/example_inlet_event_extra.py
[2025-01-15T23:42:44.874+0500] {processor.py:925} INFO - DAG(s) 'read_dataset_event_from_classic', 'read_dataset_event' retrieved from /Users/mac/Desktop/Comapny2/CryptoPortfolioAI/.venv/lib/python3.10/site-packages/airflow/example_dags/example_inlet_event_extra.py
[2025-01-15T23:42:45.002+0500] {logging_mixin.py:190} INFO - [2025-01-15T23:42:45.002+0500] {dag.py:3239} INFO - Sync 2 DAGs
[2025-01-15T23:42:45.021+0500] {logging_mixin.py:190} INFO - [2025-01-15T23:42:45.021+0500] {dag.py:4180} INFO - Setting next_dagrun for read_dataset_event to 2025-01-14 00:00:00+00:00, run_after=2025-01-15 00:00:00+00:00
[2025-01-15T23:42:45.027+0500] {logging_mixin.py:190} INFO - [2025-01-15T23:42:45.026+0500] {dag.py:4180} INFO - Setting next_dagrun for read_dataset_event_from_classic to 2025-01-14 00:00:00+00:00, run_after=2025-01-15 00:00:00+00:00
[2025-01-15T23:42:45.046+0500] {processor.py:208} INFO - Processing /Users/mac/Desktop/Comapny2/CryptoPortfolioAI/.venv/lib/python3.10/site-packages/airflow/example_dags/example_inlet_event_extra.py took 0.273 seconds
