[2025-01-15T12:20:04.056+0500] {processor.py:186} INFO - Started process (PID=36357) to work on /Users/mac/Desktop/Comapny2/CryptoPortfolioAI/.venv/lib/python3.10/site-packages/airflow/example_dags/example_task_group.py
[2025-01-15T12:20:04.057+0500] {processor.py:914} INFO - Processing file /Users/mac/Desktop/Comapny2/CryptoPortfolioAI/.venv/lib/python3.10/site-packages/airflow/example_dags/example_task_group.py for tasks to queue
[2025-01-15T12:20:04.059+0500] {logging_mixin.py:190} INFO - [2025-01-15T12:20:04.059+0500] {dagbag.py:588} INFO - Filling up the DagBag from /Users/mac/Desktop/Comapny2/CryptoPortfolioAI/.venv/lib/python3.10/site-packages/airflow/example_dags/example_task_group.py
[2025-01-15T12:20:04.071+0500] {processor.py:925} INFO - DAG(s) 'example_task_group' retrieved from /Users/mac/Desktop/Comapny2/CryptoPortfolioAI/.venv/lib/python3.10/site-packages/airflow/example_dags/example_task_group.py
[2025-01-15T12:20:04.264+0500] {logging_mixin.py:190} INFO - [2025-01-15T12:20:04.263+0500] {override.py:1912} INFO - Created Permission View: can read on DAG:example_task_group
[2025-01-15T12:20:04.275+0500] {logging_mixin.py:190} INFO - [2025-01-15T12:20:04.274+0500] {override.py:1912} INFO - Created Permission View: can delete on DAG:example_task_group
[2025-01-15T12:20:04.281+0500] {logging_mixin.py:190} INFO - [2025-01-15T12:20:04.281+0500] {override.py:1912} INFO - Created Permission View: can edit on DAG:example_task_group
[2025-01-15T12:20:04.291+0500] {logging_mixin.py:190} INFO - [2025-01-15T12:20:04.290+0500] {override.py:1912} INFO - Created Permission View: menu access on DAG Run:example_task_group
[2025-01-15T12:20:04.298+0500] {logging_mixin.py:190} INFO - [2025-01-15T12:20:04.297+0500] {override.py:1912} INFO - Created Permission View: can read on DAG Run:example_task_group
[2025-01-15T12:20:04.305+0500] {logging_mixin.py:190} INFO - [2025-01-15T12:20:04.305+0500] {override.py:1912} INFO - Created Permission View: can delete on DAG Run:example_task_group
[2025-01-15T12:20:04.312+0500] {logging_mixin.py:190} INFO - [2025-01-15T12:20:04.311+0500] {override.py:1912} INFO - Created Permission View: can create on DAG Run:example_task_group
[2025-01-15T12:20:04.312+0500] {logging_mixin.py:190} INFO - [2025-01-15T12:20:04.312+0500] {dag.py:3239} INFO - Sync 1 DAGs
[2025-01-15T12:20:04.324+0500] {logging_mixin.py:190} INFO - [2025-01-15T12:20:04.324+0500] {dag.py:3262} INFO - Creating ORM DAG for example_task_group
[2025-01-15T12:20:04.324+0500] {logging_mixin.py:190} INFO - [2025-01-15T12:20:04.324+0500] {dag.py:4180} INFO - Setting next_dagrun for example_task_group to None, run_after=None
[2025-01-15T12:20:04.343+0500] {processor.py:208} INFO - Processing /Users/mac/Desktop/Comapny2/CryptoPortfolioAI/.venv/lib/python3.10/site-packages/airflow/example_dags/example_task_group.py took 0.293 seconds
[2025-01-15T23:21:01.957+0500] {processor.py:186} INFO - Started process (PID=3415) to work on /Users/mac/Desktop/Comapny2/CryptoPortfolioAI/.venv/lib/python3.10/site-packages/airflow/example_dags/example_task_group.py
[2025-01-15T23:21:01.960+0500] {processor.py:914} INFO - Processing file /Users/mac/Desktop/Comapny2/CryptoPortfolioAI/.venv/lib/python3.10/site-packages/airflow/example_dags/example_task_group.py for tasks to queue
[2025-01-15T23:21:01.962+0500] {logging_mixin.py:190} INFO - [2025-01-15T23:21:01.961+0500] {dagbag.py:588} INFO - Filling up the DagBag from /Users/mac/Desktop/Comapny2/CryptoPortfolioAI/.venv/lib/python3.10/site-packages/airflow/example_dags/example_task_group.py
[2025-01-15T23:21:01.975+0500] {processor.py:925} INFO - DAG(s) 'example_task_group' retrieved from /Users/mac/Desktop/Comapny2/CryptoPortfolioAI/.venv/lib/python3.10/site-packages/airflow/example_dags/example_task_group.py
[2025-01-15T23:21:02.083+0500] {logging_mixin.py:190} INFO - [2025-01-15T23:21:02.083+0500] {dag.py:3239} INFO - Sync 1 DAGs
[2025-01-15T23:21:02.094+0500] {logging_mixin.py:190} INFO - [2025-01-15T23:21:02.093+0500] {dag.py:4180} INFO - Setting next_dagrun for example_task_group to None, run_after=None
[2025-01-15T23:21:02.113+0500] {processor.py:208} INFO - Processing /Users/mac/Desktop/Comapny2/CryptoPortfolioAI/.venv/lib/python3.10/site-packages/airflow/example_dags/example_task_group.py took 0.161 seconds
[2025-01-15T23:25:15.651+0500] {processor.py:186} INFO - Started process (PID=4545) to work on /Users/mac/Desktop/Comapny2/CryptoPortfolioAI/.venv/lib/python3.10/site-packages/airflow/example_dags/example_task_group.py
[2025-01-15T23:25:15.653+0500] {processor.py:914} INFO - Processing file /Users/mac/Desktop/Comapny2/CryptoPortfolioAI/.venv/lib/python3.10/site-packages/airflow/example_dags/example_task_group.py for tasks to queue
[2025-01-15T23:25:15.655+0500] {logging_mixin.py:190} INFO - [2025-01-15T23:25:15.655+0500] {dagbag.py:588} INFO - Filling up the DagBag from /Users/mac/Desktop/Comapny2/CryptoPortfolioAI/.venv/lib/python3.10/site-packages/airflow/example_dags/example_task_group.py
[2025-01-15T23:25:15.667+0500] {processor.py:925} INFO - DAG(s) 'example_task_group' retrieved from /Users/mac/Desktop/Comapny2/CryptoPortfolioAI/.venv/lib/python3.10/site-packages/airflow/example_dags/example_task_group.py
[2025-01-15T23:25:15.808+0500] {logging_mixin.py:190} INFO - [2025-01-15T23:25:15.808+0500] {dag.py:3239} INFO - Sync 1 DAGs
[2025-01-15T23:25:15.821+0500] {logging_mixin.py:190} INFO - [2025-01-15T23:25:15.820+0500] {dag.py:4180} INFO - Setting next_dagrun for example_task_group to None, run_after=None
[2025-01-15T23:25:15.844+0500] {processor.py:208} INFO - Processing /Users/mac/Desktop/Comapny2/CryptoPortfolioAI/.venv/lib/python3.10/site-packages/airflow/example_dags/example_task_group.py took 0.198 seconds
[2025-01-15T23:29:22.791+0500] {processor.py:186} INFO - Started process (PID=5778) to work on /Users/mac/Desktop/Comapny2/CryptoPortfolioAI/.venv/lib/python3.10/site-packages/airflow/example_dags/example_task_group.py
[2025-01-15T23:29:22.793+0500] {processor.py:914} INFO - Processing file /Users/mac/Desktop/Comapny2/CryptoPortfolioAI/.venv/lib/python3.10/site-packages/airflow/example_dags/example_task_group.py for tasks to queue
[2025-01-15T23:29:22.796+0500] {logging_mixin.py:190} INFO - [2025-01-15T23:29:22.796+0500] {dagbag.py:588} INFO - Filling up the DagBag from /Users/mac/Desktop/Comapny2/CryptoPortfolioAI/.venv/lib/python3.10/site-packages/airflow/example_dags/example_task_group.py
[2025-01-15T23:29:22.820+0500] {processor.py:925} INFO - DAG(s) 'example_task_group' retrieved from /Users/mac/Desktop/Comapny2/CryptoPortfolioAI/.venv/lib/python3.10/site-packages/airflow/example_dags/example_task_group.py
[2025-01-15T23:29:23.132+0500] {logging_mixin.py:190} INFO - [2025-01-15T23:29:23.132+0500] {dag.py:3239} INFO - Sync 1 DAGs
[2025-01-15T23:29:23.254+0500] {logging_mixin.py:190} INFO - [2025-01-15T23:29:23.254+0500] {dag.py:4180} INFO - Setting next_dagrun for example_task_group to None, run_after=None
[2025-01-15T23:29:23.298+0500] {processor.py:208} INFO - Processing /Users/mac/Desktop/Comapny2/CryptoPortfolioAI/.venv/lib/python3.10/site-packages/airflow/example_dags/example_task_group.py took 0.512 seconds
[2025-01-15T23:32:34.531+0500] {processor.py:186} INFO - Started process (PID=6750) to work on /Users/mac/Desktop/Comapny2/CryptoPortfolioAI/.venv/lib/python3.10/site-packages/airflow/example_dags/example_task_group.py
[2025-01-15T23:32:34.533+0500] {processor.py:914} INFO - Processing file /Users/mac/Desktop/Comapny2/CryptoPortfolioAI/.venv/lib/python3.10/site-packages/airflow/example_dags/example_task_group.py for tasks to queue
[2025-01-15T23:32:34.535+0500] {logging_mixin.py:190} INFO - [2025-01-15T23:32:34.535+0500] {dagbag.py:588} INFO - Filling up the DagBag from /Users/mac/Desktop/Comapny2/CryptoPortfolioAI/.venv/lib/python3.10/site-packages/airflow/example_dags/example_task_group.py
[2025-01-15T23:32:34.550+0500] {processor.py:925} INFO - DAG(s) 'example_task_group' retrieved from /Users/mac/Desktop/Comapny2/CryptoPortfolioAI/.venv/lib/python3.10/site-packages/airflow/example_dags/example_task_group.py
[2025-01-15T23:32:34.673+0500] {logging_mixin.py:190} INFO - [2025-01-15T23:32:34.672+0500] {dag.py:3239} INFO - Sync 1 DAGs
[2025-01-15T23:32:34.683+0500] {logging_mixin.py:190} INFO - [2025-01-15T23:32:34.683+0500] {dag.py:4180} INFO - Setting next_dagrun for example_task_group to None, run_after=None
[2025-01-15T23:32:34.702+0500] {processor.py:208} INFO - Processing /Users/mac/Desktop/Comapny2/CryptoPortfolioAI/.venv/lib/python3.10/site-packages/airflow/example_dags/example_task_group.py took 0.177 seconds
[2025-01-15T23:35:24.713+0500] {processor.py:186} INFO - Started process (PID=7503) to work on /Users/mac/Desktop/Comapny2/CryptoPortfolioAI/.venv/lib/python3.10/site-packages/airflow/example_dags/example_task_group.py
[2025-01-15T23:35:24.716+0500] {processor.py:914} INFO - Processing file /Users/mac/Desktop/Comapny2/CryptoPortfolioAI/.venv/lib/python3.10/site-packages/airflow/example_dags/example_task_group.py for tasks to queue
[2025-01-15T23:35:24.718+0500] {logging_mixin.py:190} INFO - [2025-01-15T23:35:24.718+0500] {dagbag.py:588} INFO - Filling up the DagBag from /Users/mac/Desktop/Comapny2/CryptoPortfolioAI/.venv/lib/python3.10/site-packages/airflow/example_dags/example_task_group.py
[2025-01-15T23:35:24.735+0500] {processor.py:925} INFO - DAG(s) 'example_task_group' retrieved from /Users/mac/Desktop/Comapny2/CryptoPortfolioAI/.venv/lib/python3.10/site-packages/airflow/example_dags/example_task_group.py
[2025-01-15T23:35:24.860+0500] {logging_mixin.py:190} INFO - [2025-01-15T23:35:24.860+0500] {dag.py:3239} INFO - Sync 1 DAGs
[2025-01-15T23:35:24.870+0500] {logging_mixin.py:190} INFO - [2025-01-15T23:35:24.870+0500] {dag.py:4180} INFO - Setting next_dagrun for example_task_group to None, run_after=None
[2025-01-15T23:35:24.891+0500] {processor.py:208} INFO - Processing /Users/mac/Desktop/Comapny2/CryptoPortfolioAI/.venv/lib/python3.10/site-packages/airflow/example_dags/example_task_group.py took 0.181 seconds
[2025-01-15T23:38:11.737+0500] {processor.py:186} INFO - Started process (PID=8278) to work on /Users/mac/Desktop/Comapny2/CryptoPortfolioAI/.venv/lib/python3.10/site-packages/airflow/example_dags/example_task_group.py
[2025-01-15T23:38:11.739+0500] {processor.py:914} INFO - Processing file /Users/mac/Desktop/Comapny2/CryptoPortfolioAI/.venv/lib/python3.10/site-packages/airflow/example_dags/example_task_group.py for tasks to queue
[2025-01-15T23:38:11.741+0500] {logging_mixin.py:190} INFO - [2025-01-15T23:38:11.741+0500] {dagbag.py:588} INFO - Filling up the DagBag from /Users/mac/Desktop/Comapny2/CryptoPortfolioAI/.venv/lib/python3.10/site-packages/airflow/example_dags/example_task_group.py
[2025-01-15T23:38:11.753+0500] {processor.py:925} INFO - DAG(s) 'example_task_group' retrieved from /Users/mac/Desktop/Comapny2/CryptoPortfolioAI/.venv/lib/python3.10/site-packages/airflow/example_dags/example_task_group.py
[2025-01-15T23:38:11.864+0500] {logging_mixin.py:190} INFO - [2025-01-15T23:38:11.864+0500] {dag.py:3239} INFO - Sync 1 DAGs
[2025-01-15T23:38:11.875+0500] {logging_mixin.py:190} INFO - [2025-01-15T23:38:11.875+0500] {dag.py:4180} INFO - Setting next_dagrun for example_task_group to None, run_after=None
[2025-01-15T23:38:11.894+0500] {processor.py:208} INFO - Processing /Users/mac/Desktop/Comapny2/CryptoPortfolioAI/.venv/lib/python3.10/site-packages/airflow/example_dags/example_task_group.py took 0.162 seconds
[2025-01-15T23:41:20.533+0500] {processor.py:186} INFO - Started process (PID=9046) to work on /Users/mac/Desktop/Comapny2/CryptoPortfolioAI/.venv/lib/python3.10/site-packages/airflow/example_dags/example_task_group.py
[2025-01-15T23:41:20.536+0500] {processor.py:914} INFO - Processing file /Users/mac/Desktop/Comapny2/CryptoPortfolioAI/.venv/lib/python3.10/site-packages/airflow/example_dags/example_task_group.py for tasks to queue
[2025-01-15T23:41:20.538+0500] {logging_mixin.py:190} INFO - [2025-01-15T23:41:20.537+0500] {dagbag.py:588} INFO - Filling up the DagBag from /Users/mac/Desktop/Comapny2/CryptoPortfolioAI/.venv/lib/python3.10/site-packages/airflow/example_dags/example_task_group.py
[2025-01-15T23:41:20.556+0500] {processor.py:925} INFO - DAG(s) 'example_task_group' retrieved from /Users/mac/Desktop/Comapny2/CryptoPortfolioAI/.venv/lib/python3.10/site-packages/airflow/example_dags/example_task_group.py
[2025-01-15T23:41:20.708+0500] {logging_mixin.py:190} INFO - [2025-01-15T23:41:20.707+0500] {dag.py:3239} INFO - Sync 1 DAGs
[2025-01-15T23:41:20.720+0500] {logging_mixin.py:190} INFO - [2025-01-15T23:41:20.720+0500] {dag.py:4180} INFO - Setting next_dagrun for example_task_group to None, run_after=None
[2025-01-15T23:41:20.746+0500] {processor.py:208} INFO - Processing /Users/mac/Desktop/Comapny2/CryptoPortfolioAI/.venv/lib/python3.10/site-packages/airflow/example_dags/example_task_group.py took 0.219 seconds
