[2025-01-15T23:23:49.936+0500] {processor.py:186} INFO - Started process (PID=4182) to work on /Users/mac/Desktop/Comapny2/CryptoPortfolioAI/.venv/lib/python3.10/site-packages/airflow/example_dags/example_bash_decorator.py
[2025-01-15T23:23:49.938+0500] {processor.py:914} INFO - Processing file /Users/mac/Desktop/Comapny2/CryptoPortfolioAI/.venv/lib/python3.10/site-packages/airflow/example_dags/example_bash_decorator.py for tasks to queue
[2025-01-15T23:23:49.940+0500] {logging_mixin.py:190} INFO - [2025-01-15T23:23:49.940+0500] {dagbag.py:588} INFO - Filling up the DagBag from /Users/mac/Desktop/Comapny2/CryptoPortfolioAI/.venv/lib/python3.10/site-packages/airflow/example_dags/example_bash_decorator.py
[2025-01-15T23:23:50.025+0500] {processor.py:925} INFO - DAG(s) 'example_bash_decorator' retrieved from /Users/mac/Desktop/Comapny2/CryptoPortfolioAI/.venv/lib/python3.10/site-packages/airflow/example_dags/example_bash_decorator.py
[2025-01-15T23:23:50.320+0500] {logging_mixin.py:190} INFO - [2025-01-15T23:23:50.320+0500] {override.py:1912} INFO - Created Permission View: can read on DAG:example_bash_decorator
[2025-01-15T23:23:50.333+0500] {logging_mixin.py:190} INFO - [2025-01-15T23:23:50.332+0500] {override.py:1912} INFO - Created Permission View: can delete on DAG:example_bash_decorator
[2025-01-15T23:23:50.344+0500] {logging_mixin.py:190} INFO - [2025-01-15T23:23:50.344+0500] {override.py:1912} INFO - Created Permission View: can edit on DAG:example_bash_decorator
[2025-01-15T23:23:50.356+0500] {logging_mixin.py:190} INFO - [2025-01-15T23:23:50.355+0500] {override.py:1912} INFO - Created Permission View: can create on DAG Run:example_bash_decorator
[2025-01-15T23:23:50.365+0500] {logging_mixin.py:190} INFO - [2025-01-15T23:23:50.364+0500] {override.py:1912} INFO - Created Permission View: can read on DAG Run:example_bash_decorator
[2025-01-15T23:23:50.373+0500] {logging_mixin.py:190} INFO - [2025-01-15T23:23:50.372+0500] {override.py:1912} INFO - Created Permission View: can delete on DAG Run:example_bash_decorator
[2025-01-15T23:23:50.383+0500] {logging_mixin.py:190} INFO - [2025-01-15T23:23:50.382+0500] {override.py:1912} INFO - Created Permission View: menu access on DAG Run:example_bash_decorator
[2025-01-15T23:23:50.383+0500] {logging_mixin.py:190} INFO - [2025-01-15T23:23:50.383+0500] {dag.py:3239} INFO - Sync 1 DAGs
[2025-01-15T23:23:50.398+0500] {logging_mixin.py:190} INFO - [2025-01-15T23:23:50.398+0500] {dag.py:3262} INFO - Creating ORM DAG for example_bash_decorator
[2025-01-15T23:23:50.399+0500] {logging_mixin.py:190} INFO - [2025-01-15T23:23:50.399+0500] {dag.py:4180} INFO - Setting next_dagrun for example_bash_decorator to None, run_after=None
[2025-01-15T23:23:50.421+0500] {processor.py:208} INFO - Processing /Users/mac/Desktop/Comapny2/CryptoPortfolioAI/.venv/lib/python3.10/site-packages/airflow/example_dags/example_bash_decorator.py took 0.490 seconds
[2025-01-15T23:31:26.135+0500] {processor.py:186} INFO - Started process (PID=6428) to work on /Users/mac/Desktop/Comapny2/CryptoPortfolioAI/.venv/lib/python3.10/site-packages/airflow/example_dags/example_bash_decorator.py
[2025-01-15T23:31:26.137+0500] {processor.py:914} INFO - Processing file /Users/mac/Desktop/Comapny2/CryptoPortfolioAI/.venv/lib/python3.10/site-packages/airflow/example_dags/example_bash_decorator.py for tasks to queue
[2025-01-15T23:31:26.139+0500] {logging_mixin.py:190} INFO - [2025-01-15T23:31:26.139+0500] {dagbag.py:588} INFO - Filling up the DagBag from /Users/mac/Desktop/Comapny2/CryptoPortfolioAI/.venv/lib/python3.10/site-packages/airflow/example_dags/example_bash_decorator.py
[2025-01-15T23:31:26.188+0500] {processor.py:925} INFO - DAG(s) 'example_bash_decorator' retrieved from /Users/mac/Desktop/Comapny2/CryptoPortfolioAI/.venv/lib/python3.10/site-packages/airflow/example_dags/example_bash_decorator.py
[2025-01-15T23:31:26.489+0500] {logging_mixin.py:190} INFO - [2025-01-15T23:31:26.489+0500] {dag.py:3239} INFO - Sync 1 DAGs
[2025-01-15T23:31:26.499+0500] {logging_mixin.py:190} INFO - [2025-01-15T23:31:26.499+0500] {dag.py:4180} INFO - Setting next_dagrun for example_bash_decorator to None, run_after=None
[2025-01-15T23:31:26.522+0500] {processor.py:208} INFO - Processing /Users/mac/Desktop/Comapny2/CryptoPortfolioAI/.venv/lib/python3.10/site-packages/airflow/example_dags/example_bash_decorator.py took 0.392 seconds
[2025-01-15T23:37:08.508+0500] {processor.py:186} INFO - Started process (PID=7975) to work on /Users/mac/Desktop/Comapny2/CryptoPortfolioAI/.venv/lib/python3.10/site-packages/airflow/example_dags/example_bash_decorator.py
[2025-01-15T23:37:08.510+0500] {processor.py:914} INFO - Processing file /Users/mac/Desktop/Comapny2/CryptoPortfolioAI/.venv/lib/python3.10/site-packages/airflow/example_dags/example_bash_decorator.py for tasks to queue
[2025-01-15T23:37:08.512+0500] {logging_mixin.py:190} INFO - [2025-01-15T23:37:08.512+0500] {dagbag.py:588} INFO - Filling up the DagBag from /Users/mac/Desktop/Comapny2/CryptoPortfolioAI/.venv/lib/python3.10/site-packages/airflow/example_dags/example_bash_decorator.py
[2025-01-15T23:37:08.559+0500] {processor.py:925} INFO - DAG(s) 'example_bash_decorator' retrieved from /Users/mac/Desktop/Comapny2/CryptoPortfolioAI/.venv/lib/python3.10/site-packages/airflow/example_dags/example_bash_decorator.py
[2025-01-15T23:37:08.891+0500] {logging_mixin.py:190} INFO - [2025-01-15T23:37:08.891+0500] {dag.py:3239} INFO - Sync 1 DAGs
[2025-01-15T23:37:08.905+0500] {logging_mixin.py:190} INFO - [2025-01-15T23:37:08.904+0500] {dag.py:4180} INFO - Setting next_dagrun for example_bash_decorator to None, run_after=None
[2025-01-15T23:37:08.924+0500] {processor.py:208} INFO - Processing /Users/mac/Desktop/Comapny2/CryptoPortfolioAI/.venv/lib/python3.10/site-packages/airflow/example_dags/example_bash_decorator.py took 0.421 seconds
[2025-01-15T23:43:19.243+0500] {processor.py:186} INFO - Started process (PID=9541) to work on /Users/mac/Desktop/Comapny2/CryptoPortfolioAI/.venv/lib/python3.10/site-packages/airflow/example_dags/example_bash_decorator.py
[2025-01-15T23:43:19.245+0500] {processor.py:914} INFO - Processing file /Users/mac/Desktop/Comapny2/CryptoPortfolioAI/.venv/lib/python3.10/site-packages/airflow/example_dags/example_bash_decorator.py for tasks to queue
[2025-01-15T23:43:19.246+0500] {logging_mixin.py:190} INFO - [2025-01-15T23:43:19.246+0500] {dagbag.py:588} INFO - Filling up the DagBag from /Users/mac/Desktop/Comapny2/CryptoPortfolioAI/.venv/lib/python3.10/site-packages/airflow/example_dags/example_bash_decorator.py
[2025-01-15T23:43:19.297+0500] {processor.py:925} INFO - DAG(s) 'example_bash_decorator' retrieved from /Users/mac/Desktop/Comapny2/CryptoPortfolioAI/.venv/lib/python3.10/site-packages/airflow/example_dags/example_bash_decorator.py
[2025-01-15T23:43:19.606+0500] {logging_mixin.py:190} INFO - [2025-01-15T23:43:19.606+0500] {dag.py:3239} INFO - Sync 1 DAGs
[2025-01-15T23:43:19.617+0500] {logging_mixin.py:190} INFO - [2025-01-15T23:43:19.617+0500] {dag.py:4180} INFO - Setting next_dagrun for example_bash_decorator to None, run_after=None
[2025-01-15T23:43:19.637+0500] {processor.py:208} INFO - Processing /Users/mac/Desktop/Comapny2/CryptoPortfolioAI/.venv/lib/python3.10/site-packages/airflow/example_dags/example_bash_decorator.py took 0.399 seconds
