[2025-01-15T23:22:55.872+0500] {processor.py:186} INFO - Started process (PID=3948) to work on /Users/mac/Desktop/Comapny2/CryptoPortfolioAI/.venv/lib/python3.10/site-packages/airflow/example_dags/example_datasets.py
[2025-01-15T23:22:55.874+0500] {processor.py:914} INFO - Processing file /Users/mac/Desktop/Comapny2/CryptoPortfolioAI/.venv/lib/python3.10/site-packages/airflow/example_dags/example_datasets.py for tasks to queue
[2025-01-15T23:22:55.875+0500] {logging_mixin.py:190} INFO - [2025-01-15T23:22:55.875+0500] {dagbag.py:588} INFO - Filling up the DagBag from /Users/mac/Desktop/Comapny2/CryptoPortfolioAI/.venv/lib/python3.10/site-packages/airflow/example_dags/example_datasets.py
[2025-01-15T23:22:55.968+0500] {processor.py:925} INFO - DAG(s) 'dataset_consumes_unknown_never_scheduled', 'dataset_produces_1', 'consume_1_or_2_with_dataset_expressions', 'conditional_dataset_and_time_based_timetable', 'consume_1_and_2_with_dataset_expressions', 'dataset_produces_2', 'dataset_consumes_1_never_scheduled', 'consume_1_or_both_2_and_3_with_dataset_expressions', 'dataset_consumes_1_and_2', 'dataset_consumes_1' retrieved from /Users/mac/Desktop/Comapny2/CryptoPortfolioAI/.venv/lib/python3.10/site-packages/airflow/example_dags/example_datasets.py
[2025-01-15T23:22:56.170+0500] {logging_mixin.py:190} INFO - [2025-01-15T23:22:56.169+0500] {override.py:1912} INFO - Created Permission View: can read on DAG:dataset_consumes_unknown_never_scheduled
[2025-01-15T23:22:56.180+0500] {logging_mixin.py:190} INFO - [2025-01-15T23:22:56.180+0500] {override.py:1912} INFO - Created Permission View: can edit on DAG:dataset_consumes_unknown_never_scheduled
[2025-01-15T23:22:56.187+0500] {logging_mixin.py:190} INFO - [2025-01-15T23:22:56.187+0500] {override.py:1912} INFO - Created Permission View: can delete on DAG:dataset_consumes_unknown_never_scheduled
[2025-01-15T23:22:56.197+0500] {logging_mixin.py:190} INFO - [2025-01-15T23:22:56.197+0500] {override.py:1912} INFO - Created Permission View: menu access on DAG Run:dataset_consumes_unknown_never_scheduled
[2025-01-15T23:22:56.204+0500] {logging_mixin.py:190} INFO - [2025-01-15T23:22:56.203+0500] {override.py:1912} INFO - Created Permission View: can read on DAG Run:dataset_consumes_unknown_never_scheduled
[2025-01-15T23:22:56.212+0500] {logging_mixin.py:190} INFO - [2025-01-15T23:22:56.212+0500] {override.py:1912} INFO - Created Permission View: can create on DAG Run:dataset_consumes_unknown_never_scheduled
[2025-01-15T23:22:56.219+0500] {logging_mixin.py:190} INFO - [2025-01-15T23:22:56.219+0500] {override.py:1912} INFO - Created Permission View: can delete on DAG Run:dataset_consumes_unknown_never_scheduled
[2025-01-15T23:22:56.234+0500] {logging_mixin.py:190} INFO - [2025-01-15T23:22:56.233+0500] {override.py:1912} INFO - Created Permission View: can read on DAG:dataset_produces_1
[2025-01-15T23:22:56.242+0500] {logging_mixin.py:190} INFO - [2025-01-15T23:22:56.242+0500] {override.py:1912} INFO - Created Permission View: can edit on DAG:dataset_produces_1
[2025-01-15T23:22:56.250+0500] {logging_mixin.py:190} INFO - [2025-01-15T23:22:56.250+0500] {override.py:1912} INFO - Created Permission View: can delete on DAG:dataset_produces_1
[2025-01-15T23:22:56.267+0500] {logging_mixin.py:190} INFO - [2025-01-15T23:22:56.267+0500] {override.py:1912} INFO - Created Permission View: menu access on DAG Run:dataset_produces_1
[2025-01-15T23:22:56.275+0500] {logging_mixin.py:190} INFO - [2025-01-15T23:22:56.275+0500] {override.py:1912} INFO - Created Permission View: can read on DAG Run:dataset_produces_1
[2025-01-15T23:22:56.283+0500] {logging_mixin.py:190} INFO - [2025-01-15T23:22:56.283+0500] {override.py:1912} INFO - Created Permission View: can create on DAG Run:dataset_produces_1
[2025-01-15T23:22:56.329+0500] {logging_mixin.py:190} INFO - [2025-01-15T23:22:56.328+0500] {override.py:1912} INFO - Created Permission View: can delete on DAG Run:dataset_produces_1
[2025-01-15T23:22:56.344+0500] {logging_mixin.py:190} INFO - [2025-01-15T23:22:56.343+0500] {override.py:1912} INFO - Created Permission View: can read on DAG:consume_1_or_2_with_dataset_expressions
[2025-01-15T23:22:56.351+0500] {logging_mixin.py:190} INFO - [2025-01-15T23:22:56.350+0500] {override.py:1912} INFO - Created Permission View: can edit on DAG:consume_1_or_2_with_dataset_expressions
[2025-01-15T23:22:56.358+0500] {logging_mixin.py:190} INFO - [2025-01-15T23:22:56.357+0500] {override.py:1912} INFO - Created Permission View: can delete on DAG:consume_1_or_2_with_dataset_expressions
[2025-01-15T23:22:56.368+0500] {logging_mixin.py:190} INFO - [2025-01-15T23:22:56.367+0500] {override.py:1912} INFO - Created Permission View: menu access on DAG Run:consume_1_or_2_with_dataset_expressions
[2025-01-15T23:22:56.375+0500] {logging_mixin.py:190} INFO - [2025-01-15T23:22:56.374+0500] {override.py:1912} INFO - Created Permission View: can read on DAG Run:consume_1_or_2_with_dataset_expressions
[2025-01-15T23:22:56.383+0500] {logging_mixin.py:190} INFO - [2025-01-15T23:22:56.383+0500] {override.py:1912} INFO - Created Permission View: can create on DAG Run:consume_1_or_2_with_dataset_expressions
[2025-01-15T23:22:56.390+0500] {logging_mixin.py:190} INFO - [2025-01-15T23:22:56.390+0500] {override.py:1912} INFO - Created Permission View: can delete on DAG Run:consume_1_or_2_with_dataset_expressions
[2025-01-15T23:22:56.405+0500] {logging_mixin.py:190} INFO - [2025-01-15T23:22:56.404+0500] {override.py:1912} INFO - Created Permission View: can read on DAG:conditional_dataset_and_time_based_timetable
[2025-01-15T23:22:56.412+0500] {logging_mixin.py:190} INFO - [2025-01-15T23:22:56.412+0500] {override.py:1912} INFO - Created Permission View: can edit on DAG:conditional_dataset_and_time_based_timetable
[2025-01-15T23:22:56.419+0500] {logging_mixin.py:190} INFO - [2025-01-15T23:22:56.419+0500] {override.py:1912} INFO - Created Permission View: can delete on DAG:conditional_dataset_and_time_based_timetable
[2025-01-15T23:22:56.428+0500] {logging_mixin.py:190} INFO - [2025-01-15T23:22:56.428+0500] {override.py:1912} INFO - Created Permission View: menu access on DAG Run:conditional_dataset_and_time_based_timetable
[2025-01-15T23:22:56.436+0500] {logging_mixin.py:190} INFO - [2025-01-15T23:22:56.436+0500] {override.py:1912} INFO - Created Permission View: can read on DAG Run:conditional_dataset_and_time_based_timetable
[2025-01-15T23:22:56.445+0500] {logging_mixin.py:190} INFO - [2025-01-15T23:22:56.445+0500] {override.py:1912} INFO - Created Permission View: can create on DAG Run:conditional_dataset_and_time_based_timetable
[2025-01-15T23:22:56.453+0500] {logging_mixin.py:190} INFO - [2025-01-15T23:22:56.452+0500] {override.py:1912} INFO - Created Permission View: can delete on DAG Run:conditional_dataset_and_time_based_timetable
[2025-01-15T23:22:56.468+0500] {logging_mixin.py:190} INFO - [2025-01-15T23:22:56.468+0500] {override.py:1912} INFO - Created Permission View: can read on DAG:consume_1_and_2_with_dataset_expressions
[2025-01-15T23:22:56.476+0500] {logging_mixin.py:190} INFO - [2025-01-15T23:22:56.476+0500] {override.py:1912} INFO - Created Permission View: can edit on DAG:consume_1_and_2_with_dataset_expressions
[2025-01-15T23:22:56.485+0500] {logging_mixin.py:190} INFO - [2025-01-15T23:22:56.484+0500] {override.py:1912} INFO - Created Permission View: can delete on DAG:consume_1_and_2_with_dataset_expressions
[2025-01-15T23:22:56.497+0500] {logging_mixin.py:190} INFO - [2025-01-15T23:22:56.497+0500] {override.py:1912} INFO - Created Permission View: menu access on DAG Run:consume_1_and_2_with_dataset_expressions
[2025-01-15T23:22:56.506+0500] {logging_mixin.py:190} INFO - [2025-01-15T23:22:56.505+0500] {override.py:1912} INFO - Created Permission View: can read on DAG Run:consume_1_and_2_with_dataset_expressions
[2025-01-15T23:22:56.514+0500] {logging_mixin.py:190} INFO - [2025-01-15T23:22:56.514+0500] {override.py:1912} INFO - Created Permission View: can create on DAG Run:consume_1_and_2_with_dataset_expressions
[2025-01-15T23:22:56.524+0500] {logging_mixin.py:190} INFO - [2025-01-15T23:22:56.523+0500] {override.py:1912} INFO - Created Permission View: can delete on DAG Run:consume_1_and_2_with_dataset_expressions
[2025-01-15T23:22:56.549+0500] {logging_mixin.py:190} INFO - [2025-01-15T23:22:56.548+0500] {override.py:1912} INFO - Created Permission View: can read on DAG:dataset_produces_2
[2025-01-15T23:22:56.561+0500] {logging_mixin.py:190} INFO - [2025-01-15T23:22:56.561+0500] {override.py:1912} INFO - Created Permission View: can edit on DAG:dataset_produces_2
[2025-01-15T23:22:56.569+0500] {logging_mixin.py:190} INFO - [2025-01-15T23:22:56.568+0500] {override.py:1912} INFO - Created Permission View: can delete on DAG:dataset_produces_2
[2025-01-15T23:22:56.583+0500] {logging_mixin.py:190} INFO - [2025-01-15T23:22:56.583+0500] {override.py:1912} INFO - Created Permission View: menu access on DAG Run:dataset_produces_2
[2025-01-15T23:22:56.595+0500] {logging_mixin.py:190} INFO - [2025-01-15T23:22:56.594+0500] {override.py:1912} INFO - Created Permission View: can read on DAG Run:dataset_produces_2
[2025-01-15T23:22:56.605+0500] {logging_mixin.py:190} INFO - [2025-01-15T23:22:56.605+0500] {override.py:1912} INFO - Created Permission View: can create on DAG Run:dataset_produces_2
[2025-01-15T23:22:56.615+0500] {logging_mixin.py:190} INFO - [2025-01-15T23:22:56.615+0500] {override.py:1912} INFO - Created Permission View: can delete on DAG Run:dataset_produces_2
[2025-01-15T23:22:56.631+0500] {logging_mixin.py:190} INFO - [2025-01-15T23:22:56.631+0500] {override.py:1912} INFO - Created Permission View: can read on DAG:dataset_consumes_1_never_scheduled
[2025-01-15T23:22:56.641+0500] {logging_mixin.py:190} INFO - [2025-01-15T23:22:56.640+0500] {override.py:1912} INFO - Created Permission View: can edit on DAG:dataset_consumes_1_never_scheduled
[2025-01-15T23:22:56.649+0500] {logging_mixin.py:190} INFO - [2025-01-15T23:22:56.649+0500] {override.py:1912} INFO - Created Permission View: can delete on DAG:dataset_consumes_1_never_scheduled
[2025-01-15T23:22:56.661+0500] {logging_mixin.py:190} INFO - [2025-01-15T23:22:56.660+0500] {override.py:1912} INFO - Created Permission View: menu access on DAG Run:dataset_consumes_1_never_scheduled
[2025-01-15T23:22:56.668+0500] {logging_mixin.py:190} INFO - [2025-01-15T23:22:56.667+0500] {override.py:1912} INFO - Created Permission View: can read on DAG Run:dataset_consumes_1_never_scheduled
[2025-01-15T23:22:56.677+0500] {logging_mixin.py:190} INFO - [2025-01-15T23:22:56.676+0500] {override.py:1912} INFO - Created Permission View: can create on DAG Run:dataset_consumes_1_never_scheduled
[2025-01-15T23:22:56.685+0500] {logging_mixin.py:190} INFO - [2025-01-15T23:22:56.685+0500] {override.py:1912} INFO - Created Permission View: can delete on DAG Run:dataset_consumes_1_never_scheduled
[2025-01-15T23:22:56.703+0500] {logging_mixin.py:190} INFO - [2025-01-15T23:22:56.702+0500] {override.py:1912} INFO - Created Permission View: can read on DAG:consume_1_or_both_2_and_3_with_dataset_expressions
[2025-01-15T23:22:56.713+0500] {logging_mixin.py:190} INFO - [2025-01-15T23:22:56.713+0500] {override.py:1912} INFO - Created Permission View: can edit on DAG:consume_1_or_both_2_and_3_with_dataset_expressions
[2025-01-15T23:22:56.722+0500] {logging_mixin.py:190} INFO - [2025-01-15T23:22:56.721+0500] {override.py:1912} INFO - Created Permission View: can delete on DAG:consume_1_or_both_2_and_3_with_dataset_expressions
[2025-01-15T23:22:56.731+0500] {logging_mixin.py:190} INFO - [2025-01-15T23:22:56.731+0500] {override.py:1912} INFO - Created Permission View: menu access on DAG Run:consume_1_or_both_2_and_3_with_dataset_expressions
[2025-01-15T23:22:56.739+0500] {logging_mixin.py:190} INFO - [2025-01-15T23:22:56.739+0500] {override.py:1912} INFO - Created Permission View: can read on DAG Run:consume_1_or_both_2_and_3_with_dataset_expressions
[2025-01-15T23:22:56.748+0500] {logging_mixin.py:190} INFO - [2025-01-15T23:22:56.747+0500] {override.py:1912} INFO - Created Permission View: can create on DAG Run:consume_1_or_both_2_and_3_with_dataset_expressions
[2025-01-15T23:22:56.756+0500] {logging_mixin.py:190} INFO - [2025-01-15T23:22:56.755+0500] {override.py:1912} INFO - Created Permission View: can delete on DAG Run:consume_1_or_both_2_and_3_with_dataset_expressions
[2025-01-15T23:22:56.788+0500] {logging_mixin.py:190} INFO - [2025-01-15T23:22:56.788+0500] {override.py:1912} INFO - Created Permission View: can read on DAG:dataset_consumes_1_and_2
[2025-01-15T23:22:56.798+0500] {logging_mixin.py:190} INFO - [2025-01-15T23:22:56.797+0500] {override.py:1912} INFO - Created Permission View: can edit on DAG:dataset_consumes_1_and_2
[2025-01-15T23:22:56.807+0500] {logging_mixin.py:190} INFO - [2025-01-15T23:22:56.807+0500] {override.py:1912} INFO - Created Permission View: can delete on DAG:dataset_consumes_1_and_2
[2025-01-15T23:22:56.820+0500] {logging_mixin.py:190} INFO - [2025-01-15T23:22:56.819+0500] {override.py:1912} INFO - Created Permission View: menu access on DAG Run:dataset_consumes_1_and_2
[2025-01-15T23:22:56.828+0500] {logging_mixin.py:190} INFO - [2025-01-15T23:22:56.828+0500] {override.py:1912} INFO - Created Permission View: can read on DAG Run:dataset_consumes_1_and_2
[2025-01-15T23:22:56.835+0500] {logging_mixin.py:190} INFO - [2025-01-15T23:22:56.834+0500] {override.py:1912} INFO - Created Permission View: can create on DAG Run:dataset_consumes_1_and_2
[2025-01-15T23:22:56.843+0500] {logging_mixin.py:190} INFO - [2025-01-15T23:22:56.842+0500] {override.py:1912} INFO - Created Permission View: can delete on DAG Run:dataset_consumes_1_and_2
[2025-01-15T23:22:56.857+0500] {logging_mixin.py:190} INFO - [2025-01-15T23:22:56.856+0500] {override.py:1912} INFO - Created Permission View: can read on DAG:dataset_consumes_1
[2025-01-15T23:22:56.864+0500] {logging_mixin.py:190} INFO - [2025-01-15T23:22:56.864+0500] {override.py:1912} INFO - Created Permission View: can edit on DAG:dataset_consumes_1
[2025-01-15T23:22:56.872+0500] {logging_mixin.py:190} INFO - [2025-01-15T23:22:56.872+0500] {override.py:1912} INFO - Created Permission View: can delete on DAG:dataset_consumes_1
[2025-01-15T23:22:56.884+0500] {logging_mixin.py:190} INFO - [2025-01-15T23:22:56.883+0500] {override.py:1912} INFO - Created Permission View: menu access on DAG Run:dataset_consumes_1
[2025-01-15T23:22:56.891+0500] {logging_mixin.py:190} INFO - [2025-01-15T23:22:56.891+0500] {override.py:1912} INFO - Created Permission View: can read on DAG Run:dataset_consumes_1
[2025-01-15T23:22:56.899+0500] {logging_mixin.py:190} INFO - [2025-01-15T23:22:56.899+0500] {override.py:1912} INFO - Created Permission View: can create on DAG Run:dataset_consumes_1
[2025-01-15T23:22:56.907+0500] {logging_mixin.py:190} INFO - [2025-01-15T23:22:56.906+0500] {override.py:1912} INFO - Created Permission View: can delete on DAG Run:dataset_consumes_1
[2025-01-15T23:22:56.907+0500] {logging_mixin.py:190} INFO - [2025-01-15T23:22:56.907+0500] {dag.py:3239} INFO - Sync 10 DAGs
[2025-01-15T23:22:56.920+0500] {logging_mixin.py:190} INFO - [2025-01-15T23:22:56.920+0500] {dag.py:3262} INFO - Creating ORM DAG for dataset_consumes_1_and_2
[2025-01-15T23:22:56.921+0500] {logging_mixin.py:190} INFO - [2025-01-15T23:22:56.921+0500] {dag.py:3262} INFO - Creating ORM DAG for consume_1_and_2_with_dataset_expressions
[2025-01-15T23:22:56.922+0500] {logging_mixin.py:190} INFO - [2025-01-15T23:22:56.921+0500] {dag.py:3262} INFO - Creating ORM DAG for consume_1_or_2_with_dataset_expressions
[2025-01-15T23:22:56.922+0500] {logging_mixin.py:190} INFO - [2025-01-15T23:22:56.922+0500] {dag.py:3262} INFO - Creating ORM DAG for dataset_consumes_unknown_never_scheduled
[2025-01-15T23:22:56.923+0500] {logging_mixin.py:190} INFO - [2025-01-15T23:22:56.922+0500] {dag.py:3262} INFO - Creating ORM DAG for dataset_consumes_1_never_scheduled
[2025-01-15T23:22:56.923+0500] {logging_mixin.py:190} INFO - [2025-01-15T23:22:56.923+0500] {dag.py:3262} INFO - Creating ORM DAG for dataset_produces_2
[2025-01-15T23:22:56.923+0500] {logging_mixin.py:190} INFO - [2025-01-15T23:22:56.923+0500] {dag.py:3262} INFO - Creating ORM DAG for consume_1_or_both_2_and_3_with_dataset_expressions
[2025-01-15T23:22:56.924+0500] {logging_mixin.py:190} INFO - [2025-01-15T23:22:56.924+0500] {dag.py:3262} INFO - Creating ORM DAG for dataset_produces_1
[2025-01-15T23:22:56.924+0500] {logging_mixin.py:190} INFO - [2025-01-15T23:22:56.924+0500] {dag.py:3262} INFO - Creating ORM DAG for dataset_consumes_1
[2025-01-15T23:22:56.925+0500] {logging_mixin.py:190} INFO - [2025-01-15T23:22:56.925+0500] {dag.py:3262} INFO - Creating ORM DAG for conditional_dataset_and_time_based_timetable
[2025-01-15T23:22:56.934+0500] {logging_mixin.py:190} INFO - [2025-01-15T23:22:56.934+0500] {dag.py:4180} INFO - Setting next_dagrun for conditional_dataset_and_time_based_timetable to 2025-01-15 01:00:00+00:00, run_after=2025-01-15 01:00:00+00:00
[2025-01-15T23:22:56.935+0500] {logging_mixin.py:190} INFO - [2025-01-15T23:22:56.935+0500] {dag.py:4180} INFO - Setting next_dagrun for consume_1_and_2_with_dataset_expressions to None, run_after=None
[2025-01-15T23:22:56.936+0500] {logging_mixin.py:190} INFO - [2025-01-15T23:22:56.935+0500] {dag.py:4180} INFO - Setting next_dagrun for consume_1_or_2_with_dataset_expressions to None, run_after=None
[2025-01-15T23:22:56.937+0500] {logging_mixin.py:190} INFO - [2025-01-15T23:22:56.936+0500] {dag.py:4180} INFO - Setting next_dagrun for consume_1_or_both_2_and_3_with_dataset_expressions to None, run_after=None
[2025-01-15T23:22:56.938+0500] {logging_mixin.py:190} INFO - [2025-01-15T23:22:56.937+0500] {dag.py:4180} INFO - Setting next_dagrun for dataset_consumes_1 to None, run_after=None
[2025-01-15T23:22:56.938+0500] {logging_mixin.py:190} INFO - [2025-01-15T23:22:56.938+0500] {dag.py:4180} INFO - Setting next_dagrun for dataset_consumes_1_and_2 to None, run_after=None
[2025-01-15T23:22:56.939+0500] {logging_mixin.py:190} INFO - [2025-01-15T23:22:56.939+0500] {dag.py:4180} INFO - Setting next_dagrun for dataset_consumes_1_never_scheduled to None, run_after=None
[2025-01-15T23:22:56.939+0500] {logging_mixin.py:190} INFO - [2025-01-15T23:22:56.939+0500] {dag.py:4180} INFO - Setting next_dagrun for dataset_consumes_unknown_never_scheduled to None, run_after=None
[2025-01-15T23:22:56.941+0500] {logging_mixin.py:190} INFO - [2025-01-15T23:22:56.941+0500] {dag.py:4180} INFO - Setting next_dagrun for dataset_produces_1 to 2025-01-14 00:00:00+00:00, run_after=2025-01-15 00:00:00+00:00
[2025-01-15T23:22:56.942+0500] {logging_mixin.py:190} INFO - [2025-01-15T23:22:56.941+0500] {dag.py:4180} INFO - Setting next_dagrun for dataset_produces_2 to None, run_after=None
[2025-01-15T23:22:57.757+0500] {processor.py:208} INFO - Processing /Users/mac/Desktop/Comapny2/CryptoPortfolioAI/.venv/lib/python3.10/site-packages/airflow/example_dags/example_datasets.py took 1.891 seconds
[2025-01-15T23:27:26.348+0500] {processor.py:186} INFO - Started process (PID=5179) to work on /Users/mac/Desktop/Comapny2/CryptoPortfolioAI/.venv/lib/python3.10/site-packages/airflow/example_dags/example_datasets.py
[2025-01-15T23:27:26.350+0500] {processor.py:914} INFO - Processing file /Users/mac/Desktop/Comapny2/CryptoPortfolioAI/.venv/lib/python3.10/site-packages/airflow/example_dags/example_datasets.py for tasks to queue
[2025-01-15T23:27:26.352+0500] {logging_mixin.py:190} INFO - [2025-01-15T23:27:26.351+0500] {dagbag.py:588} INFO - Filling up the DagBag from /Users/mac/Desktop/Comapny2/CryptoPortfolioAI/.venv/lib/python3.10/site-packages/airflow/example_dags/example_datasets.py
[2025-01-15T23:27:26.441+0500] {processor.py:925} INFO - DAG(s) 'dataset_consumes_1_never_scheduled', 'consume_1_or_both_2_and_3_with_dataset_expressions', 'dataset_consumes_1', 'dataset_consumes_unknown_never_scheduled', 'consume_1_and_2_with_dataset_expressions', 'consume_1_or_2_with_dataset_expressions', 'dataset_produces_1', 'dataset_produces_2', 'conditional_dataset_and_time_based_timetable', 'dataset_consumes_1_and_2' retrieved from /Users/mac/Desktop/Comapny2/CryptoPortfolioAI/.venv/lib/python3.10/site-packages/airflow/example_dags/example_datasets.py
[2025-01-15T23:27:26.596+0500] {logging_mixin.py:190} INFO - [2025-01-15T23:27:26.595+0500] {dag.py:3239} INFO - Sync 10 DAGs
[2025-01-15T23:27:26.619+0500] {logging_mixin.py:190} INFO - [2025-01-15T23:27:26.619+0500] {dag.py:4180} INFO - Setting next_dagrun for conditional_dataset_and_time_based_timetable to 2025-01-15 01:00:00+00:00, run_after=2025-01-15 01:00:00+00:00
[2025-01-15T23:27:26.622+0500] {logging_mixin.py:190} INFO - [2025-01-15T23:27:26.622+0500] {dag.py:4180} INFO - Setting next_dagrun for consume_1_and_2_with_dataset_expressions to None, run_after=None
[2025-01-15T23:27:26.623+0500] {logging_mixin.py:190} INFO - [2025-01-15T23:27:26.623+0500] {dag.py:4180} INFO - Setting next_dagrun for consume_1_or_2_with_dataset_expressions to None, run_after=None
[2025-01-15T23:27:26.625+0500] {logging_mixin.py:190} INFO - [2025-01-15T23:27:26.625+0500] {dag.py:4180} INFO - Setting next_dagrun for consume_1_or_both_2_and_3_with_dataset_expressions to None, run_after=None
[2025-01-15T23:27:26.626+0500] {logging_mixin.py:190} INFO - [2025-01-15T23:27:26.626+0500] {dag.py:4180} INFO - Setting next_dagrun for dataset_consumes_1 to None, run_after=None
[2025-01-15T23:27:26.628+0500] {logging_mixin.py:190} INFO - [2025-01-15T23:27:26.627+0500] {dag.py:4180} INFO - Setting next_dagrun for dataset_consumes_1_and_2 to None, run_after=None
[2025-01-15T23:27:26.629+0500] {logging_mixin.py:190} INFO - [2025-01-15T23:27:26.629+0500] {dag.py:4180} INFO - Setting next_dagrun for dataset_consumes_1_never_scheduled to None, run_after=None
[2025-01-15T23:27:26.630+0500] {logging_mixin.py:190} INFO - [2025-01-15T23:27:26.630+0500] {dag.py:4180} INFO - Setting next_dagrun for dataset_consumes_unknown_never_scheduled to None, run_after=None
[2025-01-15T23:27:26.633+0500] {logging_mixin.py:190} INFO - [2025-01-15T23:27:26.632+0500] {dag.py:4180} INFO - Setting next_dagrun for dataset_produces_1 to 2025-01-14 00:00:00+00:00, run_after=2025-01-15 00:00:00+00:00
[2025-01-15T23:27:26.634+0500] {logging_mixin.py:190} INFO - [2025-01-15T23:27:26.634+0500] {dag.py:4180} INFO - Setting next_dagrun for dataset_produces_2 to None, run_after=None
[2025-01-15T23:27:26.668+0500] {processor.py:208} INFO - Processing /Users/mac/Desktop/Comapny2/CryptoPortfolioAI/.venv/lib/python3.10/site-packages/airflow/example_dags/example_datasets.py took 0.325 seconds
[2025-01-15T23:34:01.816+0500] {processor.py:186} INFO - Started process (PID=7138) to work on /Users/mac/Desktop/Comapny2/CryptoPortfolioAI/.venv/lib/python3.10/site-packages/airflow/example_dags/example_datasets.py
[2025-01-15T23:34:01.819+0500] {processor.py:914} INFO - Processing file /Users/mac/Desktop/Comapny2/CryptoPortfolioAI/.venv/lib/python3.10/site-packages/airflow/example_dags/example_datasets.py for tasks to queue
[2025-01-15T23:34:01.821+0500] {logging_mixin.py:190} INFO - [2025-01-15T23:34:01.820+0500] {dagbag.py:588} INFO - Filling up the DagBag from /Users/mac/Desktop/Comapny2/CryptoPortfolioAI/.venv/lib/python3.10/site-packages/airflow/example_dags/example_datasets.py
[2025-01-15T23:34:01.877+0500] {processor.py:925} INFO - DAG(s) 'consume_1_or_2_with_dataset_expressions', 'conditional_dataset_and_time_based_timetable', 'consume_1_or_both_2_and_3_with_dataset_expressions', 'dataset_produces_1', 'consume_1_and_2_with_dataset_expressions', 'dataset_consumes_1_never_scheduled', 'dataset_consumes_unknown_never_scheduled', 'dataset_consumes_1_and_2', 'dataset_produces_2', 'dataset_consumes_1' retrieved from /Users/mac/Desktop/Comapny2/CryptoPortfolioAI/.venv/lib/python3.10/site-packages/airflow/example_dags/example_datasets.py
[2025-01-15T23:34:02.011+0500] {logging_mixin.py:190} INFO - [2025-01-15T23:34:02.011+0500] {dag.py:3239} INFO - Sync 10 DAGs
[2025-01-15T23:34:02.034+0500] {logging_mixin.py:190} INFO - [2025-01-15T23:34:02.034+0500] {dag.py:4180} INFO - Setting next_dagrun for conditional_dataset_and_time_based_timetable to 2025-01-15 01:00:00+00:00, run_after=2025-01-15 01:00:00+00:00
[2025-01-15T23:34:02.037+0500] {logging_mixin.py:190} INFO - [2025-01-15T23:34:02.037+0500] {dag.py:4180} INFO - Setting next_dagrun for consume_1_and_2_with_dataset_expressions to None, run_after=None
[2025-01-15T23:34:02.039+0500] {logging_mixin.py:190} INFO - [2025-01-15T23:34:02.038+0500] {dag.py:4180} INFO - Setting next_dagrun for consume_1_or_2_with_dataset_expressions to None, run_after=None
[2025-01-15T23:34:02.040+0500] {logging_mixin.py:190} INFO - [2025-01-15T23:34:02.040+0500] {dag.py:4180} INFO - Setting next_dagrun for consume_1_or_both_2_and_3_with_dataset_expressions to None, run_after=None
[2025-01-15T23:34:02.042+0500] {logging_mixin.py:190} INFO - [2025-01-15T23:34:02.042+0500] {dag.py:4180} INFO - Setting next_dagrun for dataset_consumes_1 to None, run_after=None
[2025-01-15T23:34:02.043+0500] {logging_mixin.py:190} INFO - [2025-01-15T23:34:02.043+0500] {dag.py:4180} INFO - Setting next_dagrun for dataset_consumes_1_and_2 to None, run_after=None
[2025-01-15T23:34:02.044+0500] {logging_mixin.py:190} INFO - [2025-01-15T23:34:02.044+0500] {dag.py:4180} INFO - Setting next_dagrun for dataset_consumes_1_never_scheduled to None, run_after=None
[2025-01-15T23:34:02.045+0500] {logging_mixin.py:190} INFO - [2025-01-15T23:34:02.045+0500] {dag.py:4180} INFO - Setting next_dagrun for dataset_consumes_unknown_never_scheduled to None, run_after=None
[2025-01-15T23:34:02.048+0500] {logging_mixin.py:190} INFO - [2025-01-15T23:34:02.048+0500] {dag.py:4180} INFO - Setting next_dagrun for dataset_produces_1 to 2025-01-14 00:00:00+00:00, run_after=2025-01-15 00:00:00+00:00
[2025-01-15T23:34:02.050+0500] {logging_mixin.py:190} INFO - [2025-01-15T23:34:02.050+0500] {dag.py:4180} INFO - Setting next_dagrun for dataset_produces_2 to None, run_after=None
[2025-01-15T23:34:02.081+0500] {processor.py:208} INFO - Processing /Users/mac/Desktop/Comapny2/CryptoPortfolioAI/.venv/lib/python3.10/site-packages/airflow/example_dags/example_datasets.py took 0.269 seconds
[2025-01-15T23:39:35.560+0500] {processor.py:186} INFO - Started process (PID=8665) to work on /Users/mac/Desktop/Comapny2/CryptoPortfolioAI/.venv/lib/python3.10/site-packages/airflow/example_dags/example_datasets.py
[2025-01-15T23:39:35.562+0500] {processor.py:914} INFO - Processing file /Users/mac/Desktop/Comapny2/CryptoPortfolioAI/.venv/lib/python3.10/site-packages/airflow/example_dags/example_datasets.py for tasks to queue
[2025-01-15T23:39:35.565+0500] {logging_mixin.py:190} INFO - [2025-01-15T23:39:35.564+0500] {dagbag.py:588} INFO - Filling up the DagBag from /Users/mac/Desktop/Comapny2/CryptoPortfolioAI/.venv/lib/python3.10/site-packages/airflow/example_dags/example_datasets.py
[2025-01-15T23:39:35.674+0500] {processor.py:925} INFO - DAG(s) 'consume_1_or_2_with_dataset_expressions', 'dataset_consumes_1_and_2', 'dataset_produces_1', 'dataset_consumes_unknown_never_scheduled', 'dataset_consumes_1', 'dataset_produces_2', 'consume_1_and_2_with_dataset_expressions', 'dataset_consumes_1_never_scheduled', 'consume_1_or_both_2_and_3_with_dataset_expressions', 'conditional_dataset_and_time_based_timetable' retrieved from /Users/mac/Desktop/Comapny2/CryptoPortfolioAI/.venv/lib/python3.10/site-packages/airflow/example_dags/example_datasets.py
[2025-01-15T23:39:35.838+0500] {logging_mixin.py:190} INFO - [2025-01-15T23:39:35.837+0500] {dag.py:3239} INFO - Sync 10 DAGs
[2025-01-15T23:39:35.873+0500] {logging_mixin.py:190} INFO - [2025-01-15T23:39:35.872+0500] {dag.py:4180} INFO - Setting next_dagrun for conditional_dataset_and_time_based_timetable to 2025-01-15 01:00:00+00:00, run_after=2025-01-15 01:00:00+00:00
[2025-01-15T23:39:35.876+0500] {logging_mixin.py:190} INFO - [2025-01-15T23:39:35.876+0500] {dag.py:4180} INFO - Setting next_dagrun for consume_1_and_2_with_dataset_expressions to None, run_after=None
[2025-01-15T23:39:35.877+0500] {logging_mixin.py:190} INFO - [2025-01-15T23:39:35.877+0500] {dag.py:4180} INFO - Setting next_dagrun for consume_1_or_2_with_dataset_expressions to None, run_after=None
[2025-01-15T23:39:35.880+0500] {logging_mixin.py:190} INFO - [2025-01-15T23:39:35.879+0500] {dag.py:4180} INFO - Setting next_dagrun for consume_1_or_both_2_and_3_with_dataset_expressions to None, run_after=None
[2025-01-15T23:39:35.881+0500] {logging_mixin.py:190} INFO - [2025-01-15T23:39:35.880+0500] {dag.py:4180} INFO - Setting next_dagrun for dataset_consumes_1 to None, run_after=None
[2025-01-15T23:39:35.882+0500] {logging_mixin.py:190} INFO - [2025-01-15T23:39:35.882+0500] {dag.py:4180} INFO - Setting next_dagrun for dataset_consumes_1_and_2 to None, run_after=None
[2025-01-15T23:39:35.885+0500] {logging_mixin.py:190} INFO - [2025-01-15T23:39:35.884+0500] {dag.py:4180} INFO - Setting next_dagrun for dataset_consumes_1_never_scheduled to None, run_after=None
[2025-01-15T23:39:35.886+0500] {logging_mixin.py:190} INFO - [2025-01-15T23:39:35.886+0500] {dag.py:4180} INFO - Setting next_dagrun for dataset_consumes_unknown_never_scheduled to None, run_after=None
[2025-01-15T23:39:35.889+0500] {logging_mixin.py:190} INFO - [2025-01-15T23:39:35.889+0500] {dag.py:4180} INFO - Setting next_dagrun for dataset_produces_1 to 2025-01-14 00:00:00+00:00, run_after=2025-01-15 00:00:00+00:00
[2025-01-15T23:39:35.890+0500] {logging_mixin.py:190} INFO - [2025-01-15T23:39:35.890+0500] {dag.py:4180} INFO - Setting next_dagrun for dataset_produces_2 to None, run_after=None
[2025-01-15T23:39:35.928+0500] {processor.py:208} INFO - Processing /Users/mac/Desktop/Comapny2/CryptoPortfolioAI/.venv/lib/python3.10/site-packages/airflow/example_dags/example_datasets.py took 0.375 seconds
