[2025-01-15T23:23:01.697+0500] {processor.py:186} INFO - Started process (PID=3974) to work on /Users/mac/Desktop/Comapny2/CryptoPortfolioAI/.venv/lib/python3.10/site-packages/airflow/example_dags/example_dataset_alias_with_no_taskflow.py
[2025-01-15T23:23:01.699+0500] {processor.py:914} INFO - Processing file /Users/mac/Desktop/Comapny2/CryptoPortfolioAI/.venv/lib/python3.10/site-packages/airflow/example_dags/example_dataset_alias_with_no_taskflow.py for tasks to queue
[2025-01-15T23:23:01.701+0500] {logging_mixin.py:190} INFO - [2025-01-15T23:23:01.701+0500] {dagbag.py:588} INFO - Filling up the DagBag from /Users/mac/Desktop/Comapny2/CryptoPortfolioAI/.venv/lib/python3.10/site-packages/airflow/example_dags/example_dataset_alias_with_no_taskflow.py
[2025-01-15T23:23:01.968+0500] {processor.py:925} INFO - DAG(s) 'dataset_alias_example_alias_consumer_with_no_taskflow', 'dataset_s3_bucket_consumer_with_no_taskflow', 'dataset_s3_bucket_producer_with_no_taskflow', 'dataset_alias_example_alias_producer_with_no_taskflow' retrieved from /Users/mac/Desktop/Comapny2/CryptoPortfolioAI/.venv/lib/python3.10/site-packages/airflow/example_dags/example_dataset_alias_with_no_taskflow.py
[2025-01-15T23:23:02.083+0500] {logging_mixin.py:190} INFO - [2025-01-15T23:23:02.082+0500] {override.py:1912} INFO - Created Permission View: can read on DAG:dataset_alias_example_alias_consumer_with_no_taskflow
[2025-01-15T23:23:02.093+0500] {logging_mixin.py:190} INFO - [2025-01-15T23:23:02.093+0500] {override.py:1912} INFO - Created Permission View: can delete on DAG:dataset_alias_example_alias_consumer_with_no_taskflow
[2025-01-15T23:23:02.102+0500] {logging_mixin.py:190} INFO - [2025-01-15T23:23:02.101+0500] {override.py:1912} INFO - Created Permission View: can edit on DAG:dataset_alias_example_alias_consumer_with_no_taskflow
[2025-01-15T23:23:02.112+0500] {logging_mixin.py:190} INFO - [2025-01-15T23:23:02.112+0500] {override.py:1912} INFO - Created Permission View: can create on DAG Run:dataset_alias_example_alias_consumer_with_no_taskflow
[2025-01-15T23:23:02.119+0500] {logging_mixin.py:190} INFO - [2025-01-15T23:23:02.118+0500] {override.py:1912} INFO - Created Permission View: can read on DAG Run:dataset_alias_example_alias_consumer_with_no_taskflow
[2025-01-15T23:23:02.127+0500] {logging_mixin.py:190} INFO - [2025-01-15T23:23:02.127+0500] {override.py:1912} INFO - Created Permission View: can delete on DAG Run:dataset_alias_example_alias_consumer_with_no_taskflow
[2025-01-15T23:23:02.134+0500] {logging_mixin.py:190} INFO - [2025-01-15T23:23:02.133+0500] {override.py:1912} INFO - Created Permission View: menu access on DAG Run:dataset_alias_example_alias_consumer_with_no_taskflow
[2025-01-15T23:23:02.153+0500] {logging_mixin.py:190} INFO - [2025-01-15T23:23:02.153+0500] {override.py:1912} INFO - Created Permission View: can read on DAG:dataset_s3_bucket_consumer_with_no_taskflow
[2025-01-15T23:23:02.161+0500] {logging_mixin.py:190} INFO - [2025-01-15T23:23:02.160+0500] {override.py:1912} INFO - Created Permission View: can delete on DAG:dataset_s3_bucket_consumer_with_no_taskflow
[2025-01-15T23:23:02.167+0500] {logging_mixin.py:190} INFO - [2025-01-15T23:23:02.167+0500] {override.py:1912} INFO - Created Permission View: can edit on DAG:dataset_s3_bucket_consumer_with_no_taskflow
[2025-01-15T23:23:02.178+0500] {logging_mixin.py:190} INFO - [2025-01-15T23:23:02.177+0500] {override.py:1912} INFO - Created Permission View: can create on DAG Run:dataset_s3_bucket_consumer_with_no_taskflow
[2025-01-15T23:23:02.185+0500] {logging_mixin.py:190} INFO - [2025-01-15T23:23:02.185+0500] {override.py:1912} INFO - Created Permission View: can read on DAG Run:dataset_s3_bucket_consumer_with_no_taskflow
[2025-01-15T23:23:02.192+0500] {logging_mixin.py:190} INFO - [2025-01-15T23:23:02.192+0500] {override.py:1912} INFO - Created Permission View: can delete on DAG Run:dataset_s3_bucket_consumer_with_no_taskflow
[2025-01-15T23:23:02.199+0500] {logging_mixin.py:190} INFO - [2025-01-15T23:23:02.199+0500] {override.py:1912} INFO - Created Permission View: menu access on DAG Run:dataset_s3_bucket_consumer_with_no_taskflow
[2025-01-15T23:23:02.214+0500] {logging_mixin.py:190} INFO - [2025-01-15T23:23:02.213+0500] {override.py:1912} INFO - Created Permission View: can read on DAG:dataset_s3_bucket_producer_with_no_taskflow
[2025-01-15T23:23:02.220+0500] {logging_mixin.py:190} INFO - [2025-01-15T23:23:02.220+0500] {override.py:1912} INFO - Created Permission View: can delete on DAG:dataset_s3_bucket_producer_with_no_taskflow
[2025-01-15T23:23:02.228+0500] {logging_mixin.py:190} INFO - [2025-01-15T23:23:02.227+0500] {override.py:1912} INFO - Created Permission View: can edit on DAG:dataset_s3_bucket_producer_with_no_taskflow
[2025-01-15T23:23:02.237+0500] {logging_mixin.py:190} INFO - [2025-01-15T23:23:02.237+0500] {override.py:1912} INFO - Created Permission View: can create on DAG Run:dataset_s3_bucket_producer_with_no_taskflow
[2025-01-15T23:23:02.245+0500] {logging_mixin.py:190} INFO - [2025-01-15T23:23:02.245+0500] {override.py:1912} INFO - Created Permission View: can read on DAG Run:dataset_s3_bucket_producer_with_no_taskflow
[2025-01-15T23:23:02.252+0500] {logging_mixin.py:190} INFO - [2025-01-15T23:23:02.251+0500] {override.py:1912} INFO - Created Permission View: can delete on DAG Run:dataset_s3_bucket_producer_with_no_taskflow
[2025-01-15T23:23:02.259+0500] {logging_mixin.py:190} INFO - [2025-01-15T23:23:02.259+0500] {override.py:1912} INFO - Created Permission View: menu access on DAG Run:dataset_s3_bucket_producer_with_no_taskflow
[2025-01-15T23:23:02.275+0500] {logging_mixin.py:190} INFO - [2025-01-15T23:23:02.275+0500] {override.py:1912} INFO - Created Permission View: can read on DAG:dataset_alias_example_alias_producer_with_no_taskflow
[2025-01-15T23:23:02.282+0500] {logging_mixin.py:190} INFO - [2025-01-15T23:23:02.282+0500] {override.py:1912} INFO - Created Permission View: can delete on DAG:dataset_alias_example_alias_producer_with_no_taskflow
[2025-01-15T23:23:02.290+0500] {logging_mixin.py:190} INFO - [2025-01-15T23:23:02.290+0500] {override.py:1912} INFO - Created Permission View: can edit on DAG:dataset_alias_example_alias_producer_with_no_taskflow
[2025-01-15T23:23:02.299+0500] {logging_mixin.py:190} INFO - [2025-01-15T23:23:02.299+0500] {override.py:1912} INFO - Created Permission View: can create on DAG Run:dataset_alias_example_alias_producer_with_no_taskflow
[2025-01-15T23:23:02.307+0500] {logging_mixin.py:190} INFO - [2025-01-15T23:23:02.307+0500] {override.py:1912} INFO - Created Permission View: can read on DAG Run:dataset_alias_example_alias_producer_with_no_taskflow
[2025-01-15T23:23:02.314+0500] {logging_mixin.py:190} INFO - [2025-01-15T23:23:02.314+0500] {override.py:1912} INFO - Created Permission View: can delete on DAG Run:dataset_alias_example_alias_producer_with_no_taskflow
[2025-01-15T23:23:02.321+0500] {logging_mixin.py:190} INFO - [2025-01-15T23:23:02.320+0500] {override.py:1912} INFO - Created Permission View: menu access on DAG Run:dataset_alias_example_alias_producer_with_no_taskflow
[2025-01-15T23:23:02.321+0500] {logging_mixin.py:190} INFO - [2025-01-15T23:23:02.321+0500] {dag.py:3239} INFO - Sync 4 DAGs
[2025-01-15T23:23:02.333+0500] {logging_mixin.py:190} INFO - [2025-01-15T23:23:02.333+0500] {dag.py:3262} INFO - Creating ORM DAG for dataset_alias_example_alias_consumer_with_no_taskflow
[2025-01-15T23:23:02.334+0500] {logging_mixin.py:190} INFO - [2025-01-15T23:23:02.334+0500] {dag.py:3262} INFO - Creating ORM DAG for dataset_s3_bucket_consumer_with_no_taskflow
[2025-01-15T23:23:02.334+0500] {logging_mixin.py:190} INFO - [2025-01-15T23:23:02.334+0500] {dag.py:3262} INFO - Creating ORM DAG for dataset_alias_example_alias_producer_with_no_taskflow
[2025-01-15T23:23:02.335+0500] {logging_mixin.py:190} INFO - [2025-01-15T23:23:02.335+0500] {dag.py:3262} INFO - Creating ORM DAG for dataset_s3_bucket_producer_with_no_taskflow
[2025-01-15T23:23:02.342+0500] {logging_mixin.py:190} INFO - [2025-01-15T23:23:02.342+0500] {dag.py:4180} INFO - Setting next_dagrun for dataset_alias_example_alias_consumer_with_no_taskflow to None, run_after=None
[2025-01-15T23:23:02.343+0500] {logging_mixin.py:190} INFO - [2025-01-15T23:23:02.343+0500] {dag.py:4180} INFO - Setting next_dagrun for dataset_alias_example_alias_producer_with_no_taskflow to None, run_after=None
[2025-01-15T23:23:02.344+0500] {logging_mixin.py:190} INFO - [2025-01-15T23:23:02.343+0500] {dag.py:4180} INFO - Setting next_dagrun for dataset_s3_bucket_consumer_with_no_taskflow to None, run_after=None
[2025-01-15T23:23:02.344+0500] {logging_mixin.py:190} INFO - [2025-01-15T23:23:02.344+0500] {dag.py:4180} INFO - Setting next_dagrun for dataset_s3_bucket_producer_with_no_taskflow to None, run_after=None
[2025-01-15T23:23:02.873+0500] {processor.py:208} INFO - Processing /Users/mac/Desktop/Comapny2/CryptoPortfolioAI/.venv/lib/python3.10/site-packages/airflow/example_dags/example_dataset_alias_with_no_taskflow.py took 1.181 seconds
[2025-01-15T23:27:30.312+0500] {processor.py:186} INFO - Started process (PID=5199) to work on /Users/mac/Desktop/Comapny2/CryptoPortfolioAI/.venv/lib/python3.10/site-packages/airflow/example_dags/example_dataset_alias_with_no_taskflow.py
[2025-01-15T23:27:30.314+0500] {processor.py:914} INFO - Processing file /Users/mac/Desktop/Comapny2/CryptoPortfolioAI/.venv/lib/python3.10/site-packages/airflow/example_dags/example_dataset_alias_with_no_taskflow.py for tasks to queue
[2025-01-15T23:27:30.316+0500] {logging_mixin.py:190} INFO - [2025-01-15T23:27:30.315+0500] {dagbag.py:588} INFO - Filling up the DagBag from /Users/mac/Desktop/Comapny2/CryptoPortfolioAI/.venv/lib/python3.10/site-packages/airflow/example_dags/example_dataset_alias_with_no_taskflow.py
[2025-01-15T23:27:30.501+0500] {processor.py:925} INFO - DAG(s) 'dataset_alias_example_alias_consumer_with_no_taskflow', 'dataset_s3_bucket_consumer_with_no_taskflow', 'dataset_s3_bucket_producer_with_no_taskflow', 'dataset_alias_example_alias_producer_with_no_taskflow' retrieved from /Users/mac/Desktop/Comapny2/CryptoPortfolioAI/.venv/lib/python3.10/site-packages/airflow/example_dags/example_dataset_alias_with_no_taskflow.py
[2025-01-15T23:27:30.527+0500] {logging_mixin.py:190} INFO - [2025-01-15T23:27:30.527+0500] {dag.py:3239} INFO - Sync 4 DAGs
[2025-01-15T23:27:30.553+0500] {logging_mixin.py:190} INFO - [2025-01-15T23:27:30.553+0500] {dag.py:4180} INFO - Setting next_dagrun for dataset_alias_example_alias_consumer_with_no_taskflow to None, run_after=None
[2025-01-15T23:27:30.556+0500] {logging_mixin.py:190} INFO - [2025-01-15T23:27:30.556+0500] {dag.py:4180} INFO - Setting next_dagrun for dataset_alias_example_alias_producer_with_no_taskflow to None, run_after=None
[2025-01-15T23:27:30.557+0500] {logging_mixin.py:190} INFO - [2025-01-15T23:27:30.557+0500] {dag.py:4180} INFO - Setting next_dagrun for dataset_s3_bucket_consumer_with_no_taskflow to None, run_after=None
[2025-01-15T23:27:30.558+0500] {logging_mixin.py:190} INFO - [2025-01-15T23:27:30.558+0500] {dag.py:4180} INFO - Setting next_dagrun for dataset_s3_bucket_producer_with_no_taskflow to None, run_after=None
[2025-01-15T23:27:30.583+0500] {processor.py:208} INFO - Processing /Users/mac/Desktop/Comapny2/CryptoPortfolioAI/.venv/lib/python3.10/site-packages/airflow/example_dags/example_dataset_alias_with_no_taskflow.py took 0.275 seconds
[2025-01-15T23:34:05.207+0500] {processor.py:186} INFO - Started process (PID=7156) to work on /Users/mac/Desktop/Comapny2/CryptoPortfolioAI/.venv/lib/python3.10/site-packages/airflow/example_dags/example_dataset_alias_with_no_taskflow.py
[2025-01-15T23:34:05.210+0500] {processor.py:914} INFO - Processing file /Users/mac/Desktop/Comapny2/CryptoPortfolioAI/.venv/lib/python3.10/site-packages/airflow/example_dags/example_dataset_alias_with_no_taskflow.py for tasks to queue
[2025-01-15T23:34:05.212+0500] {logging_mixin.py:190} INFO - [2025-01-15T23:34:05.211+0500] {dagbag.py:588} INFO - Filling up the DagBag from /Users/mac/Desktop/Comapny2/CryptoPortfolioAI/.venv/lib/python3.10/site-packages/airflow/example_dags/example_dataset_alias_with_no_taskflow.py
[2025-01-15T23:34:05.372+0500] {processor.py:925} INFO - DAG(s) 'dataset_alias_example_alias_producer_with_no_taskflow', 'dataset_s3_bucket_producer_with_no_taskflow', 'dataset_s3_bucket_consumer_with_no_taskflow', 'dataset_alias_example_alias_consumer_with_no_taskflow' retrieved from /Users/mac/Desktop/Comapny2/CryptoPortfolioAI/.venv/lib/python3.10/site-packages/airflow/example_dags/example_dataset_alias_with_no_taskflow.py
[2025-01-15T23:34:05.399+0500] {logging_mixin.py:190} INFO - [2025-01-15T23:34:05.399+0500] {dag.py:3239} INFO - Sync 4 DAGs
[2025-01-15T23:34:05.418+0500] {logging_mixin.py:190} INFO - [2025-01-15T23:34:05.418+0500] {dag.py:4180} INFO - Setting next_dagrun for dataset_alias_example_alias_consumer_with_no_taskflow to None, run_after=None
[2025-01-15T23:34:05.420+0500] {logging_mixin.py:190} INFO - [2025-01-15T23:34:05.420+0500] {dag.py:4180} INFO - Setting next_dagrun for dataset_alias_example_alias_producer_with_no_taskflow to None, run_after=None
[2025-01-15T23:34:05.421+0500] {logging_mixin.py:190} INFO - [2025-01-15T23:34:05.421+0500] {dag.py:4180} INFO - Setting next_dagrun for dataset_s3_bucket_consumer_with_no_taskflow to None, run_after=None
[2025-01-15T23:34:05.422+0500] {logging_mixin.py:190} INFO - [2025-01-15T23:34:05.422+0500] {dag.py:4180} INFO - Setting next_dagrun for dataset_s3_bucket_producer_with_no_taskflow to None, run_after=None
[2025-01-15T23:34:05.444+0500] {processor.py:208} INFO - Processing /Users/mac/Desktop/Comapny2/CryptoPortfolioAI/.venv/lib/python3.10/site-packages/airflow/example_dags/example_dataset_alias_with_no_taskflow.py took 0.241 seconds
[2025-01-15T23:39:39.960+0500] {processor.py:186} INFO - Started process (PID=8676) to work on /Users/mac/Desktop/Comapny2/CryptoPortfolioAI/.venv/lib/python3.10/site-packages/airflow/example_dags/example_dataset_alias_with_no_taskflow.py
[2025-01-15T23:39:39.961+0500] {processor.py:914} INFO - Processing file /Users/mac/Desktop/Comapny2/CryptoPortfolioAI/.venv/lib/python3.10/site-packages/airflow/example_dags/example_dataset_alias_with_no_taskflow.py for tasks to queue
[2025-01-15T23:39:39.963+0500] {logging_mixin.py:190} INFO - [2025-01-15T23:39:39.962+0500] {dagbag.py:588} INFO - Filling up the DagBag from /Users/mac/Desktop/Comapny2/CryptoPortfolioAI/.venv/lib/python3.10/site-packages/airflow/example_dags/example_dataset_alias_with_no_taskflow.py
[2025-01-15T23:39:40.204+0500] {processor.py:925} INFO - DAG(s) 'dataset_alias_example_alias_producer_with_no_taskflow', 'dataset_alias_example_alias_consumer_with_no_taskflow', 'dataset_s3_bucket_consumer_with_no_taskflow', 'dataset_s3_bucket_producer_with_no_taskflow' retrieved from /Users/mac/Desktop/Comapny2/CryptoPortfolioAI/.venv/lib/python3.10/site-packages/airflow/example_dags/example_dataset_alias_with_no_taskflow.py
[2025-01-15T23:39:40.235+0500] {logging_mixin.py:190} INFO - [2025-01-15T23:39:40.235+0500] {dag.py:3239} INFO - Sync 4 DAGs
[2025-01-15T23:39:40.258+0500] {logging_mixin.py:190} INFO - [2025-01-15T23:39:40.257+0500] {dag.py:4180} INFO - Setting next_dagrun for dataset_alias_example_alias_consumer_with_no_taskflow to None, run_after=None
[2025-01-15T23:39:40.260+0500] {logging_mixin.py:190} INFO - [2025-01-15T23:39:40.260+0500] {dag.py:4180} INFO - Setting next_dagrun for dataset_alias_example_alias_producer_with_no_taskflow to None, run_after=None
[2025-01-15T23:39:40.261+0500] {logging_mixin.py:190} INFO - [2025-01-15T23:39:40.261+0500] {dag.py:4180} INFO - Setting next_dagrun for dataset_s3_bucket_consumer_with_no_taskflow to None, run_after=None
[2025-01-15T23:39:40.262+0500] {logging_mixin.py:190} INFO - [2025-01-15T23:39:40.262+0500] {dag.py:4180} INFO - Setting next_dagrun for dataset_s3_bucket_producer_with_no_taskflow to None, run_after=None
[2025-01-15T23:39:40.290+0500] {processor.py:208} INFO - Processing /Users/mac/Desktop/Comapny2/CryptoPortfolioAI/.venv/lib/python3.10/site-packages/airflow/example_dags/example_dataset_alias_with_no_taskflow.py took 0.335 seconds
