[2025-01-15T23:22:22.212+0500] {processor.py:186} INFO - Started process (PID=3792) to work on /Users/mac/Desktop/Comapny2/CryptoPortfolioAI/.venv/lib/python3.10/site-packages/airflow/example_dags/example_latest_only.py
[2025-01-15T23:22:22.214+0500] {processor.py:914} INFO - Processing file /Users/mac/Desktop/Comapny2/CryptoPortfolioAI/.venv/lib/python3.10/site-packages/airflow/example_dags/example_latest_only.py for tasks to queue
[2025-01-15T23:22:22.216+0500] {logging_mixin.py:190} INFO - [2025-01-15T23:22:22.215+0500] {dagbag.py:588} INFO - Filling up the DagBag from /Users/mac/Desktop/Comapny2/CryptoPortfolioAI/.venv/lib/python3.10/site-packages/airflow/example_dags/example_latest_only.py
[2025-01-15T23:22:22.226+0500] {processor.py:925} INFO - DAG(s) 'latest_only' retrieved from /Users/mac/Desktop/Comapny2/CryptoPortfolioAI/.venv/lib/python3.10/site-packages/airflow/example_dags/example_latest_only.py
[2025-01-15T23:22:22.436+0500] {logging_mixin.py:190} INFO - [2025-01-15T23:22:22.435+0500] {override.py:1912} INFO - Created Permission View: can edit on DAG:latest_only
[2025-01-15T23:22:22.445+0500] {logging_mixin.py:190} INFO - [2025-01-15T23:22:22.444+0500] {override.py:1912} INFO - Created Permission View: can read on DAG:latest_only
[2025-01-15T23:22:22.453+0500] {logging_mixin.py:190} INFO - [2025-01-15T23:22:22.452+0500] {override.py:1912} INFO - Created Permission View: can delete on DAG:latest_only
[2025-01-15T23:22:22.464+0500] {logging_mixin.py:190} INFO - [2025-01-15T23:22:22.463+0500] {override.py:1912} INFO - Created Permission View: can delete on DAG Run:latest_only
[2025-01-15T23:22:22.471+0500] {logging_mixin.py:190} INFO - [2025-01-15T23:22:22.471+0500] {override.py:1912} INFO - Created Permission View: can read on DAG Run:latest_only
[2025-01-15T23:22:22.477+0500] {logging_mixin.py:190} INFO - [2025-01-15T23:22:22.477+0500] {override.py:1912} INFO - Created Permission View: can create on DAG Run:latest_only
[2025-01-15T23:22:22.485+0500] {logging_mixin.py:190} INFO - [2025-01-15T23:22:22.484+0500] {override.py:1912} INFO - Created Permission View: menu access on DAG Run:latest_only
[2025-01-15T23:22:22.485+0500] {logging_mixin.py:190} INFO - [2025-01-15T23:22:22.485+0500] {dag.py:3239} INFO - Sync 1 DAGs
[2025-01-15T23:22:22.499+0500] {logging_mixin.py:190} INFO - [2025-01-15T23:22:22.499+0500] {dag.py:3262} INFO - Creating ORM DAG for latest_only
[2025-01-15T23:22:22.506+0500] {logging_mixin.py:190} INFO - [2025-01-15T23:22:22.506+0500] {dag.py:4180} INFO - Setting next_dagrun for latest_only to 2025-01-15 12:00:00+00:00, run_after=2025-01-15 16:00:00+00:00
[2025-01-15T23:22:22.524+0500] {processor.py:208} INFO - Processing /Users/mac/Desktop/Comapny2/CryptoPortfolioAI/.venv/lib/python3.10/site-packages/airflow/example_dags/example_latest_only.py took 0.316 seconds
[2025-01-15T23:26:48.856+0500] {processor.py:186} INFO - Started process (PID=4951) to work on /Users/mac/Desktop/Comapny2/CryptoPortfolioAI/.venv/lib/python3.10/site-packages/airflow/example_dags/example_latest_only.py
[2025-01-15T23:26:48.859+0500] {processor.py:914} INFO - Processing file /Users/mac/Desktop/Comapny2/CryptoPortfolioAI/.venv/lib/python3.10/site-packages/airflow/example_dags/example_latest_only.py for tasks to queue
[2025-01-15T23:26:48.862+0500] {logging_mixin.py:190} INFO - [2025-01-15T23:26:48.861+0500] {dagbag.py:588} INFO - Filling up the DagBag from /Users/mac/Desktop/Comapny2/CryptoPortfolioAI/.venv/lib/python3.10/site-packages/airflow/example_dags/example_latest_only.py
[2025-01-15T23:26:48.888+0500] {processor.py:925} INFO - DAG(s) 'latest_only' retrieved from /Users/mac/Desktop/Comapny2/CryptoPortfolioAI/.venv/lib/python3.10/site-packages/airflow/example_dags/example_latest_only.py
[2025-01-15T23:26:49.337+0500] {logging_mixin.py:190} INFO - [2025-01-15T23:26:49.336+0500] {dag.py:3239} INFO - Sync 1 DAGs
[2025-01-15T23:26:49.389+0500] {logging_mixin.py:190} INFO - [2025-01-15T23:26:49.389+0500] {dag.py:4180} INFO - Setting next_dagrun for latest_only to 2025-01-15 12:00:00+00:00, run_after=2025-01-15 16:00:00+00:00
[2025-01-15T23:26:49.422+0500] {processor.py:208} INFO - Processing /Users/mac/Desktop/Comapny2/CryptoPortfolioAI/.venv/lib/python3.10/site-packages/airflow/example_dags/example_latest_only.py took 0.572 seconds
[2025-01-15T23:30:38.967+0500] {processor.py:186} INFO - Started process (PID=6196) to work on /Users/mac/Desktop/Comapny2/CryptoPortfolioAI/.venv/lib/python3.10/site-packages/airflow/example_dags/example_latest_only.py
[2025-01-15T23:30:38.970+0500] {processor.py:914} INFO - Processing file /Users/mac/Desktop/Comapny2/CryptoPortfolioAI/.venv/lib/python3.10/site-packages/airflow/example_dags/example_latest_only.py for tasks to queue
[2025-01-15T23:30:38.971+0500] {logging_mixin.py:190} INFO - [2025-01-15T23:30:38.971+0500] {dagbag.py:588} INFO - Filling up the DagBag from /Users/mac/Desktop/Comapny2/CryptoPortfolioAI/.venv/lib/python3.10/site-packages/airflow/example_dags/example_latest_only.py
[2025-01-15T23:30:38.983+0500] {processor.py:925} INFO - DAG(s) 'latest_only' retrieved from /Users/mac/Desktop/Comapny2/CryptoPortfolioAI/.venv/lib/python3.10/site-packages/airflow/example_dags/example_latest_only.py
[2025-01-15T23:30:39.093+0500] {logging_mixin.py:190} INFO - [2025-01-15T23:30:39.093+0500] {dag.py:3239} INFO - Sync 1 DAGs
[2025-01-15T23:30:39.112+0500] {logging_mixin.py:190} INFO - [2025-01-15T23:30:39.112+0500] {dag.py:4180} INFO - Setting next_dagrun for latest_only to 2025-01-15 12:00:00+00:00, run_after=2025-01-15 16:00:00+00:00
[2025-01-15T23:30:39.132+0500] {processor.py:208} INFO - Processing /Users/mac/Desktop/Comapny2/CryptoPortfolioAI/.venv/lib/python3.10/site-packages/airflow/example_dags/example_latest_only.py took 0.170 seconds
[2025-01-15T23:33:41.171+0500] {processor.py:186} INFO - Started process (PID=7049) to work on /Users/mac/Desktop/Comapny2/CryptoPortfolioAI/.venv/lib/python3.10/site-packages/airflow/example_dags/example_latest_only.py
[2025-01-15T23:33:41.174+0500] {processor.py:914} INFO - Processing file /Users/mac/Desktop/Comapny2/CryptoPortfolioAI/.venv/lib/python3.10/site-packages/airflow/example_dags/example_latest_only.py for tasks to queue
[2025-01-15T23:33:41.175+0500] {logging_mixin.py:190} INFO - [2025-01-15T23:33:41.175+0500] {dagbag.py:588} INFO - Filling up the DagBag from /Users/mac/Desktop/Comapny2/CryptoPortfolioAI/.venv/lib/python3.10/site-packages/airflow/example_dags/example_latest_only.py
[2025-01-15T23:33:41.186+0500] {processor.py:925} INFO - DAG(s) 'latest_only' retrieved from /Users/mac/Desktop/Comapny2/CryptoPortfolioAI/.venv/lib/python3.10/site-packages/airflow/example_dags/example_latest_only.py
[2025-01-15T23:33:41.295+0500] {logging_mixin.py:190} INFO - [2025-01-15T23:33:41.294+0500] {dag.py:3239} INFO - Sync 1 DAGs
[2025-01-15T23:33:41.314+0500] {logging_mixin.py:190} INFO - [2025-01-15T23:33:41.314+0500] {dag.py:4180} INFO - Setting next_dagrun for latest_only to 2025-01-15 12:00:00+00:00, run_after=2025-01-15 16:00:00+00:00
[2025-01-15T23:33:41.334+0500] {processor.py:208} INFO - Processing /Users/mac/Desktop/Comapny2/CryptoPortfolioAI/.venv/lib/python3.10/site-packages/airflow/example_dags/example_latest_only.py took 0.168 seconds
[2025-01-15T23:36:34.773+0500] {processor.py:186} INFO - Started process (PID=7814) to work on /Users/mac/Desktop/Comapny2/CryptoPortfolioAI/.venv/lib/python3.10/site-packages/airflow/example_dags/example_latest_only.py
[2025-01-15T23:36:34.775+0500] {processor.py:914} INFO - Processing file /Users/mac/Desktop/Comapny2/CryptoPortfolioAI/.venv/lib/python3.10/site-packages/airflow/example_dags/example_latest_only.py for tasks to queue
[2025-01-15T23:36:34.777+0500] {logging_mixin.py:190} INFO - [2025-01-15T23:36:34.777+0500] {dagbag.py:588} INFO - Filling up the DagBag from /Users/mac/Desktop/Comapny2/CryptoPortfolioAI/.venv/lib/python3.10/site-packages/airflow/example_dags/example_latest_only.py
[2025-01-15T23:36:34.788+0500] {processor.py:925} INFO - DAG(s) 'latest_only' retrieved from /Users/mac/Desktop/Comapny2/CryptoPortfolioAI/.venv/lib/python3.10/site-packages/airflow/example_dags/example_latest_only.py
[2025-01-15T23:36:34.907+0500] {logging_mixin.py:190} INFO - [2025-01-15T23:36:34.906+0500] {dag.py:3239} INFO - Sync 1 DAGs
[2025-01-15T23:36:34.924+0500] {logging_mixin.py:190} INFO - [2025-01-15T23:36:34.924+0500] {dag.py:4180} INFO - Setting next_dagrun for latest_only to 2025-01-15 12:00:00+00:00, run_after=2025-01-15 16:00:00+00:00
[2025-01-15T23:36:34.946+0500] {processor.py:208} INFO - Processing /Users/mac/Desktop/Comapny2/CryptoPortfolioAI/.venv/lib/python3.10/site-packages/airflow/example_dags/example_latest_only.py took 0.177 seconds
[2025-01-15T23:39:18.182+0500] {processor.py:186} INFO - Started process (PID=8571) to work on /Users/mac/Desktop/Comapny2/CryptoPortfolioAI/.venv/lib/python3.10/site-packages/airflow/example_dags/example_latest_only.py
[2025-01-15T23:39:18.184+0500] {processor.py:914} INFO - Processing file /Users/mac/Desktop/Comapny2/CryptoPortfolioAI/.venv/lib/python3.10/site-packages/airflow/example_dags/example_latest_only.py for tasks to queue
[2025-01-15T23:39:18.186+0500] {logging_mixin.py:190} INFO - [2025-01-15T23:39:18.186+0500] {dagbag.py:588} INFO - Filling up the DagBag from /Users/mac/Desktop/Comapny2/CryptoPortfolioAI/.venv/lib/python3.10/site-packages/airflow/example_dags/example_latest_only.py
[2025-01-15T23:39:18.195+0500] {processor.py:925} INFO - DAG(s) 'latest_only' retrieved from /Users/mac/Desktop/Comapny2/CryptoPortfolioAI/.venv/lib/python3.10/site-packages/airflow/example_dags/example_latest_only.py
[2025-01-15T23:39:18.317+0500] {logging_mixin.py:190} INFO - [2025-01-15T23:39:18.316+0500] {dag.py:3239} INFO - Sync 1 DAGs
[2025-01-15T23:39:18.336+0500] {logging_mixin.py:190} INFO - [2025-01-15T23:39:18.336+0500] {dag.py:4180} INFO - Setting next_dagrun for latest_only to 2025-01-15 12:00:00+00:00, run_after=2025-01-15 16:00:00+00:00
[2025-01-15T23:39:18.356+0500] {processor.py:208} INFO - Processing /Users/mac/Desktop/Comapny2/CryptoPortfolioAI/.venv/lib/python3.10/site-packages/airflow/example_dags/example_latest_only.py took 0.179 seconds
[2025-01-15T23:42:37.905+0500] {processor.py:186} INFO - Started process (PID=9351) to work on /Users/mac/Desktop/Comapny2/CryptoPortfolioAI/.venv/lib/python3.10/site-packages/airflow/example_dags/example_latest_only.py
[2025-01-15T23:42:37.907+0500] {processor.py:914} INFO - Processing file /Users/mac/Desktop/Comapny2/CryptoPortfolioAI/.venv/lib/python3.10/site-packages/airflow/example_dags/example_latest_only.py for tasks to queue
[2025-01-15T23:42:37.909+0500] {logging_mixin.py:190} INFO - [2025-01-15T23:42:37.908+0500] {dagbag.py:588} INFO - Filling up the DagBag from /Users/mac/Desktop/Comapny2/CryptoPortfolioAI/.venv/lib/python3.10/site-packages/airflow/example_dags/example_latest_only.py
[2025-01-15T23:42:37.921+0500] {processor.py:925} INFO - DAG(s) 'latest_only' retrieved from /Users/mac/Desktop/Comapny2/CryptoPortfolioAI/.venv/lib/python3.10/site-packages/airflow/example_dags/example_latest_only.py
[2025-01-15T23:42:38.057+0500] {logging_mixin.py:190} INFO - [2025-01-15T23:42:38.056+0500] {dag.py:3239} INFO - Sync 1 DAGs
[2025-01-15T23:42:38.076+0500] {logging_mixin.py:190} INFO - [2025-01-15T23:42:38.076+0500] {dag.py:4180} INFO - Setting next_dagrun for latest_only to 2025-01-15 12:00:00+00:00, run_after=2025-01-15 16:00:00+00:00
[2025-01-15T23:42:38.099+0500] {processor.py:208} INFO - Processing /Users/mac/Desktop/Comapny2/CryptoPortfolioAI/.venv/lib/python3.10/site-packages/airflow/example_dags/example_latest_only.py took 0.199 seconds
