[2025-01-15T23:23:31.770+0500] {processor.py:186} INFO - Started process (PID=4103) to work on /Users/mac/Desktop/Comapny2/CryptoPortfolioAI/.venv/lib/python3.10/site-packages/airflow/example_dags/example_branch_labels.py
[2025-01-15T23:23:31.772+0500] {processor.py:914} INFO - Processing file /Users/mac/Desktop/Comapny2/CryptoPortfolioAI/.venv/lib/python3.10/site-packages/airflow/example_dags/example_branch_labels.py for tasks to queue
[2025-01-15T23:23:31.774+0500] {logging_mixin.py:190} INFO - [2025-01-15T23:23:31.774+0500] {dagbag.py:588} INFO - Filling up the DagBag from /Users/mac/Desktop/Comapny2/CryptoPortfolioAI/.venv/lib/python3.10/site-packages/airflow/example_dags/example_branch_labels.py
[2025-01-15T23:23:31.801+0500] {processor.py:925} INFO - DAG(s) 'example_branch_labels' retrieved from /Users/mac/Desktop/Comapny2/CryptoPortfolioAI/.venv/lib/python3.10/site-packages/airflow/example_dags/example_branch_labels.py
[2025-01-15T23:23:32.149+0500] {logging_mixin.py:190} INFO - [2025-01-15T23:23:32.148+0500] {override.py:1912} INFO - Created Permission View: can read on DAG:example_branch_labels
[2025-01-15T23:23:32.161+0500] {logging_mixin.py:190} INFO - [2025-01-15T23:23:32.160+0500] {override.py:1912} INFO - Created Permission View: can edit on DAG:example_branch_labels
[2025-01-15T23:23:32.168+0500] {logging_mixin.py:190} INFO - [2025-01-15T23:23:32.168+0500] {override.py:1912} INFO - Created Permission View: can delete on DAG:example_branch_labels
[2025-01-15T23:23:32.179+0500] {logging_mixin.py:190} INFO - [2025-01-15T23:23:32.179+0500] {override.py:1912} INFO - Created Permission View: can create on DAG Run:example_branch_labels
[2025-01-15T23:23:32.191+0500] {logging_mixin.py:190} INFO - [2025-01-15T23:23:32.191+0500] {override.py:1912} INFO - Created Permission View: can read on DAG Run:example_branch_labels
[2025-01-15T23:23:32.200+0500] {logging_mixin.py:190} INFO - [2025-01-15T23:23:32.200+0500] {override.py:1912} INFO - Created Permission View: menu access on DAG Run:example_branch_labels
[2025-01-15T23:23:32.207+0500] {logging_mixin.py:190} INFO - [2025-01-15T23:23:32.207+0500] {override.py:1912} INFO - Created Permission View: can delete on DAG Run:example_branch_labels
[2025-01-15T23:23:32.208+0500] {logging_mixin.py:190} INFO - [2025-01-15T23:23:32.208+0500] {dag.py:3239} INFO - Sync 1 DAGs
[2025-01-15T23:23:32.223+0500] {logging_mixin.py:190} INFO - [2025-01-15T23:23:32.222+0500] {dag.py:3262} INFO - Creating ORM DAG for example_branch_labels
[2025-01-15T23:23:32.235+0500] {logging_mixin.py:190} INFO - [2025-01-15T23:23:32.234+0500] {dag.py:4180} INFO - Setting next_dagrun for example_branch_labels to 2025-01-14 00:00:00+00:00, run_after=2025-01-15 00:00:00+00:00
[2025-01-15T23:23:32.257+0500] {processor.py:208} INFO - Processing /Users/mac/Desktop/Comapny2/CryptoPortfolioAI/.venv/lib/python3.10/site-packages/airflow/example_dags/example_branch_labels.py took 0.492 seconds
[2025-01-15T23:31:12.055+0500] {processor.py:186} INFO - Started process (PID=6361) to work on /Users/mac/Desktop/Comapny2/CryptoPortfolioAI/.venv/lib/python3.10/site-packages/airflow/example_dags/example_branch_labels.py
[2025-01-15T23:31:12.057+0500] {processor.py:914} INFO - Processing file /Users/mac/Desktop/Comapny2/CryptoPortfolioAI/.venv/lib/python3.10/site-packages/airflow/example_dags/example_branch_labels.py for tasks to queue
[2025-01-15T23:31:12.059+0500] {logging_mixin.py:190} INFO - [2025-01-15T23:31:12.058+0500] {dagbag.py:588} INFO - Filling up the DagBag from /Users/mac/Desktop/Comapny2/CryptoPortfolioAI/.venv/lib/python3.10/site-packages/airflow/example_dags/example_branch_labels.py
[2025-01-15T23:31:12.070+0500] {processor.py:925} INFO - DAG(s) 'example_branch_labels' retrieved from /Users/mac/Desktop/Comapny2/CryptoPortfolioAI/.venv/lib/python3.10/site-packages/airflow/example_dags/example_branch_labels.py
[2025-01-15T23:31:12.188+0500] {logging_mixin.py:190} INFO - [2025-01-15T23:31:12.187+0500] {dag.py:3239} INFO - Sync 1 DAGs
[2025-01-15T23:31:12.209+0500] {logging_mixin.py:190} INFO - [2025-01-15T23:31:12.209+0500] {dag.py:4180} INFO - Setting next_dagrun for example_branch_labels to 2025-01-14 00:00:00+00:00, run_after=2025-01-15 00:00:00+00:00
[2025-01-15T23:31:12.229+0500] {processor.py:208} INFO - Processing /Users/mac/Desktop/Comapny2/CryptoPortfolioAI/.venv/lib/python3.10/site-packages/airflow/example_dags/example_branch_labels.py took 0.179 seconds
[2025-01-15T23:36:55.084+0500] {processor.py:186} INFO - Started process (PID=7903) to work on /Users/mac/Desktop/Comapny2/CryptoPortfolioAI/.venv/lib/python3.10/site-packages/airflow/example_dags/example_branch_labels.py
[2025-01-15T23:36:55.086+0500] {processor.py:914} INFO - Processing file /Users/mac/Desktop/Comapny2/CryptoPortfolioAI/.venv/lib/python3.10/site-packages/airflow/example_dags/example_branch_labels.py for tasks to queue
[2025-01-15T23:36:55.088+0500] {logging_mixin.py:190} INFO - [2025-01-15T23:36:55.087+0500] {dagbag.py:588} INFO - Filling up the DagBag from /Users/mac/Desktop/Comapny2/CryptoPortfolioAI/.venv/lib/python3.10/site-packages/airflow/example_dags/example_branch_labels.py
[2025-01-15T23:36:55.099+0500] {processor.py:925} INFO - DAG(s) 'example_branch_labels' retrieved from /Users/mac/Desktop/Comapny2/CryptoPortfolioAI/.venv/lib/python3.10/site-packages/airflow/example_dags/example_branch_labels.py
[2025-01-15T23:36:55.209+0500] {logging_mixin.py:190} INFO - [2025-01-15T23:36:55.208+0500] {dag.py:3239} INFO - Sync 1 DAGs
[2025-01-15T23:36:55.226+0500] {logging_mixin.py:190} INFO - [2025-01-15T23:36:55.225+0500] {dag.py:4180} INFO - Setting next_dagrun for example_branch_labels to 2025-01-14 00:00:00+00:00, run_after=2025-01-15 00:00:00+00:00
[2025-01-15T23:36:55.244+0500] {processor.py:208} INFO - Processing /Users/mac/Desktop/Comapny2/CryptoPortfolioAI/.venv/lib/python3.10/site-packages/airflow/example_dags/example_branch_labels.py took 0.165 seconds
[2025-01-15T23:43:05.067+0500] {processor.py:186} INFO - Started process (PID=9483) to work on /Users/mac/Desktop/Comapny2/CryptoPortfolioAI/.venv/lib/python3.10/site-packages/airflow/example_dags/example_branch_labels.py
[2025-01-15T23:43:05.070+0500] {processor.py:914} INFO - Processing file /Users/mac/Desktop/Comapny2/CryptoPortfolioAI/.venv/lib/python3.10/site-packages/airflow/example_dags/example_branch_labels.py for tasks to queue
[2025-01-15T23:43:05.071+0500] {logging_mixin.py:190} INFO - [2025-01-15T23:43:05.071+0500] {dagbag.py:588} INFO - Filling up the DagBag from /Users/mac/Desktop/Comapny2/CryptoPortfolioAI/.venv/lib/python3.10/site-packages/airflow/example_dags/example_branch_labels.py
[2025-01-15T23:43:05.084+0500] {processor.py:925} INFO - DAG(s) 'example_branch_labels' retrieved from /Users/mac/Desktop/Comapny2/CryptoPortfolioAI/.venv/lib/python3.10/site-packages/airflow/example_dags/example_branch_labels.py
[2025-01-15T23:43:05.201+0500] {logging_mixin.py:190} INFO - [2025-01-15T23:43:05.201+0500] {dag.py:3239} INFO - Sync 1 DAGs
[2025-01-15T23:43:05.219+0500] {logging_mixin.py:190} INFO - [2025-01-15T23:43:05.218+0500] {dag.py:4180} INFO - Setting next_dagrun for example_branch_labels to 2025-01-14 00:00:00+00:00, run_after=2025-01-15 00:00:00+00:00
[2025-01-15T23:43:05.239+0500] {processor.py:208} INFO - Processing /Users/mac/Desktop/Comapny2/CryptoPortfolioAI/.venv/lib/python3.10/site-packages/airflow/example_dags/example_branch_labels.py took 0.176 seconds
