[2025-01-15T23:21:50.033+0500] {processor.py:186} INFO - Started process (PID=3640) to work on /Users/mac/Desktop/Comapny2/CryptoPortfolioAI/.venv/lib/python3.10/site-packages/airflow/example_dags/example_python_decorator.py
[2025-01-15T23:21:50.035+0500] {processor.py:914} INFO - Processing file /Users/mac/Desktop/Comapny2/CryptoPortfolioAI/.venv/lib/python3.10/site-packages/airflow/example_dags/example_python_decorator.py for tasks to queue
[2025-01-15T23:21:50.038+0500] {logging_mixin.py:190} INFO - [2025-01-15T23:21:50.038+0500] {dagbag.py:588} INFO - Filling up the DagBag from /Users/mac/Desktop/Comapny2/CryptoPortfolioAI/.venv/lib/python3.10/site-packages/airflow/example_dags/example_python_decorator.py
[2025-01-15T23:21:50.113+0500] {logging_mixin.py:190} INFO - [2025-01-15T23:21:50.112+0500] {example_python_decorator.py:80} WARNING - The virtalenv_python example task requires virtualenv, please install it.
[2025-01-15T23:21:50.118+0500] {processor.py:925} INFO - DAG(s) 'example_python_decorator' retrieved from /Users/mac/Desktop/Comapny2/CryptoPortfolioAI/.venv/lib/python3.10/site-packages/airflow/example_dags/example_python_decorator.py
[2025-01-15T23:21:50.354+0500] {logging_mixin.py:190} INFO - [2025-01-15T23:21:50.354+0500] {override.py:1912} INFO - Created Permission View: can edit on DAG:example_python_decorator
[2025-01-15T23:21:50.366+0500] {logging_mixin.py:190} INFO - [2025-01-15T23:21:50.365+0500] {override.py:1912} INFO - Created Permission View: can delete on DAG:example_python_decorator
[2025-01-15T23:21:50.373+0500] {logging_mixin.py:190} INFO - [2025-01-15T23:21:50.372+0500] {override.py:1912} INFO - Created Permission View: can read on DAG:example_python_decorator
[2025-01-15T23:21:50.383+0500] {logging_mixin.py:190} INFO - [2025-01-15T23:21:50.383+0500] {override.py:1912} INFO - Created Permission View: can create on DAG Run:example_python_decorator
[2025-01-15T23:21:50.392+0500] {logging_mixin.py:190} INFO - [2025-01-15T23:21:50.391+0500] {override.py:1912} INFO - Created Permission View: menu access on DAG Run:example_python_decorator
[2025-01-15T23:21:50.400+0500] {logging_mixin.py:190} INFO - [2025-01-15T23:21:50.400+0500] {override.py:1912} INFO - Created Permission View: can delete on DAG Run:example_python_decorator
[2025-01-15T23:21:50.408+0500] {logging_mixin.py:190} INFO - [2025-01-15T23:21:50.407+0500] {override.py:1912} INFO - Created Permission View: can read on DAG Run:example_python_decorator
[2025-01-15T23:21:50.409+0500] {logging_mixin.py:190} INFO - [2025-01-15T23:21:50.408+0500] {dag.py:3239} INFO - Sync 1 DAGs
[2025-01-15T23:21:50.420+0500] {logging_mixin.py:190} INFO - [2025-01-15T23:21:50.420+0500] {dag.py:3262} INFO - Creating ORM DAG for example_python_decorator
[2025-01-15T23:21:50.421+0500] {logging_mixin.py:190} INFO - [2025-01-15T23:21:50.421+0500] {dag.py:4180} INFO - Setting next_dagrun for example_python_decorator to None, run_after=None
[2025-01-15T23:21:50.444+0500] {processor.py:208} INFO - Processing /Users/mac/Desktop/Comapny2/CryptoPortfolioAI/.venv/lib/python3.10/site-packages/airflow/example_dags/example_python_decorator.py took 0.416 seconds
[2025-01-15T23:26:05.193+0500] {processor.py:186} INFO - Started process (PID=4756) to work on /Users/mac/Desktop/Comapny2/CryptoPortfolioAI/.venv/lib/python3.10/site-packages/airflow/example_dags/example_python_decorator.py
[2025-01-15T23:26:05.196+0500] {processor.py:914} INFO - Processing file /Users/mac/Desktop/Comapny2/CryptoPortfolioAI/.venv/lib/python3.10/site-packages/airflow/example_dags/example_python_decorator.py for tasks to queue
[2025-01-15T23:26:05.197+0500] {logging_mixin.py:190} INFO - [2025-01-15T23:26:05.197+0500] {dagbag.py:588} INFO - Filling up the DagBag from /Users/mac/Desktop/Comapny2/CryptoPortfolioAI/.venv/lib/python3.10/site-packages/airflow/example_dags/example_python_decorator.py
[2025-01-15T23:26:05.251+0500] {logging_mixin.py:190} INFO - [2025-01-15T23:26:05.251+0500] {example_python_decorator.py:80} WARNING - The virtalenv_python example task requires virtualenv, please install it.
[2025-01-15T23:26:05.255+0500] {processor.py:925} INFO - DAG(s) 'example_python_decorator' retrieved from /Users/mac/Desktop/Comapny2/CryptoPortfolioAI/.venv/lib/python3.10/site-packages/airflow/example_dags/example_python_decorator.py
[2025-01-15T23:26:05.393+0500] {logging_mixin.py:190} INFO - [2025-01-15T23:26:05.393+0500] {dag.py:3239} INFO - Sync 1 DAGs
[2025-01-15T23:26:05.408+0500] {logging_mixin.py:190} INFO - [2025-01-15T23:26:05.408+0500] {dag.py:4180} INFO - Setting next_dagrun for example_python_decorator to None, run_after=None
[2025-01-15T23:26:05.440+0500] {processor.py:208} INFO - Processing /Users/mac/Desktop/Comapny2/CryptoPortfolioAI/.venv/lib/python3.10/site-packages/airflow/example_dags/example_python_decorator.py took 0.251 seconds
[2025-01-15T23:30:07.846+0500] {processor.py:186} INFO - Started process (PID=6001) to work on /Users/mac/Desktop/Comapny2/CryptoPortfolioAI/.venv/lib/python3.10/site-packages/airflow/example_dags/example_python_decorator.py
[2025-01-15T23:30:07.848+0500] {processor.py:914} INFO - Processing file /Users/mac/Desktop/Comapny2/CryptoPortfolioAI/.venv/lib/python3.10/site-packages/airflow/example_dags/example_python_decorator.py for tasks to queue
[2025-01-15T23:30:07.850+0500] {logging_mixin.py:190} INFO - [2025-01-15T23:30:07.850+0500] {dagbag.py:588} INFO - Filling up the DagBag from /Users/mac/Desktop/Comapny2/CryptoPortfolioAI/.venv/lib/python3.10/site-packages/airflow/example_dags/example_python_decorator.py
[2025-01-15T23:30:07.897+0500] {logging_mixin.py:190} INFO - [2025-01-15T23:30:07.897+0500] {example_python_decorator.py:80} WARNING - The virtalenv_python example task requires virtualenv, please install it.
[2025-01-15T23:30:07.900+0500] {processor.py:925} INFO - DAG(s) 'example_python_decorator' retrieved from /Users/mac/Desktop/Comapny2/CryptoPortfolioAI/.venv/lib/python3.10/site-packages/airflow/example_dags/example_python_decorator.py
[2025-01-15T23:30:08.016+0500] {logging_mixin.py:190} INFO - [2025-01-15T23:30:08.016+0500] {dag.py:3239} INFO - Sync 1 DAGs
[2025-01-15T23:30:08.028+0500] {logging_mixin.py:190} INFO - [2025-01-15T23:30:08.028+0500] {dag.py:4180} INFO - Setting next_dagrun for example_python_decorator to None, run_after=None
[2025-01-15T23:30:08.047+0500] {processor.py:208} INFO - Processing /Users/mac/Desktop/Comapny2/CryptoPortfolioAI/.venv/lib/python3.10/site-packages/airflow/example_dags/example_python_decorator.py took 0.205 seconds
[2025-01-15T23:33:12.353+0500] {processor.py:186} INFO - Started process (PID=6914) to work on /Users/mac/Desktop/Comapny2/CryptoPortfolioAI/.venv/lib/python3.10/site-packages/airflow/example_dags/example_python_decorator.py
[2025-01-15T23:33:12.354+0500] {processor.py:914} INFO - Processing file /Users/mac/Desktop/Comapny2/CryptoPortfolioAI/.venv/lib/python3.10/site-packages/airflow/example_dags/example_python_decorator.py for tasks to queue
[2025-01-15T23:33:12.356+0500] {logging_mixin.py:190} INFO - [2025-01-15T23:33:12.356+0500] {dagbag.py:588} INFO - Filling up the DagBag from /Users/mac/Desktop/Comapny2/CryptoPortfolioAI/.venv/lib/python3.10/site-packages/airflow/example_dags/example_python_decorator.py
[2025-01-15T23:33:12.394+0500] {logging_mixin.py:190} INFO - [2025-01-15T23:33:12.394+0500] {example_python_decorator.py:80} WARNING - The virtalenv_python example task requires virtualenv, please install it.
[2025-01-15T23:33:12.397+0500] {processor.py:925} INFO - DAG(s) 'example_python_decorator' retrieved from /Users/mac/Desktop/Comapny2/CryptoPortfolioAI/.venv/lib/python3.10/site-packages/airflow/example_dags/example_python_decorator.py
[2025-01-15T23:33:12.504+0500] {logging_mixin.py:190} INFO - [2025-01-15T23:33:12.504+0500] {dag.py:3239} INFO - Sync 1 DAGs
[2025-01-15T23:33:12.516+0500] {logging_mixin.py:190} INFO - [2025-01-15T23:33:12.516+0500] {dag.py:4180} INFO - Setting next_dagrun for example_python_decorator to None, run_after=None
[2025-01-15T23:33:12.536+0500] {processor.py:208} INFO - Processing /Users/mac/Desktop/Comapny2/CryptoPortfolioAI/.venv/lib/python3.10/site-packages/airflow/example_dags/example_python_decorator.py took 0.188 seconds
[2025-01-15T23:36:03.174+0500] {processor.py:186} INFO - Started process (PID=7672) to work on /Users/mac/Desktop/Comapny2/CryptoPortfolioAI/.venv/lib/python3.10/site-packages/airflow/example_dags/example_python_decorator.py
[2025-01-15T23:36:03.177+0500] {processor.py:914} INFO - Processing file /Users/mac/Desktop/Comapny2/CryptoPortfolioAI/.venv/lib/python3.10/site-packages/airflow/example_dags/example_python_decorator.py for tasks to queue
[2025-01-15T23:36:03.179+0500] {logging_mixin.py:190} INFO - [2025-01-15T23:36:03.179+0500] {dagbag.py:588} INFO - Filling up the DagBag from /Users/mac/Desktop/Comapny2/CryptoPortfolioAI/.venv/lib/python3.10/site-packages/airflow/example_dags/example_python_decorator.py
[2025-01-15T23:36:03.217+0500] {logging_mixin.py:190} INFO - [2025-01-15T23:36:03.217+0500] {example_python_decorator.py:80} WARNING - The virtalenv_python example task requires virtualenv, please install it.
[2025-01-15T23:36:03.219+0500] {processor.py:925} INFO - DAG(s) 'example_python_decorator' retrieved from /Users/mac/Desktop/Comapny2/CryptoPortfolioAI/.venv/lib/python3.10/site-packages/airflow/example_dags/example_python_decorator.py
[2025-01-15T23:36:03.325+0500] {logging_mixin.py:190} INFO - [2025-01-15T23:36:03.325+0500] {dag.py:3239} INFO - Sync 1 DAGs
[2025-01-15T23:36:03.338+0500] {logging_mixin.py:190} INFO - [2025-01-15T23:36:03.338+0500] {dag.py:4180} INFO - Setting next_dagrun for example_python_decorator to None, run_after=None
[2025-01-15T23:36:03.358+0500] {processor.py:208} INFO - Processing /Users/mac/Desktop/Comapny2/CryptoPortfolioAI/.venv/lib/python3.10/site-packages/airflow/example_dags/example_python_decorator.py took 0.188 seconds
[2025-01-15T23:38:48.652+0500] {processor.py:186} INFO - Started process (PID=8439) to work on /Users/mac/Desktop/Comapny2/CryptoPortfolioAI/.venv/lib/python3.10/site-packages/airflow/example_dags/example_python_decorator.py
[2025-01-15T23:38:48.654+0500] {processor.py:914} INFO - Processing file /Users/mac/Desktop/Comapny2/CryptoPortfolioAI/.venv/lib/python3.10/site-packages/airflow/example_dags/example_python_decorator.py for tasks to queue
[2025-01-15T23:38:48.656+0500] {logging_mixin.py:190} INFO - [2025-01-15T23:38:48.656+0500] {dagbag.py:588} INFO - Filling up the DagBag from /Users/mac/Desktop/Comapny2/CryptoPortfolioAI/.venv/lib/python3.10/site-packages/airflow/example_dags/example_python_decorator.py
[2025-01-15T23:38:48.694+0500] {logging_mixin.py:190} INFO - [2025-01-15T23:38:48.694+0500] {example_python_decorator.py:80} WARNING - The virtalenv_python example task requires virtualenv, please install it.
[2025-01-15T23:38:48.697+0500] {processor.py:925} INFO - DAG(s) 'example_python_decorator' retrieved from /Users/mac/Desktop/Comapny2/CryptoPortfolioAI/.venv/lib/python3.10/site-packages/airflow/example_dags/example_python_decorator.py
[2025-01-15T23:38:48.805+0500] {logging_mixin.py:190} INFO - [2025-01-15T23:38:48.804+0500] {dag.py:3239} INFO - Sync 1 DAGs
[2025-01-15T23:38:48.816+0500] {logging_mixin.py:190} INFO - [2025-01-15T23:38:48.816+0500] {dag.py:4180} INFO - Setting next_dagrun for example_python_decorator to None, run_after=None
[2025-01-15T23:38:48.838+0500] {processor.py:208} INFO - Processing /Users/mac/Desktop/Comapny2/CryptoPortfolioAI/.venv/lib/python3.10/site-packages/airflow/example_dags/example_python_decorator.py took 0.190 seconds
[2025-01-15T23:42:05.954+0500] {processor.py:186} INFO - Started process (PID=9219) to work on /Users/mac/Desktop/Comapny2/CryptoPortfolioAI/.venv/lib/python3.10/site-packages/airflow/example_dags/example_python_decorator.py
[2025-01-15T23:42:05.957+0500] {processor.py:914} INFO - Processing file /Users/mac/Desktop/Comapny2/CryptoPortfolioAI/.venv/lib/python3.10/site-packages/airflow/example_dags/example_python_decorator.py for tasks to queue
[2025-01-15T23:42:05.958+0500] {logging_mixin.py:190} INFO - [2025-01-15T23:42:05.958+0500] {dagbag.py:588} INFO - Filling up the DagBag from /Users/mac/Desktop/Comapny2/CryptoPortfolioAI/.venv/lib/python3.10/site-packages/airflow/example_dags/example_python_decorator.py
[2025-01-15T23:42:06.006+0500] {logging_mixin.py:190} INFO - [2025-01-15T23:42:06.005+0500] {example_python_decorator.py:80} WARNING - The virtalenv_python example task requires virtualenv, please install it.
[2025-01-15T23:42:06.008+0500] {processor.py:925} INFO - DAG(s) 'example_python_decorator' retrieved from /Users/mac/Desktop/Comapny2/CryptoPortfolioAI/.venv/lib/python3.10/site-packages/airflow/example_dags/example_python_decorator.py
[2025-01-15T23:42:06.145+0500] {logging_mixin.py:190} INFO - [2025-01-15T23:42:06.145+0500] {dag.py:3239} INFO - Sync 1 DAGs
[2025-01-15T23:42:06.163+0500] {logging_mixin.py:190} INFO - [2025-01-15T23:42:06.163+0500] {dag.py:4180} INFO - Setting next_dagrun for example_python_decorator to None, run_after=None
[2025-01-15T23:42:06.185+0500] {processor.py:208} INFO - Processing /Users/mac/Desktop/Comapny2/CryptoPortfolioAI/.venv/lib/python3.10/site-packages/airflow/example_dags/example_python_decorator.py took 0.236 seconds
