[2025-01-15T23:22:05.593+0500] {processor.py:186} INFO - Started process (PID=3716) to work on /Users/mac/Desktop/Comapny2/CryptoPortfolioAI/.venv/lib/python3.10/site-packages/airflow/example_dags/example_outlet_event_extra.py
[2025-01-15T23:22:05.594+0500] {processor.py:914} INFO - Processing file /Users/mac/Desktop/Comapny2/CryptoPortfolioAI/.venv/lib/python3.10/site-packages/airflow/example_dags/example_outlet_event_extra.py for tasks to queue
[2025-01-15T23:22:05.596+0500] {logging_mixin.py:190} INFO - [2025-01-15T23:22:05.596+0500] {dagbag.py:588} INFO - Filling up the DagBag from /Users/mac/Desktop/Comapny2/CryptoPortfolioAI/.venv/lib/python3.10/site-packages/airflow/example_dags/example_outlet_event_extra.py
[2025-01-15T23:22:05.715+0500] {processor.py:925} INFO - DAG(s) 'dataset_with_extra_by_context', 'dataset_with_extra_by_yield', 'dataset_with_extra_from_classic_operator' retrieved from /Users/mac/Desktop/Comapny2/CryptoPortfolioAI/.venv/lib/python3.10/site-packages/airflow/example_dags/example_outlet_event_extra.py
[2025-01-15T23:22:05.920+0500] {logging_mixin.py:190} INFO - [2025-01-15T23:22:05.919+0500] {override.py:1912} INFO - Created Permission View: can delete on DAG:dataset_with_extra_by_context
[2025-01-15T23:22:05.937+0500] {logging_mixin.py:190} INFO - [2025-01-15T23:22:05.936+0500] {override.py:1912} INFO - Created Permission View: can edit on DAG:dataset_with_extra_by_context
[2025-01-15T23:22:05.948+0500] {logging_mixin.py:190} INFO - [2025-01-15T23:22:05.947+0500] {override.py:1912} INFO - Created Permission View: can read on DAG:dataset_with_extra_by_context
[2025-01-15T23:22:05.964+0500] {logging_mixin.py:190} INFO - [2025-01-15T23:22:05.963+0500] {override.py:1912} INFO - Created Permission View: can delete on DAG Run:dataset_with_extra_by_context
[2025-01-15T23:22:05.979+0500] {logging_mixin.py:190} INFO - [2025-01-15T23:22:05.978+0500] {override.py:1912} INFO - Created Permission View: can create on DAG Run:dataset_with_extra_by_context
[2025-01-15T23:22:06.002+0500] {logging_mixin.py:190} INFO - [2025-01-15T23:22:06.001+0500] {override.py:1912} INFO - Created Permission View: menu access on DAG Run:dataset_with_extra_by_context
[2025-01-15T23:22:06.011+0500] {logging_mixin.py:190} INFO - [2025-01-15T23:22:06.011+0500] {override.py:1912} INFO - Created Permission View: can read on DAG Run:dataset_with_extra_by_context
[2025-01-15T23:22:06.028+0500] {logging_mixin.py:190} INFO - [2025-01-15T23:22:06.028+0500] {override.py:1912} INFO - Created Permission View: can delete on DAG:dataset_with_extra_by_yield
[2025-01-15T23:22:06.037+0500] {logging_mixin.py:190} INFO - [2025-01-15T23:22:06.036+0500] {override.py:1912} INFO - Created Permission View: can edit on DAG:dataset_with_extra_by_yield
[2025-01-15T23:22:06.045+0500] {logging_mixin.py:190} INFO - [2025-01-15T23:22:06.044+0500] {override.py:1912} INFO - Created Permission View: can read on DAG:dataset_with_extra_by_yield
[2025-01-15T23:22:06.058+0500] {logging_mixin.py:190} INFO - [2025-01-15T23:22:06.058+0500] {override.py:1912} INFO - Created Permission View: can delete on DAG Run:dataset_with_extra_by_yield
[2025-01-15T23:22:06.067+0500] {logging_mixin.py:190} INFO - [2025-01-15T23:22:06.066+0500] {override.py:1912} INFO - Created Permission View: can create on DAG Run:dataset_with_extra_by_yield
[2025-01-15T23:22:06.074+0500] {logging_mixin.py:190} INFO - [2025-01-15T23:22:06.073+0500] {override.py:1912} INFO - Created Permission View: menu access on DAG Run:dataset_with_extra_by_yield
[2025-01-15T23:22:06.081+0500] {logging_mixin.py:190} INFO - [2025-01-15T23:22:06.080+0500] {override.py:1912} INFO - Created Permission View: can read on DAG Run:dataset_with_extra_by_yield
[2025-01-15T23:22:06.099+0500] {logging_mixin.py:190} INFO - [2025-01-15T23:22:06.099+0500] {override.py:1912} INFO - Created Permission View: can delete on DAG:dataset_with_extra_from_classic_operator
[2025-01-15T23:22:06.108+0500] {logging_mixin.py:190} INFO - [2025-01-15T23:22:06.108+0500] {override.py:1912} INFO - Created Permission View: can edit on DAG:dataset_with_extra_from_classic_operator
[2025-01-15T23:22:06.116+0500] {logging_mixin.py:190} INFO - [2025-01-15T23:22:06.116+0500] {override.py:1912} INFO - Created Permission View: can read on DAG:dataset_with_extra_from_classic_operator
[2025-01-15T23:22:06.126+0500] {logging_mixin.py:190} INFO - [2025-01-15T23:22:06.126+0500] {override.py:1912} INFO - Created Permission View: can delete on DAG Run:dataset_with_extra_from_classic_operator
[2025-01-15T23:22:06.134+0500] {logging_mixin.py:190} INFO - [2025-01-15T23:22:06.134+0500] {override.py:1912} INFO - Created Permission View: can create on DAG Run:dataset_with_extra_from_classic_operator
[2025-01-15T23:22:06.142+0500] {logging_mixin.py:190} INFO - [2025-01-15T23:22:06.142+0500] {override.py:1912} INFO - Created Permission View: menu access on DAG Run:dataset_with_extra_from_classic_operator
[2025-01-15T23:22:06.150+0500] {logging_mixin.py:190} INFO - [2025-01-15T23:22:06.150+0500] {override.py:1912} INFO - Created Permission View: can read on DAG Run:dataset_with_extra_from_classic_operator
[2025-01-15T23:22:06.151+0500] {logging_mixin.py:190} INFO - [2025-01-15T23:22:06.150+0500] {dag.py:3239} INFO - Sync 3 DAGs
[2025-01-15T23:22:06.166+0500] {logging_mixin.py:190} INFO - [2025-01-15T23:22:06.165+0500] {dag.py:3262} INFO - Creating ORM DAG for dataset_with_extra_by_context
[2025-01-15T23:22:06.166+0500] {logging_mixin.py:190} INFO - [2025-01-15T23:22:06.166+0500] {dag.py:3262} INFO - Creating ORM DAG for dataset_with_extra_by_yield
[2025-01-15T23:22:06.167+0500] {logging_mixin.py:190} INFO - [2025-01-15T23:22:06.167+0500] {dag.py:3262} INFO - Creating ORM DAG for dataset_with_extra_from_classic_operator
[2025-01-15T23:22:06.176+0500] {logging_mixin.py:190} INFO - [2025-01-15T23:22:06.176+0500] {dag.py:4180} INFO - Setting next_dagrun for dataset_with_extra_by_context to 2025-01-14 00:00:00+00:00, run_after=2025-01-15 00:00:00+00:00
[2025-01-15T23:22:06.179+0500] {logging_mixin.py:190} INFO - [2025-01-15T23:22:06.178+0500] {dag.py:4180} INFO - Setting next_dagrun for dataset_with_extra_by_yield to 2025-01-14 00:00:00+00:00, run_after=2025-01-15 00:00:00+00:00
[2025-01-15T23:22:06.181+0500] {logging_mixin.py:190} INFO - [2025-01-15T23:22:06.181+0500] {dag.py:4180} INFO - Setting next_dagrun for dataset_with_extra_from_classic_operator to 2025-01-14 00:00:00+00:00, run_after=2025-01-15 00:00:00+00:00
[2025-01-15T23:22:06.665+0500] {processor.py:208} INFO - Processing /Users/mac/Desktop/Comapny2/CryptoPortfolioAI/.venv/lib/python3.10/site-packages/airflow/example_dags/example_outlet_event_extra.py took 1.077 seconds
[2025-01-15T23:26:27.646+0500] {processor.py:186} INFO - Started process (PID=4861) to work on /Users/mac/Desktop/Comapny2/CryptoPortfolioAI/.venv/lib/python3.10/site-packages/airflow/example_dags/example_outlet_event_extra.py
[2025-01-15T23:26:27.657+0500] {processor.py:914} INFO - Processing file /Users/mac/Desktop/Comapny2/CryptoPortfolioAI/.venv/lib/python3.10/site-packages/airflow/example_dags/example_outlet_event_extra.py for tasks to queue
[2025-01-15T23:26:27.660+0500] {logging_mixin.py:190} INFO - [2025-01-15T23:26:27.659+0500] {dagbag.py:588} INFO - Filling up the DagBag from /Users/mac/Desktop/Comapny2/CryptoPortfolioAI/.venv/lib/python3.10/site-packages/airflow/example_dags/example_outlet_event_extra.py
[2025-01-15T23:26:27.837+0500] {processor.py:925} INFO - DAG(s) 'dataset_with_extra_from_classic_operator', 'dataset_with_extra_by_context', 'dataset_with_extra_by_yield' retrieved from /Users/mac/Desktop/Comapny2/CryptoPortfolioAI/.venv/lib/python3.10/site-packages/airflow/example_dags/example_outlet_event_extra.py
[2025-01-15T23:26:28.174+0500] {logging_mixin.py:190} INFO - [2025-01-15T23:26:28.174+0500] {dag.py:3239} INFO - Sync 3 DAGs
[2025-01-15T23:26:28.301+0500] {logging_mixin.py:190} INFO - [2025-01-15T23:26:28.293+0500] {dag.py:4180} INFO - Setting next_dagrun for dataset_with_extra_by_context to 2025-01-14 00:00:00+00:00, run_after=2025-01-15 00:00:00+00:00
[2025-01-15T23:26:28.333+0500] {logging_mixin.py:190} INFO - [2025-01-15T23:26:28.332+0500] {dag.py:4180} INFO - Setting next_dagrun for dataset_with_extra_by_yield to 2025-01-14 00:00:00+00:00, run_after=2025-01-15 00:00:00+00:00
[2025-01-15T23:26:28.343+0500] {logging_mixin.py:190} INFO - [2025-01-15T23:26:28.342+0500] {dag.py:4180} INFO - Setting next_dagrun for dataset_with_extra_from_classic_operator to 2025-01-14 00:00:00+00:00, run_after=2025-01-15 00:00:00+00:00
[2025-01-15T23:26:28.400+0500] {processor.py:208} INFO - Processing /Users/mac/Desktop/Comapny2/CryptoPortfolioAI/.venv/lib/python3.10/site-packages/airflow/example_dags/example_outlet_event_extra.py took 0.759 seconds
[2025-01-15T23:30:22.802+0500] {processor.py:186} INFO - Started process (PID=6085) to work on /Users/mac/Desktop/Comapny2/CryptoPortfolioAI/.venv/lib/python3.10/site-packages/airflow/example_dags/example_outlet_event_extra.py
[2025-01-15T23:30:22.805+0500] {processor.py:914} INFO - Processing file /Users/mac/Desktop/Comapny2/CryptoPortfolioAI/.venv/lib/python3.10/site-packages/airflow/example_dags/example_outlet_event_extra.py for tasks to queue
[2025-01-15T23:30:22.808+0500] {logging_mixin.py:190} INFO - [2025-01-15T23:30:22.807+0500] {dagbag.py:588} INFO - Filling up the DagBag from /Users/mac/Desktop/Comapny2/CryptoPortfolioAI/.venv/lib/python3.10/site-packages/airflow/example_dags/example_outlet_event_extra.py
[2025-01-15T23:30:22.965+0500] {processor.py:925} INFO - DAG(s) 'dataset_with_extra_by_yield', 'dataset_with_extra_by_context', 'dataset_with_extra_from_classic_operator' retrieved from /Users/mac/Desktop/Comapny2/CryptoPortfolioAI/.venv/lib/python3.10/site-packages/airflow/example_dags/example_outlet_event_extra.py
[2025-01-15T23:30:23.113+0500] {logging_mixin.py:190} INFO - [2025-01-15T23:30:23.112+0500] {dag.py:3239} INFO - Sync 3 DAGs
[2025-01-15T23:30:23.134+0500] {logging_mixin.py:190} INFO - [2025-01-15T23:30:23.134+0500] {dag.py:4180} INFO - Setting next_dagrun for dataset_with_extra_by_context to 2025-01-14 00:00:00+00:00, run_after=2025-01-15 00:00:00+00:00
[2025-01-15T23:30:23.140+0500] {logging_mixin.py:190} INFO - [2025-01-15T23:30:23.139+0500] {dag.py:4180} INFO - Setting next_dagrun for dataset_with_extra_by_yield to 2025-01-14 00:00:00+00:00, run_after=2025-01-15 00:00:00+00:00
[2025-01-15T23:30:23.143+0500] {logging_mixin.py:190} INFO - [2025-01-15T23:30:23.142+0500] {dag.py:4180} INFO - Setting next_dagrun for dataset_with_extra_from_classic_operator to 2025-01-14 00:00:00+00:00, run_after=2025-01-15 00:00:00+00:00
[2025-01-15T23:30:23.169+0500] {processor.py:208} INFO - Processing /Users/mac/Desktop/Comapny2/CryptoPortfolioAI/.venv/lib/python3.10/site-packages/airflow/example_dags/example_outlet_event_extra.py took 0.371 seconds
[2025-01-15T23:33:25.909+0500] {processor.py:186} INFO - Started process (PID=6975) to work on /Users/mac/Desktop/Comapny2/CryptoPortfolioAI/.venv/lib/python3.10/site-packages/airflow/example_dags/example_outlet_event_extra.py
[2025-01-15T23:33:25.910+0500] {processor.py:914} INFO - Processing file /Users/mac/Desktop/Comapny2/CryptoPortfolioAI/.venv/lib/python3.10/site-packages/airflow/example_dags/example_outlet_event_extra.py for tasks to queue
[2025-01-15T23:33:25.912+0500] {logging_mixin.py:190} INFO - [2025-01-15T23:33:25.912+0500] {dagbag.py:588} INFO - Filling up the DagBag from /Users/mac/Desktop/Comapny2/CryptoPortfolioAI/.venv/lib/python3.10/site-packages/airflow/example_dags/example_outlet_event_extra.py
[2025-01-15T23:33:25.998+0500] {processor.py:925} INFO - DAG(s) 'dataset_with_extra_by_yield', 'dataset_with_extra_from_classic_operator', 'dataset_with_extra_by_context' retrieved from /Users/mac/Desktop/Comapny2/CryptoPortfolioAI/.venv/lib/python3.10/site-packages/airflow/example_dags/example_outlet_event_extra.py
[2025-01-15T23:33:26.108+0500] {logging_mixin.py:190} INFO - [2025-01-15T23:33:26.108+0500] {dag.py:3239} INFO - Sync 3 DAGs
[2025-01-15T23:33:26.127+0500] {logging_mixin.py:190} INFO - [2025-01-15T23:33:26.126+0500] {dag.py:4180} INFO - Setting next_dagrun for dataset_with_extra_by_context to 2025-01-14 00:00:00+00:00, run_after=2025-01-15 00:00:00+00:00
[2025-01-15T23:33:26.133+0500] {logging_mixin.py:190} INFO - [2025-01-15T23:33:26.132+0500] {dag.py:4180} INFO - Setting next_dagrun for dataset_with_extra_by_yield to 2025-01-14 00:00:00+00:00, run_after=2025-01-15 00:00:00+00:00
[2025-01-15T23:33:26.136+0500] {logging_mixin.py:190} INFO - [2025-01-15T23:33:26.136+0500] {dag.py:4180} INFO - Setting next_dagrun for dataset_with_extra_from_classic_operator to 2025-01-14 00:00:00+00:00, run_after=2025-01-15 00:00:00+00:00
[2025-01-15T23:33:26.160+0500] {processor.py:208} INFO - Processing /Users/mac/Desktop/Comapny2/CryptoPortfolioAI/.venv/lib/python3.10/site-packages/airflow/example_dags/example_outlet_event_extra.py took 0.256 seconds
[2025-01-15T23:36:19.099+0500] {processor.py:186} INFO - Started process (PID=7728) to work on /Users/mac/Desktop/Comapny2/CryptoPortfolioAI/.venv/lib/python3.10/site-packages/airflow/example_dags/example_outlet_event_extra.py
[2025-01-15T23:36:19.102+0500] {processor.py:914} INFO - Processing file /Users/mac/Desktop/Comapny2/CryptoPortfolioAI/.venv/lib/python3.10/site-packages/airflow/example_dags/example_outlet_event_extra.py for tasks to queue
[2025-01-15T23:36:19.104+0500] {logging_mixin.py:190} INFO - [2025-01-15T23:36:19.104+0500] {dagbag.py:588} INFO - Filling up the DagBag from /Users/mac/Desktop/Comapny2/CryptoPortfolioAI/.venv/lib/python3.10/site-packages/airflow/example_dags/example_outlet_event_extra.py
[2025-01-15T23:36:19.281+0500] {processor.py:925} INFO - DAG(s) 'dataset_with_extra_from_classic_operator', 'dataset_with_extra_by_yield', 'dataset_with_extra_by_context' retrieved from /Users/mac/Desktop/Comapny2/CryptoPortfolioAI/.venv/lib/python3.10/site-packages/airflow/example_dags/example_outlet_event_extra.py
[2025-01-15T23:36:19.462+0500] {logging_mixin.py:190} INFO - [2025-01-15T23:36:19.461+0500] {dag.py:3239} INFO - Sync 3 DAGs
[2025-01-15T23:36:19.488+0500] {logging_mixin.py:190} INFO - [2025-01-15T23:36:19.487+0500] {dag.py:4180} INFO - Setting next_dagrun for dataset_with_extra_by_context to 2025-01-14 00:00:00+00:00, run_after=2025-01-15 00:00:00+00:00
[2025-01-15T23:36:19.495+0500] {logging_mixin.py:190} INFO - [2025-01-15T23:36:19.495+0500] {dag.py:4180} INFO - Setting next_dagrun for dataset_with_extra_by_yield to 2025-01-14 00:00:00+00:00, run_after=2025-01-15 00:00:00+00:00
[2025-01-15T23:36:19.499+0500] {logging_mixin.py:190} INFO - [2025-01-15T23:36:19.499+0500] {dag.py:4180} INFO - Setting next_dagrun for dataset_with_extra_from_classic_operator to 2025-01-14 00:00:00+00:00, run_after=2025-01-15 00:00:00+00:00
[2025-01-15T23:36:19.529+0500] {processor.py:208} INFO - Processing /Users/mac/Desktop/Comapny2/CryptoPortfolioAI/.venv/lib/python3.10/site-packages/airflow/example_dags/example_outlet_event_extra.py took 0.435 seconds
[2025-01-15T23:39:02.949+0500] {processor.py:186} INFO - Started process (PID=8507) to work on /Users/mac/Desktop/Comapny2/CryptoPortfolioAI/.venv/lib/python3.10/site-packages/airflow/example_dags/example_outlet_event_extra.py
[2025-01-15T23:39:02.951+0500] {processor.py:914} INFO - Processing file /Users/mac/Desktop/Comapny2/CryptoPortfolioAI/.venv/lib/python3.10/site-packages/airflow/example_dags/example_outlet_event_extra.py for tasks to queue
[2025-01-15T23:39:02.953+0500] {logging_mixin.py:190} INFO - [2025-01-15T23:39:02.952+0500] {dagbag.py:588} INFO - Filling up the DagBag from /Users/mac/Desktop/Comapny2/CryptoPortfolioAI/.venv/lib/python3.10/site-packages/airflow/example_dags/example_outlet_event_extra.py
[2025-01-15T23:39:03.048+0500] {processor.py:925} INFO - DAG(s) 'dataset_with_extra_from_classic_operator', 'dataset_with_extra_by_yield', 'dataset_with_extra_by_context' retrieved from /Users/mac/Desktop/Comapny2/CryptoPortfolioAI/.venv/lib/python3.10/site-packages/airflow/example_dags/example_outlet_event_extra.py
[2025-01-15T23:39:03.180+0500] {logging_mixin.py:190} INFO - [2025-01-15T23:39:03.180+0500] {dag.py:3239} INFO - Sync 3 DAGs
[2025-01-15T23:39:03.203+0500] {logging_mixin.py:190} INFO - [2025-01-15T23:39:03.202+0500] {dag.py:4180} INFO - Setting next_dagrun for dataset_with_extra_by_context to 2025-01-14 00:00:00+00:00, run_after=2025-01-15 00:00:00+00:00
[2025-01-15T23:39:03.208+0500] {logging_mixin.py:190} INFO - [2025-01-15T23:39:03.207+0500] {dag.py:4180} INFO - Setting next_dagrun for dataset_with_extra_by_yield to 2025-01-14 00:00:00+00:00, run_after=2025-01-15 00:00:00+00:00
[2025-01-15T23:39:03.210+0500] {logging_mixin.py:190} INFO - [2025-01-15T23:39:03.210+0500] {dag.py:4180} INFO - Setting next_dagrun for dataset_with_extra_from_classic_operator to 2025-01-14 00:00:00+00:00, run_after=2025-01-15 00:00:00+00:00
[2025-01-15T23:39:03.238+0500] {processor.py:208} INFO - Processing /Users/mac/Desktop/Comapny2/CryptoPortfolioAI/.venv/lib/python3.10/site-packages/airflow/example_dags/example_outlet_event_extra.py took 0.294 seconds
[2025-01-15T23:42:20.938+0500] {processor.py:186} INFO - Started process (PID=9269) to work on /Users/mac/Desktop/Comapny2/CryptoPortfolioAI/.venv/lib/python3.10/site-packages/airflow/example_dags/example_outlet_event_extra.py
[2025-01-15T23:42:20.941+0500] {processor.py:914} INFO - Processing file /Users/mac/Desktop/Comapny2/CryptoPortfolioAI/.venv/lib/python3.10/site-packages/airflow/example_dags/example_outlet_event_extra.py for tasks to queue
[2025-01-15T23:42:20.943+0500] {logging_mixin.py:190} INFO - [2025-01-15T23:42:20.943+0500] {dagbag.py:588} INFO - Filling up the DagBag from /Users/mac/Desktop/Comapny2/CryptoPortfolioAI/.venv/lib/python3.10/site-packages/airflow/example_dags/example_outlet_event_extra.py
[2025-01-15T23:42:21.089+0500] {processor.py:925} INFO - DAG(s) 'dataset_with_extra_by_context', 'dataset_with_extra_from_classic_operator', 'dataset_with_extra_by_yield' retrieved from /Users/mac/Desktop/Comapny2/CryptoPortfolioAI/.venv/lib/python3.10/site-packages/airflow/example_dags/example_outlet_event_extra.py
[2025-01-15T23:42:21.240+0500] {logging_mixin.py:190} INFO - [2025-01-15T23:42:21.240+0500] {dag.py:3239} INFO - Sync 3 DAGs
[2025-01-15T23:42:21.266+0500] {logging_mixin.py:190} INFO - [2025-01-15T23:42:21.266+0500] {dag.py:4180} INFO - Setting next_dagrun for dataset_with_extra_by_context to 2025-01-14 00:00:00+00:00, run_after=2025-01-15 00:00:00+00:00
[2025-01-15T23:42:21.272+0500] {logging_mixin.py:190} INFO - [2025-01-15T23:42:21.272+0500] {dag.py:4180} INFO - Setting next_dagrun for dataset_with_extra_by_yield to 2025-01-14 00:00:00+00:00, run_after=2025-01-15 00:00:00+00:00
[2025-01-15T23:42:21.276+0500] {logging_mixin.py:190} INFO - [2025-01-15T23:42:21.276+0500] {dag.py:4180} INFO - Setting next_dagrun for dataset_with_extra_from_classic_operator to 2025-01-14 00:00:00+00:00, run_after=2025-01-15 00:00:00+00:00
[2025-01-15T23:42:21.314+0500] {processor.py:208} INFO - Processing /Users/mac/Desktop/Comapny2/CryptoPortfolioAI/.venv/lib/python3.10/site-packages/airflow/example_dags/example_outlet_event_extra.py took 0.380 seconds
