[2025-01-15T12:19:57.239+0500] {processor.py:186} INFO - Started process (PID=36331) to work on /Users/mac/Desktop/Comapny2/CryptoPortfolioAI/.venv/lib/python3.10/site-packages/airflow/example_dags/example_time_delta_sensor_async.py
[2025-01-15T12:19:57.240+0500] {processor.py:914} INFO - Processing file /Users/mac/Desktop/Comapny2/CryptoPortfolioAI/.venv/lib/python3.10/site-packages/airflow/example_dags/example_time_delta_sensor_async.py for tasks to queue
[2025-01-15T12:19:57.242+0500] {logging_mixin.py:190} INFO - [2025-01-15T12:19:57.242+0500] {dagbag.py:588} INFO - Filling up the DagBag from /Users/mac/Desktop/Comapny2/CryptoPortfolioAI/.venv/lib/python3.10/site-packages/airflow/example_dags/example_time_delta_sensor_async.py
[2025-01-15T12:19:57.249+0500] {processor.py:925} INFO - DAG(s) 'example_time_delta_sensor_async' retrieved from /Users/mac/Desktop/Comapny2/CryptoPortfolioAI/.venv/lib/python3.10/site-packages/airflow/example_dags/example_time_delta_sensor_async.py
[2025-01-15T12:19:57.837+0500] {logging_mixin.py:190} INFO - [2025-01-15T12:19:57.836+0500] {override.py:1912} INFO - Created Permission View: can read on DAG:example_time_delta_sensor_async
[2025-01-15T12:19:57.846+0500] {logging_mixin.py:190} INFO - [2025-01-15T12:19:57.846+0500] {override.py:1912} INFO - Created Permission View: can edit on DAG:example_time_delta_sensor_async
[2025-01-15T12:19:57.854+0500] {logging_mixin.py:190} INFO - [2025-01-15T12:19:57.854+0500] {override.py:1912} INFO - Created Permission View: can delete on DAG:example_time_delta_sensor_async
[2025-01-15T12:19:57.863+0500] {logging_mixin.py:190} INFO - [2025-01-15T12:19:57.863+0500] {override.py:1912} INFO - Created Permission View: can create on DAG Run:example_time_delta_sensor_async
[2025-01-15T12:19:57.871+0500] {logging_mixin.py:190} INFO - [2025-01-15T12:19:57.870+0500] {override.py:1912} INFO - Created Permission View: can read on DAG Run:example_time_delta_sensor_async
[2025-01-15T12:19:57.877+0500] {logging_mixin.py:190} INFO - [2025-01-15T12:19:57.877+0500] {override.py:1912} INFO - Created Permission View: can delete on DAG Run:example_time_delta_sensor_async
[2025-01-15T12:19:57.884+0500] {logging_mixin.py:190} INFO - [2025-01-15T12:19:57.884+0500] {override.py:1912} INFO - Created Permission View: menu access on DAG Run:example_time_delta_sensor_async
[2025-01-15T12:19:57.885+0500] {logging_mixin.py:190} INFO - [2025-01-15T12:19:57.885+0500] {dag.py:3239} INFO - Sync 1 DAGs
[2025-01-15T12:19:57.897+0500] {logging_mixin.py:190} INFO - [2025-01-15T12:19:57.897+0500] {dag.py:3262} INFO - Creating ORM DAG for example_time_delta_sensor_async
[2025-01-15T12:19:57.898+0500] {logging_mixin.py:190} INFO - [2025-01-15T12:19:57.898+0500] {dag.py:4180} INFO - Setting next_dagrun for example_time_delta_sensor_async to None, run_after=None
[2025-01-15T12:19:57.916+0500] {processor.py:208} INFO - Processing /Users/mac/Desktop/Comapny2/CryptoPortfolioAI/.venv/lib/python3.10/site-packages/airflow/example_dags/example_time_delta_sensor_async.py took 0.683 seconds
[2025-01-15T23:20:53.671+0500] {processor.py:186} INFO - Started process (PID=3383) to work on /Users/mac/Desktop/Comapny2/CryptoPortfolioAI/.venv/lib/python3.10/site-packages/airflow/example_dags/example_time_delta_sensor_async.py
[2025-01-15T23:20:53.673+0500] {processor.py:914} INFO - Processing file /Users/mac/Desktop/Comapny2/CryptoPortfolioAI/.venv/lib/python3.10/site-packages/airflow/example_dags/example_time_delta_sensor_async.py for tasks to queue
[2025-01-15T23:20:53.674+0500] {logging_mixin.py:190} INFO - [2025-01-15T23:20:53.674+0500] {dagbag.py:588} INFO - Filling up the DagBag from /Users/mac/Desktop/Comapny2/CryptoPortfolioAI/.venv/lib/python3.10/site-packages/airflow/example_dags/example_time_delta_sensor_async.py
[2025-01-15T23:20:53.685+0500] {processor.py:925} INFO - DAG(s) 'example_time_delta_sensor_async' retrieved from /Users/mac/Desktop/Comapny2/CryptoPortfolioAI/.venv/lib/python3.10/site-packages/airflow/example_dags/example_time_delta_sensor_async.py
[2025-01-15T23:20:54.358+0500] {logging_mixin.py:190} INFO - [2025-01-15T23:20:54.357+0500] {dag.py:3239} INFO - Sync 1 DAGs
[2025-01-15T23:20:54.377+0500] {logging_mixin.py:190} INFO - [2025-01-15T23:20:54.376+0500] {dag.py:4180} INFO - Setting next_dagrun for example_time_delta_sensor_async to None, run_after=None
[2025-01-15T23:20:54.405+0500] {processor.py:208} INFO - Processing /Users/mac/Desktop/Comapny2/CryptoPortfolioAI/.venv/lib/python3.10/site-packages/airflow/example_dags/example_time_delta_sensor_async.py took 0.740 seconds
[2025-01-15T23:25:07.107+0500] {processor.py:186} INFO - Started process (PID=4513) to work on /Users/mac/Desktop/Comapny2/CryptoPortfolioAI/.venv/lib/python3.10/site-packages/airflow/example_dags/example_time_delta_sensor_async.py
[2025-01-15T23:25:07.109+0500] {processor.py:914} INFO - Processing file /Users/mac/Desktop/Comapny2/CryptoPortfolioAI/.venv/lib/python3.10/site-packages/airflow/example_dags/example_time_delta_sensor_async.py for tasks to queue
[2025-01-15T23:25:07.112+0500] {logging_mixin.py:190} INFO - [2025-01-15T23:25:07.111+0500] {dagbag.py:588} INFO - Filling up the DagBag from /Users/mac/Desktop/Comapny2/CryptoPortfolioAI/.venv/lib/python3.10/site-packages/airflow/example_dags/example_time_delta_sensor_async.py
[2025-01-15T23:25:07.124+0500] {processor.py:925} INFO - DAG(s) 'example_time_delta_sensor_async' retrieved from /Users/mac/Desktop/Comapny2/CryptoPortfolioAI/.venv/lib/python3.10/site-packages/airflow/example_dags/example_time_delta_sensor_async.py
[2025-01-15T23:25:07.963+0500] {logging_mixin.py:190} INFO - [2025-01-15T23:25:07.962+0500] {dag.py:3239} INFO - Sync 1 DAGs
[2025-01-15T23:25:07.975+0500] {logging_mixin.py:190} INFO - [2025-01-15T23:25:07.975+0500] {dag.py:4180} INFO - Setting next_dagrun for example_time_delta_sensor_async to None, run_after=None
[2025-01-15T23:25:08.001+0500] {processor.py:208} INFO - Processing /Users/mac/Desktop/Comapny2/CryptoPortfolioAI/.venv/lib/python3.10/site-packages/airflow/example_dags/example_time_delta_sensor_async.py took 0.900 seconds
[2025-01-15T23:29:12.238+0500] {processor.py:186} INFO - Started process (PID=5729) to work on /Users/mac/Desktop/Comapny2/CryptoPortfolioAI/.venv/lib/python3.10/site-packages/airflow/example_dags/example_time_delta_sensor_async.py
[2025-01-15T23:29:12.240+0500] {processor.py:914} INFO - Processing file /Users/mac/Desktop/Comapny2/CryptoPortfolioAI/.venv/lib/python3.10/site-packages/airflow/example_dags/example_time_delta_sensor_async.py for tasks to queue
[2025-01-15T23:29:12.242+0500] {logging_mixin.py:190} INFO - [2025-01-15T23:29:12.242+0500] {dagbag.py:588} INFO - Filling up the DagBag from /Users/mac/Desktop/Comapny2/CryptoPortfolioAI/.venv/lib/python3.10/site-packages/airflow/example_dags/example_time_delta_sensor_async.py
[2025-01-15T23:29:12.257+0500] {processor.py:925} INFO - DAG(s) 'example_time_delta_sensor_async' retrieved from /Users/mac/Desktop/Comapny2/CryptoPortfolioAI/.venv/lib/python3.10/site-packages/airflow/example_dags/example_time_delta_sensor_async.py
[2025-01-15T23:29:13.059+0500] {logging_mixin.py:190} INFO - [2025-01-15T23:29:13.059+0500] {dag.py:3239} INFO - Sync 1 DAGs
[2025-01-15T23:29:13.071+0500] {logging_mixin.py:190} INFO - [2025-01-15T23:29:13.071+0500] {dag.py:4180} INFO - Setting next_dagrun for example_time_delta_sensor_async to None, run_after=None
[2025-01-15T23:29:13.091+0500] {processor.py:208} INFO - Processing /Users/mac/Desktop/Comapny2/CryptoPortfolioAI/.venv/lib/python3.10/site-packages/airflow/example_dags/example_time_delta_sensor_async.py took 0.858 seconds
[2025-01-15T23:32:27.301+0500] {processor.py:186} INFO - Started process (PID=6718) to work on /Users/mac/Desktop/Comapny2/CryptoPortfolioAI/.venv/lib/python3.10/site-packages/airflow/example_dags/example_time_delta_sensor_async.py
[2025-01-15T23:32:27.304+0500] {processor.py:914} INFO - Processing file /Users/mac/Desktop/Comapny2/CryptoPortfolioAI/.venv/lib/python3.10/site-packages/airflow/example_dags/example_time_delta_sensor_async.py for tasks to queue
[2025-01-15T23:32:27.306+0500] {logging_mixin.py:190} INFO - [2025-01-15T23:32:27.305+0500] {dagbag.py:588} INFO - Filling up the DagBag from /Users/mac/Desktop/Comapny2/CryptoPortfolioAI/.venv/lib/python3.10/site-packages/airflow/example_dags/example_time_delta_sensor_async.py
[2025-01-15T23:32:27.316+0500] {processor.py:925} INFO - DAG(s) 'example_time_delta_sensor_async' retrieved from /Users/mac/Desktop/Comapny2/CryptoPortfolioAI/.venv/lib/python3.10/site-packages/airflow/example_dags/example_time_delta_sensor_async.py
[2025-01-15T23:32:27.855+0500] {logging_mixin.py:190} INFO - [2025-01-15T23:32:27.854+0500] {dag.py:3239} INFO - Sync 1 DAGs
[2025-01-15T23:32:27.866+0500] {logging_mixin.py:190} INFO - [2025-01-15T23:32:27.866+0500] {dag.py:4180} INFO - Setting next_dagrun for example_time_delta_sensor_async to None, run_after=None
[2025-01-15T23:32:27.885+0500] {processor.py:208} INFO - Processing /Users/mac/Desktop/Comapny2/CryptoPortfolioAI/.venv/lib/python3.10/site-packages/airflow/example_dags/example_time_delta_sensor_async.py took 0.588 seconds
[2025-01-15T23:35:18.062+0500] {processor.py:186} INFO - Started process (PID=7477) to work on /Users/mac/Desktop/Comapny2/CryptoPortfolioAI/.venv/lib/python3.10/site-packages/airflow/example_dags/example_time_delta_sensor_async.py
[2025-01-15T23:35:18.065+0500] {processor.py:914} INFO - Processing file /Users/mac/Desktop/Comapny2/CryptoPortfolioAI/.venv/lib/python3.10/site-packages/airflow/example_dags/example_time_delta_sensor_async.py for tasks to queue
[2025-01-15T23:35:18.067+0500] {logging_mixin.py:190} INFO - [2025-01-15T23:35:18.066+0500] {dagbag.py:588} INFO - Filling up the DagBag from /Users/mac/Desktop/Comapny2/CryptoPortfolioAI/.venv/lib/python3.10/site-packages/airflow/example_dags/example_time_delta_sensor_async.py
[2025-01-15T23:35:18.079+0500] {processor.py:925} INFO - DAG(s) 'example_time_delta_sensor_async' retrieved from /Users/mac/Desktop/Comapny2/CryptoPortfolioAI/.venv/lib/python3.10/site-packages/airflow/example_dags/example_time_delta_sensor_async.py
[2025-01-15T23:35:18.761+0500] {logging_mixin.py:190} INFO - [2025-01-15T23:35:18.761+0500] {dag.py:3239} INFO - Sync 1 DAGs
[2025-01-15T23:35:18.774+0500] {logging_mixin.py:190} INFO - [2025-01-15T23:35:18.774+0500] {dag.py:4180} INFO - Setting next_dagrun for example_time_delta_sensor_async to None, run_after=None
[2025-01-15T23:35:18.794+0500] {processor.py:208} INFO - Processing /Users/mac/Desktop/Comapny2/CryptoPortfolioAI/.venv/lib/python3.10/site-packages/airflow/example_dags/example_time_delta_sensor_async.py took 0.738 seconds
[2025-01-15T23:38:04.721+0500] {processor.py:186} INFO - Started process (PID=8246) to work on /Users/mac/Desktop/Comapny2/CryptoPortfolioAI/.venv/lib/python3.10/site-packages/airflow/example_dags/example_time_delta_sensor_async.py
[2025-01-15T23:38:04.724+0500] {processor.py:914} INFO - Processing file /Users/mac/Desktop/Comapny2/CryptoPortfolioAI/.venv/lib/python3.10/site-packages/airflow/example_dags/example_time_delta_sensor_async.py for tasks to queue
[2025-01-15T23:38:04.726+0500] {logging_mixin.py:190} INFO - [2025-01-15T23:38:04.725+0500] {dagbag.py:588} INFO - Filling up the DagBag from /Users/mac/Desktop/Comapny2/CryptoPortfolioAI/.venv/lib/python3.10/site-packages/airflow/example_dags/example_time_delta_sensor_async.py
[2025-01-15T23:38:04.738+0500] {processor.py:925} INFO - DAG(s) 'example_time_delta_sensor_async' retrieved from /Users/mac/Desktop/Comapny2/CryptoPortfolioAI/.venv/lib/python3.10/site-packages/airflow/example_dags/example_time_delta_sensor_async.py
[2025-01-15T23:38:05.254+0500] {logging_mixin.py:190} INFO - [2025-01-15T23:38:05.253+0500] {dag.py:3239} INFO - Sync 1 DAGs
[2025-01-15T23:38:05.266+0500] {logging_mixin.py:190} INFO - [2025-01-15T23:38:05.266+0500] {dag.py:4180} INFO - Setting next_dagrun for example_time_delta_sensor_async to None, run_after=None
[2025-01-15T23:38:05.286+0500] {processor.py:208} INFO - Processing /Users/mac/Desktop/Comapny2/CryptoPortfolioAI/.venv/lib/python3.10/site-packages/airflow/example_dags/example_time_delta_sensor_async.py took 0.569 seconds
[2025-01-15T23:41:12.130+0500] {processor.py:186} INFO - Started process (PID=9018) to work on /Users/mac/Desktop/Comapny2/CryptoPortfolioAI/.venv/lib/python3.10/site-packages/airflow/example_dags/example_time_delta_sensor_async.py
[2025-01-15T23:41:12.132+0500] {processor.py:914} INFO - Processing file /Users/mac/Desktop/Comapny2/CryptoPortfolioAI/.venv/lib/python3.10/site-packages/airflow/example_dags/example_time_delta_sensor_async.py for tasks to queue
[2025-01-15T23:41:12.134+0500] {logging_mixin.py:190} INFO - [2025-01-15T23:41:12.134+0500] {dagbag.py:588} INFO - Filling up the DagBag from /Users/mac/Desktop/Comapny2/CryptoPortfolioAI/.venv/lib/python3.10/site-packages/airflow/example_dags/example_time_delta_sensor_async.py
[2025-01-15T23:41:12.152+0500] {processor.py:925} INFO - DAG(s) 'example_time_delta_sensor_async' retrieved from /Users/mac/Desktop/Comapny2/CryptoPortfolioAI/.venv/lib/python3.10/site-packages/airflow/example_dags/example_time_delta_sensor_async.py
[2025-01-15T23:41:13.063+0500] {logging_mixin.py:190} INFO - [2025-01-15T23:41:13.063+0500] {dag.py:3239} INFO - Sync 1 DAGs
[2025-01-15T23:41:13.075+0500] {logging_mixin.py:190} INFO - [2025-01-15T23:41:13.075+0500] {dag.py:4180} INFO - Setting next_dagrun for example_time_delta_sensor_async to None, run_after=None
[2025-01-15T23:41:13.106+0500] {processor.py:208} INFO - Processing /Users/mac/Desktop/Comapny2/CryptoPortfolioAI/.venv/lib/python3.10/site-packages/airflow/example_dags/example_time_delta_sensor_async.py took 0.982 seconds
