[2025-01-15T12:20:11.602+0500] {processor.py:186} INFO - Started process (PID=36381) to work on /Users/mac/Desktop/Comapny2/CryptoPortfolioAI/.venv/lib/python3.10/site-packages/airflow/example_dags/example_sla_dag.py
[2025-01-15T12:20:11.603+0500] {processor.py:914} INFO - Processing file /Users/mac/Desktop/Comapny2/CryptoPortfolioAI/.venv/lib/python3.10/site-packages/airflow/example_dags/example_sla_dag.py for tasks to queue
[2025-01-15T12:20:11.604+0500] {logging_mixin.py:190} INFO - [2025-01-15T12:20:11.604+0500] {dagbag.py:588} INFO - Filling up the DagBag from /Users/mac/Desktop/Comapny2/CryptoPortfolioAI/.venv/lib/python3.10/site-packages/airflow/example_dags/example_sla_dag.py
[2025-01-15T12:20:11.666+0500] {processor.py:925} INFO - DAG(s) 'example_sla_dag' retrieved from /Users/mac/Desktop/Comapny2/CryptoPortfolioAI/.venv/lib/python3.10/site-packages/airflow/example_dags/example_sla_dag.py
[2025-01-15T12:20:11.874+0500] {logging_mixin.py:190} INFO - [2025-01-15T12:20:11.873+0500] {override.py:1912} INFO - Created Permission View: can edit on DAG:example_sla_dag
[2025-01-15T12:20:11.884+0500] {logging_mixin.py:190} INFO - [2025-01-15T12:20:11.884+0500] {override.py:1912} INFO - Created Permission View: can read on DAG:example_sla_dag
[2025-01-15T12:20:11.891+0500] {logging_mixin.py:190} INFO - [2025-01-15T12:20:11.891+0500] {override.py:1912} INFO - Created Permission View: can delete on DAG:example_sla_dag
[2025-01-15T12:20:11.901+0500] {logging_mixin.py:190} INFO - [2025-01-15T12:20:11.901+0500] {override.py:1912} INFO - Created Permission View: can create on DAG Run:example_sla_dag
[2025-01-15T12:20:11.908+0500] {logging_mixin.py:190} INFO - [2025-01-15T12:20:11.908+0500] {override.py:1912} INFO - Created Permission View: menu access on DAG Run:example_sla_dag
[2025-01-15T12:20:11.916+0500] {logging_mixin.py:190} INFO - [2025-01-15T12:20:11.916+0500] {override.py:1912} INFO - Created Permission View: can read on DAG Run:example_sla_dag
[2025-01-15T12:20:11.925+0500] {logging_mixin.py:190} INFO - [2025-01-15T12:20:11.924+0500] {override.py:1912} INFO - Created Permission View: can delete on DAG Run:example_sla_dag
[2025-01-15T12:20:11.925+0500] {logging_mixin.py:190} INFO - [2025-01-15T12:20:11.925+0500] {dag.py:3239} INFO - Sync 1 DAGs
[2025-01-15T12:20:11.940+0500] {logging_mixin.py:190} INFO - [2025-01-15T12:20:11.940+0500] {dag.py:3262} INFO - Creating ORM DAG for example_sla_dag
[2025-01-15T12:20:11.953+0500] {logging_mixin.py:190} INFO - [2025-01-15T12:20:11.953+0500] {dag.py:4180} INFO - Setting next_dagrun for example_sla_dag to 2025-01-15 07:18:00+00:00, run_after=2025-01-15 07:20:00+00:00
[2025-01-15T12:20:11.972+0500] {processor.py:208} INFO - Processing /Users/mac/Desktop/Comapny2/CryptoPortfolioAI/.venv/lib/python3.10/site-packages/airflow/example_dags/example_sla_dag.py took 0.375 seconds
[2025-01-15T23:21:10.794+0500] {processor.py:186} INFO - Started process (PID=3456) to work on /Users/mac/Desktop/Comapny2/CryptoPortfolioAI/.venv/lib/python3.10/site-packages/airflow/example_dags/example_sla_dag.py
[2025-01-15T23:21:10.796+0500] {processor.py:914} INFO - Processing file /Users/mac/Desktop/Comapny2/CryptoPortfolioAI/.venv/lib/python3.10/site-packages/airflow/example_dags/example_sla_dag.py for tasks to queue
[2025-01-15T23:21:10.797+0500] {logging_mixin.py:190} INFO - [2025-01-15T23:21:10.797+0500] {dagbag.py:588} INFO - Filling up the DagBag from /Users/mac/Desktop/Comapny2/CryptoPortfolioAI/.venv/lib/python3.10/site-packages/airflow/example_dags/example_sla_dag.py
[2025-01-15T23:21:10.874+0500] {processor.py:925} INFO - DAG(s) 'example_sla_dag' retrieved from /Users/mac/Desktop/Comapny2/CryptoPortfolioAI/.venv/lib/python3.10/site-packages/airflow/example_dags/example_sla_dag.py
[2025-01-15T23:21:11.171+0500] {logging_mixin.py:190} INFO - [2025-01-15T23:21:11.170+0500] {dag.py:3239} INFO - Sync 1 DAGs
[2025-01-15T23:21:11.218+0500] {logging_mixin.py:190} INFO - [2025-01-15T23:21:11.218+0500] {dag.py:4180} INFO - Setting next_dagrun for example_sla_dag to 2025-01-15 18:18:00+00:00, run_after=2025-01-15 18:20:00+00:00
[2025-01-15T23:21:11.243+0500] {processor.py:208} INFO - Processing /Users/mac/Desktop/Comapny2/CryptoPortfolioAI/.venv/lib/python3.10/site-packages/airflow/example_dags/example_sla_dag.py took 0.454 seconds
[2025-01-15T23:25:24.304+0500] {processor.py:186} INFO - Started process (PID=4587) to work on /Users/mac/Desktop/Comapny2/CryptoPortfolioAI/.venv/lib/python3.10/site-packages/airflow/example_dags/example_sla_dag.py
[2025-01-15T23:25:24.307+0500] {processor.py:914} INFO - Processing file /Users/mac/Desktop/Comapny2/CryptoPortfolioAI/.venv/lib/python3.10/site-packages/airflow/example_dags/example_sla_dag.py for tasks to queue
[2025-01-15T23:25:24.308+0500] {logging_mixin.py:190} INFO - [2025-01-15T23:25:24.308+0500] {dagbag.py:588} INFO - Filling up the DagBag from /Users/mac/Desktop/Comapny2/CryptoPortfolioAI/.venv/lib/python3.10/site-packages/airflow/example_dags/example_sla_dag.py
[2025-01-15T23:25:24.363+0500] {processor.py:925} INFO - DAG(s) 'example_sla_dag' retrieved from /Users/mac/Desktop/Comapny2/CryptoPortfolioAI/.venv/lib/python3.10/site-packages/airflow/example_dags/example_sla_dag.py
[2025-01-15T23:25:24.496+0500] {logging_mixin.py:190} INFO - [2025-01-15T23:25:24.496+0500] {dag.py:3239} INFO - Sync 1 DAGs
[2025-01-15T23:25:24.524+0500] {logging_mixin.py:190} INFO - [2025-01-15T23:25:24.524+0500] {dag.py:4180} INFO - Setting next_dagrun for example_sla_dag to 2025-01-15 18:22:00+00:00, run_after=2025-01-15 18:24:00+00:00
[2025-01-15T23:25:24.548+0500] {processor.py:208} INFO - Processing /Users/mac/Desktop/Comapny2/CryptoPortfolioAI/.venv/lib/python3.10/site-packages/airflow/example_dags/example_sla_dag.py took 0.248 seconds
[2025-01-15T23:29:32.385+0500] {processor.py:186} INFO - Started process (PID=5833) to work on /Users/mac/Desktop/Comapny2/CryptoPortfolioAI/.venv/lib/python3.10/site-packages/airflow/example_dags/example_sla_dag.py
[2025-01-15T23:29:32.388+0500] {processor.py:914} INFO - Processing file /Users/mac/Desktop/Comapny2/CryptoPortfolioAI/.venv/lib/python3.10/site-packages/airflow/example_dags/example_sla_dag.py for tasks to queue
[2025-01-15T23:29:32.390+0500] {logging_mixin.py:190} INFO - [2025-01-15T23:29:32.389+0500] {dagbag.py:588} INFO - Filling up the DagBag from /Users/mac/Desktop/Comapny2/CryptoPortfolioAI/.venv/lib/python3.10/site-packages/airflow/example_dags/example_sla_dag.py
[2025-01-15T23:29:32.452+0500] {processor.py:925} INFO - DAG(s) 'example_sla_dag' retrieved from /Users/mac/Desktop/Comapny2/CryptoPortfolioAI/.venv/lib/python3.10/site-packages/airflow/example_dags/example_sla_dag.py
[2025-01-15T23:29:32.568+0500] {logging_mixin.py:190} INFO - [2025-01-15T23:29:32.567+0500] {dag.py:3239} INFO - Sync 1 DAGs
[2025-01-15T23:29:32.592+0500] {logging_mixin.py:190} INFO - [2025-01-15T23:29:32.592+0500] {dag.py:4180} INFO - Setting next_dagrun for example_sla_dag to 2025-01-15 18:26:00+00:00, run_after=2025-01-15 18:28:00+00:00
[2025-01-15T23:29:32.614+0500] {processor.py:208} INFO - Processing /Users/mac/Desktop/Comapny2/CryptoPortfolioAI/.venv/lib/python3.10/site-packages/airflow/example_dags/example_sla_dag.py took 0.234 seconds
[2025-01-15T23:32:41.837+0500] {processor.py:186} INFO - Started process (PID=6780) to work on /Users/mac/Desktop/Comapny2/CryptoPortfolioAI/.venv/lib/python3.10/site-packages/airflow/example_dags/example_sla_dag.py
[2025-01-15T23:32:41.838+0500] {processor.py:914} INFO - Processing file /Users/mac/Desktop/Comapny2/CryptoPortfolioAI/.venv/lib/python3.10/site-packages/airflow/example_dags/example_sla_dag.py for tasks to queue
[2025-01-15T23:32:41.840+0500] {logging_mixin.py:190} INFO - [2025-01-15T23:32:41.840+0500] {dagbag.py:588} INFO - Filling up the DagBag from /Users/mac/Desktop/Comapny2/CryptoPortfolioAI/.venv/lib/python3.10/site-packages/airflow/example_dags/example_sla_dag.py
[2025-01-15T23:32:41.881+0500] {processor.py:925} INFO - DAG(s) 'example_sla_dag' retrieved from /Users/mac/Desktop/Comapny2/CryptoPortfolioAI/.venv/lib/python3.10/site-packages/airflow/example_dags/example_sla_dag.py
[2025-01-15T23:32:41.994+0500] {logging_mixin.py:190} INFO - [2025-01-15T23:32:41.994+0500] {dag.py:3239} INFO - Sync 1 DAGs
[2025-01-15T23:32:42.015+0500] {logging_mixin.py:190} INFO - [2025-01-15T23:32:42.015+0500] {dag.py:4180} INFO - Setting next_dagrun for example_sla_dag to 2025-01-15 18:30:00+00:00, run_after=2025-01-15 18:32:00+00:00
[2025-01-15T23:32:42.037+0500] {processor.py:208} INFO - Processing /Users/mac/Desktop/Comapny2/CryptoPortfolioAI/.venv/lib/python3.10/site-packages/airflow/example_dags/example_sla_dag.py took 0.205 seconds
[2025-01-15T23:35:31.892+0500] {processor.py:186} INFO - Started process (PID=7539) to work on /Users/mac/Desktop/Comapny2/CryptoPortfolioAI/.venv/lib/python3.10/site-packages/airflow/example_dags/example_sla_dag.py
[2025-01-15T23:35:31.894+0500] {processor.py:914} INFO - Processing file /Users/mac/Desktop/Comapny2/CryptoPortfolioAI/.venv/lib/python3.10/site-packages/airflow/example_dags/example_sla_dag.py for tasks to queue
[2025-01-15T23:35:31.896+0500] {logging_mixin.py:190} INFO - [2025-01-15T23:35:31.896+0500] {dagbag.py:588} INFO - Filling up the DagBag from /Users/mac/Desktop/Comapny2/CryptoPortfolioAI/.venv/lib/python3.10/site-packages/airflow/example_dags/example_sla_dag.py
[2025-01-15T23:35:31.937+0500] {processor.py:925} INFO - DAG(s) 'example_sla_dag' retrieved from /Users/mac/Desktop/Comapny2/CryptoPortfolioAI/.venv/lib/python3.10/site-packages/airflow/example_dags/example_sla_dag.py
[2025-01-15T23:35:32.040+0500] {logging_mixin.py:190} INFO - [2025-01-15T23:35:32.040+0500] {dag.py:3239} INFO - Sync 1 DAGs
[2025-01-15T23:35:32.063+0500] {logging_mixin.py:190} INFO - [2025-01-15T23:35:32.063+0500] {dag.py:4180} INFO - Setting next_dagrun for example_sla_dag to 2025-01-15 18:32:00+00:00, run_after=2025-01-15 18:34:00+00:00
[2025-01-15T23:35:32.083+0500] {processor.py:208} INFO - Processing /Users/mac/Desktop/Comapny2/CryptoPortfolioAI/.venv/lib/python3.10/site-packages/airflow/example_dags/example_sla_dag.py took 0.196 seconds
[2025-01-15T23:38:18.860+0500] {processor.py:186} INFO - Started process (PID=8304) to work on /Users/mac/Desktop/Comapny2/CryptoPortfolioAI/.venv/lib/python3.10/site-packages/airflow/example_dags/example_sla_dag.py
[2025-01-15T23:38:18.862+0500] {processor.py:914} INFO - Processing file /Users/mac/Desktop/Comapny2/CryptoPortfolioAI/.venv/lib/python3.10/site-packages/airflow/example_dags/example_sla_dag.py for tasks to queue
[2025-01-15T23:38:18.864+0500] {logging_mixin.py:190} INFO - [2025-01-15T23:38:18.864+0500] {dagbag.py:588} INFO - Filling up the DagBag from /Users/mac/Desktop/Comapny2/CryptoPortfolioAI/.venv/lib/python3.10/site-packages/airflow/example_dags/example_sla_dag.py
[2025-01-15T23:38:18.904+0500] {processor.py:925} INFO - DAG(s) 'example_sla_dag' retrieved from /Users/mac/Desktop/Comapny2/CryptoPortfolioAI/.venv/lib/python3.10/site-packages/airflow/example_dags/example_sla_dag.py
[2025-01-15T23:38:19.007+0500] {logging_mixin.py:190} INFO - [2025-01-15T23:38:19.007+0500] {dag.py:3239} INFO - Sync 1 DAGs
[2025-01-15T23:38:19.029+0500] {logging_mixin.py:190} INFO - [2025-01-15T23:38:19.029+0500] {dag.py:4180} INFO - Setting next_dagrun for example_sla_dag to 2025-01-15 18:36:00+00:00, run_after=2025-01-15 18:38:00+00:00
[2025-01-15T23:38:19.128+0500] {processor.py:208} INFO - Processing /Users/mac/Desktop/Comapny2/CryptoPortfolioAI/.venv/lib/python3.10/site-packages/airflow/example_dags/example_sla_dag.py took 0.273 seconds
[2025-01-15T23:41:28.683+0500] {processor.py:186} INFO - Started process (PID=9074) to work on /Users/mac/Desktop/Comapny2/CryptoPortfolioAI/.venv/lib/python3.10/site-packages/airflow/example_dags/example_sla_dag.py
[2025-01-15T23:41:28.685+0500] {processor.py:914} INFO - Processing file /Users/mac/Desktop/Comapny2/CryptoPortfolioAI/.venv/lib/python3.10/site-packages/airflow/example_dags/example_sla_dag.py for tasks to queue
[2025-01-15T23:41:28.687+0500] {logging_mixin.py:190} INFO - [2025-01-15T23:41:28.687+0500] {dagbag.py:588} INFO - Filling up the DagBag from /Users/mac/Desktop/Comapny2/CryptoPortfolioAI/.venv/lib/python3.10/site-packages/airflow/example_dags/example_sla_dag.py
[2025-01-15T23:41:28.737+0500] {processor.py:925} INFO - DAG(s) 'example_sla_dag' retrieved from /Users/mac/Desktop/Comapny2/CryptoPortfolioAI/.venv/lib/python3.10/site-packages/airflow/example_dags/example_sla_dag.py
[2025-01-15T23:41:28.855+0500] {logging_mixin.py:190} INFO - [2025-01-15T23:41:28.854+0500] {dag.py:3239} INFO - Sync 1 DAGs
[2025-01-15T23:41:28.884+0500] {logging_mixin.py:190} INFO - [2025-01-15T23:41:28.883+0500] {dag.py:4180} INFO - Setting next_dagrun for example_sla_dag to 2025-01-15 18:38:00+00:00, run_after=2025-01-15 18:40:00+00:00
[2025-01-15T23:41:28.906+0500] {processor.py:208} INFO - Processing /Users/mac/Desktop/Comapny2/CryptoPortfolioAI/.venv/lib/python3.10/site-packages/airflow/example_dags/example_sla_dag.py took 0.228 seconds
