[2025-01-15T23:23:26.829+0500] {processor.py:186} INFO - Started process (PID=4076) to work on /Users/mac/Desktop/Comapny2/CryptoPortfolioAI/.venv/lib/python3.10/site-packages/airflow/example_dags/example_branch_operator.py
[2025-01-15T23:23:26.833+0500] {processor.py:914} INFO - Processing file /Users/mac/Desktop/Comapny2/CryptoPortfolioAI/.venv/lib/python3.10/site-packages/airflow/example_dags/example_branch_operator.py for tasks to queue
[2025-01-15T23:23:26.836+0500] {logging_mixin.py:190} INFO - [2025-01-15T23:23:26.836+0500] {dagbag.py:588} INFO - Filling up the DagBag from /Users/mac/Desktop/Comapny2/CryptoPortfolioAI/.venv/lib/python3.10/site-packages/airflow/example_dags/example_branch_operator.py
[2025-01-15T23:23:26.889+0500] {processor.py:927} WARNING - No viable dags retrieved from /Users/mac/Desktop/Comapny2/CryptoPortfolioAI/.venv/lib/python3.10/site-packages/airflow/example_dags/example_branch_operator.py
[2025-01-15T23:23:27.056+0500] {processor.py:208} INFO - Processing /Users/mac/Desktop/Comapny2/CryptoPortfolioAI/.venv/lib/python3.10/site-packages/airflow/example_dags/example_branch_operator.py took 0.234 seconds
[2025-01-15T23:31:08.460+0500] {processor.py:186} INFO - Started process (PID=6341) to work on /Users/mac/Desktop/Comapny2/CryptoPortfolioAI/.venv/lib/python3.10/site-packages/airflow/example_dags/example_branch_operator.py
[2025-01-15T23:31:08.463+0500] {processor.py:914} INFO - Processing file /Users/mac/Desktop/Comapny2/CryptoPortfolioAI/.venv/lib/python3.10/site-packages/airflow/example_dags/example_branch_operator.py for tasks to queue
[2025-01-15T23:31:08.464+0500] {logging_mixin.py:190} INFO - [2025-01-15T23:31:08.464+0500] {dagbag.py:588} INFO - Filling up the DagBag from /Users/mac/Desktop/Comapny2/CryptoPortfolioAI/.venv/lib/python3.10/site-packages/airflow/example_dags/example_branch_operator.py
[2025-01-15T23:31:08.488+0500] {processor.py:927} WARNING - No viable dags retrieved from /Users/mac/Desktop/Comapny2/CryptoPortfolioAI/.venv/lib/python3.10/site-packages/airflow/example_dags/example_branch_operator.py
[2025-01-15T23:31:08.637+0500] {processor.py:208} INFO - Processing /Users/mac/Desktop/Comapny2/CryptoPortfolioAI/.venv/lib/python3.10/site-packages/airflow/example_dags/example_branch_operator.py took 0.182 seconds
[2025-01-15T23:36:51.791+0500] {processor.py:186} INFO - Started process (PID=7885) to work on /Users/mac/Desktop/Comapny2/CryptoPortfolioAI/.venv/lib/python3.10/site-packages/airflow/example_dags/example_branch_operator.py
[2025-01-15T23:36:51.794+0500] {processor.py:914} INFO - Processing file /Users/mac/Desktop/Comapny2/CryptoPortfolioAI/.venv/lib/python3.10/site-packages/airflow/example_dags/example_branch_operator.py for tasks to queue
[2025-01-15T23:36:51.796+0500] {logging_mixin.py:190} INFO - [2025-01-15T23:36:51.795+0500] {dagbag.py:588} INFO - Filling up the DagBag from /Users/mac/Desktop/Comapny2/CryptoPortfolioAI/.venv/lib/python3.10/site-packages/airflow/example_dags/example_branch_operator.py
[2025-01-15T23:36:51.823+0500] {processor.py:927} WARNING - No viable dags retrieved from /Users/mac/Desktop/Comapny2/CryptoPortfolioAI/.venv/lib/python3.10/site-packages/airflow/example_dags/example_branch_operator.py
[2025-01-15T23:36:51.940+0500] {processor.py:208} INFO - Processing /Users/mac/Desktop/Comapny2/CryptoPortfolioAI/.venv/lib/python3.10/site-packages/airflow/example_dags/example_branch_operator.py took 0.154 seconds
[2025-01-15T23:43:02.306+0500] {processor.py:186} INFO - Started process (PID=9465) to work on /Users/mac/Desktop/Comapny2/CryptoPortfolioAI/.venv/lib/python3.10/site-packages/airflow/example_dags/example_branch_operator.py
[2025-01-15T23:43:02.309+0500] {processor.py:914} INFO - Processing file /Users/mac/Desktop/Comapny2/CryptoPortfolioAI/.venv/lib/python3.10/site-packages/airflow/example_dags/example_branch_operator.py for tasks to queue
[2025-01-15T23:43:02.310+0500] {logging_mixin.py:190} INFO - [2025-01-15T23:43:02.310+0500] {dagbag.py:588} INFO - Filling up the DagBag from /Users/mac/Desktop/Comapny2/CryptoPortfolioAI/.venv/lib/python3.10/site-packages/airflow/example_dags/example_branch_operator.py
[2025-01-15T23:43:02.341+0500] {processor.py:927} WARNING - No viable dags retrieved from /Users/mac/Desktop/Comapny2/CryptoPortfolioAI/.venv/lib/python3.10/site-packages/airflow/example_dags/example_branch_operator.py
[2025-01-15T23:43:02.455+0500] {processor.py:208} INFO - Processing /Users/mac/Desktop/Comapny2/CryptoPortfolioAI/.venv/lib/python3.10/site-packages/airflow/example_dags/example_branch_operator.py took 0.154 seconds
