[2025-01-15T23:22:49.943+0500] {processor.py:186} INFO - Started process (PID=3906) to work on /Users/mac/Desktop/Comapny2/CryptoPortfolioAI/.venv/lib/python3.10/site-packages/airflow/example_dags/example_display_name.py
[2025-01-15T23:22:49.945+0500] {processor.py:914} INFO - Processing file /Users/mac/Desktop/Comapny2/CryptoPortfolioAI/.venv/lib/python3.10/site-packages/airflow/example_dags/example_display_name.py for tasks to queue
[2025-01-15T23:22:49.947+0500] {logging_mixin.py:190} INFO - [2025-01-15T23:22:49.947+0500] {dagbag.py:588} INFO - Filling up the DagBag from /Users/mac/Desktop/Comapny2/CryptoPortfolioAI/.venv/lib/python3.10/site-packages/airflow/example_dags/example_display_name.py
[2025-01-15T23:22:50.040+0500] {processor.py:925} INFO - DAG(s) 'example_display_name' retrieved from /Users/mac/Desktop/Comapny2/CryptoPortfolioAI/.venv/lib/python3.10/site-packages/airflow/example_dags/example_display_name.py
[2025-01-15T23:22:50.555+0500] {logging_mixin.py:190} INFO - [2025-01-15T23:22:50.554+0500] {override.py:1912} INFO - Created Permission View: can read on DAG:example_display_name
[2025-01-15T23:22:50.601+0500] {logging_mixin.py:190} INFO - [2025-01-15T23:22:50.600+0500] {override.py:1912} INFO - Created Permission View: can delete on DAG:example_display_name
[2025-01-15T23:22:50.611+0500] {logging_mixin.py:190} INFO - [2025-01-15T23:22:50.611+0500] {override.py:1912} INFO - Created Permission View: can edit on DAG:example_display_name
[2025-01-15T23:22:50.625+0500] {logging_mixin.py:190} INFO - [2025-01-15T23:22:50.624+0500] {override.py:1912} INFO - Created Permission View: can read on DAG Run:example_display_name
[2025-01-15T23:22:50.635+0500] {logging_mixin.py:190} INFO - [2025-01-15T23:22:50.634+0500] {override.py:1912} INFO - Created Permission View: can delete on DAG Run:example_display_name
[2025-01-15T23:22:50.649+0500] {logging_mixin.py:190} INFO - [2025-01-15T23:22:50.648+0500] {override.py:1912} INFO - Created Permission View: can create on DAG Run:example_display_name
[2025-01-15T23:22:50.658+0500] {logging_mixin.py:190} INFO - [2025-01-15T23:22:50.658+0500] {override.py:1912} INFO - Created Permission View: menu access on DAG Run:example_display_name
[2025-01-15T23:22:50.659+0500] {logging_mixin.py:190} INFO - [2025-01-15T23:22:50.659+0500] {dag.py:3239} INFO - Sync 1 DAGs
[2025-01-15T23:22:50.673+0500] {logging_mixin.py:190} INFO - [2025-01-15T23:22:50.673+0500] {dag.py:3262} INFO - Creating ORM DAG for example_display_name
[2025-01-15T23:22:50.674+0500] {logging_mixin.py:190} INFO - [2025-01-15T23:22:50.673+0500] {dag.py:4180} INFO - Setting next_dagrun for example_display_name to None, run_after=None
[2025-01-15T23:22:50.809+0500] {processor.py:208} INFO - Processing /Users/mac/Desktop/Comapny2/CryptoPortfolioAI/.venv/lib/python3.10/site-packages/airflow/example_dags/example_display_name.py took 0.873 seconds
[2025-01-15T23:27:22.333+0500] {processor.py:186} INFO - Started process (PID=5125) to work on /Users/mac/Desktop/Comapny2/CryptoPortfolioAI/.venv/lib/python3.10/site-packages/airflow/example_dags/example_display_name.py
[2025-01-15T23:27:22.337+0500] {processor.py:914} INFO - Processing file /Users/mac/Desktop/Comapny2/CryptoPortfolioAI/.venv/lib/python3.10/site-packages/airflow/example_dags/example_display_name.py for tasks to queue
[2025-01-15T23:27:22.339+0500] {logging_mixin.py:190} INFO - [2025-01-15T23:27:22.339+0500] {dagbag.py:588} INFO - Filling up the DagBag from /Users/mac/Desktop/Comapny2/CryptoPortfolioAI/.venv/lib/python3.10/site-packages/airflow/example_dags/example_display_name.py
[2025-01-15T23:27:22.400+0500] {processor.py:925} INFO - DAG(s) 'example_display_name' retrieved from /Users/mac/Desktop/Comapny2/CryptoPortfolioAI/.venv/lib/python3.10/site-packages/airflow/example_dags/example_display_name.py
[2025-01-15T23:27:22.570+0500] {logging_mixin.py:190} INFO - [2025-01-15T23:27:22.569+0500] {dag.py:3239} INFO - Sync 1 DAGs
[2025-01-15T23:27:22.587+0500] {logging_mixin.py:190} INFO - [2025-01-15T23:27:22.587+0500] {dag.py:4180} INFO - Setting next_dagrun for example_display_name to None, run_after=None
[2025-01-15T23:27:22.616+0500] {processor.py:208} INFO - Processing /Users/mac/Desktop/Comapny2/CryptoPortfolioAI/.venv/lib/python3.10/site-packages/airflow/example_dags/example_display_name.py took 0.287 seconds
[2025-01-15T23:33:58.495+0500] {processor.py:186} INFO - Started process (PID=7130) to work on /Users/mac/Desktop/Comapny2/CryptoPortfolioAI/.venv/lib/python3.10/site-packages/airflow/example_dags/example_display_name.py
[2025-01-15T23:33:58.497+0500] {processor.py:914} INFO - Processing file /Users/mac/Desktop/Comapny2/CryptoPortfolioAI/.venv/lib/python3.10/site-packages/airflow/example_dags/example_display_name.py for tasks to queue
[2025-01-15T23:33:58.499+0500] {logging_mixin.py:190} INFO - [2025-01-15T23:33:58.499+0500] {dagbag.py:588} INFO - Filling up the DagBag from /Users/mac/Desktop/Comapny2/CryptoPortfolioAI/.venv/lib/python3.10/site-packages/airflow/example_dags/example_display_name.py
[2025-01-15T23:33:58.537+0500] {processor.py:925} INFO - DAG(s) 'example_display_name' retrieved from /Users/mac/Desktop/Comapny2/CryptoPortfolioAI/.venv/lib/python3.10/site-packages/airflow/example_dags/example_display_name.py
[2025-01-15T23:33:58.638+0500] {logging_mixin.py:190} INFO - [2025-01-15T23:33:58.638+0500] {dag.py:3239} INFO - Sync 1 DAGs
[2025-01-15T23:33:58.651+0500] {logging_mixin.py:190} INFO - [2025-01-15T23:33:58.651+0500] {dag.py:4180} INFO - Setting next_dagrun for example_display_name to None, run_after=None
[2025-01-15T23:33:58.670+0500] {processor.py:208} INFO - Processing /Users/mac/Desktop/Comapny2/CryptoPortfolioAI/.venv/lib/python3.10/site-packages/airflow/example_dags/example_display_name.py took 0.180 seconds
[2025-01-15T23:39:31.771+0500] {processor.py:186} INFO - Started process (PID=8634) to work on /Users/mac/Desktop/Comapny2/CryptoPortfolioAI/.venv/lib/python3.10/site-packages/airflow/example_dags/example_display_name.py
[2025-01-15T23:39:31.774+0500] {processor.py:914} INFO - Processing file /Users/mac/Desktop/Comapny2/CryptoPortfolioAI/.venv/lib/python3.10/site-packages/airflow/example_dags/example_display_name.py for tasks to queue
[2025-01-15T23:39:31.776+0500] {logging_mixin.py:190} INFO - [2025-01-15T23:39:31.775+0500] {dagbag.py:588} INFO - Filling up the DagBag from /Users/mac/Desktop/Comapny2/CryptoPortfolioAI/.venv/lib/python3.10/site-packages/airflow/example_dags/example_display_name.py
[2025-01-15T23:39:31.814+0500] {processor.py:925} INFO - DAG(s) 'example_display_name' retrieved from /Users/mac/Desktop/Comapny2/CryptoPortfolioAI/.venv/lib/python3.10/site-packages/airflow/example_dags/example_display_name.py
[2025-01-15T23:39:31.918+0500] {logging_mixin.py:190} INFO - [2025-01-15T23:39:31.917+0500] {dag.py:3239} INFO - Sync 1 DAGs
[2025-01-15T23:39:31.930+0500] {logging_mixin.py:190} INFO - [2025-01-15T23:39:31.930+0500] {dag.py:4180} INFO - Setting next_dagrun for example_display_name to None, run_after=None
[2025-01-15T23:39:31.952+0500] {processor.py:208} INFO - Processing /Users/mac/Desktop/Comapny2/CryptoPortfolioAI/.venv/lib/python3.10/site-packages/airflow/example_dags/example_display_name.py took 0.186 seconds
