[2025-01-15T12:20:00.734+0500] {processor.py:186} INFO - Started process (PID=36347) to work on /Users/mac/Desktop/Comapny2/CryptoPortfolioAI/.venv/lib/python3.10/site-packages/airflow/example_dags/example_task_group_decorator.py
[2025-01-15T12:20:00.735+0500] {processor.py:914} INFO - Processing file /Users/mac/Desktop/Comapny2/CryptoPortfolioAI/.venv/lib/python3.10/site-packages/airflow/example_dags/example_task_group_decorator.py for tasks to queue
[2025-01-15T12:20:00.737+0500] {logging_mixin.py:190} INFO - [2025-01-15T12:20:00.737+0500] {dagbag.py:588} INFO - Filling up the DagBag from /Users/mac/Desktop/Comapny2/CryptoPortfolioAI/.venv/lib/python3.10/site-packages/airflow/example_dags/example_task_group_decorator.py
[2025-01-15T12:20:00.777+0500] {processor.py:925} INFO - DAG(s) 'example_task_group_decorator' retrieved from /Users/mac/Desktop/Comapny2/CryptoPortfolioAI/.venv/lib/python3.10/site-packages/airflow/example_dags/example_task_group_decorator.py
[2025-01-15T12:20:00.967+0500] {logging_mixin.py:190} INFO - [2025-01-15T12:20:00.966+0500] {override.py:1912} INFO - Created Permission View: can edit on DAG:example_task_group_decorator
[2025-01-15T12:20:00.978+0500] {logging_mixin.py:190} INFO - [2025-01-15T12:20:00.978+0500] {override.py:1912} INFO - Created Permission View: can read on DAG:example_task_group_decorator
[2025-01-15T12:20:00.985+0500] {logging_mixin.py:190} INFO - [2025-01-15T12:20:00.984+0500] {override.py:1912} INFO - Created Permission View: can delete on DAG:example_task_group_decorator
[2025-01-15T12:20:00.995+0500] {logging_mixin.py:190} INFO - [2025-01-15T12:20:00.994+0500] {override.py:1912} INFO - Created Permission View: menu access on DAG Run:example_task_group_decorator
[2025-01-15T12:20:01.001+0500] {logging_mixin.py:190} INFO - [2025-01-15T12:20:01.000+0500] {override.py:1912} INFO - Created Permission View: can create on DAG Run:example_task_group_decorator
[2025-01-15T12:20:01.008+0500] {logging_mixin.py:190} INFO - [2025-01-15T12:20:01.008+0500] {override.py:1912} INFO - Created Permission View: can read on DAG Run:example_task_group_decorator
[2025-01-15T12:20:01.016+0500] {logging_mixin.py:190} INFO - [2025-01-15T12:20:01.016+0500] {override.py:1912} INFO - Created Permission View: can delete on DAG Run:example_task_group_decorator
[2025-01-15T12:20:01.016+0500] {logging_mixin.py:190} INFO - [2025-01-15T12:20:01.016+0500] {dag.py:3239} INFO - Sync 1 DAGs
[2025-01-15T12:20:01.028+0500] {logging_mixin.py:190} INFO - [2025-01-15T12:20:01.027+0500] {dag.py:3262} INFO - Creating ORM DAG for example_task_group_decorator
[2025-01-15T12:20:01.028+0500] {logging_mixin.py:190} INFO - [2025-01-15T12:20:01.028+0500] {dag.py:4180} INFO - Setting next_dagrun for example_task_group_decorator to None, run_after=None
[2025-01-15T12:20:01.046+0500] {processor.py:208} INFO - Processing /Users/mac/Desktop/Comapny2/CryptoPortfolioAI/.venv/lib/python3.10/site-packages/airflow/example_dags/example_task_group_decorator.py took 0.317 seconds
[2025-01-15T23:20:58.050+0500] {processor.py:186} INFO - Started process (PID=3407) to work on /Users/mac/Desktop/Comapny2/CryptoPortfolioAI/.venv/lib/python3.10/site-packages/airflow/example_dags/example_task_group_decorator.py
[2025-01-15T23:20:58.052+0500] {processor.py:914} INFO - Processing file /Users/mac/Desktop/Comapny2/CryptoPortfolioAI/.venv/lib/python3.10/site-packages/airflow/example_dags/example_task_group_decorator.py for tasks to queue
[2025-01-15T23:20:58.055+0500] {logging_mixin.py:190} INFO - [2025-01-15T23:20:58.054+0500] {dagbag.py:588} INFO - Filling up the DagBag from /Users/mac/Desktop/Comapny2/CryptoPortfolioAI/.venv/lib/python3.10/site-packages/airflow/example_dags/example_task_group_decorator.py
[2025-01-15T23:20:58.101+0500] {processor.py:925} INFO - DAG(s) 'example_task_group_decorator' retrieved from /Users/mac/Desktop/Comapny2/CryptoPortfolioAI/.venv/lib/python3.10/site-packages/airflow/example_dags/example_task_group_decorator.py
[2025-01-15T23:20:58.208+0500] {logging_mixin.py:190} INFO - [2025-01-15T23:20:58.208+0500] {dag.py:3239} INFO - Sync 1 DAGs
[2025-01-15T23:20:58.219+0500] {logging_mixin.py:190} INFO - [2025-01-15T23:20:58.219+0500] {dag.py:4180} INFO - Setting next_dagrun for example_task_group_decorator to None, run_after=None
[2025-01-15T23:20:58.238+0500] {processor.py:208} INFO - Processing /Users/mac/Desktop/Comapny2/CryptoPortfolioAI/.venv/lib/python3.10/site-packages/airflow/example_dags/example_task_group_decorator.py took 0.193 seconds
[2025-01-15T23:25:11.180+0500] {processor.py:186} INFO - Started process (PID=4529) to work on /Users/mac/Desktop/Comapny2/CryptoPortfolioAI/.venv/lib/python3.10/site-packages/airflow/example_dags/example_task_group_decorator.py
[2025-01-15T23:25:11.183+0500] {processor.py:914} INFO - Processing file /Users/mac/Desktop/Comapny2/CryptoPortfolioAI/.venv/lib/python3.10/site-packages/airflow/example_dags/example_task_group_decorator.py for tasks to queue
[2025-01-15T23:25:11.185+0500] {logging_mixin.py:190} INFO - [2025-01-15T23:25:11.185+0500] {dagbag.py:588} INFO - Filling up the DagBag from /Users/mac/Desktop/Comapny2/CryptoPortfolioAI/.venv/lib/python3.10/site-packages/airflow/example_dags/example_task_group_decorator.py
[2025-01-15T23:25:11.240+0500] {processor.py:925} INFO - DAG(s) 'example_task_group_decorator' retrieved from /Users/mac/Desktop/Comapny2/CryptoPortfolioAI/.venv/lib/python3.10/site-packages/airflow/example_dags/example_task_group_decorator.py
[2025-01-15T23:25:11.366+0500] {logging_mixin.py:190} INFO - [2025-01-15T23:25:11.365+0500] {dag.py:3239} INFO - Sync 1 DAGs
[2025-01-15T23:25:11.377+0500] {logging_mixin.py:190} INFO - [2025-01-15T23:25:11.377+0500] {dag.py:4180} INFO - Setting next_dagrun for example_task_group_decorator to None, run_after=None
[2025-01-15T23:25:11.400+0500] {processor.py:208} INFO - Processing /Users/mac/Desktop/Comapny2/CryptoPortfolioAI/.venv/lib/python3.10/site-packages/airflow/example_dags/example_task_group_decorator.py took 0.225 seconds
[2025-01-15T23:29:17.845+0500] {processor.py:186} INFO - Started process (PID=5747) to work on /Users/mac/Desktop/Comapny2/CryptoPortfolioAI/.venv/lib/python3.10/site-packages/airflow/example_dags/example_task_group_decorator.py
[2025-01-15T23:29:17.849+0500] {processor.py:914} INFO - Processing file /Users/mac/Desktop/Comapny2/CryptoPortfolioAI/.venv/lib/python3.10/site-packages/airflow/example_dags/example_task_group_decorator.py for tasks to queue
[2025-01-15T23:29:17.851+0500] {logging_mixin.py:190} INFO - [2025-01-15T23:29:17.850+0500] {dagbag.py:588} INFO - Filling up the DagBag from /Users/mac/Desktop/Comapny2/CryptoPortfolioAI/.venv/lib/python3.10/site-packages/airflow/example_dags/example_task_group_decorator.py
[2025-01-15T23:29:17.948+0500] {processor.py:925} INFO - DAG(s) 'example_task_group_decorator' retrieved from /Users/mac/Desktop/Comapny2/CryptoPortfolioAI/.venv/lib/python3.10/site-packages/airflow/example_dags/example_task_group_decorator.py
[2025-01-15T23:29:18.169+0500] {logging_mixin.py:190} INFO - [2025-01-15T23:29:18.169+0500] {dag.py:3239} INFO - Sync 1 DAGs
[2025-01-15T23:29:18.218+0500] {logging_mixin.py:190} INFO - [2025-01-15T23:29:18.218+0500] {dag.py:4180} INFO - Setting next_dagrun for example_task_group_decorator to None, run_after=None
[2025-01-15T23:29:18.273+0500] {processor.py:208} INFO - Processing /Users/mac/Desktop/Comapny2/CryptoPortfolioAI/.venv/lib/python3.10/site-packages/airflow/example_dags/example_task_group_decorator.py took 0.435 seconds
[2025-01-15T23:32:31.088+0500] {processor.py:186} INFO - Started process (PID=6736) to work on /Users/mac/Desktop/Comapny2/CryptoPortfolioAI/.venv/lib/python3.10/site-packages/airflow/example_dags/example_task_group_decorator.py
[2025-01-15T23:32:31.091+0500] {processor.py:914} INFO - Processing file /Users/mac/Desktop/Comapny2/CryptoPortfolioAI/.venv/lib/python3.10/site-packages/airflow/example_dags/example_task_group_decorator.py for tasks to queue
[2025-01-15T23:32:31.092+0500] {logging_mixin.py:190} INFO - [2025-01-15T23:32:31.092+0500] {dagbag.py:588} INFO - Filling up the DagBag from /Users/mac/Desktop/Comapny2/CryptoPortfolioAI/.venv/lib/python3.10/site-packages/airflow/example_dags/example_task_group_decorator.py
[2025-01-15T23:32:31.138+0500] {processor.py:925} INFO - DAG(s) 'example_task_group_decorator' retrieved from /Users/mac/Desktop/Comapny2/CryptoPortfolioAI/.venv/lib/python3.10/site-packages/airflow/example_dags/example_task_group_decorator.py
[2025-01-15T23:32:31.249+0500] {logging_mixin.py:190} INFO - [2025-01-15T23:32:31.249+0500] {dag.py:3239} INFO - Sync 1 DAGs
[2025-01-15T23:32:31.261+0500] {logging_mixin.py:190} INFO - [2025-01-15T23:32:31.261+0500] {dag.py:4180} INFO - Setting next_dagrun for example_task_group_decorator to None, run_after=None
[2025-01-15T23:32:31.281+0500] {processor.py:208} INFO - Processing /Users/mac/Desktop/Comapny2/CryptoPortfolioAI/.venv/lib/python3.10/site-packages/airflow/example_dags/example_task_group_decorator.py took 0.197 seconds
[2025-01-15T23:35:22.016+0500] {processor.py:186} INFO - Started process (PID=7495) to work on /Users/mac/Desktop/Comapny2/CryptoPortfolioAI/.venv/lib/python3.10/site-packages/airflow/example_dags/example_task_group_decorator.py
[2025-01-15T23:35:22.020+0500] {processor.py:914} INFO - Processing file /Users/mac/Desktop/Comapny2/CryptoPortfolioAI/.venv/lib/python3.10/site-packages/airflow/example_dags/example_task_group_decorator.py for tasks to queue
[2025-01-15T23:35:22.021+0500] {logging_mixin.py:190} INFO - [2025-01-15T23:35:22.021+0500] {dagbag.py:588} INFO - Filling up the DagBag from /Users/mac/Desktop/Comapny2/CryptoPortfolioAI/.venv/lib/python3.10/site-packages/airflow/example_dags/example_task_group_decorator.py
[2025-01-15T23:35:22.066+0500] {processor.py:925} INFO - DAG(s) 'example_task_group_decorator' retrieved from /Users/mac/Desktop/Comapny2/CryptoPortfolioAI/.venv/lib/python3.10/site-packages/airflow/example_dags/example_task_group_decorator.py
[2025-01-15T23:35:22.179+0500] {logging_mixin.py:190} INFO - [2025-01-15T23:35:22.178+0500] {dag.py:3239} INFO - Sync 1 DAGs
[2025-01-15T23:35:22.190+0500] {logging_mixin.py:190} INFO - [2025-01-15T23:35:22.190+0500] {dag.py:4180} INFO - Setting next_dagrun for example_task_group_decorator to None, run_after=None
[2025-01-15T23:35:22.208+0500] {processor.py:208} INFO - Processing /Users/mac/Desktop/Comapny2/CryptoPortfolioAI/.venv/lib/python3.10/site-packages/airflow/example_dags/example_task_group_decorator.py took 0.197 seconds
[2025-01-15T23:38:08.452+0500] {processor.py:186} INFO - Started process (PID=8260) to work on /Users/mac/Desktop/Comapny2/CryptoPortfolioAI/.venv/lib/python3.10/site-packages/airflow/example_dags/example_task_group_decorator.py
[2025-01-15T23:38:08.453+0500] {processor.py:914} INFO - Processing file /Users/mac/Desktop/Comapny2/CryptoPortfolioAI/.venv/lib/python3.10/site-packages/airflow/example_dags/example_task_group_decorator.py for tasks to queue
[2025-01-15T23:38:08.455+0500] {logging_mixin.py:190} INFO - [2025-01-15T23:38:08.455+0500] {dagbag.py:588} INFO - Filling up the DagBag from /Users/mac/Desktop/Comapny2/CryptoPortfolioAI/.venv/lib/python3.10/site-packages/airflow/example_dags/example_task_group_decorator.py
[2025-01-15T23:38:08.501+0500] {processor.py:925} INFO - DAG(s) 'example_task_group_decorator' retrieved from /Users/mac/Desktop/Comapny2/CryptoPortfolioAI/.venv/lib/python3.10/site-packages/airflow/example_dags/example_task_group_decorator.py
[2025-01-15T23:38:08.611+0500] {logging_mixin.py:190} INFO - [2025-01-15T23:38:08.611+0500] {dag.py:3239} INFO - Sync 1 DAGs
[2025-01-15T23:38:08.623+0500] {logging_mixin.py:190} INFO - [2025-01-15T23:38:08.622+0500] {dag.py:4180} INFO - Setting next_dagrun for example_task_group_decorator to None, run_after=None
[2025-01-15T23:38:08.641+0500] {processor.py:208} INFO - Processing /Users/mac/Desktop/Comapny2/CryptoPortfolioAI/.venv/lib/python3.10/site-packages/airflow/example_dags/example_task_group_decorator.py took 0.194 seconds
[2025-01-15T23:41:16.119+0500] {processor.py:186} INFO - Started process (PID=9032) to work on /Users/mac/Desktop/Comapny2/CryptoPortfolioAI/.venv/lib/python3.10/site-packages/airflow/example_dags/example_task_group_decorator.py
[2025-01-15T23:41:16.121+0500] {processor.py:914} INFO - Processing file /Users/mac/Desktop/Comapny2/CryptoPortfolioAI/.venv/lib/python3.10/site-packages/airflow/example_dags/example_task_group_decorator.py for tasks to queue
[2025-01-15T23:41:16.123+0500] {logging_mixin.py:190} INFO - [2025-01-15T23:41:16.122+0500] {dagbag.py:588} INFO - Filling up the DagBag from /Users/mac/Desktop/Comapny2/CryptoPortfolioAI/.venv/lib/python3.10/site-packages/airflow/example_dags/example_task_group_decorator.py
[2025-01-15T23:41:16.203+0500] {processor.py:925} INFO - DAG(s) 'example_task_group_decorator' retrieved from /Users/mac/Desktop/Comapny2/CryptoPortfolioAI/.venv/lib/python3.10/site-packages/airflow/example_dags/example_task_group_decorator.py
[2025-01-15T23:41:16.347+0500] {logging_mixin.py:190} INFO - [2025-01-15T23:41:16.346+0500] {dag.py:3239} INFO - Sync 1 DAGs
[2025-01-15T23:41:16.361+0500] {logging_mixin.py:190} INFO - [2025-01-15T23:41:16.361+0500] {dag.py:4180} INFO - Setting next_dagrun for example_task_group_decorator to None, run_after=None
[2025-01-15T23:41:16.386+0500] {processor.py:208} INFO - Processing /Users/mac/Desktop/Comapny2/CryptoPortfolioAI/.venv/lib/python3.10/site-packages/airflow/example_dags/example_task_group_decorator.py took 0.273 seconds
