[2025-01-15T23:21:23.263+0500] {processor.py:186} INFO - Started process (PID=3530) to work on /Users/mac/Desktop/Comapny2/CryptoPortfolioAI/.venv/lib/python3.10/site-packages/airflow/example_dags/example_short_circuit_decorator.py
[2025-01-15T23:21:23.265+0500] {processor.py:914} INFO - Processing file /Users/mac/Desktop/Comapny2/CryptoPortfolioAI/.venv/lib/python3.10/site-packages/airflow/example_dags/example_short_circuit_decorator.py for tasks to queue
[2025-01-15T23:21:23.267+0500] {logging_mixin.py:190} INFO - [2025-01-15T23:21:23.266+0500] {dagbag.py:588} INFO - Filling up the DagBag from /Users/mac/Desktop/Comapny2/CryptoPortfolioAI/.venv/lib/python3.10/site-packages/airflow/example_dags/example_short_circuit_decorator.py
[2025-01-15T23:21:23.324+0500] {processor.py:925} INFO - DAG(s) 'example_short_circuit_decorator' retrieved from /Users/mac/Desktop/Comapny2/CryptoPortfolioAI/.venv/lib/python3.10/site-packages/airflow/example_dags/example_short_circuit_decorator.py
[2025-01-15T23:21:23.596+0500] {logging_mixin.py:190} INFO - [2025-01-15T23:21:23.596+0500] {override.py:1912} INFO - Created Permission View: can edit on DAG:example_short_circuit_decorator
[2025-01-15T23:21:23.608+0500] {logging_mixin.py:190} INFO - [2025-01-15T23:21:23.608+0500] {override.py:1912} INFO - Created Permission View: can read on DAG:example_short_circuit_decorator
[2025-01-15T23:21:23.617+0500] {logging_mixin.py:190} INFO - [2025-01-15T23:21:23.616+0500] {override.py:1912} INFO - Created Permission View: can delete on DAG:example_short_circuit_decorator
[2025-01-15T23:21:23.626+0500] {logging_mixin.py:190} INFO - [2025-01-15T23:21:23.626+0500] {override.py:1912} INFO - Created Permission View: can create on DAG Run:example_short_circuit_decorator
[2025-01-15T23:21:23.633+0500] {logging_mixin.py:190} INFO - [2025-01-15T23:21:23.632+0500] {override.py:1912} INFO - Created Permission View: can read on DAG Run:example_short_circuit_decorator
[2025-01-15T23:21:23.640+0500] {logging_mixin.py:190} INFO - [2025-01-15T23:21:23.639+0500] {override.py:1912} INFO - Created Permission View: can delete on DAG Run:example_short_circuit_decorator
[2025-01-15T23:21:23.647+0500] {logging_mixin.py:190} INFO - [2025-01-15T23:21:23.647+0500] {override.py:1912} INFO - Created Permission View: menu access on DAG Run:example_short_circuit_decorator
[2025-01-15T23:21:23.647+0500] {logging_mixin.py:190} INFO - [2025-01-15T23:21:23.647+0500] {dag.py:3239} INFO - Sync 1 DAGs
[2025-01-15T23:21:23.664+0500] {logging_mixin.py:190} INFO - [2025-01-15T23:21:23.664+0500] {dag.py:3262} INFO - Creating ORM DAG for example_short_circuit_decorator
[2025-01-15T23:21:23.665+0500] {logging_mixin.py:190} INFO - [2025-01-15T23:21:23.665+0500] {dag.py:4180} INFO - Setting next_dagrun for example_short_circuit_decorator to None, run_after=None
[2025-01-15T23:21:23.685+0500] {processor.py:208} INFO - Processing /Users/mac/Desktop/Comapny2/CryptoPortfolioAI/.venv/lib/python3.10/site-packages/airflow/example_dags/example_short_circuit_decorator.py took 0.427 seconds
[2025-01-15T23:25:37.331+0500] {processor.py:186} INFO - Started process (PID=4641) to work on /Users/mac/Desktop/Comapny2/CryptoPortfolioAI/.venv/lib/python3.10/site-packages/airflow/example_dags/example_short_circuit_decorator.py
[2025-01-15T23:25:37.334+0500] {processor.py:914} INFO - Processing file /Users/mac/Desktop/Comapny2/CryptoPortfolioAI/.venv/lib/python3.10/site-packages/airflow/example_dags/example_short_circuit_decorator.py for tasks to queue
[2025-01-15T23:25:37.337+0500] {logging_mixin.py:190} INFO - [2025-01-15T23:25:37.337+0500] {dagbag.py:588} INFO - Filling up the DagBag from /Users/mac/Desktop/Comapny2/CryptoPortfolioAI/.venv/lib/python3.10/site-packages/airflow/example_dags/example_short_circuit_decorator.py
[2025-01-15T23:25:37.425+0500] {processor.py:925} INFO - DAG(s) 'example_short_circuit_decorator' retrieved from /Users/mac/Desktop/Comapny2/CryptoPortfolioAI/.venv/lib/python3.10/site-packages/airflow/example_dags/example_short_circuit_decorator.py
[2025-01-15T23:25:37.717+0500] {logging_mixin.py:190} INFO - [2025-01-15T23:25:37.716+0500] {dag.py:3239} INFO - Sync 1 DAGs
[2025-01-15T23:25:37.736+0500] {logging_mixin.py:190} INFO - [2025-01-15T23:25:37.736+0500] {dag.py:4180} INFO - Setting next_dagrun for example_short_circuit_decorator to None, run_after=None
[2025-01-15T23:25:37.772+0500] {processor.py:208} INFO - Processing /Users/mac/Desktop/Comapny2/CryptoPortfolioAI/.venv/lib/python3.10/site-packages/airflow/example_dags/example_short_circuit_decorator.py took 0.448 seconds
[2025-01-15T23:29:42.711+0500] {processor.py:186} INFO - Started process (PID=5882) to work on /Users/mac/Desktop/Comapny2/CryptoPortfolioAI/.venv/lib/python3.10/site-packages/airflow/example_dags/example_short_circuit_decorator.py
[2025-01-15T23:29:42.714+0500] {processor.py:914} INFO - Processing file /Users/mac/Desktop/Comapny2/CryptoPortfolioAI/.venv/lib/python3.10/site-packages/airflow/example_dags/example_short_circuit_decorator.py for tasks to queue
[2025-01-15T23:29:42.716+0500] {logging_mixin.py:190} INFO - [2025-01-15T23:29:42.715+0500] {dagbag.py:588} INFO - Filling up the DagBag from /Users/mac/Desktop/Comapny2/CryptoPortfolioAI/.venv/lib/python3.10/site-packages/airflow/example_dags/example_short_circuit_decorator.py
[2025-01-15T23:29:42.764+0500] {processor.py:925} INFO - DAG(s) 'example_short_circuit_decorator' retrieved from /Users/mac/Desktop/Comapny2/CryptoPortfolioAI/.venv/lib/python3.10/site-packages/airflow/example_dags/example_short_circuit_decorator.py
[2025-01-15T23:29:42.907+0500] {logging_mixin.py:190} INFO - [2025-01-15T23:29:42.906+0500] {dag.py:3239} INFO - Sync 1 DAGs
[2025-01-15T23:29:42.921+0500] {logging_mixin.py:190} INFO - [2025-01-15T23:29:42.920+0500] {dag.py:4180} INFO - Setting next_dagrun for example_short_circuit_decorator to None, run_after=None
[2025-01-15T23:29:42.945+0500] {processor.py:208} INFO - Processing /Users/mac/Desktop/Comapny2/CryptoPortfolioAI/.venv/lib/python3.10/site-packages/airflow/example_dags/example_short_circuit_decorator.py took 0.239 seconds
[2025-01-15T23:32:51.903+0500] {processor.py:186} INFO - Started process (PID=6825) to work on /Users/mac/Desktop/Comapny2/CryptoPortfolioAI/.venv/lib/python3.10/site-packages/airflow/example_dags/example_short_circuit_decorator.py
[2025-01-15T23:32:51.904+0500] {processor.py:914} INFO - Processing file /Users/mac/Desktop/Comapny2/CryptoPortfolioAI/.venv/lib/python3.10/site-packages/airflow/example_dags/example_short_circuit_decorator.py for tasks to queue
[2025-01-15T23:32:51.906+0500] {logging_mixin.py:190} INFO - [2025-01-15T23:32:51.905+0500] {dagbag.py:588} INFO - Filling up the DagBag from /Users/mac/Desktop/Comapny2/CryptoPortfolioAI/.venv/lib/python3.10/site-packages/airflow/example_dags/example_short_circuit_decorator.py
[2025-01-15T23:32:51.949+0500] {processor.py:925} INFO - DAG(s) 'example_short_circuit_decorator' retrieved from /Users/mac/Desktop/Comapny2/CryptoPortfolioAI/.venv/lib/python3.10/site-packages/airflow/example_dags/example_short_circuit_decorator.py
[2025-01-15T23:32:52.059+0500] {logging_mixin.py:190} INFO - [2025-01-15T23:32:52.059+0500] {dag.py:3239} INFO - Sync 1 DAGs
[2025-01-15T23:32:52.071+0500] {logging_mixin.py:190} INFO - [2025-01-15T23:32:52.071+0500] {dag.py:4180} INFO - Setting next_dagrun for example_short_circuit_decorator to None, run_after=None
[2025-01-15T23:32:52.092+0500] {processor.py:208} INFO - Processing /Users/mac/Desktop/Comapny2/CryptoPortfolioAI/.venv/lib/python3.10/site-packages/airflow/example_dags/example_short_circuit_decorator.py took 0.193 seconds
[2025-01-15T23:35:41.950+0500] {processor.py:186} INFO - Started process (PID=7577) to work on /Users/mac/Desktop/Comapny2/CryptoPortfolioAI/.venv/lib/python3.10/site-packages/airflow/example_dags/example_short_circuit_decorator.py
[2025-01-15T23:35:41.952+0500] {processor.py:914} INFO - Processing file /Users/mac/Desktop/Comapny2/CryptoPortfolioAI/.venv/lib/python3.10/site-packages/airflow/example_dags/example_short_circuit_decorator.py for tasks to queue
[2025-01-15T23:35:41.954+0500] {logging_mixin.py:190} INFO - [2025-01-15T23:35:41.954+0500] {dagbag.py:588} INFO - Filling up the DagBag from /Users/mac/Desktop/Comapny2/CryptoPortfolioAI/.venv/lib/python3.10/site-packages/airflow/example_dags/example_short_circuit_decorator.py
[2025-01-15T23:35:41.994+0500] {processor.py:925} INFO - DAG(s) 'example_short_circuit_decorator' retrieved from /Users/mac/Desktop/Comapny2/CryptoPortfolioAI/.venv/lib/python3.10/site-packages/airflow/example_dags/example_short_circuit_decorator.py
[2025-01-15T23:35:42.099+0500] {logging_mixin.py:190} INFO - [2025-01-15T23:35:42.099+0500] {dag.py:3239} INFO - Sync 1 DAGs
[2025-01-15T23:35:42.112+0500] {logging_mixin.py:190} INFO - [2025-01-15T23:35:42.111+0500] {dag.py:4180} INFO - Setting next_dagrun for example_short_circuit_decorator to None, run_after=None
[2025-01-15T23:35:42.130+0500] {processor.py:208} INFO - Processing /Users/mac/Desktop/Comapny2/CryptoPortfolioAI/.venv/lib/python3.10/site-packages/airflow/example_dags/example_short_circuit_decorator.py took 0.186 seconds
[2025-01-15T23:38:28.866+0500] {processor.py:186} INFO - Started process (PID=8350) to work on /Users/mac/Desktop/Comapny2/CryptoPortfolioAI/.venv/lib/python3.10/site-packages/airflow/example_dags/example_short_circuit_decorator.py
[2025-01-15T23:38:28.869+0500] {processor.py:914} INFO - Processing file /Users/mac/Desktop/Comapny2/CryptoPortfolioAI/.venv/lib/python3.10/site-packages/airflow/example_dags/example_short_circuit_decorator.py for tasks to queue
[2025-01-15T23:38:28.870+0500] {logging_mixin.py:190} INFO - [2025-01-15T23:38:28.870+0500] {dagbag.py:588} INFO - Filling up the DagBag from /Users/mac/Desktop/Comapny2/CryptoPortfolioAI/.venv/lib/python3.10/site-packages/airflow/example_dags/example_short_circuit_decorator.py
[2025-01-15T23:38:28.910+0500] {processor.py:925} INFO - DAG(s) 'example_short_circuit_decorator' retrieved from /Users/mac/Desktop/Comapny2/CryptoPortfolioAI/.venv/lib/python3.10/site-packages/airflow/example_dags/example_short_circuit_decorator.py
[2025-01-15T23:38:29.023+0500] {logging_mixin.py:190} INFO - [2025-01-15T23:38:29.022+0500] {dag.py:3239} INFO - Sync 1 DAGs
[2025-01-15T23:38:29.035+0500] {logging_mixin.py:190} INFO - [2025-01-15T23:38:29.035+0500] {dag.py:4180} INFO - Setting next_dagrun for example_short_circuit_decorator to None, run_after=None
[2025-01-15T23:38:29.054+0500] {processor.py:208} INFO - Processing /Users/mac/Desktop/Comapny2/CryptoPortfolioAI/.venv/lib/python3.10/site-packages/airflow/example_dags/example_short_circuit_decorator.py took 0.193 seconds
[2025-01-15T23:41:40.883+0500] {processor.py:186} INFO - Started process (PID=9125) to work on /Users/mac/Desktop/Comapny2/CryptoPortfolioAI/.venv/lib/python3.10/site-packages/airflow/example_dags/example_short_circuit_decorator.py
[2025-01-15T23:41:40.886+0500] {processor.py:914} INFO - Processing file /Users/mac/Desktop/Comapny2/CryptoPortfolioAI/.venv/lib/python3.10/site-packages/airflow/example_dags/example_short_circuit_decorator.py for tasks to queue
[2025-01-15T23:41:40.888+0500] {logging_mixin.py:190} INFO - [2025-01-15T23:41:40.887+0500] {dagbag.py:588} INFO - Filling up the DagBag from /Users/mac/Desktop/Comapny2/CryptoPortfolioAI/.venv/lib/python3.10/site-packages/airflow/example_dags/example_short_circuit_decorator.py
[2025-01-15T23:41:40.957+0500] {processor.py:925} INFO - DAG(s) 'example_short_circuit_decorator' retrieved from /Users/mac/Desktop/Comapny2/CryptoPortfolioAI/.venv/lib/python3.10/site-packages/airflow/example_dags/example_short_circuit_decorator.py
[2025-01-15T23:41:41.115+0500] {logging_mixin.py:190} INFO - [2025-01-15T23:41:41.114+0500] {dag.py:3239} INFO - Sync 1 DAGs
[2025-01-15T23:41:41.133+0500] {logging_mixin.py:190} INFO - [2025-01-15T23:41:41.132+0500] {dag.py:4180} INFO - Setting next_dagrun for example_short_circuit_decorator to None, run_after=None
[2025-01-15T23:41:41.159+0500] {processor.py:208} INFO - Processing /Users/mac/Desktop/Comapny2/CryptoPortfolioAI/.venv/lib/python3.10/site-packages/airflow/example_dags/example_short_circuit_decorator.py took 0.281 seconds
