[2025-01-15T23:22:36.336+0500] {processor.py:186} INFO - Started process (PID=3856) to work on /Users/mac/Desktop/Comapny2/CryptoPortfolioAI/.venv/lib/python3.10/site-packages/airflow/example_dags/example_external_task_marker_dag.py
[2025-01-15T23:22:36.337+0500] {processor.py:914} INFO - Processing file /Users/mac/Desktop/Comapny2/CryptoPortfolioAI/.venv/lib/python3.10/site-packages/airflow/example_dags/example_external_task_marker_dag.py for tasks to queue
[2025-01-15T23:22:36.339+0500] {logging_mixin.py:190} INFO - [2025-01-15T23:22:36.338+0500] {dagbag.py:588} INFO - Filling up the DagBag from /Users/mac/Desktop/Comapny2/CryptoPortfolioAI/.venv/lib/python3.10/site-packages/airflow/example_dags/example_external_task_marker_dag.py
[2025-01-15T23:22:36.359+0500] {processor.py:925} INFO - DAG(s) 'example_external_task_marker_parent', 'example_external_task_marker_child' retrieved from /Users/mac/Desktop/Comapny2/CryptoPortfolioAI/.venv/lib/python3.10/site-packages/airflow/example_dags/example_external_task_marker_dag.py
[2025-01-15T23:22:36.707+0500] {logging_mixin.py:190} INFO - [2025-01-15T23:22:36.706+0500] {override.py:1912} INFO - Created Permission View: can delete on DAG:example_external_task_marker_parent
[2025-01-15T23:22:36.719+0500] {logging_mixin.py:190} INFO - [2025-01-15T23:22:36.718+0500] {override.py:1912} INFO - Created Permission View: can read on DAG:example_external_task_marker_parent
[2025-01-15T23:22:36.725+0500] {logging_mixin.py:190} INFO - [2025-01-15T23:22:36.725+0500] {override.py:1912} INFO - Created Permission View: can edit on DAG:example_external_task_marker_parent
[2025-01-15T23:22:36.736+0500] {logging_mixin.py:190} INFO - [2025-01-15T23:22:36.736+0500] {override.py:1912} INFO - Created Permission View: can delete on DAG Run:example_external_task_marker_parent
[2025-01-15T23:22:36.743+0500] {logging_mixin.py:190} INFO - [2025-01-15T23:22:36.743+0500] {override.py:1912} INFO - Created Permission View: can read on DAG Run:example_external_task_marker_parent
[2025-01-15T23:22:36.751+0500] {logging_mixin.py:190} INFO - [2025-01-15T23:22:36.751+0500] {override.py:1912} INFO - Created Permission View: menu access on DAG Run:example_external_task_marker_parent
[2025-01-15T23:22:36.761+0500] {logging_mixin.py:190} INFO - [2025-01-15T23:22:36.761+0500] {override.py:1912} INFO - Created Permission View: can create on DAG Run:example_external_task_marker_parent
[2025-01-15T23:22:37.498+0500] {logging_mixin.py:190} INFO - [2025-01-15T23:22:37.497+0500] {override.py:1912} INFO - Created Permission View: can delete on DAG:example_external_task_marker_child
[2025-01-15T23:22:37.508+0500] {logging_mixin.py:190} INFO - [2025-01-15T23:22:37.508+0500] {override.py:1912} INFO - Created Permission View: can read on DAG:example_external_task_marker_child
[2025-01-15T23:22:37.517+0500] {logging_mixin.py:190} INFO - [2025-01-15T23:22:37.516+0500] {override.py:1912} INFO - Created Permission View: can edit on DAG:example_external_task_marker_child
[2025-01-15T23:22:37.531+0500] {logging_mixin.py:190} INFO - [2025-01-15T23:22:37.531+0500] {override.py:1912} INFO - Created Permission View: can delete on DAG Run:example_external_task_marker_child
[2025-01-15T23:22:37.539+0500] {logging_mixin.py:190} INFO - [2025-01-15T23:22:37.538+0500] {override.py:1912} INFO - Created Permission View: can read on DAG Run:example_external_task_marker_child
[2025-01-15T23:22:37.547+0500] {logging_mixin.py:190} INFO - [2025-01-15T23:22:37.546+0500] {override.py:1912} INFO - Created Permission View: menu access on DAG Run:example_external_task_marker_child
[2025-01-15T23:22:37.555+0500] {logging_mixin.py:190} INFO - [2025-01-15T23:22:37.554+0500] {override.py:1912} INFO - Created Permission View: can create on DAG Run:example_external_task_marker_child
[2025-01-15T23:22:37.555+0500] {logging_mixin.py:190} INFO - [2025-01-15T23:22:37.555+0500] {dag.py:3239} INFO - Sync 2 DAGs
[2025-01-15T23:22:37.570+0500] {logging_mixin.py:190} INFO - [2025-01-15T23:22:37.569+0500] {dag.py:3262} INFO - Creating ORM DAG for example_external_task_marker_parent
[2025-01-15T23:22:37.571+0500] {logging_mixin.py:190} INFO - [2025-01-15T23:22:37.571+0500] {dag.py:3262} INFO - Creating ORM DAG for example_external_task_marker_child
[2025-01-15T23:22:37.572+0500] {logging_mixin.py:190} INFO - [2025-01-15T23:22:37.572+0500] {dag.py:4180} INFO - Setting next_dagrun for example_external_task_marker_child to None, run_after=None
[2025-01-15T23:22:37.572+0500] {logging_mixin.py:190} INFO - [2025-01-15T23:22:37.572+0500] {dag.py:4180} INFO - Setting next_dagrun for example_external_task_marker_parent to None, run_after=None
[2025-01-15T23:22:37.594+0500] {processor.py:208} INFO - Processing /Users/mac/Desktop/Comapny2/CryptoPortfolioAI/.venv/lib/python3.10/site-packages/airflow/example_dags/example_external_task_marker_dag.py took 1.263 seconds
[2025-01-15T23:27:04.559+0500] {processor.py:186} INFO - Started process (PID=5034) to work on /Users/mac/Desktop/Comapny2/CryptoPortfolioAI/.venv/lib/python3.10/site-packages/airflow/example_dags/example_external_task_marker_dag.py
[2025-01-15T23:27:04.562+0500] {processor.py:914} INFO - Processing file /Users/mac/Desktop/Comapny2/CryptoPortfolioAI/.venv/lib/python3.10/site-packages/airflow/example_dags/example_external_task_marker_dag.py for tasks to queue
[2025-01-15T23:27:04.563+0500] {logging_mixin.py:190} INFO - [2025-01-15T23:27:04.563+0500] {dagbag.py:588} INFO - Filling up the DagBag from /Users/mac/Desktop/Comapny2/CryptoPortfolioAI/.venv/lib/python3.10/site-packages/airflow/example_dags/example_external_task_marker_dag.py
[2025-01-15T23:27:04.582+0500] {processor.py:925} INFO - DAG(s) 'example_external_task_marker_child', 'example_external_task_marker_parent' retrieved from /Users/mac/Desktop/Comapny2/CryptoPortfolioAI/.venv/lib/python3.10/site-packages/airflow/example_dags/example_external_task_marker_dag.py
[2025-01-15T23:27:05.782+0500] {logging_mixin.py:190} INFO - [2025-01-15T23:27:05.781+0500] {dag.py:3239} INFO - Sync 2 DAGs
[2025-01-15T23:27:05.803+0500] {logging_mixin.py:190} INFO - [2025-01-15T23:27:05.802+0500] {dag.py:4180} INFO - Setting next_dagrun for example_external_task_marker_child to None, run_after=None
[2025-01-15T23:27:05.807+0500] {logging_mixin.py:190} INFO - [2025-01-15T23:27:05.806+0500] {dag.py:4180} INFO - Setting next_dagrun for example_external_task_marker_parent to None, run_after=None
[2025-01-15T23:27:05.828+0500] {processor.py:208} INFO - Processing /Users/mac/Desktop/Comapny2/CryptoPortfolioAI/.venv/lib/python3.10/site-packages/airflow/example_dags/example_external_task_marker_dag.py took 1.274 seconds
[2025-01-15T23:30:49.883+0500] {processor.py:186} INFO - Started process (PID=6246) to work on /Users/mac/Desktop/Comapny2/CryptoPortfolioAI/.venv/lib/python3.10/site-packages/airflow/example_dags/example_external_task_marker_dag.py
[2025-01-15T23:30:49.885+0500] {processor.py:914} INFO - Processing file /Users/mac/Desktop/Comapny2/CryptoPortfolioAI/.venv/lib/python3.10/site-packages/airflow/example_dags/example_external_task_marker_dag.py for tasks to queue
[2025-01-15T23:30:49.887+0500] {logging_mixin.py:190} INFO - [2025-01-15T23:30:49.887+0500] {dagbag.py:588} INFO - Filling up the DagBag from /Users/mac/Desktop/Comapny2/CryptoPortfolioAI/.venv/lib/python3.10/site-packages/airflow/example_dags/example_external_task_marker_dag.py
[2025-01-15T23:30:49.912+0500] {processor.py:925} INFO - DAG(s) 'example_external_task_marker_parent', 'example_external_task_marker_child' retrieved from /Users/mac/Desktop/Comapny2/CryptoPortfolioAI/.venv/lib/python3.10/site-packages/airflow/example_dags/example_external_task_marker_dag.py
[2025-01-15T23:30:50.777+0500] {logging_mixin.py:190} INFO - [2025-01-15T23:30:50.776+0500] {dag.py:3239} INFO - Sync 2 DAGs
[2025-01-15T23:30:50.793+0500] {logging_mixin.py:190} INFO - [2025-01-15T23:30:50.793+0500] {dag.py:4180} INFO - Setting next_dagrun for example_external_task_marker_child to None, run_after=None
[2025-01-15T23:30:50.798+0500] {logging_mixin.py:190} INFO - [2025-01-15T23:30:50.797+0500] {dag.py:4180} INFO - Setting next_dagrun for example_external_task_marker_parent to None, run_after=None
[2025-01-15T23:30:50.820+0500] {processor.py:208} INFO - Processing /Users/mac/Desktop/Comapny2/CryptoPortfolioAI/.venv/lib/python3.10/site-packages/airflow/example_dags/example_external_task_marker_dag.py took 0.942 seconds
[2025-01-15T23:33:51.232+0500] {processor.py:186} INFO - Started process (PID=7094) to work on /Users/mac/Desktop/Comapny2/CryptoPortfolioAI/.venv/lib/python3.10/site-packages/airflow/example_dags/example_external_task_marker_dag.py
[2025-01-15T23:33:51.235+0500] {processor.py:914} INFO - Processing file /Users/mac/Desktop/Comapny2/CryptoPortfolioAI/.venv/lib/python3.10/site-packages/airflow/example_dags/example_external_task_marker_dag.py for tasks to queue
[2025-01-15T23:33:51.236+0500] {logging_mixin.py:190} INFO - [2025-01-15T23:33:51.236+0500] {dagbag.py:588} INFO - Filling up the DagBag from /Users/mac/Desktop/Comapny2/CryptoPortfolioAI/.venv/lib/python3.10/site-packages/airflow/example_dags/example_external_task_marker_dag.py
[2025-01-15T23:33:51.252+0500] {processor.py:925} INFO - DAG(s) 'example_external_task_marker_parent', 'example_external_task_marker_child' retrieved from /Users/mac/Desktop/Comapny2/CryptoPortfolioAI/.venv/lib/python3.10/site-packages/airflow/example_dags/example_external_task_marker_dag.py
[2025-01-15T23:33:52.053+0500] {logging_mixin.py:190} INFO - [2025-01-15T23:33:52.053+0500] {dag.py:3239} INFO - Sync 2 DAGs
[2025-01-15T23:33:52.066+0500] {logging_mixin.py:190} INFO - [2025-01-15T23:33:52.066+0500] {dag.py:4180} INFO - Setting next_dagrun for example_external_task_marker_child to None, run_after=None
[2025-01-15T23:33:52.069+0500] {logging_mixin.py:190} INFO - [2025-01-15T23:33:52.069+0500] {dag.py:4180} INFO - Setting next_dagrun for example_external_task_marker_parent to None, run_after=None
[2025-01-15T23:33:52.087+0500] {processor.py:208} INFO - Processing /Users/mac/Desktop/Comapny2/CryptoPortfolioAI/.venv/lib/python3.10/site-packages/airflow/example_dags/example_external_task_marker_dag.py took 0.860 seconds
[2025-01-15T23:39:24.628+0500] {processor.py:186} INFO - Started process (PID=8599) to work on /Users/mac/Desktop/Comapny2/CryptoPortfolioAI/.venv/lib/python3.10/site-packages/airflow/example_dags/example_external_task_marker_dag.py
[2025-01-15T23:39:24.630+0500] {processor.py:914} INFO - Processing file /Users/mac/Desktop/Comapny2/CryptoPortfolioAI/.venv/lib/python3.10/site-packages/airflow/example_dags/example_external_task_marker_dag.py for tasks to queue
[2025-01-15T23:39:24.632+0500] {logging_mixin.py:190} INFO - [2025-01-15T23:39:24.632+0500] {dagbag.py:588} INFO - Filling up the DagBag from /Users/mac/Desktop/Comapny2/CryptoPortfolioAI/.venv/lib/python3.10/site-packages/airflow/example_dags/example_external_task_marker_dag.py
[2025-01-15T23:39:24.649+0500] {processor.py:925} INFO - DAG(s) 'example_external_task_marker_child', 'example_external_task_marker_parent' retrieved from /Users/mac/Desktop/Comapny2/CryptoPortfolioAI/.venv/lib/python3.10/site-packages/airflow/example_dags/example_external_task_marker_dag.py
[2025-01-15T23:39:25.187+0500] {logging_mixin.py:190} INFO - [2025-01-15T23:39:25.187+0500] {dag.py:3239} INFO - Sync 2 DAGs
[2025-01-15T23:39:25.200+0500] {logging_mixin.py:190} INFO - [2025-01-15T23:39:25.200+0500] {dag.py:4180} INFO - Setting next_dagrun for example_external_task_marker_child to None, run_after=None
[2025-01-15T23:39:25.203+0500] {logging_mixin.py:190} INFO - [2025-01-15T23:39:25.203+0500] {dag.py:4180} INFO - Setting next_dagrun for example_external_task_marker_parent to None, run_after=None
[2025-01-15T23:39:25.221+0500] {processor.py:208} INFO - Processing /Users/mac/Desktop/Comapny2/CryptoPortfolioAI/.venv/lib/python3.10/site-packages/airflow/example_dags/example_external_task_marker_dag.py took 0.598 seconds
[2025-01-15T23:42:48.245+0500] {processor.py:186} INFO - Started process (PID=9404) to work on /Users/mac/Desktop/Comapny2/CryptoPortfolioAI/.venv/lib/python3.10/site-packages/airflow/example_dags/example_external_task_marker_dag.py
[2025-01-15T23:42:48.248+0500] {processor.py:914} INFO - Processing file /Users/mac/Desktop/Comapny2/CryptoPortfolioAI/.venv/lib/python3.10/site-packages/airflow/example_dags/example_external_task_marker_dag.py for tasks to queue
[2025-01-15T23:42:48.249+0500] {logging_mixin.py:190} INFO - [2025-01-15T23:42:48.249+0500] {dagbag.py:588} INFO - Filling up the DagBag from /Users/mac/Desktop/Comapny2/CryptoPortfolioAI/.venv/lib/python3.10/site-packages/airflow/example_dags/example_external_task_marker_dag.py
[2025-01-15T23:42:48.268+0500] {processor.py:925} INFO - DAG(s) 'example_external_task_marker_child', 'example_external_task_marker_parent' retrieved from /Users/mac/Desktop/Comapny2/CryptoPortfolioAI/.venv/lib/python3.10/site-packages/airflow/example_dags/example_external_task_marker_dag.py
[2025-01-15T23:42:49.122+0500] {logging_mixin.py:190} INFO - [2025-01-15T23:42:49.122+0500] {dag.py:3239} INFO - Sync 2 DAGs
[2025-01-15T23:42:49.142+0500] {logging_mixin.py:190} INFO - [2025-01-15T23:42:49.141+0500] {dag.py:4180} INFO - Setting next_dagrun for example_external_task_marker_child to None, run_after=None
[2025-01-15T23:42:49.146+0500] {logging_mixin.py:190} INFO - [2025-01-15T23:42:49.145+0500] {dag.py:4180} INFO - Setting next_dagrun for example_external_task_marker_parent to None, run_after=None
[2025-01-15T23:42:49.163+0500] {processor.py:208} INFO - Processing /Users/mac/Desktop/Comapny2/CryptoPortfolioAI/.venv/lib/python3.10/site-packages/airflow/example_dags/example_external_task_marker_dag.py took 0.922 seconds
