[2025-01-15T23:23:18.546+0500] {processor.py:186} INFO - Started process (PID=4044) to work on /Users/mac/Desktop/Comapny2/CryptoPortfolioAI/.venv/lib/python3.10/site-packages/airflow/example_dags/example_branch_python_dop_operator_3.py
[2025-01-15T23:23:18.548+0500] {processor.py:914} INFO - Processing file /Users/mac/Desktop/Comapny2/CryptoPortfolioAI/.venv/lib/python3.10/site-packages/airflow/example_dags/example_branch_python_dop_operator_3.py for tasks to queue
[2025-01-15T23:23:18.550+0500] {logging_mixin.py:190} INFO - [2025-01-15T23:23:18.550+0500] {dagbag.py:588} INFO - Filling up the DagBag from /Users/mac/Desktop/Comapny2/CryptoPortfolioAI/.venv/lib/python3.10/site-packages/airflow/example_dags/example_branch_python_dop_operator_3.py
[2025-01-15T23:23:18.599+0500] {processor.py:925} INFO - DAG(s) 'example_branch_dop_operator_v3' retrieved from /Users/mac/Desktop/Comapny2/CryptoPortfolioAI/.venv/lib/python3.10/site-packages/airflow/example_dags/example_branch_python_dop_operator_3.py
[2025-01-15T23:23:18.825+0500] {logging_mixin.py:190} INFO - [2025-01-15T23:23:18.825+0500] {override.py:1912} INFO - Created Permission View: can delete on DAG:example_branch_dop_operator_v3
[2025-01-15T23:23:18.836+0500] {logging_mixin.py:190} INFO - [2025-01-15T23:23:18.835+0500] {override.py:1912} INFO - Created Permission View: can edit on DAG:example_branch_dop_operator_v3
[2025-01-15T23:23:18.845+0500] {logging_mixin.py:190} INFO - [2025-01-15T23:23:18.844+0500] {override.py:1912} INFO - Created Permission View: can read on DAG:example_branch_dop_operator_v3
[2025-01-15T23:23:18.855+0500] {logging_mixin.py:190} INFO - [2025-01-15T23:23:18.855+0500] {override.py:1912} INFO - Created Permission View: can delete on DAG Run:example_branch_dop_operator_v3
[2025-01-15T23:23:18.863+0500] {logging_mixin.py:190} INFO - [2025-01-15T23:23:18.863+0500] {override.py:1912} INFO - Created Permission View: menu access on DAG Run:example_branch_dop_operator_v3
[2025-01-15T23:23:18.870+0500] {logging_mixin.py:190} INFO - [2025-01-15T23:23:18.869+0500] {override.py:1912} INFO - Created Permission View: can create on DAG Run:example_branch_dop_operator_v3
[2025-01-15T23:23:18.877+0500] {logging_mixin.py:190} INFO - [2025-01-15T23:23:18.876+0500] {override.py:1912} INFO - Created Permission View: can read on DAG Run:example_branch_dop_operator_v3
[2025-01-15T23:23:18.877+0500] {logging_mixin.py:190} INFO - [2025-01-15T23:23:18.877+0500] {dag.py:3239} INFO - Sync 1 DAGs
[2025-01-15T23:23:18.892+0500] {logging_mixin.py:190} INFO - [2025-01-15T23:23:18.892+0500] {dag.py:3262} INFO - Creating ORM DAG for example_branch_dop_operator_v3
[2025-01-15T23:23:18.906+0500] {logging_mixin.py:190} INFO - [2025-01-15T23:23:18.906+0500] {dag.py:4180} INFO - Setting next_dagrun for example_branch_dop_operator_v3 to 2025-01-15 18:22:00+00:00, run_after=2025-01-15 18:23:00+00:00
[2025-01-15T23:23:18.923+0500] {processor.py:208} INFO - Processing /Users/mac/Desktop/Comapny2/CryptoPortfolioAI/.venv/lib/python3.10/site-packages/airflow/example_dags/example_branch_python_dop_operator_3.py took 0.382 seconds
[2025-01-15T23:27:47.613+0500] {processor.py:186} INFO - Started process (PID=5277) to work on /Users/mac/Desktop/Comapny2/CryptoPortfolioAI/.venv/lib/python3.10/site-packages/airflow/example_dags/example_branch_python_dop_operator_3.py
[2025-01-15T23:27:47.615+0500] {processor.py:914} INFO - Processing file /Users/mac/Desktop/Comapny2/CryptoPortfolioAI/.venv/lib/python3.10/site-packages/airflow/example_dags/example_branch_python_dop_operator_3.py for tasks to queue
[2025-01-15T23:27:47.617+0500] {logging_mixin.py:190} INFO - [2025-01-15T23:27:47.616+0500] {dagbag.py:588} INFO - Filling up the DagBag from /Users/mac/Desktop/Comapny2/CryptoPortfolioAI/.venv/lib/python3.10/site-packages/airflow/example_dags/example_branch_python_dop_operator_3.py
[2025-01-15T23:27:47.692+0500] {processor.py:925} INFO - DAG(s) 'example_branch_dop_operator_v3' retrieved from /Users/mac/Desktop/Comapny2/CryptoPortfolioAI/.venv/lib/python3.10/site-packages/airflow/example_dags/example_branch_python_dop_operator_3.py
[2025-01-15T23:27:48.102+0500] {logging_mixin.py:190} INFO - [2025-01-15T23:27:48.101+0500] {dag.py:3239} INFO - Sync 1 DAGs
[2025-01-15T23:27:48.207+0500] {logging_mixin.py:190} INFO - [2025-01-15T23:27:48.206+0500] {dag.py:4180} INFO - Setting next_dagrun for example_branch_dop_operator_v3 to 2025-01-15 18:26:00+00:00, run_after=2025-01-15 18:27:00+00:00
[2025-01-15T23:27:48.235+0500] {processor.py:208} INFO - Processing /Users/mac/Desktop/Comapny2/CryptoPortfolioAI/.venv/lib/python3.10/site-packages/airflow/example_dags/example_branch_python_dop_operator_3.py took 0.627 seconds
[2025-01-15T23:34:19.101+0500] {processor.py:186} INFO - Started process (PID=7219) to work on /Users/mac/Desktop/Comapny2/CryptoPortfolioAI/.venv/lib/python3.10/site-packages/airflow/example_dags/example_branch_python_dop_operator_3.py
[2025-01-15T23:34:19.103+0500] {processor.py:914} INFO - Processing file /Users/mac/Desktop/Comapny2/CryptoPortfolioAI/.venv/lib/python3.10/site-packages/airflow/example_dags/example_branch_python_dop_operator_3.py for tasks to queue
[2025-01-15T23:34:19.105+0500] {logging_mixin.py:190} INFO - [2025-01-15T23:34:19.105+0500] {dagbag.py:588} INFO - Filling up the DagBag from /Users/mac/Desktop/Comapny2/CryptoPortfolioAI/.venv/lib/python3.10/site-packages/airflow/example_dags/example_branch_python_dop_operator_3.py
[2025-01-15T23:34:19.148+0500] {processor.py:925} INFO - DAG(s) 'example_branch_dop_operator_v3' retrieved from /Users/mac/Desktop/Comapny2/CryptoPortfolioAI/.venv/lib/python3.10/site-packages/airflow/example_dags/example_branch_python_dop_operator_3.py
[2025-01-15T23:34:19.252+0500] {logging_mixin.py:190} INFO - [2025-01-15T23:34:19.252+0500] {dag.py:3239} INFO - Sync 1 DAGs
[2025-01-15T23:34:19.277+0500] {logging_mixin.py:190} INFO - [2025-01-15T23:34:19.276+0500] {dag.py:4180} INFO - Setting next_dagrun for example_branch_dop_operator_v3 to 2025-01-15 18:33:00+00:00, run_after=2025-01-15 18:34:00+00:00
[2025-01-15T23:34:19.297+0500] {processor.py:208} INFO - Processing /Users/mac/Desktop/Comapny2/CryptoPortfolioAI/.venv/lib/python3.10/site-packages/airflow/example_dags/example_branch_python_dop_operator_3.py took 0.201 seconds
[2025-01-15T23:39:57.425+0500] {processor.py:186} INFO - Started process (PID=8748) to work on /Users/mac/Desktop/Comapny2/CryptoPortfolioAI/.venv/lib/python3.10/site-packages/airflow/example_dags/example_branch_python_dop_operator_3.py
[2025-01-15T23:39:57.427+0500] {processor.py:914} INFO - Processing file /Users/mac/Desktop/Comapny2/CryptoPortfolioAI/.venv/lib/python3.10/site-packages/airflow/example_dags/example_branch_python_dop_operator_3.py for tasks to queue
[2025-01-15T23:39:57.430+0500] {logging_mixin.py:190} INFO - [2025-01-15T23:39:57.429+0500] {dagbag.py:588} INFO - Filling up the DagBag from /Users/mac/Desktop/Comapny2/CryptoPortfolioAI/.venv/lib/python3.10/site-packages/airflow/example_dags/example_branch_python_dop_operator_3.py
[2025-01-15T23:39:57.484+0500] {processor.py:925} INFO - DAG(s) 'example_branch_dop_operator_v3' retrieved from /Users/mac/Desktop/Comapny2/CryptoPortfolioAI/.venv/lib/python3.10/site-packages/airflow/example_dags/example_branch_python_dop_operator_3.py
[2025-01-15T23:39:57.630+0500] {logging_mixin.py:190} INFO - [2025-01-15T23:39:57.630+0500] {dag.py:3239} INFO - Sync 1 DAGs
[2025-01-15T23:39:57.659+0500] {logging_mixin.py:190} INFO - [2025-01-15T23:39:57.659+0500] {dag.py:4180} INFO - Setting next_dagrun for example_branch_dop_operator_v3 to 2025-01-15 18:38:00+00:00, run_after=2025-01-15 18:39:00+00:00
[2025-01-15T23:39:57.687+0500] {processor.py:208} INFO - Processing /Users/mac/Desktop/Comapny2/CryptoPortfolioAI/.venv/lib/python3.10/site-packages/airflow/example_dags/example_branch_python_dop_operator_3.py took 0.267 seconds
