[2025-01-15T23:23:22.826+0500] {processor.py:186} INFO - Started process (PID=4062) to work on /Users/mac/Desktop/Comapny2/CryptoPortfolioAI/.venv/lib/python3.10/site-packages/airflow/example_dags/example_branch_operator_decorator.py
[2025-01-15T23:23:22.828+0500] {processor.py:914} INFO - Processing file /Users/mac/Desktop/Comapny2/CryptoPortfolioAI/.venv/lib/python3.10/site-packages/airflow/example_dags/example_branch_operator_decorator.py for tasks to queue
[2025-01-15T23:23:22.830+0500] {logging_mixin.py:190} INFO - [2025-01-15T23:23:22.830+0500] {dagbag.py:588} INFO - Filling up the DagBag from /Users/mac/Desktop/Comapny2/CryptoPortfolioAI/.venv/lib/python3.10/site-packages/airflow/example_dags/example_branch_operator_decorator.py
[2025-01-15T23:23:22.862+0500] {processor.py:927} WARNING - No viable dags retrieved from /Users/mac/Desktop/Comapny2/CryptoPortfolioAI/.venv/lib/python3.10/site-packages/airflow/example_dags/example_branch_operator_decorator.py
[2025-01-15T23:23:22.962+0500] {processor.py:208} INFO - Processing /Users/mac/Desktop/Comapny2/CryptoPortfolioAI/.venv/lib/python3.10/site-packages/airflow/example_dags/example_branch_operator_decorator.py took 0.141 seconds
[2025-01-15T23:31:04.601+0500] {processor.py:186} INFO - Started process (PID=6320) to work on /Users/mac/Desktop/Comapny2/CryptoPortfolioAI/.venv/lib/python3.10/site-packages/airflow/example_dags/example_branch_operator_decorator.py
[2025-01-15T23:31:04.603+0500] {processor.py:914} INFO - Processing file /Users/mac/Desktop/Comapny2/CryptoPortfolioAI/.venv/lib/python3.10/site-packages/airflow/example_dags/example_branch_operator_decorator.py for tasks to queue
[2025-01-15T23:31:04.606+0500] {logging_mixin.py:190} INFO - [2025-01-15T23:31:04.605+0500] {dagbag.py:588} INFO - Filling up the DagBag from /Users/mac/Desktop/Comapny2/CryptoPortfolioAI/.venv/lib/python3.10/site-packages/airflow/example_dags/example_branch_operator_decorator.py
[2025-01-15T23:31:04.628+0500] {processor.py:927} WARNING - No viable dags retrieved from /Users/mac/Desktop/Comapny2/CryptoPortfolioAI/.venv/lib/python3.10/site-packages/airflow/example_dags/example_branch_operator_decorator.py
[2025-01-15T23:31:04.732+0500] {processor.py:208} INFO - Processing /Users/mac/Desktop/Comapny2/CryptoPortfolioAI/.venv/lib/python3.10/site-packages/airflow/example_dags/example_branch_operator_decorator.py took 0.136 seconds
[2025-01-15T23:36:48.324+0500] {processor.py:186} INFO - Started process (PID=7877) to work on /Users/mac/Desktop/Comapny2/CryptoPortfolioAI/.venv/lib/python3.10/site-packages/airflow/example_dags/example_branch_operator_decorator.py
[2025-01-15T23:36:48.327+0500] {processor.py:914} INFO - Processing file /Users/mac/Desktop/Comapny2/CryptoPortfolioAI/.venv/lib/python3.10/site-packages/airflow/example_dags/example_branch_operator_decorator.py for tasks to queue
[2025-01-15T23:36:48.329+0500] {logging_mixin.py:190} INFO - [2025-01-15T23:36:48.328+0500] {dagbag.py:588} INFO - Filling up the DagBag from /Users/mac/Desktop/Comapny2/CryptoPortfolioAI/.venv/lib/python3.10/site-packages/airflow/example_dags/example_branch_operator_decorator.py
[2025-01-15T23:36:48.352+0500] {processor.py:927} WARNING - No viable dags retrieved from /Users/mac/Desktop/Comapny2/CryptoPortfolioAI/.venv/lib/python3.10/site-packages/airflow/example_dags/example_branch_operator_decorator.py
[2025-01-15T23:36:48.448+0500] {processor.py:208} INFO - Processing /Users/mac/Desktop/Comapny2/CryptoPortfolioAI/.venv/lib/python3.10/site-packages/airflow/example_dags/example_branch_operator_decorator.py took 0.129 seconds
[2025-01-15T23:42:58.732+0500] {processor.py:186} INFO - Started process (PID=9457) to work on /Users/mac/Desktop/Comapny2/CryptoPortfolioAI/.venv/lib/python3.10/site-packages/airflow/example_dags/example_branch_operator_decorator.py
[2025-01-15T23:42:58.735+0500] {processor.py:914} INFO - Processing file /Users/mac/Desktop/Comapny2/CryptoPortfolioAI/.venv/lib/python3.10/site-packages/airflow/example_dags/example_branch_operator_decorator.py for tasks to queue
[2025-01-15T23:42:58.737+0500] {logging_mixin.py:190} INFO - [2025-01-15T23:42:58.737+0500] {dagbag.py:588} INFO - Filling up the DagBag from /Users/mac/Desktop/Comapny2/CryptoPortfolioAI/.venv/lib/python3.10/site-packages/airflow/example_dags/example_branch_operator_decorator.py
[2025-01-15T23:42:58.761+0500] {processor.py:927} WARNING - No viable dags retrieved from /Users/mac/Desktop/Comapny2/CryptoPortfolioAI/.venv/lib/python3.10/site-packages/airflow/example_dags/example_branch_operator_decorator.py
[2025-01-15T23:42:58.879+0500] {processor.py:208} INFO - Processing /Users/mac/Desktop/Comapny2/CryptoPortfolioAI/.venv/lib/python3.10/site-packages/airflow/example_dags/example_branch_operator_decorator.py took 0.151 seconds
