[2025-01-15T23:21:41.878+0500] {processor.py:186} INFO - Started process (PID=3608) to work on /Users/mac/Desktop/Comapny2/CryptoPortfolioAI/.venv/lib/python3.10/site-packages/airflow/example_dags/example_sensor_decorator.py
[2025-01-15T23:21:41.880+0500] {processor.py:914} INFO - Processing file /Users/mac/Desktop/Comapny2/CryptoPortfolioAI/.venv/lib/python3.10/site-packages/airflow/example_dags/example_sensor_decorator.py for tasks to queue
[2025-01-15T23:21:41.882+0500] {logging_mixin.py:190} INFO - [2025-01-15T23:21:41.882+0500] {dagbag.py:588} INFO - Filling up the DagBag from /Users/mac/Desktop/Comapny2/CryptoPortfolioAI/.venv/lib/python3.10/site-packages/airflow/example_dags/example_sensor_decorator.py
[2025-01-15T23:21:41.951+0500] {processor.py:925} INFO - DAG(s) 'example_sensor_decorator' retrieved from /Users/mac/Desktop/Comapny2/CryptoPortfolioAI/.venv/lib/python3.10/site-packages/airflow/example_dags/example_sensor_decorator.py
[2025-01-15T23:21:42.730+0500] {logging_mixin.py:190} INFO - [2025-01-15T23:21:42.730+0500] {override.py:1912} INFO - Created Permission View: can edit on DAG:example_sensor_decorator
[2025-01-15T23:21:42.741+0500] {logging_mixin.py:190} INFO - [2025-01-15T23:21:42.741+0500] {override.py:1912} INFO - Created Permission View: can read on DAG:example_sensor_decorator
[2025-01-15T23:21:42.749+0500] {logging_mixin.py:190} INFO - [2025-01-15T23:21:42.749+0500] {override.py:1912} INFO - Created Permission View: can delete on DAG:example_sensor_decorator
[2025-01-15T23:21:42.762+0500] {logging_mixin.py:190} INFO - [2025-01-15T23:21:42.762+0500] {override.py:1912} INFO - Created Permission View: menu access on DAG Run:example_sensor_decorator
[2025-01-15T23:21:42.770+0500] {logging_mixin.py:190} INFO - [2025-01-15T23:21:42.769+0500] {override.py:1912} INFO - Created Permission View: can delete on DAG Run:example_sensor_decorator
[2025-01-15T23:21:42.777+0500] {logging_mixin.py:190} INFO - [2025-01-15T23:21:42.777+0500] {override.py:1912} INFO - Created Permission View: can create on DAG Run:example_sensor_decorator
[2025-01-15T23:21:42.784+0500] {logging_mixin.py:190} INFO - [2025-01-15T23:21:42.784+0500] {override.py:1912} INFO - Created Permission View: can read on DAG Run:example_sensor_decorator
[2025-01-15T23:21:42.785+0500] {logging_mixin.py:190} INFO - [2025-01-15T23:21:42.785+0500] {dag.py:3239} INFO - Sync 1 DAGs
[2025-01-15T23:21:42.797+0500] {logging_mixin.py:190} INFO - [2025-01-15T23:21:42.797+0500] {dag.py:3262} INFO - Creating ORM DAG for example_sensor_decorator
[2025-01-15T23:21:42.798+0500] {logging_mixin.py:190} INFO - [2025-01-15T23:21:42.798+0500] {dag.py:4180} INFO - Setting next_dagrun for example_sensor_decorator to None, run_after=None
[2025-01-15T23:21:42.817+0500] {processor.py:208} INFO - Processing /Users/mac/Desktop/Comapny2/CryptoPortfolioAI/.venv/lib/python3.10/site-packages/airflow/example_dags/example_sensor_decorator.py took 0.945 seconds
[2025-01-15T23:25:56.098+0500] {processor.py:186} INFO - Started process (PID=4724) to work on /Users/mac/Desktop/Comapny2/CryptoPortfolioAI/.venv/lib/python3.10/site-packages/airflow/example_dags/example_sensor_decorator.py
[2025-01-15T23:25:56.100+0500] {processor.py:914} INFO - Processing file /Users/mac/Desktop/Comapny2/CryptoPortfolioAI/.venv/lib/python3.10/site-packages/airflow/example_dags/example_sensor_decorator.py for tasks to queue
[2025-01-15T23:25:56.102+0500] {logging_mixin.py:190} INFO - [2025-01-15T23:25:56.102+0500] {dagbag.py:588} INFO - Filling up the DagBag from /Users/mac/Desktop/Comapny2/CryptoPortfolioAI/.venv/lib/python3.10/site-packages/airflow/example_dags/example_sensor_decorator.py
[2025-01-15T23:25:56.161+0500] {processor.py:925} INFO - DAG(s) 'example_sensor_decorator' retrieved from /Users/mac/Desktop/Comapny2/CryptoPortfolioAI/.venv/lib/python3.10/site-packages/airflow/example_dags/example_sensor_decorator.py
[2025-01-15T23:25:56.921+0500] {logging_mixin.py:190} INFO - [2025-01-15T23:25:56.921+0500] {dag.py:3239} INFO - Sync 1 DAGs
[2025-01-15T23:25:56.934+0500] {logging_mixin.py:190} INFO - [2025-01-15T23:25:56.934+0500] {dag.py:4180} INFO - Setting next_dagrun for example_sensor_decorator to None, run_after=None
[2025-01-15T23:25:56.954+0500] {processor.py:208} INFO - Processing /Users/mac/Desktop/Comapny2/CryptoPortfolioAI/.venv/lib/python3.10/site-packages/airflow/example_dags/example_sensor_decorator.py took 0.860 seconds
[2025-01-15T23:30:00.975+0500] {processor.py:186} INFO - Started process (PID=5964) to work on /Users/mac/Desktop/Comapny2/CryptoPortfolioAI/.venv/lib/python3.10/site-packages/airflow/example_dags/example_sensor_decorator.py
[2025-01-15T23:30:00.978+0500] {processor.py:914} INFO - Processing file /Users/mac/Desktop/Comapny2/CryptoPortfolioAI/.venv/lib/python3.10/site-packages/airflow/example_dags/example_sensor_decorator.py for tasks to queue
[2025-01-15T23:30:00.980+0500] {logging_mixin.py:190} INFO - [2025-01-15T23:30:00.979+0500] {dagbag.py:588} INFO - Filling up the DagBag from /Users/mac/Desktop/Comapny2/CryptoPortfolioAI/.venv/lib/python3.10/site-packages/airflow/example_dags/example_sensor_decorator.py
[2025-01-15T23:30:01.021+0500] {processor.py:925} INFO - DAG(s) 'example_sensor_decorator' retrieved from /Users/mac/Desktop/Comapny2/CryptoPortfolioAI/.venv/lib/python3.10/site-packages/airflow/example_dags/example_sensor_decorator.py
[2025-01-15T23:30:01.581+0500] {logging_mixin.py:190} INFO - [2025-01-15T23:30:01.581+0500] {dag.py:3239} INFO - Sync 1 DAGs
[2025-01-15T23:30:01.593+0500] {logging_mixin.py:190} INFO - [2025-01-15T23:30:01.592+0500] {dag.py:4180} INFO - Setting next_dagrun for example_sensor_decorator to None, run_after=None
[2025-01-15T23:30:01.613+0500] {processor.py:208} INFO - Processing /Users/mac/Desktop/Comapny2/CryptoPortfolioAI/.venv/lib/python3.10/site-packages/airflow/example_dags/example_sensor_decorator.py took 0.642 seconds
[2025-01-15T23:33:05.217+0500] {processor.py:186} INFO - Started process (PID=6883) to work on /Users/mac/Desktop/Comapny2/CryptoPortfolioAI/.venv/lib/python3.10/site-packages/airflow/example_dags/example_sensor_decorator.py
[2025-01-15T23:33:05.219+0500] {processor.py:914} INFO - Processing file /Users/mac/Desktop/Comapny2/CryptoPortfolioAI/.venv/lib/python3.10/site-packages/airflow/example_dags/example_sensor_decorator.py for tasks to queue
[2025-01-15T23:33:05.221+0500] {logging_mixin.py:190} INFO - [2025-01-15T23:33:05.221+0500] {dagbag.py:588} INFO - Filling up the DagBag from /Users/mac/Desktop/Comapny2/CryptoPortfolioAI/.venv/lib/python3.10/site-packages/airflow/example_dags/example_sensor_decorator.py
[2025-01-15T23:33:05.260+0500] {processor.py:925} INFO - DAG(s) 'example_sensor_decorator' retrieved from /Users/mac/Desktop/Comapny2/CryptoPortfolioAI/.venv/lib/python3.10/site-packages/airflow/example_dags/example_sensor_decorator.py
[2025-01-15T23:33:05.804+0500] {logging_mixin.py:190} INFO - [2025-01-15T23:33:05.804+0500] {dag.py:3239} INFO - Sync 1 DAGs
[2025-01-15T23:33:05.817+0500] {logging_mixin.py:190} INFO - [2025-01-15T23:33:05.817+0500] {dag.py:4180} INFO - Setting next_dagrun for example_sensor_decorator to None, run_after=None
[2025-01-15T23:33:05.836+0500] {processor.py:208} INFO - Processing /Users/mac/Desktop/Comapny2/CryptoPortfolioAI/.venv/lib/python3.10/site-packages/airflow/example_dags/example_sensor_decorator.py took 0.623 seconds
[2025-01-15T23:35:55.977+0500] {processor.py:186} INFO - Started process (PID=7640) to work on /Users/mac/Desktop/Comapny2/CryptoPortfolioAI/.venv/lib/python3.10/site-packages/airflow/example_dags/example_sensor_decorator.py
[2025-01-15T23:35:55.979+0500] {processor.py:914} INFO - Processing file /Users/mac/Desktop/Comapny2/CryptoPortfolioAI/.venv/lib/python3.10/site-packages/airflow/example_dags/example_sensor_decorator.py for tasks to queue
[2025-01-15T23:35:55.981+0500] {logging_mixin.py:190} INFO - [2025-01-15T23:35:55.981+0500] {dagbag.py:588} INFO - Filling up the DagBag from /Users/mac/Desktop/Comapny2/CryptoPortfolioAI/.venv/lib/python3.10/site-packages/airflow/example_dags/example_sensor_decorator.py
[2025-01-15T23:35:56.016+0500] {processor.py:925} INFO - DAG(s) 'example_sensor_decorator' retrieved from /Users/mac/Desktop/Comapny2/CryptoPortfolioAI/.venv/lib/python3.10/site-packages/airflow/example_dags/example_sensor_decorator.py
[2025-01-15T23:35:56.539+0500] {logging_mixin.py:190} INFO - [2025-01-15T23:35:56.539+0500] {dag.py:3239} INFO - Sync 1 DAGs
[2025-01-15T23:35:56.550+0500] {logging_mixin.py:190} INFO - [2025-01-15T23:35:56.549+0500] {dag.py:4180} INFO - Setting next_dagrun for example_sensor_decorator to None, run_after=None
[2025-01-15T23:35:56.568+0500] {processor.py:208} INFO - Processing /Users/mac/Desktop/Comapny2/CryptoPortfolioAI/.venv/lib/python3.10/site-packages/airflow/example_dags/example_sensor_decorator.py took 0.595 seconds
[2025-01-15T23:38:41.617+0500] {processor.py:186} INFO - Started process (PID=8406) to work on /Users/mac/Desktop/Comapny2/CryptoPortfolioAI/.venv/lib/python3.10/site-packages/airflow/example_dags/example_sensor_decorator.py
[2025-01-15T23:38:41.619+0500] {processor.py:914} INFO - Processing file /Users/mac/Desktop/Comapny2/CryptoPortfolioAI/.venv/lib/python3.10/site-packages/airflow/example_dags/example_sensor_decorator.py for tasks to queue
[2025-01-15T23:38:41.621+0500] {logging_mixin.py:190} INFO - [2025-01-15T23:38:41.620+0500] {dagbag.py:588} INFO - Filling up the DagBag from /Users/mac/Desktop/Comapny2/CryptoPortfolioAI/.venv/lib/python3.10/site-packages/airflow/example_dags/example_sensor_decorator.py
[2025-01-15T23:38:41.657+0500] {processor.py:925} INFO - DAG(s) 'example_sensor_decorator' retrieved from /Users/mac/Desktop/Comapny2/CryptoPortfolioAI/.venv/lib/python3.10/site-packages/airflow/example_dags/example_sensor_decorator.py
[2025-01-15T23:38:42.167+0500] {logging_mixin.py:190} INFO - [2025-01-15T23:38:42.167+0500] {dag.py:3239} INFO - Sync 1 DAGs
[2025-01-15T23:38:42.178+0500] {logging_mixin.py:190} INFO - [2025-01-15T23:38:42.178+0500] {dag.py:4180} INFO - Setting next_dagrun for example_sensor_decorator to None, run_after=None
[2025-01-15T23:38:42.196+0500] {processor.py:208} INFO - Processing /Users/mac/Desktop/Comapny2/CryptoPortfolioAI/.venv/lib/python3.10/site-packages/airflow/example_dags/example_sensor_decorator.py took 0.585 seconds
[2025-01-15T23:41:58.093+0500] {processor.py:186} INFO - Started process (PID=9190) to work on /Users/mac/Desktop/Comapny2/CryptoPortfolioAI/.venv/lib/python3.10/site-packages/airflow/example_dags/example_sensor_decorator.py
[2025-01-15T23:41:58.096+0500] {processor.py:914} INFO - Processing file /Users/mac/Desktop/Comapny2/CryptoPortfolioAI/.venv/lib/python3.10/site-packages/airflow/example_dags/example_sensor_decorator.py for tasks to queue
[2025-01-15T23:41:58.098+0500] {logging_mixin.py:190} INFO - [2025-01-15T23:41:58.097+0500] {dagbag.py:588} INFO - Filling up the DagBag from /Users/mac/Desktop/Comapny2/CryptoPortfolioAI/.venv/lib/python3.10/site-packages/airflow/example_dags/example_sensor_decorator.py
[2025-01-15T23:41:58.175+0500] {processor.py:925} INFO - DAG(s) 'example_sensor_decorator' retrieved from /Users/mac/Desktop/Comapny2/CryptoPortfolioAI/.venv/lib/python3.10/site-packages/airflow/example_dags/example_sensor_decorator.py
[2025-01-15T23:41:58.924+0500] {logging_mixin.py:190} INFO - [2025-01-15T23:41:58.924+0500] {dag.py:3239} INFO - Sync 1 DAGs
[2025-01-15T23:41:58.943+0500] {logging_mixin.py:190} INFO - [2025-01-15T23:41:58.943+0500] {dag.py:4180} INFO - Setting next_dagrun for example_sensor_decorator to None, run_after=None
[2025-01-15T23:41:58.970+0500] {processor.py:208} INFO - Processing /Users/mac/Desktop/Comapny2/CryptoPortfolioAI/.venv/lib/python3.10/site-packages/airflow/example_dags/example_sensor_decorator.py took 0.881 seconds
