[2025-01-15T12:19:50.735+0500] {processor.py:186} INFO - Started process (PID=36307) to work on /Users/mac/Desktop/Comapny2/CryptoPortfolioAI/.venv/lib/python3.10/site-packages/airflow/example_dags/example_trigger_target_dag.py
[2025-01-15T12:19:50.737+0500] {processor.py:914} INFO - Processing file /Users/mac/Desktop/Comapny2/CryptoPortfolioAI/.venv/lib/python3.10/site-packages/airflow/example_dags/example_trigger_target_dag.py for tasks to queue
[2025-01-15T12:19:50.738+0500] {logging_mixin.py:190} INFO - [2025-01-15T12:19:50.738+0500] {dagbag.py:588} INFO - Filling up the DagBag from /Users/mac/Desktop/Comapny2/CryptoPortfolioAI/.venv/lib/python3.10/site-packages/airflow/example_dags/example_trigger_target_dag.py
[2025-01-15T12:19:50.773+0500] {processor.py:925} INFO - DAG(s) 'example_trigger_target_dag' retrieved from /Users/mac/Desktop/Comapny2/CryptoPortfolioAI/.venv/lib/python3.10/site-packages/airflow/example_dags/example_trigger_target_dag.py
[2025-01-15T12:19:50.955+0500] {logging_mixin.py:190} INFO - [2025-01-15T12:19:50.954+0500] {override.py:1912} INFO - Created Permission View: can read on DAG:example_trigger_target_dag
[2025-01-15T12:19:50.963+0500] {logging_mixin.py:190} INFO - [2025-01-15T12:19:50.963+0500] {override.py:1912} INFO - Created Permission View: can delete on DAG:example_trigger_target_dag
[2025-01-15T12:19:50.969+0500] {logging_mixin.py:190} INFO - [2025-01-15T12:19:50.968+0500] {override.py:1912} INFO - Created Permission View: can edit on DAG:example_trigger_target_dag
[2025-01-15T12:19:50.978+0500] {logging_mixin.py:190} INFO - [2025-01-15T12:19:50.978+0500] {override.py:1912} INFO - Created Permission View: can read on DAG Run:example_trigger_target_dag
[2025-01-15T12:19:50.984+0500] {logging_mixin.py:190} INFO - [2025-01-15T12:19:50.983+0500] {override.py:1912} INFO - Created Permission View: can delete on DAG Run:example_trigger_target_dag
[2025-01-15T12:19:50.991+0500] {logging_mixin.py:190} INFO - [2025-01-15T12:19:50.990+0500] {override.py:1912} INFO - Created Permission View: menu access on DAG Run:example_trigger_target_dag
[2025-01-15T12:19:50.997+0500] {logging_mixin.py:190} INFO - [2025-01-15T12:19:50.997+0500] {override.py:1912} INFO - Created Permission View: can create on DAG Run:example_trigger_target_dag
[2025-01-15T12:19:50.998+0500] {logging_mixin.py:190} INFO - [2025-01-15T12:19:50.998+0500] {dag.py:3239} INFO - Sync 1 DAGs
[2025-01-15T12:19:51.009+0500] {logging_mixin.py:190} INFO - [2025-01-15T12:19:51.009+0500] {dag.py:3262} INFO - Creating ORM DAG for example_trigger_target_dag
[2025-01-15T12:19:51.010+0500] {logging_mixin.py:190} INFO - [2025-01-15T12:19:51.010+0500] {dag.py:4180} INFO - Setting next_dagrun for example_trigger_target_dag to None, run_after=None
[2025-01-15T12:19:51.026+0500] {processor.py:208} INFO - Processing /Users/mac/Desktop/Comapny2/CryptoPortfolioAI/.venv/lib/python3.10/site-packages/airflow/example_dags/example_trigger_target_dag.py took 0.296 seconds
[2025-01-15T23:20:46.186+0500] {processor.py:186} INFO - Started process (PID=3342) to work on /Users/mac/Desktop/Comapny2/CryptoPortfolioAI/.venv/lib/python3.10/site-packages/airflow/example_dags/example_trigger_target_dag.py
[2025-01-15T23:20:46.190+0500] {processor.py:914} INFO - Processing file /Users/mac/Desktop/Comapny2/CryptoPortfolioAI/.venv/lib/python3.10/site-packages/airflow/example_dags/example_trigger_target_dag.py for tasks to queue
[2025-01-15T23:20:46.192+0500] {logging_mixin.py:190} INFO - [2025-01-15T23:20:46.192+0500] {dagbag.py:588} INFO - Filling up the DagBag from /Users/mac/Desktop/Comapny2/CryptoPortfolioAI/.venv/lib/python3.10/site-packages/airflow/example_dags/example_trigger_target_dag.py
[2025-01-15T23:20:46.266+0500] {processor.py:925} INFO - DAG(s) 'example_trigger_target_dag' retrieved from /Users/mac/Desktop/Comapny2/CryptoPortfolioAI/.venv/lib/python3.10/site-packages/airflow/example_dags/example_trigger_target_dag.py
[2025-01-15T23:20:46.376+0500] {logging_mixin.py:190} INFO - [2025-01-15T23:20:46.375+0500] {dag.py:3239} INFO - Sync 1 DAGs
[2025-01-15T23:20:46.388+0500] {logging_mixin.py:190} INFO - [2025-01-15T23:20:46.388+0500] {dag.py:4180} INFO - Setting next_dagrun for example_trigger_target_dag to None, run_after=None
[2025-01-15T23:20:46.409+0500] {processor.py:208} INFO - Processing /Users/mac/Desktop/Comapny2/CryptoPortfolioAI/.venv/lib/python3.10/site-packages/airflow/example_dags/example_trigger_target_dag.py took 0.229 seconds
[2025-01-15T23:24:58.880+0500] {processor.py:186} INFO - Started process (PID=4479) to work on /Users/mac/Desktop/Comapny2/CryptoPortfolioAI/.venv/lib/python3.10/site-packages/airflow/example_dags/example_trigger_target_dag.py
[2025-01-15T23:24:58.884+0500] {processor.py:914} INFO - Processing file /Users/mac/Desktop/Comapny2/CryptoPortfolioAI/.venv/lib/python3.10/site-packages/airflow/example_dags/example_trigger_target_dag.py for tasks to queue
[2025-01-15T23:24:58.887+0500] {logging_mixin.py:190} INFO - [2025-01-15T23:24:58.886+0500] {dagbag.py:588} INFO - Filling up the DagBag from /Users/mac/Desktop/Comapny2/CryptoPortfolioAI/.venv/lib/python3.10/site-packages/airflow/example_dags/example_trigger_target_dag.py
[2025-01-15T23:24:58.960+0500] {processor.py:925} INFO - DAG(s) 'example_trigger_target_dag' retrieved from /Users/mac/Desktop/Comapny2/CryptoPortfolioAI/.venv/lib/python3.10/site-packages/airflow/example_dags/example_trigger_target_dag.py
[2025-01-15T23:24:59.233+0500] {logging_mixin.py:190} INFO - [2025-01-15T23:24:59.233+0500] {dag.py:3239} INFO - Sync 1 DAGs
[2025-01-15T23:24:59.276+0500] {logging_mixin.py:190} INFO - [2025-01-15T23:24:59.269+0500] {dag.py:4180} INFO - Setting next_dagrun for example_trigger_target_dag to None, run_after=None
[2025-01-15T23:24:59.382+0500] {processor.py:208} INFO - Processing /Users/mac/Desktop/Comapny2/CryptoPortfolioAI/.venv/lib/python3.10/site-packages/airflow/example_dags/example_trigger_target_dag.py took 0.508 seconds
[2025-01-15T23:29:04.182+0500] {processor.py:186} INFO - Started process (PID=5663) to work on /Users/mac/Desktop/Comapny2/CryptoPortfolioAI/.venv/lib/python3.10/site-packages/airflow/example_dags/example_trigger_target_dag.py
[2025-01-15T23:29:04.189+0500] {processor.py:914} INFO - Processing file /Users/mac/Desktop/Comapny2/CryptoPortfolioAI/.venv/lib/python3.10/site-packages/airflow/example_dags/example_trigger_target_dag.py for tasks to queue
[2025-01-15T23:29:04.197+0500] {logging_mixin.py:190} INFO - [2025-01-15T23:29:04.196+0500] {dagbag.py:588} INFO - Filling up the DagBag from /Users/mac/Desktop/Comapny2/CryptoPortfolioAI/.venv/lib/python3.10/site-packages/airflow/example_dags/example_trigger_target_dag.py
[2025-01-15T23:29:04.342+0500] {processor.py:925} INFO - DAG(s) 'example_trigger_target_dag' retrieved from /Users/mac/Desktop/Comapny2/CryptoPortfolioAI/.venv/lib/python3.10/site-packages/airflow/example_dags/example_trigger_target_dag.py
[2025-01-15T23:29:04.690+0500] {logging_mixin.py:190} INFO - [2025-01-15T23:29:04.689+0500] {dag.py:3239} INFO - Sync 1 DAGs
[2025-01-15T23:29:04.718+0500] {logging_mixin.py:190} INFO - [2025-01-15T23:29:04.717+0500] {dag.py:4180} INFO - Setting next_dagrun for example_trigger_target_dag to None, run_after=None
[2025-01-15T23:29:04.765+0500] {processor.py:208} INFO - Processing /Users/mac/Desktop/Comapny2/CryptoPortfolioAI/.venv/lib/python3.10/site-packages/airflow/example_dags/example_trigger_target_dag.py took 0.591 seconds
[2025-01-15T23:32:20.665+0500] {processor.py:186} INFO - Started process (PID=6690) to work on /Users/mac/Desktop/Comapny2/CryptoPortfolioAI/.venv/lib/python3.10/site-packages/airflow/example_dags/example_trigger_target_dag.py
[2025-01-15T23:32:20.668+0500] {processor.py:914} INFO - Processing file /Users/mac/Desktop/Comapny2/CryptoPortfolioAI/.venv/lib/python3.10/site-packages/airflow/example_dags/example_trigger_target_dag.py for tasks to queue
[2025-01-15T23:32:20.669+0500] {logging_mixin.py:190} INFO - [2025-01-15T23:32:20.669+0500] {dagbag.py:588} INFO - Filling up the DagBag from /Users/mac/Desktop/Comapny2/CryptoPortfolioAI/.venv/lib/python3.10/site-packages/airflow/example_dags/example_trigger_target_dag.py
[2025-01-15T23:32:20.706+0500] {processor.py:925} INFO - DAG(s) 'example_trigger_target_dag' retrieved from /Users/mac/Desktop/Comapny2/CryptoPortfolioAI/.venv/lib/python3.10/site-packages/airflow/example_dags/example_trigger_target_dag.py
[2025-01-15T23:32:20.813+0500] {logging_mixin.py:190} INFO - [2025-01-15T23:32:20.813+0500] {dag.py:3239} INFO - Sync 1 DAGs
[2025-01-15T23:32:20.824+0500] {logging_mixin.py:190} INFO - [2025-01-15T23:32:20.824+0500] {dag.py:4180} INFO - Setting next_dagrun for example_trigger_target_dag to None, run_after=None
[2025-01-15T23:32:20.845+0500] {processor.py:208} INFO - Processing /Users/mac/Desktop/Comapny2/CryptoPortfolioAI/.venv/lib/python3.10/site-packages/airflow/example_dags/example_trigger_target_dag.py took 0.184 seconds
[2025-01-15T23:35:12.338+0500] {processor.py:186} INFO - Started process (PID=7451) to work on /Users/mac/Desktop/Comapny2/CryptoPortfolioAI/.venv/lib/python3.10/site-packages/airflow/example_dags/example_trigger_target_dag.py
[2025-01-15T23:35:12.340+0500] {processor.py:914} INFO - Processing file /Users/mac/Desktop/Comapny2/CryptoPortfolioAI/.venv/lib/python3.10/site-packages/airflow/example_dags/example_trigger_target_dag.py for tasks to queue
[2025-01-15T23:35:12.341+0500] {logging_mixin.py:190} INFO - [2025-01-15T23:35:12.341+0500] {dagbag.py:588} INFO - Filling up the DagBag from /Users/mac/Desktop/Comapny2/CryptoPortfolioAI/.venv/lib/python3.10/site-packages/airflow/example_dags/example_trigger_target_dag.py
[2025-01-15T23:35:12.379+0500] {processor.py:925} INFO - DAG(s) 'example_trigger_target_dag' retrieved from /Users/mac/Desktop/Comapny2/CryptoPortfolioAI/.venv/lib/python3.10/site-packages/airflow/example_dags/example_trigger_target_dag.py
[2025-01-15T23:35:12.479+0500] {logging_mixin.py:190} INFO - [2025-01-15T23:35:12.479+0500] {dag.py:3239} INFO - Sync 1 DAGs
[2025-01-15T23:35:12.491+0500] {logging_mixin.py:190} INFO - [2025-01-15T23:35:12.490+0500] {dag.py:4180} INFO - Setting next_dagrun for example_trigger_target_dag to None, run_after=None
[2025-01-15T23:35:12.510+0500] {processor.py:208} INFO - Processing /Users/mac/Desktop/Comapny2/CryptoPortfolioAI/.venv/lib/python3.10/site-packages/airflow/example_dags/example_trigger_target_dag.py took 0.177 seconds
[2025-01-15T23:37:58.134+0500] {processor.py:186} INFO - Started process (PID=8216) to work on /Users/mac/Desktop/Comapny2/CryptoPortfolioAI/.venv/lib/python3.10/site-packages/airflow/example_dags/example_trigger_target_dag.py
[2025-01-15T23:37:58.137+0500] {processor.py:914} INFO - Processing file /Users/mac/Desktop/Comapny2/CryptoPortfolioAI/.venv/lib/python3.10/site-packages/airflow/example_dags/example_trigger_target_dag.py for tasks to queue
[2025-01-15T23:37:58.139+0500] {logging_mixin.py:190} INFO - [2025-01-15T23:37:58.138+0500] {dagbag.py:588} INFO - Filling up the DagBag from /Users/mac/Desktop/Comapny2/CryptoPortfolioAI/.venv/lib/python3.10/site-packages/airflow/example_dags/example_trigger_target_dag.py
[2025-01-15T23:37:58.181+0500] {processor.py:925} INFO - DAG(s) 'example_trigger_target_dag' retrieved from /Users/mac/Desktop/Comapny2/CryptoPortfolioAI/.venv/lib/python3.10/site-packages/airflow/example_dags/example_trigger_target_dag.py
[2025-01-15T23:37:58.294+0500] {logging_mixin.py:190} INFO - [2025-01-15T23:37:58.294+0500] {dag.py:3239} INFO - Sync 1 DAGs
[2025-01-15T23:37:58.306+0500] {logging_mixin.py:190} INFO - [2025-01-15T23:37:58.306+0500] {dag.py:4180} INFO - Setting next_dagrun for example_trigger_target_dag to None, run_after=None
[2025-01-15T23:37:58.327+0500] {processor.py:208} INFO - Processing /Users/mac/Desktop/Comapny2/CryptoPortfolioAI/.venv/lib/python3.10/site-packages/airflow/example_dags/example_trigger_target_dag.py took 0.198 seconds
[2025-01-15T23:41:03.722+0500] {processor.py:186} INFO - Started process (PID=8990) to work on /Users/mac/Desktop/Comapny2/CryptoPortfolioAI/.venv/lib/python3.10/site-packages/airflow/example_dags/example_trigger_target_dag.py
[2025-01-15T23:41:03.724+0500] {processor.py:914} INFO - Processing file /Users/mac/Desktop/Comapny2/CryptoPortfolioAI/.venv/lib/python3.10/site-packages/airflow/example_dags/example_trigger_target_dag.py for tasks to queue
[2025-01-15T23:41:03.727+0500] {logging_mixin.py:190} INFO - [2025-01-15T23:41:03.727+0500] {dagbag.py:588} INFO - Filling up the DagBag from /Users/mac/Desktop/Comapny2/CryptoPortfolioAI/.venv/lib/python3.10/site-packages/airflow/example_dags/example_trigger_target_dag.py
[2025-01-15T23:41:03.785+0500] {processor.py:925} INFO - DAG(s) 'example_trigger_target_dag' retrieved from /Users/mac/Desktop/Comapny2/CryptoPortfolioAI/.venv/lib/python3.10/site-packages/airflow/example_dags/example_trigger_target_dag.py
[2025-01-15T23:41:03.966+0500] {logging_mixin.py:190} INFO - [2025-01-15T23:41:03.965+0500] {dag.py:3239} INFO - Sync 1 DAGs
[2025-01-15T23:41:03.983+0500] {logging_mixin.py:190} INFO - [2025-01-15T23:41:03.982+0500] {dag.py:4180} INFO - Setting next_dagrun for example_trigger_target_dag to None, run_after=None
[2025-01-15T23:41:04.007+0500] {processor.py:208} INFO - Processing /Users/mac/Desktop/Comapny2/CryptoPortfolioAI/.venv/lib/python3.10/site-packages/airflow/example_dags/example_trigger_target_dag.py took 0.290 seconds
[2025-01-15T23:44:20.327+0500] {processor.py:186} INFO - Started process (PID=9801) to work on /Users/mac/Desktop/Comapny2/CryptoPortfolioAI/.venv/lib/python3.10/site-packages/airflow/example_dags/example_trigger_target_dag.py
[2025-01-15T23:44:20.330+0500] {processor.py:914} INFO - Processing file /Users/mac/Desktop/Comapny2/CryptoPortfolioAI/.venv/lib/python3.10/site-packages/airflow/example_dags/example_trigger_target_dag.py for tasks to queue
[2025-01-15T23:44:20.332+0500] {logging_mixin.py:190} INFO - [2025-01-15T23:44:20.331+0500] {dagbag.py:588} INFO - Filling up the DagBag from /Users/mac/Desktop/Comapny2/CryptoPortfolioAI/.venv/lib/python3.10/site-packages/airflow/example_dags/example_trigger_target_dag.py
[2025-01-15T23:44:20.377+0500] {processor.py:925} INFO - DAG(s) 'example_trigger_target_dag' retrieved from /Users/mac/Desktop/Comapny2/CryptoPortfolioAI/.venv/lib/python3.10/site-packages/airflow/example_dags/example_trigger_target_dag.py
[2025-01-15T23:44:20.518+0500] {logging_mixin.py:190} INFO - [2025-01-15T23:44:20.517+0500] {dag.py:3239} INFO - Sync 1 DAGs
[2025-01-15T23:44:20.545+0500] {logging_mixin.py:190} INFO - [2025-01-15T23:44:20.545+0500] {dag.py:4180} INFO - Setting next_dagrun for example_trigger_target_dag to None, run_after=None
[2025-01-15T23:44:20.580+0500] {processor.py:208} INFO - Processing /Users/mac/Desktop/Comapny2/CryptoPortfolioAI/.venv/lib/python3.10/site-packages/airflow/example_dags/example_trigger_target_dag.py took 0.258 seconds
