[2025-01-15T23:22:01.837+0500] {processor.py:186} INFO - Started process (PID=3698) to work on /Users/mac/Desktop/Comapny2/CryptoPortfolioAI/.venv/lib/python3.10/site-packages/airflow/example_dags/example_params_trigger_ui.py
[2025-01-15T23:22:01.838+0500] {processor.py:914} INFO - Processing file /Users/mac/Desktop/Comapny2/CryptoPortfolioAI/.venv/lib/python3.10/site-packages/airflow/example_dags/example_params_trigger_ui.py for tasks to queue
[2025-01-15T23:22:01.840+0500] {logging_mixin.py:190} INFO - [2025-01-15T23:22:01.839+0500] {dagbag.py:588} INFO - Filling up the DagBag from /Users/mac/Desktop/Comapny2/CryptoPortfolioAI/.venv/lib/python3.10/site-packages/airflow/example_dags/example_params_trigger_ui.py
[2025-01-15T23:22:01.885+0500] {processor.py:925} INFO - DAG(s) 'example_params_trigger_ui' retrieved from /Users/mac/Desktop/Comapny2/CryptoPortfolioAI/.venv/lib/python3.10/site-packages/airflow/example_dags/example_params_trigger_ui.py
[2025-01-15T23:22:02.109+0500] {logging_mixin.py:190} INFO - [2025-01-15T23:22:02.108+0500] {override.py:1912} INFO - Created Permission View: can edit on DAG:example_params_trigger_ui
[2025-01-15T23:22:02.118+0500] {logging_mixin.py:190} INFO - [2025-01-15T23:22:02.118+0500] {override.py:1912} INFO - Created Permission View: can delete on DAG:example_params_trigger_ui
[2025-01-15T23:22:02.126+0500] {logging_mixin.py:190} INFO - [2025-01-15T23:22:02.125+0500] {override.py:1912} INFO - Created Permission View: can read on DAG:example_params_trigger_ui
[2025-01-15T23:22:02.135+0500] {logging_mixin.py:190} INFO - [2025-01-15T23:22:02.135+0500] {override.py:1912} INFO - Created Permission View: can delete on DAG Run:example_params_trigger_ui
[2025-01-15T23:22:02.142+0500] {logging_mixin.py:190} INFO - [2025-01-15T23:22:02.142+0500] {override.py:1912} INFO - Created Permission View: can create on DAG Run:example_params_trigger_ui
[2025-01-15T23:22:02.149+0500] {logging_mixin.py:190} INFO - [2025-01-15T23:22:02.149+0500] {override.py:1912} INFO - Created Permission View: can read on DAG Run:example_params_trigger_ui
[2025-01-15T23:22:02.157+0500] {logging_mixin.py:190} INFO - [2025-01-15T23:22:02.156+0500] {override.py:1912} INFO - Created Permission View: menu access on DAG Run:example_params_trigger_ui
[2025-01-15T23:22:02.158+0500] {logging_mixin.py:190} INFO - [2025-01-15T23:22:02.157+0500] {dag.py:3239} INFO - Sync 1 DAGs
[2025-01-15T23:22:02.171+0500] {logging_mixin.py:190} INFO - [2025-01-15T23:22:02.171+0500] {dag.py:3262} INFO - Creating ORM DAG for example_params_trigger_ui
[2025-01-15T23:22:02.172+0500] {logging_mixin.py:190} INFO - [2025-01-15T23:22:02.172+0500] {dag.py:4180} INFO - Setting next_dagrun for example_params_trigger_ui to None, run_after=None
[2025-01-15T23:22:02.194+0500] {processor.py:208} INFO - Processing /Users/mac/Desktop/Comapny2/CryptoPortfolioAI/.venv/lib/python3.10/site-packages/airflow/example_dags/example_params_trigger_ui.py took 0.362 seconds
[2025-01-15T23:26:21.337+0500] {processor.py:186} INFO - Started process (PID=4830) to work on /Users/mac/Desktop/Comapny2/CryptoPortfolioAI/.venv/lib/python3.10/site-packages/airflow/example_dags/example_params_trigger_ui.py
[2025-01-15T23:26:21.339+0500] {processor.py:914} INFO - Processing file /Users/mac/Desktop/Comapny2/CryptoPortfolioAI/.venv/lib/python3.10/site-packages/airflow/example_dags/example_params_trigger_ui.py for tasks to queue
[2025-01-15T23:26:21.341+0500] {logging_mixin.py:190} INFO - [2025-01-15T23:26:21.341+0500] {dagbag.py:588} INFO - Filling up the DagBag from /Users/mac/Desktop/Comapny2/CryptoPortfolioAI/.venv/lib/python3.10/site-packages/airflow/example_dags/example_params_trigger_ui.py
[2025-01-15T23:26:21.391+0500] {processor.py:925} INFO - DAG(s) 'example_params_trigger_ui' retrieved from /Users/mac/Desktop/Comapny2/CryptoPortfolioAI/.venv/lib/python3.10/site-packages/airflow/example_dags/example_params_trigger_ui.py
[2025-01-15T23:26:21.558+0500] {logging_mixin.py:190} INFO - [2025-01-15T23:26:21.557+0500] {dag.py:3239} INFO - Sync 1 DAGs
[2025-01-15T23:26:21.573+0500] {logging_mixin.py:190} INFO - [2025-01-15T23:26:21.573+0500] {dag.py:4180} INFO - Setting next_dagrun for example_params_trigger_ui to None, run_after=None
[2025-01-15T23:26:21.608+0500] {processor.py:208} INFO - Processing /Users/mac/Desktop/Comapny2/CryptoPortfolioAI/.venv/lib/python3.10/site-packages/airflow/example_dags/example_params_trigger_ui.py took 0.275 seconds
[2025-01-15T23:30:18.664+0500] {processor.py:186} INFO - Started process (PID=6052) to work on /Users/mac/Desktop/Comapny2/CryptoPortfolioAI/.venv/lib/python3.10/site-packages/airflow/example_dags/example_params_trigger_ui.py
[2025-01-15T23:30:18.667+0500] {processor.py:914} INFO - Processing file /Users/mac/Desktop/Comapny2/CryptoPortfolioAI/.venv/lib/python3.10/site-packages/airflow/example_dags/example_params_trigger_ui.py for tasks to queue
[2025-01-15T23:30:18.669+0500] {logging_mixin.py:190} INFO - [2025-01-15T23:30:18.668+0500] {dagbag.py:588} INFO - Filling up the DagBag from /Users/mac/Desktop/Comapny2/CryptoPortfolioAI/.venv/lib/python3.10/site-packages/airflow/example_dags/example_params_trigger_ui.py
[2025-01-15T23:30:18.743+0500] {processor.py:925} INFO - DAG(s) 'example_params_trigger_ui' retrieved from /Users/mac/Desktop/Comapny2/CryptoPortfolioAI/.venv/lib/python3.10/site-packages/airflow/example_dags/example_params_trigger_ui.py
[2025-01-15T23:30:18.965+0500] {logging_mixin.py:190} INFO - [2025-01-15T23:30:18.964+0500] {dag.py:3239} INFO - Sync 1 DAGs
[2025-01-15T23:30:18.983+0500] {logging_mixin.py:190} INFO - [2025-01-15T23:30:18.982+0500] {dag.py:4180} INFO - Setting next_dagrun for example_params_trigger_ui to None, run_after=None
[2025-01-15T23:30:19.012+0500] {processor.py:208} INFO - Processing /Users/mac/Desktop/Comapny2/CryptoPortfolioAI/.venv/lib/python3.10/site-packages/airflow/example_dags/example_params_trigger_ui.py took 0.355 seconds
[2025-01-15T23:33:22.545+0500] {processor.py:186} INFO - Started process (PID=6958) to work on /Users/mac/Desktop/Comapny2/CryptoPortfolioAI/.venv/lib/python3.10/site-packages/airflow/example_dags/example_params_trigger_ui.py
[2025-01-15T23:33:22.546+0500] {processor.py:914} INFO - Processing file /Users/mac/Desktop/Comapny2/CryptoPortfolioAI/.venv/lib/python3.10/site-packages/airflow/example_dags/example_params_trigger_ui.py for tasks to queue
[2025-01-15T23:33:22.548+0500] {logging_mixin.py:190} INFO - [2025-01-15T23:33:22.547+0500] {dagbag.py:588} INFO - Filling up the DagBag from /Users/mac/Desktop/Comapny2/CryptoPortfolioAI/.venv/lib/python3.10/site-packages/airflow/example_dags/example_params_trigger_ui.py
[2025-01-15T23:33:22.587+0500] {processor.py:925} INFO - DAG(s) 'example_params_trigger_ui' retrieved from /Users/mac/Desktop/Comapny2/CryptoPortfolioAI/.venv/lib/python3.10/site-packages/airflow/example_dags/example_params_trigger_ui.py
[2025-01-15T23:33:22.718+0500] {logging_mixin.py:190} INFO - [2025-01-15T23:33:22.718+0500] {dag.py:3239} INFO - Sync 1 DAGs
[2025-01-15T23:33:22.732+0500] {logging_mixin.py:190} INFO - [2025-01-15T23:33:22.731+0500] {dag.py:4180} INFO - Setting next_dagrun for example_params_trigger_ui to None, run_after=None
[2025-01-15T23:33:22.752+0500] {processor.py:208} INFO - Processing /Users/mac/Desktop/Comapny2/CryptoPortfolioAI/.venv/lib/python3.10/site-packages/airflow/example_dags/example_params_trigger_ui.py took 0.213 seconds
[2025-01-15T23:36:13.364+0500] {processor.py:186} INFO - Started process (PID=7716) to work on /Users/mac/Desktop/Comapny2/CryptoPortfolioAI/.venv/lib/python3.10/site-packages/airflow/example_dags/example_params_trigger_ui.py
[2025-01-15T23:36:13.366+0500] {processor.py:914} INFO - Processing file /Users/mac/Desktop/Comapny2/CryptoPortfolioAI/.venv/lib/python3.10/site-packages/airflow/example_dags/example_params_trigger_ui.py for tasks to queue
[2025-01-15T23:36:13.368+0500] {logging_mixin.py:190} INFO - [2025-01-15T23:36:13.368+0500] {dagbag.py:588} INFO - Filling up the DagBag from /Users/mac/Desktop/Comapny2/CryptoPortfolioAI/.venv/lib/python3.10/site-packages/airflow/example_dags/example_params_trigger_ui.py
[2025-01-15T23:36:13.407+0500] {processor.py:925} INFO - DAG(s) 'example_params_trigger_ui' retrieved from /Users/mac/Desktop/Comapny2/CryptoPortfolioAI/.venv/lib/python3.10/site-packages/airflow/example_dags/example_params_trigger_ui.py
[2025-01-15T23:36:13.536+0500] {logging_mixin.py:190} INFO - [2025-01-15T23:36:13.536+0500] {dag.py:3239} INFO - Sync 1 DAGs
[2025-01-15T23:36:13.547+0500] {logging_mixin.py:190} INFO - [2025-01-15T23:36:13.547+0500] {dag.py:4180} INFO - Setting next_dagrun for example_params_trigger_ui to None, run_after=None
[2025-01-15T23:36:13.565+0500] {processor.py:208} INFO - Processing /Users/mac/Desktop/Comapny2/CryptoPortfolioAI/.venv/lib/python3.10/site-packages/airflow/example_dags/example_params_trigger_ui.py took 0.206 seconds
[2025-01-15T23:38:59.602+0500] {processor.py:186} INFO - Started process (PID=8483) to work on /Users/mac/Desktop/Comapny2/CryptoPortfolioAI/.venv/lib/python3.10/site-packages/airflow/example_dags/example_params_trigger_ui.py
[2025-01-15T23:38:59.604+0500] {processor.py:914} INFO - Processing file /Users/mac/Desktop/Comapny2/CryptoPortfolioAI/.venv/lib/python3.10/site-packages/airflow/example_dags/example_params_trigger_ui.py for tasks to queue
[2025-01-15T23:38:59.606+0500] {logging_mixin.py:190} INFO - [2025-01-15T23:38:59.606+0500] {dagbag.py:588} INFO - Filling up the DagBag from /Users/mac/Desktop/Comapny2/CryptoPortfolioAI/.venv/lib/python3.10/site-packages/airflow/example_dags/example_params_trigger_ui.py
[2025-01-15T23:38:59.648+0500] {processor.py:925} INFO - DAG(s) 'example_params_trigger_ui' retrieved from /Users/mac/Desktop/Comapny2/CryptoPortfolioAI/.venv/lib/python3.10/site-packages/airflow/example_dags/example_params_trigger_ui.py
[2025-01-15T23:38:59.802+0500] {logging_mixin.py:190} INFO - [2025-01-15T23:38:59.801+0500] {dag.py:3239} INFO - Sync 1 DAGs
[2025-01-15T23:38:59.819+0500] {logging_mixin.py:190} INFO - [2025-01-15T23:38:59.819+0500] {dag.py:4180} INFO - Setting next_dagrun for example_params_trigger_ui to None, run_after=None
[2025-01-15T23:38:59.851+0500] {processor.py:208} INFO - Processing /Users/mac/Desktop/Comapny2/CryptoPortfolioAI/.venv/lib/python3.10/site-packages/airflow/example_dags/example_params_trigger_ui.py took 0.254 seconds
[2025-01-15T23:42:17.258+0500] {processor.py:186} INFO - Started process (PID=9255) to work on /Users/mac/Desktop/Comapny2/CryptoPortfolioAI/.venv/lib/python3.10/site-packages/airflow/example_dags/example_params_trigger_ui.py
[2025-01-15T23:42:17.260+0500] {processor.py:914} INFO - Processing file /Users/mac/Desktop/Comapny2/CryptoPortfolioAI/.venv/lib/python3.10/site-packages/airflow/example_dags/example_params_trigger_ui.py for tasks to queue
[2025-01-15T23:42:17.261+0500] {logging_mixin.py:190} INFO - [2025-01-15T23:42:17.261+0500] {dagbag.py:588} INFO - Filling up the DagBag from /Users/mac/Desktop/Comapny2/CryptoPortfolioAI/.venv/lib/python3.10/site-packages/airflow/example_dags/example_params_trigger_ui.py
[2025-01-15T23:42:17.314+0500] {processor.py:925} INFO - DAG(s) 'example_params_trigger_ui' retrieved from /Users/mac/Desktop/Comapny2/CryptoPortfolioAI/.venv/lib/python3.10/site-packages/airflow/example_dags/example_params_trigger_ui.py
[2025-01-15T23:42:17.469+0500] {logging_mixin.py:190} INFO - [2025-01-15T23:42:17.468+0500] {dag.py:3239} INFO - Sync 1 DAGs
[2025-01-15T23:42:17.483+0500] {logging_mixin.py:190} INFO - [2025-01-15T23:42:17.483+0500] {dag.py:4180} INFO - Setting next_dagrun for example_params_trigger_ui to None, run_after=None
[2025-01-15T23:42:17.506+0500] {processor.py:208} INFO - Processing /Users/mac/Desktop/Comapny2/CryptoPortfolioAI/.venv/lib/python3.10/site-packages/airflow/example_dags/example_params_trigger_ui.py took 0.255 seconds
