[2025-01-15T23:23:05.636+0500] {processor.py:186} INFO - Started process (PID=3990) to work on /Users/mac/Desktop/Comapny2/CryptoPortfolioAI/.venv/lib/python3.10/site-packages/airflow/example_dags/example_dataset_alias.py
[2025-01-15T23:23:05.638+0500] {processor.py:914} INFO - Processing file /Users/mac/Desktop/Comapny2/CryptoPortfolioAI/.venv/lib/python3.10/site-packages/airflow/example_dags/example_dataset_alias.py for tasks to queue
[2025-01-15T23:23:05.640+0500] {logging_mixin.py:190} INFO - [2025-01-15T23:23:05.640+0500] {dagbag.py:588} INFO - Filling up the DagBag from /Users/mac/Desktop/Comapny2/CryptoPortfolioAI/.venv/lib/python3.10/site-packages/airflow/example_dags/example_dataset_alias.py
[2025-01-15T23:23:05.869+0500] {processor.py:925} INFO - DAG(s) 'dataset_alias_example_alias_consumer', 'dataset_s3_bucket_consumer', 'dataset_alias_example_alias_producer', 'dataset_s3_bucket_producer' retrieved from /Users/mac/Desktop/Comapny2/CryptoPortfolioAI/.venv/lib/python3.10/site-packages/airflow/example_dags/example_dataset_alias.py
[2025-01-15T23:23:06.074+0500] {logging_mixin.py:190} INFO - [2025-01-15T23:23:06.073+0500] {override.py:1912} INFO - Created Permission View: can delete on DAG:dataset_alias_example_alias_consumer
[2025-01-15T23:23:06.087+0500] {logging_mixin.py:190} INFO - [2025-01-15T23:23:06.087+0500] {override.py:1912} INFO - Created Permission View: can edit on DAG:dataset_alias_example_alias_consumer
[2025-01-15T23:23:06.100+0500] {logging_mixin.py:190} INFO - [2025-01-15T23:23:06.100+0500] {override.py:1912} INFO - Created Permission View: can read on DAG:dataset_alias_example_alias_consumer
[2025-01-15T23:23:06.117+0500] {logging_mixin.py:190} INFO - [2025-01-15T23:23:06.116+0500] {override.py:1912} INFO - Created Permission View: can delete on DAG Run:dataset_alias_example_alias_consumer
[2025-01-15T23:23:06.128+0500] {logging_mixin.py:190} INFO - [2025-01-15T23:23:06.128+0500] {override.py:1912} INFO - Created Permission View: can create on DAG Run:dataset_alias_example_alias_consumer
[2025-01-15T23:23:06.140+0500] {logging_mixin.py:190} INFO - [2025-01-15T23:23:06.140+0500] {override.py:1912} INFO - Created Permission View: can read on DAG Run:dataset_alias_example_alias_consumer
[2025-01-15T23:23:06.150+0500] {logging_mixin.py:190} INFO - [2025-01-15T23:23:06.150+0500] {override.py:1912} INFO - Created Permission View: menu access on DAG Run:dataset_alias_example_alias_consumer
[2025-01-15T23:23:06.166+0500] {logging_mixin.py:190} INFO - [2025-01-15T23:23:06.166+0500] {override.py:1912} INFO - Created Permission View: can delete on DAG:dataset_s3_bucket_consumer
[2025-01-15T23:23:06.176+0500] {logging_mixin.py:190} INFO - [2025-01-15T23:23:06.175+0500] {override.py:1912} INFO - Created Permission View: can edit on DAG:dataset_s3_bucket_consumer
[2025-01-15T23:23:06.184+0500] {logging_mixin.py:190} INFO - [2025-01-15T23:23:06.183+0500] {override.py:1912} INFO - Created Permission View: can read on DAG:dataset_s3_bucket_consumer
[2025-01-15T23:23:06.194+0500] {logging_mixin.py:190} INFO - [2025-01-15T23:23:06.193+0500] {override.py:1912} INFO - Created Permission View: can delete on DAG Run:dataset_s3_bucket_consumer
[2025-01-15T23:23:06.202+0500] {logging_mixin.py:190} INFO - [2025-01-15T23:23:06.202+0500] {override.py:1912} INFO - Created Permission View: can create on DAG Run:dataset_s3_bucket_consumer
[2025-01-15T23:23:06.209+0500] {logging_mixin.py:190} INFO - [2025-01-15T23:23:06.208+0500] {override.py:1912} INFO - Created Permission View: can read on DAG Run:dataset_s3_bucket_consumer
[2025-01-15T23:23:06.218+0500] {logging_mixin.py:190} INFO - [2025-01-15T23:23:06.218+0500] {override.py:1912} INFO - Created Permission View: menu access on DAG Run:dataset_s3_bucket_consumer
[2025-01-15T23:23:06.235+0500] {logging_mixin.py:190} INFO - [2025-01-15T23:23:06.234+0500] {override.py:1912} INFO - Created Permission View: can delete on DAG:dataset_alias_example_alias_producer
[2025-01-15T23:23:06.242+0500] {logging_mixin.py:190} INFO - [2025-01-15T23:23:06.242+0500] {override.py:1912} INFO - Created Permission View: can edit on DAG:dataset_alias_example_alias_producer
[2025-01-15T23:23:06.249+0500] {logging_mixin.py:190} INFO - [2025-01-15T23:23:06.249+0500] {override.py:1912} INFO - Created Permission View: can read on DAG:dataset_alias_example_alias_producer
[2025-01-15T23:23:06.258+0500] {logging_mixin.py:190} INFO - [2025-01-15T23:23:06.258+0500] {override.py:1912} INFO - Created Permission View: can delete on DAG Run:dataset_alias_example_alias_producer
[2025-01-15T23:23:06.265+0500] {logging_mixin.py:190} INFO - [2025-01-15T23:23:06.265+0500] {override.py:1912} INFO - Created Permission View: can create on DAG Run:dataset_alias_example_alias_producer
[2025-01-15T23:23:06.273+0500] {logging_mixin.py:190} INFO - [2025-01-15T23:23:06.272+0500] {override.py:1912} INFO - Created Permission View: can read on DAG Run:dataset_alias_example_alias_producer
[2025-01-15T23:23:06.280+0500] {logging_mixin.py:190} INFO - [2025-01-15T23:23:06.280+0500] {override.py:1912} INFO - Created Permission View: menu access on DAG Run:dataset_alias_example_alias_producer
[2025-01-15T23:23:06.294+0500] {logging_mixin.py:190} INFO - [2025-01-15T23:23:06.294+0500] {override.py:1912} INFO - Created Permission View: can delete on DAG:dataset_s3_bucket_producer
[2025-01-15T23:23:06.301+0500] {logging_mixin.py:190} INFO - [2025-01-15T23:23:06.301+0500] {override.py:1912} INFO - Created Permission View: can edit on DAG:dataset_s3_bucket_producer
[2025-01-15T23:23:06.307+0500] {logging_mixin.py:190} INFO - [2025-01-15T23:23:06.307+0500] {override.py:1912} INFO - Created Permission View: can read on DAG:dataset_s3_bucket_producer
[2025-01-15T23:23:06.316+0500] {logging_mixin.py:190} INFO - [2025-01-15T23:23:06.316+0500] {override.py:1912} INFO - Created Permission View: can delete on DAG Run:dataset_s3_bucket_producer
[2025-01-15T23:23:06.323+0500] {logging_mixin.py:190} INFO - [2025-01-15T23:23:06.323+0500] {override.py:1912} INFO - Created Permission View: can create on DAG Run:dataset_s3_bucket_producer
[2025-01-15T23:23:06.330+0500] {logging_mixin.py:190} INFO - [2025-01-15T23:23:06.330+0500] {override.py:1912} INFO - Created Permission View: can read on DAG Run:dataset_s3_bucket_producer
[2025-01-15T23:23:06.338+0500] {logging_mixin.py:190} INFO - [2025-01-15T23:23:06.337+0500] {override.py:1912} INFO - Created Permission View: menu access on DAG Run:dataset_s3_bucket_producer
[2025-01-15T23:23:06.338+0500] {logging_mixin.py:190} INFO - [2025-01-15T23:23:06.338+0500] {dag.py:3239} INFO - Sync 4 DAGs
[2025-01-15T23:23:06.352+0500] {logging_mixin.py:190} INFO - [2025-01-15T23:23:06.351+0500] {dag.py:3262} INFO - Creating ORM DAG for dataset_alias_example_alias_producer
[2025-01-15T23:23:06.352+0500] {logging_mixin.py:190} INFO - [2025-01-15T23:23:06.352+0500] {dag.py:3262} INFO - Creating ORM DAG for dataset_alias_example_alias_consumer
[2025-01-15T23:23:06.353+0500] {logging_mixin.py:190} INFO - [2025-01-15T23:23:06.353+0500] {dag.py:3262} INFO - Creating ORM DAG for dataset_s3_bucket_consumer
[2025-01-15T23:23:06.353+0500] {logging_mixin.py:190} INFO - [2025-01-15T23:23:06.353+0500] {dag.py:3262} INFO - Creating ORM DAG for dataset_s3_bucket_producer
[2025-01-15T23:23:06.360+0500] {logging_mixin.py:190} INFO - [2025-01-15T23:23:06.360+0500] {dag.py:4180} INFO - Setting next_dagrun for dataset_alias_example_alias_consumer to None, run_after=None
[2025-01-15T23:23:06.361+0500] {logging_mixin.py:190} INFO - [2025-01-15T23:23:06.361+0500] {dag.py:4180} INFO - Setting next_dagrun for dataset_alias_example_alias_producer to None, run_after=None
[2025-01-15T23:23:06.362+0500] {logging_mixin.py:190} INFO - [2025-01-15T23:23:06.362+0500] {dag.py:4180} INFO - Setting next_dagrun for dataset_s3_bucket_consumer to None, run_after=None
[2025-01-15T23:23:06.362+0500] {logging_mixin.py:190} INFO - [2025-01-15T23:23:06.362+0500] {dag.py:4180} INFO - Setting next_dagrun for dataset_s3_bucket_producer to None, run_after=None
[2025-01-15T23:23:06.901+0500] {processor.py:208} INFO - Processing /Users/mac/Desktop/Comapny2/CryptoPortfolioAI/.venv/lib/python3.10/site-packages/airflow/example_dags/example_dataset_alias.py took 1.271 seconds
[2025-01-15T23:27:34.133+0500] {processor.py:186} INFO - Started process (PID=5213) to work on /Users/mac/Desktop/Comapny2/CryptoPortfolioAI/.venv/lib/python3.10/site-packages/airflow/example_dags/example_dataset_alias.py
[2025-01-15T23:27:34.135+0500] {processor.py:914} INFO - Processing file /Users/mac/Desktop/Comapny2/CryptoPortfolioAI/.venv/lib/python3.10/site-packages/airflow/example_dags/example_dataset_alias.py for tasks to queue
[2025-01-15T23:27:34.138+0500] {logging_mixin.py:190} INFO - [2025-01-15T23:27:34.137+0500] {dagbag.py:588} INFO - Filling up the DagBag from /Users/mac/Desktop/Comapny2/CryptoPortfolioAI/.venv/lib/python3.10/site-packages/airflow/example_dags/example_dataset_alias.py
[2025-01-15T23:27:34.352+0500] {processor.py:925} INFO - DAG(s) 'dataset_s3_bucket_producer', 'dataset_alias_example_alias_consumer', 'dataset_alias_example_alias_producer', 'dataset_s3_bucket_consumer' retrieved from /Users/mac/Desktop/Comapny2/CryptoPortfolioAI/.venv/lib/python3.10/site-packages/airflow/example_dags/example_dataset_alias.py
[2025-01-15T23:27:34.380+0500] {logging_mixin.py:190} INFO - [2025-01-15T23:27:34.380+0500] {dag.py:3239} INFO - Sync 4 DAGs
[2025-01-15T23:27:34.407+0500] {logging_mixin.py:190} INFO - [2025-01-15T23:27:34.407+0500] {dag.py:4180} INFO - Setting next_dagrun for dataset_alias_example_alias_consumer to None, run_after=None
[2025-01-15T23:27:34.410+0500] {logging_mixin.py:190} INFO - [2025-01-15T23:27:34.409+0500] {dag.py:4180} INFO - Setting next_dagrun for dataset_alias_example_alias_producer to None, run_after=None
[2025-01-15T23:27:34.411+0500] {logging_mixin.py:190} INFO - [2025-01-15T23:27:34.411+0500] {dag.py:4180} INFO - Setting next_dagrun for dataset_s3_bucket_consumer to None, run_after=None
[2025-01-15T23:27:34.412+0500] {logging_mixin.py:190} INFO - [2025-01-15T23:27:34.412+0500] {dag.py:4180} INFO - Setting next_dagrun for dataset_s3_bucket_producer to None, run_after=None
[2025-01-15T23:27:34.446+0500] {processor.py:208} INFO - Processing /Users/mac/Desktop/Comapny2/CryptoPortfolioAI/.venv/lib/python3.10/site-packages/airflow/example_dags/example_dataset_alias.py took 0.317 seconds
[2025-01-15T23:34:08.607+0500] {processor.py:186} INFO - Started process (PID=7174) to work on /Users/mac/Desktop/Comapny2/CryptoPortfolioAI/.venv/lib/python3.10/site-packages/airflow/example_dags/example_dataset_alias.py
[2025-01-15T23:34:08.610+0500] {processor.py:914} INFO - Processing file /Users/mac/Desktop/Comapny2/CryptoPortfolioAI/.venv/lib/python3.10/site-packages/airflow/example_dags/example_dataset_alias.py for tasks to queue
[2025-01-15T23:34:08.612+0500] {logging_mixin.py:190} INFO - [2025-01-15T23:34:08.611+0500] {dagbag.py:588} INFO - Filling up the DagBag from /Users/mac/Desktop/Comapny2/CryptoPortfolioAI/.venv/lib/python3.10/site-packages/airflow/example_dags/example_dataset_alias.py
[2025-01-15T23:34:08.782+0500] {processor.py:925} INFO - DAG(s) 'dataset_s3_bucket_consumer', 'dataset_alias_example_alias_consumer', 'dataset_alias_example_alias_producer', 'dataset_s3_bucket_producer' retrieved from /Users/mac/Desktop/Comapny2/CryptoPortfolioAI/.venv/lib/python3.10/site-packages/airflow/example_dags/example_dataset_alias.py
[2025-01-15T23:34:08.809+0500] {logging_mixin.py:190} INFO - [2025-01-15T23:34:08.808+0500] {dag.py:3239} INFO - Sync 4 DAGs
[2025-01-15T23:34:08.830+0500] {logging_mixin.py:190} INFO - [2025-01-15T23:34:08.829+0500] {dag.py:4180} INFO - Setting next_dagrun for dataset_alias_example_alias_consumer to None, run_after=None
[2025-01-15T23:34:08.832+0500] {logging_mixin.py:190} INFO - [2025-01-15T23:34:08.832+0500] {dag.py:4180} INFO - Setting next_dagrun for dataset_alias_example_alias_producer to None, run_after=None
[2025-01-15T23:34:08.834+0500] {logging_mixin.py:190} INFO - [2025-01-15T23:34:08.833+0500] {dag.py:4180} INFO - Setting next_dagrun for dataset_s3_bucket_consumer to None, run_after=None
[2025-01-15T23:34:08.835+0500] {logging_mixin.py:190} INFO - [2025-01-15T23:34:08.835+0500] {dag.py:4180} INFO - Setting next_dagrun for dataset_s3_bucket_producer to None, run_after=None
[2025-01-15T23:34:08.860+0500] {processor.py:208} INFO - Processing /Users/mac/Desktop/Comapny2/CryptoPortfolioAI/.venv/lib/python3.10/site-packages/airflow/example_dags/example_dataset_alias.py took 0.258 seconds
[2025-01-15T23:39:44.153+0500] {processor.py:186} INFO - Started process (PID=8700) to work on /Users/mac/Desktop/Comapny2/CryptoPortfolioAI/.venv/lib/python3.10/site-packages/airflow/example_dags/example_dataset_alias.py
[2025-01-15T23:39:44.156+0500] {processor.py:914} INFO - Processing file /Users/mac/Desktop/Comapny2/CryptoPortfolioAI/.venv/lib/python3.10/site-packages/airflow/example_dags/example_dataset_alias.py for tasks to queue
[2025-01-15T23:39:44.157+0500] {logging_mixin.py:190} INFO - [2025-01-15T23:39:44.157+0500] {dagbag.py:588} INFO - Filling up the DagBag from /Users/mac/Desktop/Comapny2/CryptoPortfolioAI/.venv/lib/python3.10/site-packages/airflow/example_dags/example_dataset_alias.py
[2025-01-15T23:39:44.478+0500] {processor.py:925} INFO - DAG(s) 'dataset_s3_bucket_producer', 'dataset_s3_bucket_consumer', 'dataset_alias_example_alias_consumer', 'dataset_alias_example_alias_producer' retrieved from /Users/mac/Desktop/Comapny2/CryptoPortfolioAI/.venv/lib/python3.10/site-packages/airflow/example_dags/example_dataset_alias.py
[2025-01-15T23:39:44.526+0500] {logging_mixin.py:190} INFO - [2025-01-15T23:39:44.526+0500] {dag.py:3239} INFO - Sync 4 DAGs
[2025-01-15T23:39:44.559+0500] {logging_mixin.py:190} INFO - [2025-01-15T23:39:44.558+0500] {dag.py:4180} INFO - Setting next_dagrun for dataset_alias_example_alias_consumer to None, run_after=None
[2025-01-15T23:39:44.561+0500] {logging_mixin.py:190} INFO - [2025-01-15T23:39:44.561+0500] {dag.py:4180} INFO - Setting next_dagrun for dataset_alias_example_alias_producer to None, run_after=None
[2025-01-15T23:39:44.563+0500] {logging_mixin.py:190} INFO - [2025-01-15T23:39:44.563+0500] {dag.py:4180} INFO - Setting next_dagrun for dataset_s3_bucket_consumer to None, run_after=None
[2025-01-15T23:39:44.565+0500] {logging_mixin.py:190} INFO - [2025-01-15T23:39:44.564+0500] {dag.py:4180} INFO - Setting next_dagrun for dataset_s3_bucket_producer to None, run_after=None
[2025-01-15T23:39:44.600+0500] {processor.py:208} INFO - Processing /Users/mac/Desktop/Comapny2/CryptoPortfolioAI/.venv/lib/python3.10/site-packages/airflow/example_dags/example_dataset_alias.py took 0.453 seconds
