[2025-01-15T12:20:15.356+0500] {processor.py:186} INFO - Started process (PID=36397) to work on /Users/mac/Desktop/Comapny2/CryptoPortfolioAI/.venv/lib/python3.10/site-packages/airflow/example_dags/example_skip_dag.py
[2025-01-15T12:20:15.358+0500] {processor.py:914} INFO - Processing file /Users/mac/Desktop/Comapny2/CryptoPortfolioAI/.venv/lib/python3.10/site-packages/airflow/example_dags/example_skip_dag.py for tasks to queue
[2025-01-15T12:20:15.361+0500] {logging_mixin.py:190} INFO - [2025-01-15T12:20:15.360+0500] {dagbag.py:588} INFO - Filling up the DagBag from /Users/mac/Desktop/Comapny2/CryptoPortfolioAI/.venv/lib/python3.10/site-packages/airflow/example_dags/example_skip_dag.py
[2025-01-15T12:20:15.377+0500] {processor.py:925} INFO - DAG(s) 'example_skip_dag' retrieved from /Users/mac/Desktop/Comapny2/CryptoPortfolioAI/.venv/lib/python3.10/site-packages/airflow/example_dags/example_skip_dag.py
[2025-01-15T12:20:15.682+0500] {logging_mixin.py:190} INFO - [2025-01-15T12:20:15.682+0500] {override.py:1912} INFO - Created Permission View: can delete on DAG:example_skip_dag
[2025-01-15T12:20:15.695+0500] {logging_mixin.py:190} INFO - [2025-01-15T12:20:15.694+0500] {override.py:1912} INFO - Created Permission View: can edit on DAG:example_skip_dag
[2025-01-15T12:20:15.702+0500] {logging_mixin.py:190} INFO - [2025-01-15T12:20:15.702+0500] {override.py:1912} INFO - Created Permission View: can read on DAG:example_skip_dag
[2025-01-15T12:20:15.716+0500] {logging_mixin.py:190} INFO - [2025-01-15T12:20:15.716+0500] {override.py:1912} INFO - Created Permission View: can delete on DAG Run:example_skip_dag
[2025-01-15T12:20:15.727+0500] {logging_mixin.py:190} INFO - [2025-01-15T12:20:15.726+0500] {override.py:1912} INFO - Created Permission View: menu access on DAG Run:example_skip_dag
[2025-01-15T12:20:15.735+0500] {logging_mixin.py:190} INFO - [2025-01-15T12:20:15.734+0500] {override.py:1912} INFO - Created Permission View: can read on DAG Run:example_skip_dag
[2025-01-15T12:20:15.746+0500] {logging_mixin.py:190} INFO - [2025-01-15T12:20:15.746+0500] {override.py:1912} INFO - Created Permission View: can create on DAG Run:example_skip_dag
[2025-01-15T12:20:15.747+0500] {logging_mixin.py:190} INFO - [2025-01-15T12:20:15.747+0500] {dag.py:3239} INFO - Sync 1 DAGs
[2025-01-15T12:20:15.763+0500] {logging_mixin.py:190} INFO - [2025-01-15T12:20:15.763+0500] {dag.py:3262} INFO - Creating ORM DAG for example_skip_dag
[2025-01-15T12:20:15.775+0500] {logging_mixin.py:190} INFO - [2025-01-15T12:20:15.775+0500] {dag.py:4180} INFO - Setting next_dagrun for example_skip_dag to 2025-01-14 00:00:00+00:00, run_after=2025-01-15 00:00:00+00:00
[2025-01-15T12:20:15.797+0500] {processor.py:208} INFO - Processing /Users/mac/Desktop/Comapny2/CryptoPortfolioAI/.venv/lib/python3.10/site-packages/airflow/example_dags/example_skip_dag.py took 0.449 seconds
[2025-01-15T23:21:15.190+0500] {processor.py:186} INFO - Started process (PID=3496) to work on /Users/mac/Desktop/Comapny2/CryptoPortfolioAI/.venv/lib/python3.10/site-packages/airflow/example_dags/example_skip_dag.py
[2025-01-15T23:21:15.192+0500] {processor.py:914} INFO - Processing file /Users/mac/Desktop/Comapny2/CryptoPortfolioAI/.venv/lib/python3.10/site-packages/airflow/example_dags/example_skip_dag.py for tasks to queue
[2025-01-15T23:21:15.193+0500] {logging_mixin.py:190} INFO - [2025-01-15T23:21:15.193+0500] {dagbag.py:588} INFO - Filling up the DagBag from /Users/mac/Desktop/Comapny2/CryptoPortfolioAI/.venv/lib/python3.10/site-packages/airflow/example_dags/example_skip_dag.py
[2025-01-15T23:21:15.210+0500] {processor.py:925} INFO - DAG(s) 'example_skip_dag' retrieved from /Users/mac/Desktop/Comapny2/CryptoPortfolioAI/.venv/lib/python3.10/site-packages/airflow/example_dags/example_skip_dag.py
[2025-01-15T23:21:15.344+0500] {logging_mixin.py:190} INFO - [2025-01-15T23:21:15.344+0500] {dag.py:3239} INFO - Sync 1 DAGs
[2025-01-15T23:21:15.371+0500] {logging_mixin.py:190} INFO - [2025-01-15T23:21:15.371+0500] {dag.py:4180} INFO - Setting next_dagrun for example_skip_dag to 2025-01-14 00:00:00+00:00, run_after=2025-01-15 00:00:00+00:00
[2025-01-15T23:21:15.393+0500] {processor.py:208} INFO - Processing /Users/mac/Desktop/Comapny2/CryptoPortfolioAI/.venv/lib/python3.10/site-packages/airflow/example_dags/example_skip_dag.py took 0.208 seconds
[2025-01-15T23:25:28.973+0500] {processor.py:186} INFO - Started process (PID=4603) to work on /Users/mac/Desktop/Comapny2/CryptoPortfolioAI/.venv/lib/python3.10/site-packages/airflow/example_dags/example_skip_dag.py
[2025-01-15T23:25:28.975+0500] {processor.py:914} INFO - Processing file /Users/mac/Desktop/Comapny2/CryptoPortfolioAI/.venv/lib/python3.10/site-packages/airflow/example_dags/example_skip_dag.py for tasks to queue
[2025-01-15T23:25:28.978+0500] {logging_mixin.py:190} INFO - [2025-01-15T23:25:28.978+0500] {dagbag.py:588} INFO - Filling up the DagBag from /Users/mac/Desktop/Comapny2/CryptoPortfolioAI/.venv/lib/python3.10/site-packages/airflow/example_dags/example_skip_dag.py
[2025-01-15T23:25:28.997+0500] {processor.py:925} INFO - DAG(s) 'example_skip_dag' retrieved from /Users/mac/Desktop/Comapny2/CryptoPortfolioAI/.venv/lib/python3.10/site-packages/airflow/example_dags/example_skip_dag.py
[2025-01-15T23:25:29.137+0500] {logging_mixin.py:190} INFO - [2025-01-15T23:25:29.136+0500] {dag.py:3239} INFO - Sync 1 DAGs
[2025-01-15T23:25:29.161+0500] {logging_mixin.py:190} INFO - [2025-01-15T23:25:29.161+0500] {dag.py:4180} INFO - Setting next_dagrun for example_skip_dag to 2025-01-14 00:00:00+00:00, run_after=2025-01-15 00:00:00+00:00
[2025-01-15T23:25:29.186+0500] {processor.py:208} INFO - Processing /Users/mac/Desktop/Comapny2/CryptoPortfolioAI/.venv/lib/python3.10/site-packages/airflow/example_dags/example_skip_dag.py took 0.219 seconds
[2025-01-15T23:29:35.824+0500] {processor.py:186} INFO - Started process (PID=5851) to work on /Users/mac/Desktop/Comapny2/CryptoPortfolioAI/.venv/lib/python3.10/site-packages/airflow/example_dags/example_skip_dag.py
[2025-01-15T23:29:35.826+0500] {processor.py:914} INFO - Processing file /Users/mac/Desktop/Comapny2/CryptoPortfolioAI/.venv/lib/python3.10/site-packages/airflow/example_dags/example_skip_dag.py for tasks to queue
[2025-01-15T23:29:35.828+0500] {logging_mixin.py:190} INFO - [2025-01-15T23:29:35.828+0500] {dagbag.py:588} INFO - Filling up the DagBag from /Users/mac/Desktop/Comapny2/CryptoPortfolioAI/.venv/lib/python3.10/site-packages/airflow/example_dags/example_skip_dag.py
[2025-01-15T23:29:35.842+0500] {processor.py:925} INFO - DAG(s) 'example_skip_dag' retrieved from /Users/mac/Desktop/Comapny2/CryptoPortfolioAI/.venv/lib/python3.10/site-packages/airflow/example_dags/example_skip_dag.py
[2025-01-15T23:29:35.965+0500] {logging_mixin.py:190} INFO - [2025-01-15T23:29:35.965+0500] {dag.py:3239} INFO - Sync 1 DAGs
[2025-01-15T23:29:35.987+0500] {logging_mixin.py:190} INFO - [2025-01-15T23:29:35.987+0500] {dag.py:4180} INFO - Setting next_dagrun for example_skip_dag to 2025-01-14 00:00:00+00:00, run_after=2025-01-15 00:00:00+00:00
[2025-01-15T23:29:36.011+0500] {processor.py:208} INFO - Processing /Users/mac/Desktop/Comapny2/CryptoPortfolioAI/.venv/lib/python3.10/site-packages/airflow/example_dags/example_skip_dag.py took 0.191 seconds
[2025-01-15T23:32:45.593+0500] {processor.py:186} INFO - Started process (PID=6795) to work on /Users/mac/Desktop/Comapny2/CryptoPortfolioAI/.venv/lib/python3.10/site-packages/airflow/example_dags/example_skip_dag.py
[2025-01-15T23:32:45.595+0500] {processor.py:914} INFO - Processing file /Users/mac/Desktop/Comapny2/CryptoPortfolioAI/.venv/lib/python3.10/site-packages/airflow/example_dags/example_skip_dag.py for tasks to queue
[2025-01-15T23:32:45.597+0500] {logging_mixin.py:190} INFO - [2025-01-15T23:32:45.597+0500] {dagbag.py:588} INFO - Filling up the DagBag from /Users/mac/Desktop/Comapny2/CryptoPortfolioAI/.venv/lib/python3.10/site-packages/airflow/example_dags/example_skip_dag.py
[2025-01-15T23:32:45.625+0500] {processor.py:925} INFO - DAG(s) 'example_skip_dag' retrieved from /Users/mac/Desktop/Comapny2/CryptoPortfolioAI/.venv/lib/python3.10/site-packages/airflow/example_dags/example_skip_dag.py
[2025-01-15T23:32:45.765+0500] {logging_mixin.py:190} INFO - [2025-01-15T23:32:45.765+0500] {dag.py:3239} INFO - Sync 1 DAGs
[2025-01-15T23:32:45.783+0500] {logging_mixin.py:190} INFO - [2025-01-15T23:32:45.783+0500] {dag.py:4180} INFO - Setting next_dagrun for example_skip_dag to 2025-01-14 00:00:00+00:00, run_after=2025-01-15 00:00:00+00:00
[2025-01-15T23:32:45.804+0500] {processor.py:208} INFO - Processing /Users/mac/Desktop/Comapny2/CryptoPortfolioAI/.venv/lib/python3.10/site-packages/airflow/example_dags/example_skip_dag.py took 0.219 seconds
[2025-01-15T23:35:35.254+0500] {processor.py:186} INFO - Started process (PID=7551) to work on /Users/mac/Desktop/Comapny2/CryptoPortfolioAI/.venv/lib/python3.10/site-packages/airflow/example_dags/example_skip_dag.py
[2025-01-15T23:35:35.257+0500] {processor.py:914} INFO - Processing file /Users/mac/Desktop/Comapny2/CryptoPortfolioAI/.venv/lib/python3.10/site-packages/airflow/example_dags/example_skip_dag.py for tasks to queue
[2025-01-15T23:35:35.258+0500] {logging_mixin.py:190} INFO - [2025-01-15T23:35:35.258+0500] {dagbag.py:588} INFO - Filling up the DagBag from /Users/mac/Desktop/Comapny2/CryptoPortfolioAI/.venv/lib/python3.10/site-packages/airflow/example_dags/example_skip_dag.py
[2025-01-15T23:35:35.269+0500] {processor.py:925} INFO - DAG(s) 'example_skip_dag' retrieved from /Users/mac/Desktop/Comapny2/CryptoPortfolioAI/.venv/lib/python3.10/site-packages/airflow/example_dags/example_skip_dag.py
[2025-01-15T23:35:35.382+0500] {logging_mixin.py:190} INFO - [2025-01-15T23:35:35.381+0500] {dag.py:3239} INFO - Sync 1 DAGs
[2025-01-15T23:35:35.400+0500] {logging_mixin.py:190} INFO - [2025-01-15T23:35:35.399+0500] {dag.py:4180} INFO - Setting next_dagrun for example_skip_dag to 2025-01-14 00:00:00+00:00, run_after=2025-01-15 00:00:00+00:00
[2025-01-15T23:35:35.421+0500] {processor.py:208} INFO - Processing /Users/mac/Desktop/Comapny2/CryptoPortfolioAI/.venv/lib/python3.10/site-packages/airflow/example_dags/example_skip_dag.py took 0.172 seconds
[2025-01-15T23:38:22.237+0500] {processor.py:186} INFO - Started process (PID=8323) to work on /Users/mac/Desktop/Comapny2/CryptoPortfolioAI/.venv/lib/python3.10/site-packages/airflow/example_dags/example_skip_dag.py
[2025-01-15T23:38:22.240+0500] {processor.py:914} INFO - Processing file /Users/mac/Desktop/Comapny2/CryptoPortfolioAI/.venv/lib/python3.10/site-packages/airflow/example_dags/example_skip_dag.py for tasks to queue
[2025-01-15T23:38:22.241+0500] {logging_mixin.py:190} INFO - [2025-01-15T23:38:22.241+0500] {dagbag.py:588} INFO - Filling up the DagBag from /Users/mac/Desktop/Comapny2/CryptoPortfolioAI/.venv/lib/python3.10/site-packages/airflow/example_dags/example_skip_dag.py
[2025-01-15T23:38:22.254+0500] {processor.py:925} INFO - DAG(s) 'example_skip_dag' retrieved from /Users/mac/Desktop/Comapny2/CryptoPortfolioAI/.venv/lib/python3.10/site-packages/airflow/example_dags/example_skip_dag.py
[2025-01-15T23:38:22.370+0500] {logging_mixin.py:190} INFO - [2025-01-15T23:38:22.369+0500] {dag.py:3239} INFO - Sync 1 DAGs
[2025-01-15T23:38:22.387+0500] {logging_mixin.py:190} INFO - [2025-01-15T23:38:22.386+0500] {dag.py:4180} INFO - Setting next_dagrun for example_skip_dag to 2025-01-14 00:00:00+00:00, run_after=2025-01-15 00:00:00+00:00
[2025-01-15T23:38:22.407+0500] {processor.py:208} INFO - Processing /Users/mac/Desktop/Comapny2/CryptoPortfolioAI/.venv/lib/python3.10/site-packages/airflow/example_dags/example_skip_dag.py took 0.177 seconds
[2025-01-15T23:41:32.938+0500] {processor.py:186} INFO - Started process (PID=9088) to work on /Users/mac/Desktop/Comapny2/CryptoPortfolioAI/.venv/lib/python3.10/site-packages/airflow/example_dags/example_skip_dag.py
[2025-01-15T23:41:32.941+0500] {processor.py:914} INFO - Processing file /Users/mac/Desktop/Comapny2/CryptoPortfolioAI/.venv/lib/python3.10/site-packages/airflow/example_dags/example_skip_dag.py for tasks to queue
[2025-01-15T23:41:32.943+0500] {logging_mixin.py:190} INFO - [2025-01-15T23:41:32.942+0500] {dagbag.py:588} INFO - Filling up the DagBag from /Users/mac/Desktop/Comapny2/CryptoPortfolioAI/.venv/lib/python3.10/site-packages/airflow/example_dags/example_skip_dag.py
[2025-01-15T23:41:32.958+0500] {processor.py:925} INFO - DAG(s) 'example_skip_dag' retrieved from /Users/mac/Desktop/Comapny2/CryptoPortfolioAI/.venv/lib/python3.10/site-packages/airflow/example_dags/example_skip_dag.py
[2025-01-15T23:41:33.100+0500] {logging_mixin.py:190} INFO - [2025-01-15T23:41:33.100+0500] {dag.py:3239} INFO - Sync 1 DAGs
[2025-01-15T23:41:33.122+0500] {logging_mixin.py:190} INFO - [2025-01-15T23:41:33.121+0500] {dag.py:4180} INFO - Setting next_dagrun for example_skip_dag to 2025-01-14 00:00:00+00:00, run_after=2025-01-15 00:00:00+00:00
[2025-01-15T23:41:33.149+0500] {processor.py:208} INFO - Processing /Users/mac/Desktop/Comapny2/CryptoPortfolioAI/.venv/lib/python3.10/site-packages/airflow/example_dags/example_skip_dag.py took 0.217 seconds
