[2025-01-15T23:22:18.444+0500] {processor.py:186} INFO - Started process (PID=3772) to work on /Users/mac/Desktop/Comapny2/CryptoPortfolioAI/.venv/lib/python3.10/site-packages/airflow/example_dags/example_latest_only_with_trigger.py
[2025-01-15T23:22:18.445+0500] {processor.py:914} INFO - Processing file /Users/mac/Desktop/Comapny2/CryptoPortfolioAI/.venv/lib/python3.10/site-packages/airflow/example_dags/example_latest_only_with_trigger.py for tasks to queue
[2025-01-15T23:22:18.448+0500] {logging_mixin.py:190} INFO - [2025-01-15T23:22:18.447+0500] {dagbag.py:588} INFO - Filling up the DagBag from /Users/mac/Desktop/Comapny2/CryptoPortfolioAI/.venv/lib/python3.10/site-packages/airflow/example_dags/example_latest_only_with_trigger.py
[2025-01-15T23:22:18.460+0500] {processor.py:925} INFO - DAG(s) 'latest_only_with_trigger' retrieved from /Users/mac/Desktop/Comapny2/CryptoPortfolioAI/.venv/lib/python3.10/site-packages/airflow/example_dags/example_latest_only_with_trigger.py
[2025-01-15T23:22:18.690+0500] {logging_mixin.py:190} INFO - [2025-01-15T23:22:18.689+0500] {override.py:1912} INFO - Created Permission View: can read on DAG:latest_only_with_trigger
[2025-01-15T23:22:18.702+0500] {logging_mixin.py:190} INFO - [2025-01-15T23:22:18.702+0500] {override.py:1912} INFO - Created Permission View: can delete on DAG:latest_only_with_trigger
[2025-01-15T23:22:18.709+0500] {logging_mixin.py:190} INFO - [2025-01-15T23:22:18.709+0500] {override.py:1912} INFO - Created Permission View: can edit on DAG:latest_only_with_trigger
[2025-01-15T23:22:18.720+0500] {logging_mixin.py:190} INFO - [2025-01-15T23:22:18.720+0500] {override.py:1912} INFO - Created Permission View: can read on DAG Run:latest_only_with_trigger
[2025-01-15T23:22:18.727+0500] {logging_mixin.py:190} INFO - [2025-01-15T23:22:18.727+0500] {override.py:1912} INFO - Created Permission View: can delete on DAG Run:latest_only_with_trigger
[2025-01-15T23:22:18.734+0500] {logging_mixin.py:190} INFO - [2025-01-15T23:22:18.734+0500] {override.py:1912} INFO - Created Permission View: can create on DAG Run:latest_only_with_trigger
[2025-01-15T23:22:18.742+0500] {logging_mixin.py:190} INFO - [2025-01-15T23:22:18.741+0500] {override.py:1912} INFO - Created Permission View: menu access on DAG Run:latest_only_with_trigger
[2025-01-15T23:22:18.742+0500] {logging_mixin.py:190} INFO - [2025-01-15T23:22:18.742+0500] {dag.py:3239} INFO - Sync 1 DAGs
[2025-01-15T23:22:18.756+0500] {logging_mixin.py:190} INFO - [2025-01-15T23:22:18.755+0500] {dag.py:3262} INFO - Creating ORM DAG for latest_only_with_trigger
[2025-01-15T23:22:18.767+0500] {logging_mixin.py:190} INFO - [2025-01-15T23:22:18.766+0500] {dag.py:4180} INFO - Setting next_dagrun for latest_only_with_trigger to 2025-01-15 12:00:00+00:00, run_after=2025-01-15 16:00:00+00:00
[2025-01-15T23:22:18.786+0500] {processor.py:208} INFO - Processing /Users/mac/Desktop/Comapny2/CryptoPortfolioAI/.venv/lib/python3.10/site-packages/airflow/example_dags/example_latest_only_with_trigger.py took 0.347 seconds
[2025-01-15T23:26:43.148+0500] {processor.py:186} INFO - Started process (PID=4929) to work on /Users/mac/Desktop/Comapny2/CryptoPortfolioAI/.venv/lib/python3.10/site-packages/airflow/example_dags/example_latest_only_with_trigger.py
[2025-01-15T23:26:43.150+0500] {processor.py:914} INFO - Processing file /Users/mac/Desktop/Comapny2/CryptoPortfolioAI/.venv/lib/python3.10/site-packages/airflow/example_dags/example_latest_only_with_trigger.py for tasks to queue
[2025-01-15T23:26:43.152+0500] {logging_mixin.py:190} INFO - [2025-01-15T23:26:43.152+0500] {dagbag.py:588} INFO - Filling up the DagBag from /Users/mac/Desktop/Comapny2/CryptoPortfolioAI/.venv/lib/python3.10/site-packages/airflow/example_dags/example_latest_only_with_trigger.py
[2025-01-15T23:26:43.165+0500] {processor.py:925} INFO - DAG(s) 'latest_only_with_trigger' retrieved from /Users/mac/Desktop/Comapny2/CryptoPortfolioAI/.venv/lib/python3.10/site-packages/airflow/example_dags/example_latest_only_with_trigger.py
[2025-01-15T23:26:43.321+0500] {logging_mixin.py:190} INFO - [2025-01-15T23:26:43.320+0500] {dag.py:3239} INFO - Sync 1 DAGs
[2025-01-15T23:26:43.365+0500] {logging_mixin.py:190} INFO - [2025-01-15T23:26:43.364+0500] {dag.py:4180} INFO - Setting next_dagrun for latest_only_with_trigger to 2025-01-15 12:00:00+00:00, run_after=2025-01-15 16:00:00+00:00
[2025-01-15T23:26:43.416+0500] {processor.py:208} INFO - Processing /Users/mac/Desktop/Comapny2/CryptoPortfolioAI/.venv/lib/python3.10/site-packages/airflow/example_dags/example_latest_only_with_trigger.py took 0.273 seconds
[2025-01-15T23:30:35.525+0500] {processor.py:186} INFO - Started process (PID=6176) to work on /Users/mac/Desktop/Comapny2/CryptoPortfolioAI/.venv/lib/python3.10/site-packages/airflow/example_dags/example_latest_only_with_trigger.py
[2025-01-15T23:30:35.527+0500] {processor.py:914} INFO - Processing file /Users/mac/Desktop/Comapny2/CryptoPortfolioAI/.venv/lib/python3.10/site-packages/airflow/example_dags/example_latest_only_with_trigger.py for tasks to queue
[2025-01-15T23:30:35.529+0500] {logging_mixin.py:190} INFO - [2025-01-15T23:30:35.529+0500] {dagbag.py:588} INFO - Filling up the DagBag from /Users/mac/Desktop/Comapny2/CryptoPortfolioAI/.venv/lib/python3.10/site-packages/airflow/example_dags/example_latest_only_with_trigger.py
[2025-01-15T23:30:35.542+0500] {processor.py:925} INFO - DAG(s) 'latest_only_with_trigger' retrieved from /Users/mac/Desktop/Comapny2/CryptoPortfolioAI/.venv/lib/python3.10/site-packages/airflow/example_dags/example_latest_only_with_trigger.py
[2025-01-15T23:30:35.665+0500] {logging_mixin.py:190} INFO - [2025-01-15T23:30:35.664+0500] {dag.py:3239} INFO - Sync 1 DAGs
[2025-01-15T23:30:35.683+0500] {logging_mixin.py:190} INFO - [2025-01-15T23:30:35.683+0500] {dag.py:4180} INFO - Setting next_dagrun for latest_only_with_trigger to 2025-01-15 12:00:00+00:00, run_after=2025-01-15 16:00:00+00:00
[2025-01-15T23:30:35.705+0500] {processor.py:208} INFO - Processing /Users/mac/Desktop/Comapny2/CryptoPortfolioAI/.venv/lib/python3.10/site-packages/airflow/example_dags/example_latest_only_with_trigger.py took 0.184 seconds
[2025-01-15T23:33:37.764+0500] {processor.py:186} INFO - Started process (PID=7031) to work on /Users/mac/Desktop/Comapny2/CryptoPortfolioAI/.venv/lib/python3.10/site-packages/airflow/example_dags/example_latest_only_with_trigger.py
[2025-01-15T23:33:37.766+0500] {processor.py:914} INFO - Processing file /Users/mac/Desktop/Comapny2/CryptoPortfolioAI/.venv/lib/python3.10/site-packages/airflow/example_dags/example_latest_only_with_trigger.py for tasks to queue
[2025-01-15T23:33:37.768+0500] {logging_mixin.py:190} INFO - [2025-01-15T23:33:37.767+0500] {dagbag.py:588} INFO - Filling up the DagBag from /Users/mac/Desktop/Comapny2/CryptoPortfolioAI/.venv/lib/python3.10/site-packages/airflow/example_dags/example_latest_only_with_trigger.py
[2025-01-15T23:33:37.780+0500] {processor.py:925} INFO - DAG(s) 'latest_only_with_trigger' retrieved from /Users/mac/Desktop/Comapny2/CryptoPortfolioAI/.venv/lib/python3.10/site-packages/airflow/example_dags/example_latest_only_with_trigger.py
[2025-01-15T23:33:37.892+0500] {logging_mixin.py:190} INFO - [2025-01-15T23:33:37.892+0500] {dag.py:3239} INFO - Sync 1 DAGs
[2025-01-15T23:33:37.914+0500] {logging_mixin.py:190} INFO - [2025-01-15T23:33:37.914+0500] {dag.py:4180} INFO - Setting next_dagrun for latest_only_with_trigger to 2025-01-15 12:00:00+00:00, run_after=2025-01-15 16:00:00+00:00
[2025-01-15T23:33:37.935+0500] {processor.py:208} INFO - Processing /Users/mac/Desktop/Comapny2/CryptoPortfolioAI/.venv/lib/python3.10/site-packages/airflow/example_dags/example_latest_only_with_trigger.py took 0.177 seconds
[2025-01-15T23:36:31.295+0500] {processor.py:186} INFO - Started process (PID=7795) to work on /Users/mac/Desktop/Comapny2/CryptoPortfolioAI/.venv/lib/python3.10/site-packages/airflow/example_dags/example_latest_only_with_trigger.py
[2025-01-15T23:36:31.298+0500] {processor.py:914} INFO - Processing file /Users/mac/Desktop/Comapny2/CryptoPortfolioAI/.venv/lib/python3.10/site-packages/airflow/example_dags/example_latest_only_with_trigger.py for tasks to queue
[2025-01-15T23:36:31.300+0500] {logging_mixin.py:190} INFO - [2025-01-15T23:36:31.299+0500] {dagbag.py:588} INFO - Filling up the DagBag from /Users/mac/Desktop/Comapny2/CryptoPortfolioAI/.venv/lib/python3.10/site-packages/airflow/example_dags/example_latest_only_with_trigger.py
[2025-01-15T23:36:31.313+0500] {processor.py:925} INFO - DAG(s) 'latest_only_with_trigger' retrieved from /Users/mac/Desktop/Comapny2/CryptoPortfolioAI/.venv/lib/python3.10/site-packages/airflow/example_dags/example_latest_only_with_trigger.py
[2025-01-15T23:36:31.438+0500] {logging_mixin.py:190} INFO - [2025-01-15T23:36:31.437+0500] {dag.py:3239} INFO - Sync 1 DAGs
[2025-01-15T23:36:31.457+0500] {logging_mixin.py:190} INFO - [2025-01-15T23:36:31.457+0500] {dag.py:4180} INFO - Setting next_dagrun for latest_only_with_trigger to 2025-01-15 12:00:00+00:00, run_after=2025-01-15 16:00:00+00:00
[2025-01-15T23:36:31.479+0500] {processor.py:208} INFO - Processing /Users/mac/Desktop/Comapny2/CryptoPortfolioAI/.venv/lib/python3.10/site-packages/airflow/example_dags/example_latest_only_with_trigger.py took 0.189 seconds
[2025-01-15T23:39:14.395+0500] {processor.py:186} INFO - Started process (PID=8553) to work on /Users/mac/Desktop/Comapny2/CryptoPortfolioAI/.venv/lib/python3.10/site-packages/airflow/example_dags/example_latest_only_with_trigger.py
[2025-01-15T23:39:14.397+0500] {processor.py:914} INFO - Processing file /Users/mac/Desktop/Comapny2/CryptoPortfolioAI/.venv/lib/python3.10/site-packages/airflow/example_dags/example_latest_only_with_trigger.py for tasks to queue
[2025-01-15T23:39:14.399+0500] {logging_mixin.py:190} INFO - [2025-01-15T23:39:14.398+0500] {dagbag.py:588} INFO - Filling up the DagBag from /Users/mac/Desktop/Comapny2/CryptoPortfolioAI/.venv/lib/python3.10/site-packages/airflow/example_dags/example_latest_only_with_trigger.py
[2025-01-15T23:39:14.419+0500] {processor.py:925} INFO - DAG(s) 'latest_only_with_trigger' retrieved from /Users/mac/Desktop/Comapny2/CryptoPortfolioAI/.venv/lib/python3.10/site-packages/airflow/example_dags/example_latest_only_with_trigger.py
[2025-01-15T23:39:14.588+0500] {logging_mixin.py:190} INFO - [2025-01-15T23:39:14.587+0500] {dag.py:3239} INFO - Sync 1 DAGs
[2025-01-15T23:39:14.608+0500] {logging_mixin.py:190} INFO - [2025-01-15T23:39:14.607+0500] {dag.py:4180} INFO - Setting next_dagrun for latest_only_with_trigger to 2025-01-15 12:00:00+00:00, run_after=2025-01-15 16:00:00+00:00
[2025-01-15T23:39:14.631+0500] {processor.py:208} INFO - Processing /Users/mac/Desktop/Comapny2/CryptoPortfolioAI/.venv/lib/python3.10/site-packages/airflow/example_dags/example_latest_only_with_trigger.py took 0.243 seconds
[2025-01-15T23:42:33.774+0500] {processor.py:186} INFO - Started process (PID=9321) to work on /Users/mac/Desktop/Comapny2/CryptoPortfolioAI/.venv/lib/python3.10/site-packages/airflow/example_dags/example_latest_only_with_trigger.py
[2025-01-15T23:42:33.776+0500] {processor.py:914} INFO - Processing file /Users/mac/Desktop/Comapny2/CryptoPortfolioAI/.venv/lib/python3.10/site-packages/airflow/example_dags/example_latest_only_with_trigger.py for tasks to queue
[2025-01-15T23:42:33.779+0500] {logging_mixin.py:190} INFO - [2025-01-15T23:42:33.778+0500] {dagbag.py:588} INFO - Filling up the DagBag from /Users/mac/Desktop/Comapny2/CryptoPortfolioAI/.venv/lib/python3.10/site-packages/airflow/example_dags/example_latest_only_with_trigger.py
[2025-01-15T23:42:33.798+0500] {processor.py:925} INFO - DAG(s) 'latest_only_with_trigger' retrieved from /Users/mac/Desktop/Comapny2/CryptoPortfolioAI/.venv/lib/python3.10/site-packages/airflow/example_dags/example_latest_only_with_trigger.py
[2025-01-15T23:42:34.027+0500] {logging_mixin.py:190} INFO - [2025-01-15T23:42:34.026+0500] {dag.py:3239} INFO - Sync 1 DAGs
[2025-01-15T23:42:34.052+0500] {logging_mixin.py:190} INFO - [2025-01-15T23:42:34.052+0500] {dag.py:4180} INFO - Setting next_dagrun for latest_only_with_trigger to 2025-01-15 12:00:00+00:00, run_after=2025-01-15 16:00:00+00:00
[2025-01-15T23:42:34.074+0500] {processor.py:208} INFO - Processing /Users/mac/Desktop/Comapny2/CryptoPortfolioAI/.venv/lib/python3.10/site-packages/airflow/example_dags/example_latest_only_with_trigger.py took 0.306 seconds
