[2025-01-15T23:23:40.912+0500] {processor.py:186} INFO - Started process (PID=4139) to work on /Users/mac/Desktop/Comapny2/CryptoPortfolioAI/.venv/lib/python3.10/site-packages/airflow/example_dags/example_branch_datetime_operator.py
[2025-01-15T23:23:40.919+0500] {processor.py:914} INFO - Processing file /Users/mac/Desktop/Comapny2/CryptoPortfolioAI/.venv/lib/python3.10/site-packages/airflow/example_dags/example_branch_datetime_operator.py for tasks to queue
[2025-01-15T23:23:40.927+0500] {logging_mixin.py:190} INFO - [2025-01-15T23:23:40.922+0500] {dagbag.py:588} INFO - Filling up the DagBag from /Users/mac/Desktop/Comapny2/CryptoPortfolioAI/.venv/lib/python3.10/site-packages/airflow/example_dags/example_branch_datetime_operator.py
[2025-01-15T23:23:40.963+0500] {processor.py:925} INFO - DAG(s) 'example_branch_datetime_operator_2', 'example_branch_datetime_operator', 'example_branch_datetime_operator_3' retrieved from /Users/mac/Desktop/Comapny2/CryptoPortfolioAI/.venv/lib/python3.10/site-packages/airflow/example_dags/example_branch_datetime_operator.py
[2025-01-15T23:23:41.302+0500] {logging_mixin.py:190} INFO - [2025-01-15T23:23:41.302+0500] {override.py:1912} INFO - Created Permission View: can edit on DAG:example_branch_datetime_operator_2
[2025-01-15T23:23:41.314+0500] {logging_mixin.py:190} INFO - [2025-01-15T23:23:41.314+0500] {override.py:1912} INFO - Created Permission View: can delete on DAG:example_branch_datetime_operator_2
[2025-01-15T23:23:41.326+0500] {logging_mixin.py:190} INFO - [2025-01-15T23:23:41.325+0500] {override.py:1912} INFO - Created Permission View: can read on DAG:example_branch_datetime_operator_2
[2025-01-15T23:23:41.342+0500] {logging_mixin.py:190} INFO - [2025-01-15T23:23:41.341+0500] {override.py:1912} INFO - Created Permission View: can create on DAG Run:example_branch_datetime_operator_2
[2025-01-15T23:23:41.357+0500] {logging_mixin.py:190} INFO - [2025-01-15T23:23:41.356+0500] {override.py:1912} INFO - Created Permission View: can delete on DAG Run:example_branch_datetime_operator_2
[2025-01-15T23:23:41.386+0500] {logging_mixin.py:190} INFO - [2025-01-15T23:23:41.386+0500] {override.py:1912} INFO - Created Permission View: can read on DAG Run:example_branch_datetime_operator_2
[2025-01-15T23:23:41.397+0500] {logging_mixin.py:190} INFO - [2025-01-15T23:23:41.397+0500] {override.py:1912} INFO - Created Permission View: menu access on DAG Run:example_branch_datetime_operator_2
[2025-01-15T23:23:41.423+0500] {logging_mixin.py:190} INFO - [2025-01-15T23:23:41.422+0500] {override.py:1912} INFO - Created Permission View: can edit on DAG:example_branch_datetime_operator
[2025-01-15T23:23:41.435+0500] {logging_mixin.py:190} INFO - [2025-01-15T23:23:41.434+0500] {override.py:1912} INFO - Created Permission View: can delete on DAG:example_branch_datetime_operator
[2025-01-15T23:23:41.475+0500] {logging_mixin.py:190} INFO - [2025-01-15T23:23:41.474+0500] {override.py:1912} INFO - Created Permission View: can read on DAG:example_branch_datetime_operator
[2025-01-15T23:23:41.496+0500] {logging_mixin.py:190} INFO - [2025-01-15T23:23:41.496+0500] {override.py:1912} INFO - Created Permission View: can create on DAG Run:example_branch_datetime_operator
[2025-01-15T23:23:41.509+0500] {logging_mixin.py:190} INFO - [2025-01-15T23:23:41.509+0500] {override.py:1912} INFO - Created Permission View: can delete on DAG Run:example_branch_datetime_operator
[2025-01-15T23:23:41.525+0500] {logging_mixin.py:190} INFO - [2025-01-15T23:23:41.525+0500] {override.py:1912} INFO - Created Permission View: can read on DAG Run:example_branch_datetime_operator
[2025-01-15T23:23:41.537+0500] {logging_mixin.py:190} INFO - [2025-01-15T23:23:41.537+0500] {override.py:1912} INFO - Created Permission View: menu access on DAG Run:example_branch_datetime_operator
[2025-01-15T23:23:41.573+0500] {logging_mixin.py:190} INFO - [2025-01-15T23:23:41.572+0500] {override.py:1912} INFO - Created Permission View: can edit on DAG:example_branch_datetime_operator_3
[2025-01-15T23:23:41.592+0500] {logging_mixin.py:190} INFO - [2025-01-15T23:23:41.591+0500] {override.py:1912} INFO - Created Permission View: can delete on DAG:example_branch_datetime_operator_3
[2025-01-15T23:23:41.606+0500] {logging_mixin.py:190} INFO - [2025-01-15T23:23:41.605+0500] {override.py:1912} INFO - Created Permission View: can read on DAG:example_branch_datetime_operator_3
[2025-01-15T23:23:41.621+0500] {logging_mixin.py:190} INFO - [2025-01-15T23:23:41.621+0500] {override.py:1912} INFO - Created Permission View: can create on DAG Run:example_branch_datetime_operator_3
[2025-01-15T23:23:41.632+0500] {logging_mixin.py:190} INFO - [2025-01-15T23:23:41.632+0500] {override.py:1912} INFO - Created Permission View: can delete on DAG Run:example_branch_datetime_operator_3
[2025-01-15T23:23:41.644+0500] {logging_mixin.py:190} INFO - [2025-01-15T23:23:41.644+0500] {override.py:1912} INFO - Created Permission View: can read on DAG Run:example_branch_datetime_operator_3
[2025-01-15T23:23:41.654+0500] {logging_mixin.py:190} INFO - [2025-01-15T23:23:41.654+0500] {override.py:1912} INFO - Created Permission View: menu access on DAG Run:example_branch_datetime_operator_3
[2025-01-15T23:23:41.655+0500] {logging_mixin.py:190} INFO - [2025-01-15T23:23:41.654+0500] {dag.py:3239} INFO - Sync 3 DAGs
[2025-01-15T23:23:41.681+0500] {logging_mixin.py:190} INFO - [2025-01-15T23:23:41.681+0500] {dag.py:3262} INFO - Creating ORM DAG for example_branch_datetime_operator_2
[2025-01-15T23:23:41.683+0500] {logging_mixin.py:190} INFO - [2025-01-15T23:23:41.682+0500] {dag.py:3262} INFO - Creating ORM DAG for example_branch_datetime_operator_3
[2025-01-15T23:23:41.685+0500] {logging_mixin.py:190} INFO - [2025-01-15T23:23:41.684+0500] {dag.py:3262} INFO - Creating ORM DAG for example_branch_datetime_operator
[2025-01-15T23:23:41.723+0500] {logging_mixin.py:190} INFO - [2025-01-15T23:23:41.722+0500] {dag.py:4180} INFO - Setting next_dagrun for example_branch_datetime_operator to 2025-01-14 00:00:00+00:00, run_after=2025-01-15 00:00:00+00:00
[2025-01-15T23:23:41.729+0500] {logging_mixin.py:190} INFO - [2025-01-15T23:23:41.728+0500] {dag.py:4180} INFO - Setting next_dagrun for example_branch_datetime_operator_2 to 2025-01-14 00:00:00+00:00, run_after=2025-01-15 00:00:00+00:00
[2025-01-15T23:23:41.735+0500] {logging_mixin.py:190} INFO - [2025-01-15T23:23:41.733+0500] {dag.py:4180} INFO - Setting next_dagrun for example_branch_datetime_operator_3 to 2025-01-14 00:00:00+00:00, run_after=2025-01-15 00:00:00+00:00
[2025-01-15T23:23:41.790+0500] {processor.py:208} INFO - Processing /Users/mac/Desktop/Comapny2/CryptoPortfolioAI/.venv/lib/python3.10/site-packages/airflow/example_dags/example_branch_datetime_operator.py took 0.884 seconds
[2025-01-15T23:31:19.193+0500] {processor.py:186} INFO - Started process (PID=6396) to work on /Users/mac/Desktop/Comapny2/CryptoPortfolioAI/.venv/lib/python3.10/site-packages/airflow/example_dags/example_branch_datetime_operator.py
[2025-01-15T23:31:19.195+0500] {processor.py:914} INFO - Processing file /Users/mac/Desktop/Comapny2/CryptoPortfolioAI/.venv/lib/python3.10/site-packages/airflow/example_dags/example_branch_datetime_operator.py for tasks to queue
[2025-01-15T23:31:19.197+0500] {logging_mixin.py:190} INFO - [2025-01-15T23:31:19.197+0500] {dagbag.py:588} INFO - Filling up the DagBag from /Users/mac/Desktop/Comapny2/CryptoPortfolioAI/.venv/lib/python3.10/site-packages/airflow/example_dags/example_branch_datetime_operator.py
[2025-01-15T23:31:19.213+0500] {processor.py:925} INFO - DAG(s) 'example_branch_datetime_operator', 'example_branch_datetime_operator_2', 'example_branch_datetime_operator_3' retrieved from /Users/mac/Desktop/Comapny2/CryptoPortfolioAI/.venv/lib/python3.10/site-packages/airflow/example_dags/example_branch_datetime_operator.py
[2025-01-15T23:31:19.339+0500] {logging_mixin.py:190} INFO - [2025-01-15T23:31:19.339+0500] {dag.py:3239} INFO - Sync 3 DAGs
[2025-01-15T23:31:19.360+0500] {logging_mixin.py:190} INFO - [2025-01-15T23:31:19.359+0500] {dag.py:4180} INFO - Setting next_dagrun for example_branch_datetime_operator to 2025-01-14 00:00:00+00:00, run_after=2025-01-15 00:00:00+00:00
[2025-01-15T23:31:19.364+0500] {logging_mixin.py:190} INFO - [2025-01-15T23:31:19.364+0500] {dag.py:4180} INFO - Setting next_dagrun for example_branch_datetime_operator_2 to 2025-01-14 00:00:00+00:00, run_after=2025-01-15 00:00:00+00:00
[2025-01-15T23:31:19.367+0500] {logging_mixin.py:190} INFO - [2025-01-15T23:31:19.367+0500] {dag.py:4180} INFO - Setting next_dagrun for example_branch_datetime_operator_3 to 2025-01-14 00:00:00+00:00, run_after=2025-01-15 00:00:00+00:00
[2025-01-15T23:31:19.387+0500] {processor.py:208} INFO - Processing /Users/mac/Desktop/Comapny2/CryptoPortfolioAI/.venv/lib/python3.10/site-packages/airflow/example_dags/example_branch_datetime_operator.py took 0.199 seconds
[2025-01-15T23:37:01.819+0500] {processor.py:186} INFO - Started process (PID=7929) to work on /Users/mac/Desktop/Comapny2/CryptoPortfolioAI/.venv/lib/python3.10/site-packages/airflow/example_dags/example_branch_datetime_operator.py
[2025-01-15T23:37:01.821+0500] {processor.py:914} INFO - Processing file /Users/mac/Desktop/Comapny2/CryptoPortfolioAI/.venv/lib/python3.10/site-packages/airflow/example_dags/example_branch_datetime_operator.py for tasks to queue
[2025-01-15T23:37:01.823+0500] {logging_mixin.py:190} INFO - [2025-01-15T23:37:01.823+0500] {dagbag.py:588} INFO - Filling up the DagBag from /Users/mac/Desktop/Comapny2/CryptoPortfolioAI/.venv/lib/python3.10/site-packages/airflow/example_dags/example_branch_datetime_operator.py
[2025-01-15T23:37:01.843+0500] {processor.py:925} INFO - DAG(s) 'example_branch_datetime_operator_2', 'example_branch_datetime_operator_3', 'example_branch_datetime_operator' retrieved from /Users/mac/Desktop/Comapny2/CryptoPortfolioAI/.venv/lib/python3.10/site-packages/airflow/example_dags/example_branch_datetime_operator.py
[2025-01-15T23:37:01.975+0500] {logging_mixin.py:190} INFO - [2025-01-15T23:37:01.975+0500] {dag.py:3239} INFO - Sync 3 DAGs
[2025-01-15T23:37:01.996+0500] {logging_mixin.py:190} INFO - [2025-01-15T23:37:01.996+0500] {dag.py:4180} INFO - Setting next_dagrun for example_branch_datetime_operator to 2025-01-14 00:00:00+00:00, run_after=2025-01-15 00:00:00+00:00
[2025-01-15T23:37:02.002+0500] {logging_mixin.py:190} INFO - [2025-01-15T23:37:02.001+0500] {dag.py:4180} INFO - Setting next_dagrun for example_branch_datetime_operator_2 to 2025-01-14 00:00:00+00:00, run_after=2025-01-15 00:00:00+00:00
[2025-01-15T23:37:02.004+0500] {logging_mixin.py:190} INFO - [2025-01-15T23:37:02.004+0500] {dag.py:4180} INFO - Setting next_dagrun for example_branch_datetime_operator_3 to 2025-01-14 00:00:00+00:00, run_after=2025-01-15 00:00:00+00:00
[2025-01-15T23:37:02.026+0500] {processor.py:208} INFO - Processing /Users/mac/Desktop/Comapny2/CryptoPortfolioAI/.venv/lib/python3.10/site-packages/airflow/example_dags/example_branch_datetime_operator.py took 0.212 seconds
[2025-01-15T23:43:12.323+0500] {processor.py:186} INFO - Started process (PID=9505) to work on /Users/mac/Desktop/Comapny2/CryptoPortfolioAI/.venv/lib/python3.10/site-packages/airflow/example_dags/example_branch_datetime_operator.py
[2025-01-15T23:43:12.325+0500] {processor.py:914} INFO - Processing file /Users/mac/Desktop/Comapny2/CryptoPortfolioAI/.venv/lib/python3.10/site-packages/airflow/example_dags/example_branch_datetime_operator.py for tasks to queue
[2025-01-15T23:43:12.327+0500] {logging_mixin.py:190} INFO - [2025-01-15T23:43:12.327+0500] {dagbag.py:588} INFO - Filling up the DagBag from /Users/mac/Desktop/Comapny2/CryptoPortfolioAI/.venv/lib/python3.10/site-packages/airflow/example_dags/example_branch_datetime_operator.py
[2025-01-15T23:43:12.346+0500] {processor.py:925} INFO - DAG(s) 'example_branch_datetime_operator', 'example_branch_datetime_operator_3', 'example_branch_datetime_operator_2' retrieved from /Users/mac/Desktop/Comapny2/CryptoPortfolioAI/.venv/lib/python3.10/site-packages/airflow/example_dags/example_branch_datetime_operator.py
[2025-01-15T23:43:12.500+0500] {logging_mixin.py:190} INFO - [2025-01-15T23:43:12.499+0500] {dag.py:3239} INFO - Sync 3 DAGs
[2025-01-15T23:43:12.522+0500] {logging_mixin.py:190} INFO - [2025-01-15T23:43:12.522+0500] {dag.py:4180} INFO - Setting next_dagrun for example_branch_datetime_operator to 2025-01-14 00:00:00+00:00, run_after=2025-01-15 00:00:00+00:00
[2025-01-15T23:43:12.528+0500] {logging_mixin.py:190} INFO - [2025-01-15T23:43:12.528+0500] {dag.py:4180} INFO - Setting next_dagrun for example_branch_datetime_operator_2 to 2025-01-14 00:00:00+00:00, run_after=2025-01-15 00:00:00+00:00
[2025-01-15T23:43:12.533+0500] {logging_mixin.py:190} INFO - [2025-01-15T23:43:12.533+0500] {dag.py:4180} INFO - Setting next_dagrun for example_branch_datetime_operator_3 to 2025-01-14 00:00:00+00:00, run_after=2025-01-15 00:00:00+00:00
[2025-01-15T23:43:12.558+0500] {processor.py:208} INFO - Processing /Users/mac/Desktop/Comapny2/CryptoPortfolioAI/.venv/lib/python3.10/site-packages/airflow/example_dags/example_branch_datetime_operator.py took 0.240 seconds
