[2025-01-15T23:22:44.585+0500] {processor.py:186} INFO - Started process (PID=3895) to work on /Users/mac/Desktop/Comapny2/CryptoPortfolioAI/.venv/lib/python3.10/site-packages/airflow/example_dags/example_dynamic_task_mapping.py
[2025-01-15T23:22:44.587+0500] {processor.py:914} INFO - Processing file /Users/mac/Desktop/Comapny2/CryptoPortfolioAI/.venv/lib/python3.10/site-packages/airflow/example_dags/example_dynamic_task_mapping.py for tasks to queue
[2025-01-15T23:22:44.588+0500] {logging_mixin.py:190} INFO - [2025-01-15T23:22:44.588+0500] {dagbag.py:588} INFO - Filling up the DagBag from /Users/mac/Desktop/Comapny2/CryptoPortfolioAI/.venv/lib/python3.10/site-packages/airflow/example_dags/example_dynamic_task_mapping.py
[2025-01-15T23:22:44.631+0500] {processor.py:925} INFO - DAG(s) 'example_dynamic_task_mapping' retrieved from /Users/mac/Desktop/Comapny2/CryptoPortfolioAI/.venv/lib/python3.10/site-packages/airflow/example_dags/example_dynamic_task_mapping.py
[2025-01-15T23:22:44.908+0500] {logging_mixin.py:190} INFO - [2025-01-15T23:22:44.907+0500] {override.py:1912} INFO - Created Permission View: can delete on DAG:example_dynamic_task_mapping
[2025-01-15T23:22:44.918+0500] {logging_mixin.py:190} INFO - [2025-01-15T23:22:44.918+0500] {override.py:1912} INFO - Created Permission View: can read on DAG:example_dynamic_task_mapping
[2025-01-15T23:22:44.926+0500] {logging_mixin.py:190} INFO - [2025-01-15T23:22:44.926+0500] {override.py:1912} INFO - Created Permission View: can edit on DAG:example_dynamic_task_mapping
[2025-01-15T23:22:44.936+0500] {logging_mixin.py:190} INFO - [2025-01-15T23:22:44.936+0500] {override.py:1912} INFO - Created Permission View: menu access on DAG Run:example_dynamic_task_mapping
[2025-01-15T23:22:44.948+0500] {logging_mixin.py:190} INFO - [2025-01-15T23:22:44.947+0500] {override.py:1912} INFO - Created Permission View: can delete on DAG Run:example_dynamic_task_mapping
[2025-01-15T23:22:44.956+0500] {logging_mixin.py:190} INFO - [2025-01-15T23:22:44.955+0500] {override.py:1912} INFO - Created Permission View: can read on DAG Run:example_dynamic_task_mapping
[2025-01-15T23:22:44.964+0500] {logging_mixin.py:190} INFO - [2025-01-15T23:22:44.963+0500] {override.py:1912} INFO - Created Permission View: can create on DAG Run:example_dynamic_task_mapping
[2025-01-15T23:22:44.964+0500] {logging_mixin.py:190} INFO - [2025-01-15T23:22:44.964+0500] {dag.py:3239} INFO - Sync 1 DAGs
[2025-01-15T23:22:44.977+0500] {logging_mixin.py:190} INFO - [2025-01-15T23:22:44.977+0500] {dag.py:3262} INFO - Creating ORM DAG for example_dynamic_task_mapping
[2025-01-15T23:22:44.977+0500] {logging_mixin.py:190} INFO - [2025-01-15T23:22:44.977+0500] {dag.py:4180} INFO - Setting next_dagrun for example_dynamic_task_mapping to None, run_after=None
[2025-01-15T23:22:44.996+0500] {processor.py:208} INFO - Processing /Users/mac/Desktop/Comapny2/CryptoPortfolioAI/.venv/lib/python3.10/site-packages/airflow/example_dags/example_dynamic_task_mapping.py took 0.417 seconds
[2025-01-15T23:27:14.062+0500] {processor.py:186} INFO - Started process (PID=5073) to work on /Users/mac/Desktop/Comapny2/CryptoPortfolioAI/.venv/lib/python3.10/site-packages/airflow/example_dags/example_dynamic_task_mapping.py
[2025-01-15T23:27:14.064+0500] {processor.py:914} INFO - Processing file /Users/mac/Desktop/Comapny2/CryptoPortfolioAI/.venv/lib/python3.10/site-packages/airflow/example_dags/example_dynamic_task_mapping.py for tasks to queue
[2025-01-15T23:27:14.066+0500] {logging_mixin.py:190} INFO - [2025-01-15T23:27:14.065+0500] {dagbag.py:588} INFO - Filling up the DagBag from /Users/mac/Desktop/Comapny2/CryptoPortfolioAI/.venv/lib/python3.10/site-packages/airflow/example_dags/example_dynamic_task_mapping.py
[2025-01-15T23:27:14.111+0500] {processor.py:925} INFO - DAG(s) 'example_dynamic_task_mapping' retrieved from /Users/mac/Desktop/Comapny2/CryptoPortfolioAI/.venv/lib/python3.10/site-packages/airflow/example_dags/example_dynamic_task_mapping.py
[2025-01-15T23:27:14.629+0500] {logging_mixin.py:190} INFO - [2025-01-15T23:27:14.628+0500] {dag.py:3239} INFO - Sync 1 DAGs
[2025-01-15T23:27:14.695+0500] {logging_mixin.py:190} INFO - [2025-01-15T23:27:14.694+0500] {dag.py:4180} INFO - Setting next_dagrun for example_dynamic_task_mapping to None, run_after=None
[2025-01-15T23:27:14.807+0500] {processor.py:208} INFO - Processing /Users/mac/Desktop/Comapny2/CryptoPortfolioAI/.venv/lib/python3.10/site-packages/airflow/example_dags/example_dynamic_task_mapping.py took 0.750 seconds
[2025-01-15T23:31:00.488+0500] {processor.py:186} INFO - Started process (PID=6284) to work on /Users/mac/Desktop/Comapny2/CryptoPortfolioAI/.venv/lib/python3.10/site-packages/airflow/example_dags/example_dynamic_task_mapping.py
[2025-01-15T23:31:00.490+0500] {processor.py:914} INFO - Processing file /Users/mac/Desktop/Comapny2/CryptoPortfolioAI/.venv/lib/python3.10/site-packages/airflow/example_dags/example_dynamic_task_mapping.py for tasks to queue
[2025-01-15T23:31:00.493+0500] {logging_mixin.py:190} INFO - [2025-01-15T23:31:00.492+0500] {dagbag.py:588} INFO - Filling up the DagBag from /Users/mac/Desktop/Comapny2/CryptoPortfolioAI/.venv/lib/python3.10/site-packages/airflow/example_dags/example_dynamic_task_mapping.py
[2025-01-15T23:31:00.553+0500] {processor.py:925} INFO - DAG(s) 'example_dynamic_task_mapping' retrieved from /Users/mac/Desktop/Comapny2/CryptoPortfolioAI/.venv/lib/python3.10/site-packages/airflow/example_dags/example_dynamic_task_mapping.py
[2025-01-15T23:31:00.710+0500] {logging_mixin.py:190} INFO - [2025-01-15T23:31:00.709+0500] {dag.py:3239} INFO - Sync 1 DAGs
[2025-01-15T23:31:00.727+0500] {logging_mixin.py:190} INFO - [2025-01-15T23:31:00.726+0500] {dag.py:4180} INFO - Setting next_dagrun for example_dynamic_task_mapping to None, run_after=None
[2025-01-15T23:31:00.752+0500] {processor.py:208} INFO - Processing /Users/mac/Desktop/Comapny2/CryptoPortfolioAI/.venv/lib/python3.10/site-packages/airflow/example_dags/example_dynamic_task_mapping.py took 0.269 seconds
[2025-01-15T23:36:44.972+0500] {processor.py:186} INFO - Started process (PID=7858) to work on /Users/mac/Desktop/Comapny2/CryptoPortfolioAI/.venv/lib/python3.10/site-packages/airflow/example_dags/example_dynamic_task_mapping.py
[2025-01-15T23:36:44.974+0500] {processor.py:914} INFO - Processing file /Users/mac/Desktop/Comapny2/CryptoPortfolioAI/.venv/lib/python3.10/site-packages/airflow/example_dags/example_dynamic_task_mapping.py for tasks to queue
[2025-01-15T23:36:44.976+0500] {logging_mixin.py:190} INFO - [2025-01-15T23:36:44.976+0500] {dagbag.py:588} INFO - Filling up the DagBag from /Users/mac/Desktop/Comapny2/CryptoPortfolioAI/.venv/lib/python3.10/site-packages/airflow/example_dags/example_dynamic_task_mapping.py
[2025-01-15T23:36:45.014+0500] {processor.py:925} INFO - DAG(s) 'example_dynamic_task_mapping' retrieved from /Users/mac/Desktop/Comapny2/CryptoPortfolioAI/.venv/lib/python3.10/site-packages/airflow/example_dags/example_dynamic_task_mapping.py
[2025-01-15T23:36:45.118+0500] {logging_mixin.py:190} INFO - [2025-01-15T23:36:45.118+0500] {dag.py:3239} INFO - Sync 1 DAGs
[2025-01-15T23:36:45.130+0500] {logging_mixin.py:190} INFO - [2025-01-15T23:36:45.130+0500] {dag.py:4180} INFO - Setting next_dagrun for example_dynamic_task_mapping to None, run_after=None
[2025-01-15T23:36:45.149+0500] {processor.py:208} INFO - Processing /Users/mac/Desktop/Comapny2/CryptoPortfolioAI/.venv/lib/python3.10/site-packages/airflow/example_dags/example_dynamic_task_mapping.py took 0.182 seconds
[2025-01-15T23:42:55.318+0500] {processor.py:186} INFO - Started process (PID=9439) to work on /Users/mac/Desktop/Comapny2/CryptoPortfolioAI/.venv/lib/python3.10/site-packages/airflow/example_dags/example_dynamic_task_mapping.py
[2025-01-15T23:42:55.321+0500] {processor.py:914} INFO - Processing file /Users/mac/Desktop/Comapny2/CryptoPortfolioAI/.venv/lib/python3.10/site-packages/airflow/example_dags/example_dynamic_task_mapping.py for tasks to queue
[2025-01-15T23:42:55.323+0500] {logging_mixin.py:190} INFO - [2025-01-15T23:42:55.322+0500] {dagbag.py:588} INFO - Filling up the DagBag from /Users/mac/Desktop/Comapny2/CryptoPortfolioAI/.venv/lib/python3.10/site-packages/airflow/example_dags/example_dynamic_task_mapping.py
[2025-01-15T23:42:55.371+0500] {processor.py:925} INFO - DAG(s) 'example_dynamic_task_mapping' retrieved from /Users/mac/Desktop/Comapny2/CryptoPortfolioAI/.venv/lib/python3.10/site-packages/airflow/example_dags/example_dynamic_task_mapping.py
[2025-01-15T23:42:55.489+0500] {logging_mixin.py:190} INFO - [2025-01-15T23:42:55.489+0500] {dag.py:3239} INFO - Sync 1 DAGs
[2025-01-15T23:42:55.504+0500] {logging_mixin.py:190} INFO - [2025-01-15T23:42:55.504+0500] {dag.py:4180} INFO - Setting next_dagrun for example_dynamic_task_mapping to None, run_after=None
[2025-01-15T23:42:55.525+0500] {processor.py:208} INFO - Processing /Users/mac/Desktop/Comapny2/CryptoPortfolioAI/.venv/lib/python3.10/site-packages/airflow/example_dags/example_dynamic_task_mapping.py took 0.213 seconds
