[2025-01-15T23:22:09.542+0500] {processor.py:186} INFO - Started process (PID=3736) to work on /Users/mac/Desktop/Comapny2/CryptoPortfolioAI/.venv/lib/python3.10/site-packages/airflow/example_dags/example_nested_branch_dag.py
[2025-01-15T23:22:09.543+0500] {processor.py:914} INFO - Processing file /Users/mac/Desktop/Comapny2/CryptoPortfolioAI/.venv/lib/python3.10/site-packages/airflow/example_dags/example_nested_branch_dag.py for tasks to queue
[2025-01-15T23:22:09.545+0500] {logging_mixin.py:190} INFO - [2025-01-15T23:22:09.545+0500] {dagbag.py:588} INFO - Filling up the DagBag from /Users/mac/Desktop/Comapny2/CryptoPortfolioAI/.venv/lib/python3.10/site-packages/airflow/example_dags/example_nested_branch_dag.py
[2025-01-15T23:22:09.587+0500] {processor.py:925} INFO - DAG(s) 'example_nested_branch_dag' retrieved from /Users/mac/Desktop/Comapny2/CryptoPortfolioAI/.venv/lib/python3.10/site-packages/airflow/example_dags/example_nested_branch_dag.py
[2025-01-15T23:22:09.792+0500] {logging_mixin.py:190} INFO - [2025-01-15T23:22:09.792+0500] {override.py:1912} INFO - Created Permission View: can read on DAG:example_nested_branch_dag
[2025-01-15T23:22:09.804+0500] {logging_mixin.py:190} INFO - [2025-01-15T23:22:09.803+0500] {override.py:1912} INFO - Created Permission View: can edit on DAG:example_nested_branch_dag
[2025-01-15T23:22:09.811+0500] {logging_mixin.py:190} INFO - [2025-01-15T23:22:09.810+0500] {override.py:1912} INFO - Created Permission View: can delete on DAG:example_nested_branch_dag
[2025-01-15T23:22:09.821+0500] {logging_mixin.py:190} INFO - [2025-01-15T23:22:09.820+0500] {override.py:1912} INFO - Created Permission View: can read on DAG Run:example_nested_branch_dag
[2025-01-15T23:22:09.828+0500] {logging_mixin.py:190} INFO - [2025-01-15T23:22:09.828+0500] {override.py:1912} INFO - Created Permission View: can delete on DAG Run:example_nested_branch_dag
[2025-01-15T23:22:09.834+0500] {logging_mixin.py:190} INFO - [2025-01-15T23:22:09.834+0500] {override.py:1912} INFO - Created Permission View: menu access on DAG Run:example_nested_branch_dag
[2025-01-15T23:22:09.842+0500] {logging_mixin.py:190} INFO - [2025-01-15T23:22:09.841+0500] {override.py:1912} INFO - Created Permission View: can create on DAG Run:example_nested_branch_dag
[2025-01-15T23:22:09.842+0500] {logging_mixin.py:190} INFO - [2025-01-15T23:22:09.842+0500] {dag.py:3239} INFO - Sync 1 DAGs
[2025-01-15T23:22:09.854+0500] {logging_mixin.py:190} INFO - [2025-01-15T23:22:09.854+0500] {dag.py:3262} INFO - Creating ORM DAG for example_nested_branch_dag
[2025-01-15T23:22:09.863+0500] {logging_mixin.py:190} INFO - [2025-01-15T23:22:09.863+0500] {dag.py:4180} INFO - Setting next_dagrun for example_nested_branch_dag to 2025-01-14 00:00:00+00:00, run_after=2025-01-15 00:00:00+00:00
[2025-01-15T23:22:09.881+0500] {processor.py:208} INFO - Processing /Users/mac/Desktop/Comapny2/CryptoPortfolioAI/.venv/lib/python3.10/site-packages/airflow/example_dags/example_nested_branch_dag.py took 0.344 seconds
[2025-01-15T23:26:32.885+0500] {processor.py:186} INFO - Started process (PID=4893) to work on /Users/mac/Desktop/Comapny2/CryptoPortfolioAI/.venv/lib/python3.10/site-packages/airflow/example_dags/example_nested_branch_dag.py
[2025-01-15T23:26:32.887+0500] {processor.py:914} INFO - Processing file /Users/mac/Desktop/Comapny2/CryptoPortfolioAI/.venv/lib/python3.10/site-packages/airflow/example_dags/example_nested_branch_dag.py for tasks to queue
[2025-01-15T23:26:32.889+0500] {logging_mixin.py:190} INFO - [2025-01-15T23:26:32.889+0500] {dagbag.py:588} INFO - Filling up the DagBag from /Users/mac/Desktop/Comapny2/CryptoPortfolioAI/.venv/lib/python3.10/site-packages/airflow/example_dags/example_nested_branch_dag.py
[2025-01-15T23:26:32.962+0500] {processor.py:925} INFO - DAG(s) 'example_nested_branch_dag' retrieved from /Users/mac/Desktop/Comapny2/CryptoPortfolioAI/.venv/lib/python3.10/site-packages/airflow/example_dags/example_nested_branch_dag.py
[2025-01-15T23:26:33.228+0500] {logging_mixin.py:190} INFO - [2025-01-15T23:26:33.227+0500] {dag.py:3239} INFO - Sync 1 DAGs
[2025-01-15T23:26:33.281+0500] {logging_mixin.py:190} INFO - [2025-01-15T23:26:33.281+0500] {dag.py:4180} INFO - Setting next_dagrun for example_nested_branch_dag to 2025-01-14 00:00:00+00:00, run_after=2025-01-15 00:00:00+00:00
[2025-01-15T23:26:33.315+0500] {processor.py:208} INFO - Processing /Users/mac/Desktop/Comapny2/CryptoPortfolioAI/.venv/lib/python3.10/site-packages/airflow/example_dags/example_nested_branch_dag.py took 0.436 seconds
[2025-01-15T23:30:28.526+0500] {processor.py:186} INFO - Started process (PID=6111) to work on /Users/mac/Desktop/Comapny2/CryptoPortfolioAI/.venv/lib/python3.10/site-packages/airflow/example_dags/example_nested_branch_dag.py
[2025-01-15T23:30:28.529+0500] {processor.py:914} INFO - Processing file /Users/mac/Desktop/Comapny2/CryptoPortfolioAI/.venv/lib/python3.10/site-packages/airflow/example_dags/example_nested_branch_dag.py for tasks to queue
[2025-01-15T23:30:28.532+0500] {logging_mixin.py:190} INFO - [2025-01-15T23:30:28.531+0500] {dagbag.py:588} INFO - Filling up the DagBag from /Users/mac/Desktop/Comapny2/CryptoPortfolioAI/.venv/lib/python3.10/site-packages/airflow/example_dags/example_nested_branch_dag.py
[2025-01-15T23:30:28.655+0500] {processor.py:925} INFO - DAG(s) 'example_nested_branch_dag' retrieved from /Users/mac/Desktop/Comapny2/CryptoPortfolioAI/.venv/lib/python3.10/site-packages/airflow/example_dags/example_nested_branch_dag.py
[2025-01-15T23:30:29.140+0500] {logging_mixin.py:190} INFO - [2025-01-15T23:30:29.139+0500] {dag.py:3239} INFO - Sync 1 DAGs
[2025-01-15T23:30:29.183+0500] {logging_mixin.py:190} INFO - [2025-01-15T23:30:29.182+0500] {dag.py:4180} INFO - Setting next_dagrun for example_nested_branch_dag to 2025-01-14 00:00:00+00:00, run_after=2025-01-15 00:00:00+00:00
[2025-01-15T23:30:29.219+0500] {processor.py:208} INFO - Processing /Users/mac/Desktop/Comapny2/CryptoPortfolioAI/.venv/lib/python3.10/site-packages/airflow/example_dags/example_nested_branch_dag.py took 0.697 seconds
[2025-01-15T23:33:29.633+0500] {processor.py:186} INFO - Started process (PID=7003) to work on /Users/mac/Desktop/Comapny2/CryptoPortfolioAI/.venv/lib/python3.10/site-packages/airflow/example_dags/example_nested_branch_dag.py
[2025-01-15T23:33:29.634+0500] {processor.py:914} INFO - Processing file /Users/mac/Desktop/Comapny2/CryptoPortfolioAI/.venv/lib/python3.10/site-packages/airflow/example_dags/example_nested_branch_dag.py for tasks to queue
[2025-01-15T23:33:29.636+0500] {logging_mixin.py:190} INFO - [2025-01-15T23:33:29.636+0500] {dagbag.py:588} INFO - Filling up the DagBag from /Users/mac/Desktop/Comapny2/CryptoPortfolioAI/.venv/lib/python3.10/site-packages/airflow/example_dags/example_nested_branch_dag.py
[2025-01-15T23:33:29.685+0500] {processor.py:925} INFO - DAG(s) 'example_nested_branch_dag' retrieved from /Users/mac/Desktop/Comapny2/CryptoPortfolioAI/.venv/lib/python3.10/site-packages/airflow/example_dags/example_nested_branch_dag.py
[2025-01-15T23:33:29.842+0500] {logging_mixin.py:190} INFO - [2025-01-15T23:33:29.841+0500] {dag.py:3239} INFO - Sync 1 DAGs
[2025-01-15T23:33:29.879+0500] {logging_mixin.py:190} INFO - [2025-01-15T23:33:29.878+0500] {dag.py:4180} INFO - Setting next_dagrun for example_nested_branch_dag to 2025-01-14 00:00:00+00:00, run_after=2025-01-15 00:00:00+00:00
[2025-01-15T23:33:29.908+0500] {processor.py:208} INFO - Processing /Users/mac/Desktop/Comapny2/CryptoPortfolioAI/.venv/lib/python3.10/site-packages/airflow/example_dags/example_nested_branch_dag.py took 0.283 seconds
[2025-01-15T23:36:23.828+0500] {processor.py:186} INFO - Started process (PID=7749) to work on /Users/mac/Desktop/Comapny2/CryptoPortfolioAI/.venv/lib/python3.10/site-packages/airflow/example_dags/example_nested_branch_dag.py
[2025-01-15T23:36:23.830+0500] {processor.py:914} INFO - Processing file /Users/mac/Desktop/Comapny2/CryptoPortfolioAI/.venv/lib/python3.10/site-packages/airflow/example_dags/example_nested_branch_dag.py for tasks to queue
[2025-01-15T23:36:23.832+0500] {logging_mixin.py:190} INFO - [2025-01-15T23:36:23.832+0500] {dagbag.py:588} INFO - Filling up the DagBag from /Users/mac/Desktop/Comapny2/CryptoPortfolioAI/.venv/lib/python3.10/site-packages/airflow/example_dags/example_nested_branch_dag.py
[2025-01-15T23:36:23.886+0500] {processor.py:925} INFO - DAG(s) 'example_nested_branch_dag' retrieved from /Users/mac/Desktop/Comapny2/CryptoPortfolioAI/.venv/lib/python3.10/site-packages/airflow/example_dags/example_nested_branch_dag.py
[2025-01-15T23:36:24.070+0500] {logging_mixin.py:190} INFO - [2025-01-15T23:36:24.069+0500] {dag.py:3239} INFO - Sync 1 DAGs
[2025-01-15T23:36:24.109+0500] {logging_mixin.py:190} INFO - [2025-01-15T23:36:24.108+0500] {dag.py:4180} INFO - Setting next_dagrun for example_nested_branch_dag to 2025-01-14 00:00:00+00:00, run_after=2025-01-15 00:00:00+00:00
[2025-01-15T23:36:24.136+0500] {processor.py:208} INFO - Processing /Users/mac/Desktop/Comapny2/CryptoPortfolioAI/.venv/lib/python3.10/site-packages/airflow/example_dags/example_nested_branch_dag.py took 0.312 seconds
[2025-01-15T23:39:06.640+0500] {processor.py:186} INFO - Started process (PID=8525) to work on /Users/mac/Desktop/Comapny2/CryptoPortfolioAI/.venv/lib/python3.10/site-packages/airflow/example_dags/example_nested_branch_dag.py
[2025-01-15T23:39:06.641+0500] {processor.py:914} INFO - Processing file /Users/mac/Desktop/Comapny2/CryptoPortfolioAI/.venv/lib/python3.10/site-packages/airflow/example_dags/example_nested_branch_dag.py for tasks to queue
[2025-01-15T23:39:06.643+0500] {logging_mixin.py:190} INFO - [2025-01-15T23:39:06.643+0500] {dagbag.py:588} INFO - Filling up the DagBag from /Users/mac/Desktop/Comapny2/CryptoPortfolioAI/.venv/lib/python3.10/site-packages/airflow/example_dags/example_nested_branch_dag.py
[2025-01-15T23:39:06.689+0500] {processor.py:925} INFO - DAG(s) 'example_nested_branch_dag' retrieved from /Users/mac/Desktop/Comapny2/CryptoPortfolioAI/.venv/lib/python3.10/site-packages/airflow/example_dags/example_nested_branch_dag.py
[2025-01-15T23:39:06.815+0500] {logging_mixin.py:190} INFO - [2025-01-15T23:39:06.815+0500] {dag.py:3239} INFO - Sync 1 DAGs
[2025-01-15T23:39:06.838+0500] {logging_mixin.py:190} INFO - [2025-01-15T23:39:06.838+0500] {dag.py:4180} INFO - Setting next_dagrun for example_nested_branch_dag to 2025-01-14 00:00:00+00:00, run_after=2025-01-15 00:00:00+00:00
[2025-01-15T23:39:06.860+0500] {processor.py:208} INFO - Processing /Users/mac/Desktop/Comapny2/CryptoPortfolioAI/.venv/lib/python3.10/site-packages/airflow/example_dags/example_nested_branch_dag.py took 0.224 seconds
[2025-01-15T23:42:25.371+0500] {processor.py:186} INFO - Started process (PID=9284) to work on /Users/mac/Desktop/Comapny2/CryptoPortfolioAI/.venv/lib/python3.10/site-packages/airflow/example_dags/example_nested_branch_dag.py
[2025-01-15T23:42:25.373+0500] {processor.py:914} INFO - Processing file /Users/mac/Desktop/Comapny2/CryptoPortfolioAI/.venv/lib/python3.10/site-packages/airflow/example_dags/example_nested_branch_dag.py for tasks to queue
[2025-01-15T23:42:25.376+0500] {logging_mixin.py:190} INFO - [2025-01-15T23:42:25.375+0500] {dagbag.py:588} INFO - Filling up the DagBag from /Users/mac/Desktop/Comapny2/CryptoPortfolioAI/.venv/lib/python3.10/site-packages/airflow/example_dags/example_nested_branch_dag.py
[2025-01-15T23:42:25.439+0500] {processor.py:925} INFO - DAG(s) 'example_nested_branch_dag' retrieved from /Users/mac/Desktop/Comapny2/CryptoPortfolioAI/.venv/lib/python3.10/site-packages/airflow/example_dags/example_nested_branch_dag.py
[2025-01-15T23:42:25.642+0500] {logging_mixin.py:190} INFO - [2025-01-15T23:42:25.641+0500] {dag.py:3239} INFO - Sync 1 DAGs
[2025-01-15T23:42:25.708+0500] {logging_mixin.py:190} INFO - [2025-01-15T23:42:25.708+0500] {dag.py:4180} INFO - Setting next_dagrun for example_nested_branch_dag to 2025-01-14 00:00:00+00:00, run_after=2025-01-15 00:00:00+00:00
[2025-01-15T23:42:25.741+0500] {processor.py:208} INFO - Processing /Users/mac/Desktop/Comapny2/CryptoPortfolioAI/.venv/lib/python3.10/site-packages/airflow/example_dags/example_nested_branch_dag.py took 0.376 seconds
