[2025-01-15T23:21:57.966+0500] {processor.py:186} INFO - Started process (PID=3678) to work on /Users/mac/Desktop/Comapny2/CryptoPortfolioAI/.venv/lib/python3.10/site-packages/airflow/example_dags/example_params_ui_tutorial.py
[2025-01-15T23:21:57.967+0500] {processor.py:914} INFO - Processing file /Users/mac/Desktop/Comapny2/CryptoPortfolioAI/.venv/lib/python3.10/site-packages/airflow/example_dags/example_params_ui_tutorial.py for tasks to queue
[2025-01-15T23:21:57.969+0500] {logging_mixin.py:190} INFO - [2025-01-15T23:21:57.969+0500] {dagbag.py:588} INFO - Filling up the DagBag from /Users/mac/Desktop/Comapny2/CryptoPortfolioAI/.venv/lib/python3.10/site-packages/airflow/example_dags/example_params_ui_tutorial.py
[2025-01-15T23:21:58.020+0500] {processor.py:925} INFO - DAG(s) 'example_params_ui_tutorial' retrieved from /Users/mac/Desktop/Comapny2/CryptoPortfolioAI/.venv/lib/python3.10/site-packages/airflow/example_dags/example_params_ui_tutorial.py
[2025-01-15T23:21:58.291+0500] {logging_mixin.py:190} INFO - [2025-01-15T23:21:58.290+0500] {override.py:1912} INFO - Created Permission View: can delete on DAG:example_params_ui_tutorial
[2025-01-15T23:21:58.303+0500] {logging_mixin.py:190} INFO - [2025-01-15T23:21:58.302+0500] {override.py:1912} INFO - Created Permission View: can edit on DAG:example_params_ui_tutorial
[2025-01-15T23:21:58.310+0500] {logging_mixin.py:190} INFO - [2025-01-15T23:21:58.310+0500] {override.py:1912} INFO - Created Permission View: can read on DAG:example_params_ui_tutorial
[2025-01-15T23:21:58.320+0500] {logging_mixin.py:190} INFO - [2025-01-15T23:21:58.320+0500] {override.py:1912} INFO - Created Permission View: can delete on DAG Run:example_params_ui_tutorial
[2025-01-15T23:21:58.328+0500] {logging_mixin.py:190} INFO - [2025-01-15T23:21:58.327+0500] {override.py:1912} INFO - Created Permission View: can create on DAG Run:example_params_ui_tutorial
[2025-01-15T23:21:58.335+0500] {logging_mixin.py:190} INFO - [2025-01-15T23:21:58.335+0500] {override.py:1912} INFO - Created Permission View: can read on DAG Run:example_params_ui_tutorial
[2025-01-15T23:21:58.342+0500] {logging_mixin.py:190} INFO - [2025-01-15T23:21:58.342+0500] {override.py:1912} INFO - Created Permission View: menu access on DAG Run:example_params_ui_tutorial
[2025-01-15T23:21:58.343+0500] {logging_mixin.py:190} INFO - [2025-01-15T23:21:58.343+0500] {dag.py:3239} INFO - Sync 1 DAGs
[2025-01-15T23:21:58.356+0500] {logging_mixin.py:190} INFO - [2025-01-15T23:21:58.356+0500] {dag.py:3262} INFO - Creating ORM DAG for example_params_ui_tutorial
[2025-01-15T23:21:58.357+0500] {logging_mixin.py:190} INFO - [2025-01-15T23:21:58.357+0500] {dag.py:4180} INFO - Setting next_dagrun for example_params_ui_tutorial to None, run_after=None
[2025-01-15T23:21:58.378+0500] {processor.py:208} INFO - Processing /Users/mac/Desktop/Comapny2/CryptoPortfolioAI/.venv/lib/python3.10/site-packages/airflow/example_dags/example_params_ui_tutorial.py took 0.417 seconds
[2025-01-15T23:26:15.249+0500] {processor.py:186} INFO - Started process (PID=4808) to work on /Users/mac/Desktop/Comapny2/CryptoPortfolioAI/.venv/lib/python3.10/site-packages/airflow/example_dags/example_params_ui_tutorial.py
[2025-01-15T23:26:15.251+0500] {processor.py:914} INFO - Processing file /Users/mac/Desktop/Comapny2/CryptoPortfolioAI/.venv/lib/python3.10/site-packages/airflow/example_dags/example_params_ui_tutorial.py for tasks to queue
[2025-01-15T23:26:15.253+0500] {logging_mixin.py:190} INFO - [2025-01-15T23:26:15.253+0500] {dagbag.py:588} INFO - Filling up the DagBag from /Users/mac/Desktop/Comapny2/CryptoPortfolioAI/.venv/lib/python3.10/site-packages/airflow/example_dags/example_params_ui_tutorial.py
[2025-01-15T23:26:15.306+0500] {processor.py:925} INFO - DAG(s) 'example_params_ui_tutorial' retrieved from /Users/mac/Desktop/Comapny2/CryptoPortfolioAI/.venv/lib/python3.10/site-packages/airflow/example_dags/example_params_ui_tutorial.py
[2025-01-15T23:26:15.472+0500] {logging_mixin.py:190} INFO - [2025-01-15T23:26:15.472+0500] {dag.py:3239} INFO - Sync 1 DAGs
[2025-01-15T23:26:15.489+0500] {logging_mixin.py:190} INFO - [2025-01-15T23:26:15.489+0500] {dag.py:4180} INFO - Setting next_dagrun for example_params_ui_tutorial to None, run_after=None
[2025-01-15T23:26:15.513+0500] {processor.py:208} INFO - Processing /Users/mac/Desktop/Comapny2/CryptoPortfolioAI/.venv/lib/python3.10/site-packages/airflow/example_dags/example_params_ui_tutorial.py took 0.269 seconds
[2025-01-15T23:30:14.949+0500] {processor.py:186} INFO - Started process (PID=6030) to work on /Users/mac/Desktop/Comapny2/CryptoPortfolioAI/.venv/lib/python3.10/site-packages/airflow/example_dags/example_params_ui_tutorial.py
[2025-01-15T23:30:14.951+0500] {processor.py:914} INFO - Processing file /Users/mac/Desktop/Comapny2/CryptoPortfolioAI/.venv/lib/python3.10/site-packages/airflow/example_dags/example_params_ui_tutorial.py for tasks to queue
[2025-01-15T23:30:14.953+0500] {logging_mixin.py:190} INFO - [2025-01-15T23:30:14.953+0500] {dagbag.py:588} INFO - Filling up the DagBag from /Users/mac/Desktop/Comapny2/CryptoPortfolioAI/.venv/lib/python3.10/site-packages/airflow/example_dags/example_params_ui_tutorial.py
[2025-01-15T23:30:14.997+0500] {processor.py:925} INFO - DAG(s) 'example_params_ui_tutorial' retrieved from /Users/mac/Desktop/Comapny2/CryptoPortfolioAI/.venv/lib/python3.10/site-packages/airflow/example_dags/example_params_ui_tutorial.py
[2025-01-15T23:30:15.143+0500] {logging_mixin.py:190} INFO - [2025-01-15T23:30:15.143+0500] {dag.py:3239} INFO - Sync 1 DAGs
[2025-01-15T23:30:15.155+0500] {logging_mixin.py:190} INFO - [2025-01-15T23:30:15.155+0500] {dag.py:4180} INFO - Setting next_dagrun for example_params_ui_tutorial to None, run_after=None
[2025-01-15T23:30:15.176+0500] {processor.py:208} INFO - Processing /Users/mac/Desktop/Comapny2/CryptoPortfolioAI/.venv/lib/python3.10/site-packages/airflow/example_dags/example_params_ui_tutorial.py took 0.232 seconds
[2025-01-15T23:33:19.191+0500] {processor.py:186} INFO - Started process (PID=6940) to work on /Users/mac/Desktop/Comapny2/CryptoPortfolioAI/.venv/lib/python3.10/site-packages/airflow/example_dags/example_params_ui_tutorial.py
[2025-01-15T23:33:19.192+0500] {processor.py:914} INFO - Processing file /Users/mac/Desktop/Comapny2/CryptoPortfolioAI/.venv/lib/python3.10/site-packages/airflow/example_dags/example_params_ui_tutorial.py for tasks to queue
[2025-01-15T23:33:19.194+0500] {logging_mixin.py:190} INFO - [2025-01-15T23:33:19.194+0500] {dagbag.py:588} INFO - Filling up the DagBag from /Users/mac/Desktop/Comapny2/CryptoPortfolioAI/.venv/lib/python3.10/site-packages/airflow/example_dags/example_params_ui_tutorial.py
[2025-01-15T23:33:19.233+0500] {processor.py:925} INFO - DAG(s) 'example_params_ui_tutorial' retrieved from /Users/mac/Desktop/Comapny2/CryptoPortfolioAI/.venv/lib/python3.10/site-packages/airflow/example_dags/example_params_ui_tutorial.py
[2025-01-15T23:33:19.371+0500] {logging_mixin.py:190} INFO - [2025-01-15T23:33:19.370+0500] {dag.py:3239} INFO - Sync 1 DAGs
[2025-01-15T23:33:19.382+0500] {logging_mixin.py:190} INFO - [2025-01-15T23:33:19.382+0500] {dag.py:4180} INFO - Setting next_dagrun for example_params_ui_tutorial to None, run_after=None
[2025-01-15T23:33:19.403+0500] {processor.py:208} INFO - Processing /Users/mac/Desktop/Comapny2/CryptoPortfolioAI/.venv/lib/python3.10/site-packages/airflow/example_dags/example_params_ui_tutorial.py took 0.217 seconds
[2025-01-15T23:36:09.982+0500] {processor.py:186} INFO - Started process (PID=7698) to work on /Users/mac/Desktop/Comapny2/CryptoPortfolioAI/.venv/lib/python3.10/site-packages/airflow/example_dags/example_params_ui_tutorial.py
[2025-01-15T23:36:09.984+0500] {processor.py:914} INFO - Processing file /Users/mac/Desktop/Comapny2/CryptoPortfolioAI/.venv/lib/python3.10/site-packages/airflow/example_dags/example_params_ui_tutorial.py for tasks to queue
[2025-01-15T23:36:09.986+0500] {logging_mixin.py:190} INFO - [2025-01-15T23:36:09.986+0500] {dagbag.py:588} INFO - Filling up the DagBag from /Users/mac/Desktop/Comapny2/CryptoPortfolioAI/.venv/lib/python3.10/site-packages/airflow/example_dags/example_params_ui_tutorial.py
[2025-01-15T23:36:10.028+0500] {processor.py:925} INFO - DAG(s) 'example_params_ui_tutorial' retrieved from /Users/mac/Desktop/Comapny2/CryptoPortfolioAI/.venv/lib/python3.10/site-packages/airflow/example_dags/example_params_ui_tutorial.py
[2025-01-15T23:36:10.163+0500] {logging_mixin.py:190} INFO - [2025-01-15T23:36:10.163+0500] {dag.py:3239} INFO - Sync 1 DAGs
[2025-01-15T23:36:10.177+0500] {logging_mixin.py:190} INFO - [2025-01-15T23:36:10.176+0500] {dag.py:4180} INFO - Setting next_dagrun for example_params_ui_tutorial to None, run_after=None
[2025-01-15T23:36:10.198+0500] {processor.py:208} INFO - Processing /Users/mac/Desktop/Comapny2/CryptoPortfolioAI/.venv/lib/python3.10/site-packages/airflow/example_dags/example_params_ui_tutorial.py took 0.221 seconds
[2025-01-15T23:38:56.100+0500] {processor.py:186} INFO - Started process (PID=8469) to work on /Users/mac/Desktop/Comapny2/CryptoPortfolioAI/.venv/lib/python3.10/site-packages/airflow/example_dags/example_params_ui_tutorial.py
[2025-01-15T23:38:56.103+0500] {processor.py:914} INFO - Processing file /Users/mac/Desktop/Comapny2/CryptoPortfolioAI/.venv/lib/python3.10/site-packages/airflow/example_dags/example_params_ui_tutorial.py for tasks to queue
[2025-01-15T23:38:56.104+0500] {logging_mixin.py:190} INFO - [2025-01-15T23:38:56.104+0500] {dagbag.py:588} INFO - Filling up the DagBag from /Users/mac/Desktop/Comapny2/CryptoPortfolioAI/.venv/lib/python3.10/site-packages/airflow/example_dags/example_params_ui_tutorial.py
[2025-01-15T23:38:56.156+0500] {processor.py:925} INFO - DAG(s) 'example_params_ui_tutorial' retrieved from /Users/mac/Desktop/Comapny2/CryptoPortfolioAI/.venv/lib/python3.10/site-packages/airflow/example_dags/example_params_ui_tutorial.py
[2025-01-15T23:38:56.335+0500] {logging_mixin.py:190} INFO - [2025-01-15T23:38:56.335+0500] {dag.py:3239} INFO - Sync 1 DAGs
[2025-01-15T23:38:56.347+0500] {logging_mixin.py:190} INFO - [2025-01-15T23:38:56.347+0500] {dag.py:4180} INFO - Setting next_dagrun for example_params_ui_tutorial to None, run_after=None
[2025-01-15T23:38:56.366+0500] {processor.py:208} INFO - Processing /Users/mac/Desktop/Comapny2/CryptoPortfolioAI/.venv/lib/python3.10/site-packages/airflow/example_dags/example_params_ui_tutorial.py took 0.271 seconds
[2025-01-15T23:42:13.469+0500] {processor.py:186} INFO - Started process (PID=9241) to work on /Users/mac/Desktop/Comapny2/CryptoPortfolioAI/.venv/lib/python3.10/site-packages/airflow/example_dags/example_params_ui_tutorial.py
[2025-01-15T23:42:13.472+0500] {processor.py:914} INFO - Processing file /Users/mac/Desktop/Comapny2/CryptoPortfolioAI/.venv/lib/python3.10/site-packages/airflow/example_dags/example_params_ui_tutorial.py for tasks to queue
[2025-01-15T23:42:13.474+0500] {logging_mixin.py:190} INFO - [2025-01-15T23:42:13.473+0500] {dagbag.py:588} INFO - Filling up the DagBag from /Users/mac/Desktop/Comapny2/CryptoPortfolioAI/.venv/lib/python3.10/site-packages/airflow/example_dags/example_params_ui_tutorial.py
[2025-01-15T23:42:13.525+0500] {processor.py:925} INFO - DAG(s) 'example_params_ui_tutorial' retrieved from /Users/mac/Desktop/Comapny2/CryptoPortfolioAI/.venv/lib/python3.10/site-packages/airflow/example_dags/example_params_ui_tutorial.py
[2025-01-15T23:42:13.699+0500] {logging_mixin.py:190} INFO - [2025-01-15T23:42:13.699+0500] {dag.py:3239} INFO - Sync 1 DAGs
[2025-01-15T23:42:13.714+0500] {logging_mixin.py:190} INFO - [2025-01-15T23:42:13.714+0500] {dag.py:4180} INFO - Setting next_dagrun for example_params_ui_tutorial to None, run_after=None
[2025-01-15T23:42:13.734+0500] {processor.py:208} INFO - Processing /Users/mac/Desktop/Comapny2/CryptoPortfolioAI/.venv/lib/python3.10/site-packages/airflow/example_dags/example_params_ui_tutorial.py took 0.270 seconds
