[2025-01-15T23:23:46.002+0500] {processor.py:186} INFO - Started process (PID=4164) to work on /Users/mac/Desktop/Comapny2/CryptoPortfolioAI/.venv/lib/python3.10/site-packages/airflow/example_dags/example_bash_operator.py
[2025-01-15T23:23:46.004+0500] {processor.py:914} INFO - Processing file /Users/mac/Desktop/Comapny2/CryptoPortfolioAI/.venv/lib/python3.10/site-packages/airflow/example_dags/example_bash_operator.py for tasks to queue
[2025-01-15T23:23:46.006+0500] {logging_mixin.py:190} INFO - [2025-01-15T23:23:46.006+0500] {dagbag.py:588} INFO - Filling up the DagBag from /Users/mac/Desktop/Comapny2/CryptoPortfolioAI/.venv/lib/python3.10/site-packages/airflow/example_dags/example_bash_operator.py
[2025-01-15T23:23:46.030+0500] {processor.py:925} INFO - DAG(s) 'example_bash_operator' retrieved from /Users/mac/Desktop/Comapny2/CryptoPortfolioAI/.venv/lib/python3.10/site-packages/airflow/example_dags/example_bash_operator.py
[2025-01-15T23:23:46.388+0500] {logging_mixin.py:190} INFO - [2025-01-15T23:23:46.387+0500] {override.py:1912} INFO - Created Permission View: can delete on DAG:example_bash_operator
[2025-01-15T23:23:46.409+0500] {logging_mixin.py:190} INFO - [2025-01-15T23:23:46.409+0500] {override.py:1912} INFO - Created Permission View: can edit on DAG:example_bash_operator
[2025-01-15T23:23:46.428+0500] {logging_mixin.py:190} INFO - [2025-01-15T23:23:46.426+0500] {override.py:1912} INFO - Created Permission View: can read on DAG:example_bash_operator
[2025-01-15T23:23:46.464+0500] {logging_mixin.py:190} INFO - [2025-01-15T23:23:46.463+0500] {override.py:1912} INFO - Created Permission View: can create on DAG Run:example_bash_operator
[2025-01-15T23:23:46.474+0500] {logging_mixin.py:190} INFO - [2025-01-15T23:23:46.473+0500] {override.py:1912} INFO - Created Permission View: menu access on DAG Run:example_bash_operator
[2025-01-15T23:23:46.487+0500] {logging_mixin.py:190} INFO - [2025-01-15T23:23:46.486+0500] {override.py:1912} INFO - Created Permission View: can delete on DAG Run:example_bash_operator
[2025-01-15T23:23:46.498+0500] {logging_mixin.py:190} INFO - [2025-01-15T23:23:46.498+0500] {override.py:1912} INFO - Created Permission View: can read on DAG Run:example_bash_operator
[2025-01-15T23:23:46.499+0500] {logging_mixin.py:190} INFO - [2025-01-15T23:23:46.498+0500] {dag.py:3239} INFO - Sync 1 DAGs
[2025-01-15T23:23:46.515+0500] {logging_mixin.py:190} INFO - [2025-01-15T23:23:46.515+0500] {dag.py:3262} INFO - Creating ORM DAG for example_bash_operator
[2025-01-15T23:23:46.530+0500] {logging_mixin.py:190} INFO - [2025-01-15T23:23:46.530+0500] {dag.py:4180} INFO - Setting next_dagrun for example_bash_operator to 2025-01-14 00:00:00+00:00, run_after=2025-01-15 00:00:00+00:00
[2025-01-15T23:23:46.561+0500] {processor.py:208} INFO - Processing /Users/mac/Desktop/Comapny2/CryptoPortfolioAI/.venv/lib/python3.10/site-packages/airflow/example_dags/example_bash_operator.py took 0.564 seconds
[2025-01-15T23:31:23.327+0500] {processor.py:186} INFO - Started process (PID=6410) to work on /Users/mac/Desktop/Comapny2/CryptoPortfolioAI/.venv/lib/python3.10/site-packages/airflow/example_dags/example_bash_operator.py
[2025-01-15T23:31:23.334+0500] {processor.py:914} INFO - Processing file /Users/mac/Desktop/Comapny2/CryptoPortfolioAI/.venv/lib/python3.10/site-packages/airflow/example_dags/example_bash_operator.py for tasks to queue
[2025-01-15T23:31:23.337+0500] {logging_mixin.py:190} INFO - [2025-01-15T23:31:23.336+0500] {dagbag.py:588} INFO - Filling up the DagBag from /Users/mac/Desktop/Comapny2/CryptoPortfolioAI/.venv/lib/python3.10/site-packages/airflow/example_dags/example_bash_operator.py
[2025-01-15T23:31:23.365+0500] {processor.py:925} INFO - DAG(s) 'example_bash_operator' retrieved from /Users/mac/Desktop/Comapny2/CryptoPortfolioAI/.venv/lib/python3.10/site-packages/airflow/example_dags/example_bash_operator.py
[2025-01-15T23:31:23.542+0500] {logging_mixin.py:190} INFO - [2025-01-15T23:31:23.542+0500] {dag.py:3239} INFO - Sync 1 DAGs
[2025-01-15T23:31:23.564+0500] {logging_mixin.py:190} INFO - [2025-01-15T23:31:23.564+0500] {dag.py:4180} INFO - Setting next_dagrun for example_bash_operator to 2025-01-14 00:00:00+00:00, run_after=2025-01-15 00:00:00+00:00
[2025-01-15T23:31:23.586+0500] {processor.py:208} INFO - Processing /Users/mac/Desktop/Comapny2/CryptoPortfolioAI/.venv/lib/python3.10/site-packages/airflow/example_dags/example_bash_operator.py took 0.267 seconds
[2025-01-15T23:37:05.201+0500] {processor.py:186} INFO - Started process (PID=7956) to work on /Users/mac/Desktop/Comapny2/CryptoPortfolioAI/.venv/lib/python3.10/site-packages/airflow/example_dags/example_bash_operator.py
[2025-01-15T23:37:05.204+0500] {processor.py:914} INFO - Processing file /Users/mac/Desktop/Comapny2/CryptoPortfolioAI/.venv/lib/python3.10/site-packages/airflow/example_dags/example_bash_operator.py for tasks to queue
[2025-01-15T23:37:05.205+0500] {logging_mixin.py:190} INFO - [2025-01-15T23:37:05.205+0500] {dagbag.py:588} INFO - Filling up the DagBag from /Users/mac/Desktop/Comapny2/CryptoPortfolioAI/.venv/lib/python3.10/site-packages/airflow/example_dags/example_bash_operator.py
[2025-01-15T23:37:05.222+0500] {processor.py:925} INFO - DAG(s) 'example_bash_operator' retrieved from /Users/mac/Desktop/Comapny2/CryptoPortfolioAI/.venv/lib/python3.10/site-packages/airflow/example_dags/example_bash_operator.py
[2025-01-15T23:37:05.340+0500] {logging_mixin.py:190} INFO - [2025-01-15T23:37:05.340+0500] {dag.py:3239} INFO - Sync 1 DAGs
[2025-01-15T23:37:05.358+0500] {logging_mixin.py:190} INFO - [2025-01-15T23:37:05.358+0500] {dag.py:4180} INFO - Setting next_dagrun for example_bash_operator to 2025-01-14 00:00:00+00:00, run_after=2025-01-15 00:00:00+00:00
[2025-01-15T23:37:05.378+0500] {processor.py:208} INFO - Processing /Users/mac/Desktop/Comapny2/CryptoPortfolioAI/.venv/lib/python3.10/site-packages/airflow/example_dags/example_bash_operator.py took 0.182 seconds
[2025-01-15T23:43:15.767+0500] {processor.py:186} INFO - Started process (PID=9523) to work on /Users/mac/Desktop/Comapny2/CryptoPortfolioAI/.venv/lib/python3.10/site-packages/airflow/example_dags/example_bash_operator.py
[2025-01-15T23:43:15.770+0500] {processor.py:914} INFO - Processing file /Users/mac/Desktop/Comapny2/CryptoPortfolioAI/.venv/lib/python3.10/site-packages/airflow/example_dags/example_bash_operator.py for tasks to queue
[2025-01-15T23:43:15.772+0500] {logging_mixin.py:190} INFO - [2025-01-15T23:43:15.772+0500] {dagbag.py:588} INFO - Filling up the DagBag from /Users/mac/Desktop/Comapny2/CryptoPortfolioAI/.venv/lib/python3.10/site-packages/airflow/example_dags/example_bash_operator.py
[2025-01-15T23:43:15.789+0500] {processor.py:925} INFO - DAG(s) 'example_bash_operator' retrieved from /Users/mac/Desktop/Comapny2/CryptoPortfolioAI/.venv/lib/python3.10/site-packages/airflow/example_dags/example_bash_operator.py
[2025-01-15T23:43:15.921+0500] {logging_mixin.py:190} INFO - [2025-01-15T23:43:15.921+0500] {dag.py:3239} INFO - Sync 1 DAGs
[2025-01-15T23:43:15.942+0500] {logging_mixin.py:190} INFO - [2025-01-15T23:43:15.942+0500] {dag.py:4180} INFO - Setting next_dagrun for example_bash_operator to 2025-01-14 00:00:00+00:00, run_after=2025-01-15 00:00:00+00:00
[2025-01-15T23:43:15.961+0500] {processor.py:208} INFO - Processing /Users/mac/Desktop/Comapny2/CryptoPortfolioAI/.venv/lib/python3.10/site-packages/airflow/example_dags/example_bash_operator.py took 0.199 seconds
