[2025-01-15T12:19:47.364+0500] {processor.py:186} INFO - Started process (PID=36291) to work on /Users/mac/Desktop/Comapny2/CryptoPortfolioAI/.venv/lib/python3.10/site-packages/airflow/example_dags/example_workday_timetable.py
[2025-01-15T12:19:47.365+0500] {processor.py:914} INFO - Processing file /Users/mac/Desktop/Comapny2/CryptoPortfolioAI/.venv/lib/python3.10/site-packages/airflow/example_dags/example_workday_timetable.py for tasks to queue
[2025-01-15T12:19:47.366+0500] {logging_mixin.py:190} INFO - [2025-01-15T12:19:47.366+0500] {dagbag.py:588} INFO - Filling up the DagBag from /Users/mac/Desktop/Comapny2/CryptoPortfolioAI/.venv/lib/python3.10/site-packages/airflow/example_dags/example_workday_timetable.py
[2025-01-15T12:19:47.724+0500] {processor.py:925} INFO - DAG(s) 'example_workday_timetable' retrieved from /Users/mac/Desktop/Comapny2/CryptoPortfolioAI/.venv/lib/python3.10/site-packages/airflow/example_dags/example_workday_timetable.py
[2025-01-15T12:19:47.995+0500] {logging_mixin.py:190} INFO - [2025-01-15T12:19:47.994+0500] {override.py:1912} INFO - Created Permission View: can delete on DAG:example_workday_timetable
[2025-01-15T12:19:48.005+0500] {logging_mixin.py:190} INFO - [2025-01-15T12:19:48.005+0500] {override.py:1912} INFO - Created Permission View: can edit on DAG:example_workday_timetable
[2025-01-15T12:19:48.012+0500] {logging_mixin.py:190} INFO - [2025-01-15T12:19:48.012+0500] {override.py:1912} INFO - Created Permission View: can read on DAG:example_workday_timetable
[2025-01-15T12:19:48.022+0500] {logging_mixin.py:190} INFO - [2025-01-15T12:19:48.022+0500] {override.py:1912} INFO - Created Permission View: can delete on DAG Run:example_workday_timetable
[2025-01-15T12:19:48.029+0500] {logging_mixin.py:190} INFO - [2025-01-15T12:19:48.029+0500] {override.py:1912} INFO - Created Permission View: menu access on DAG Run:example_workday_timetable
[2025-01-15T12:19:48.036+0500] {logging_mixin.py:190} INFO - [2025-01-15T12:19:48.035+0500] {override.py:1912} INFO - Created Permission View: can read on DAG Run:example_workday_timetable
[2025-01-15T12:19:48.044+0500] {logging_mixin.py:190} INFO - [2025-01-15T12:19:48.043+0500] {override.py:1912} INFO - Created Permission View: can create on DAG Run:example_workday_timetable
[2025-01-15T12:19:48.044+0500] {logging_mixin.py:190} INFO - [2025-01-15T12:19:48.044+0500] {dag.py:3239} INFO - Sync 1 DAGs
[2025-01-15T12:19:48.057+0500] {logging_mixin.py:190} INFO - [2025-01-15T12:19:48.056+0500] {dag.py:3262} INFO - Creating ORM DAG for example_workday_timetable
[2025-01-15T12:19:48.098+0500] {logging_mixin.py:190} INFO - [2025-01-15T12:19:48.098+0500] {dag.py:4180} INFO - Setting next_dagrun for example_workday_timetable to 2021-01-04 00:00:00+00:00, run_after=2021-01-05 00:00:00+00:00
[2025-01-15T12:19:48.117+0500] {processor.py:208} INFO - Processing /Users/mac/Desktop/Comapny2/CryptoPortfolioAI/.venv/lib/python3.10/site-packages/airflow/example_dags/example_workday_timetable.py took 0.760 seconds
[2025-01-15T23:20:40.311+0500] {processor.py:186} INFO - Started process (PID=3326) to work on /Users/mac/Desktop/Comapny2/CryptoPortfolioAI/.venv/lib/python3.10/site-packages/airflow/example_dags/example_workday_timetable.py
[2025-01-15T23:20:40.313+0500] {processor.py:914} INFO - Processing file /Users/mac/Desktop/Comapny2/CryptoPortfolioAI/.venv/lib/python3.10/site-packages/airflow/example_dags/example_workday_timetable.py for tasks to queue
[2025-01-15T23:20:40.316+0500] {logging_mixin.py:190} INFO - [2025-01-15T23:20:40.315+0500] {dagbag.py:588} INFO - Filling up the DagBag from /Users/mac/Desktop/Comapny2/CryptoPortfolioAI/.venv/lib/python3.10/site-packages/airflow/example_dags/example_workday_timetable.py
[2025-01-15T23:20:40.785+0500] {processor.py:925} INFO - DAG(s) 'example_workday_timetable' retrieved from /Users/mac/Desktop/Comapny2/CryptoPortfolioAI/.venv/lib/python3.10/site-packages/airflow/example_dags/example_workday_timetable.py
[2025-01-15T23:20:40.905+0500] {logging_mixin.py:190} INFO - [2025-01-15T23:20:40.905+0500] {dag.py:3239} INFO - Sync 1 DAGs
[2025-01-15T23:20:40.982+0500] {logging_mixin.py:190} INFO - [2025-01-15T23:20:40.982+0500] {dag.py:4180} INFO - Setting next_dagrun for example_workday_timetable to 2021-01-04 00:00:00+00:00, run_after=2021-01-05 00:00:00+00:00
[2025-01-15T23:20:41.004+0500] {processor.py:208} INFO - Processing /Users/mac/Desktop/Comapny2/CryptoPortfolioAI/.venv/lib/python3.10/site-packages/airflow/example_dags/example_workday_timetable.py took 0.699 seconds
[2025-01-15T23:24:53.756+0500] {processor.py:186} INFO - Started process (PID=4463) to work on /Users/mac/Desktop/Comapny2/CryptoPortfolioAI/.venv/lib/python3.10/site-packages/airflow/example_dags/example_workday_timetable.py
[2025-01-15T23:24:53.759+0500] {processor.py:914} INFO - Processing file /Users/mac/Desktop/Comapny2/CryptoPortfolioAI/.venv/lib/python3.10/site-packages/airflow/example_dags/example_workday_timetable.py for tasks to queue
[2025-01-15T23:24:53.761+0500] {logging_mixin.py:190} INFO - [2025-01-15T23:24:53.761+0500] {dagbag.py:588} INFO - Filling up the DagBag from /Users/mac/Desktop/Comapny2/CryptoPortfolioAI/.venv/lib/python3.10/site-packages/airflow/example_dags/example_workday_timetable.py
[2025-01-15T23:24:54.508+0500] {processor.py:925} INFO - DAG(s) 'example_workday_timetable' retrieved from /Users/mac/Desktop/Comapny2/CryptoPortfolioAI/.venv/lib/python3.10/site-packages/airflow/example_dags/example_workday_timetable.py
[2025-01-15T23:24:54.662+0500] {logging_mixin.py:190} INFO - [2025-01-15T23:24:54.661+0500] {dag.py:3239} INFO - Sync 1 DAGs
[2025-01-15T23:24:54.722+0500] {logging_mixin.py:190} INFO - [2025-01-15T23:24:54.722+0500] {dag.py:4180} INFO - Setting next_dagrun for example_workday_timetable to 2021-01-04 00:00:00+00:00, run_after=2021-01-05 00:00:00+00:00
[2025-01-15T23:24:54.745+0500] {processor.py:208} INFO - Processing /Users/mac/Desktop/Comapny2/CryptoPortfolioAI/.venv/lib/python3.10/site-packages/airflow/example_dags/example_workday_timetable.py took 0.994 seconds
[2025-01-15T23:28:57.240+0500] {processor.py:186} INFO - Started process (PID=5649) to work on /Users/mac/Desktop/Comapny2/CryptoPortfolioAI/.venv/lib/python3.10/site-packages/airflow/example_dags/example_workday_timetable.py
[2025-01-15T23:28:57.243+0500] {processor.py:914} INFO - Processing file /Users/mac/Desktop/Comapny2/CryptoPortfolioAI/.venv/lib/python3.10/site-packages/airflow/example_dags/example_workday_timetable.py for tasks to queue
[2025-01-15T23:28:57.245+0500] {logging_mixin.py:190} INFO - [2025-01-15T23:28:57.245+0500] {dagbag.py:588} INFO - Filling up the DagBag from /Users/mac/Desktop/Comapny2/CryptoPortfolioAI/.venv/lib/python3.10/site-packages/airflow/example_dags/example_workday_timetable.py
[2025-01-15T23:28:57.933+0500] {processor.py:925} INFO - DAG(s) 'example_workday_timetable' retrieved from /Users/mac/Desktop/Comapny2/CryptoPortfolioAI/.venv/lib/python3.10/site-packages/airflow/example_dags/example_workday_timetable.py
[2025-01-15T23:28:58.067+0500] {logging_mixin.py:190} INFO - [2025-01-15T23:28:58.066+0500] {dag.py:3239} INFO - Sync 1 DAGs
[2025-01-15T23:28:58.120+0500] {logging_mixin.py:190} INFO - [2025-01-15T23:28:58.120+0500] {dag.py:4180} INFO - Setting next_dagrun for example_workday_timetable to 2021-01-04 00:00:00+00:00, run_after=2021-01-05 00:00:00+00:00
[2025-01-15T23:28:58.141+0500] {processor.py:208} INFO - Processing /Users/mac/Desktop/Comapny2/CryptoPortfolioAI/.venv/lib/python3.10/site-packages/airflow/example_dags/example_workday_timetable.py took 0.906 seconds
[2025-01-15T23:32:16.818+0500] {processor.py:186} INFO - Started process (PID=6674) to work on /Users/mac/Desktop/Comapny2/CryptoPortfolioAI/.venv/lib/python3.10/site-packages/airflow/example_dags/example_workday_timetable.py
[2025-01-15T23:32:16.821+0500] {processor.py:914} INFO - Processing file /Users/mac/Desktop/Comapny2/CryptoPortfolioAI/.venv/lib/python3.10/site-packages/airflow/example_dags/example_workday_timetable.py for tasks to queue
[2025-01-15T23:32:16.822+0500] {logging_mixin.py:190} INFO - [2025-01-15T23:32:16.822+0500] {dagbag.py:588} INFO - Filling up the DagBag from /Users/mac/Desktop/Comapny2/CryptoPortfolioAI/.venv/lib/python3.10/site-packages/airflow/example_dags/example_workday_timetable.py
[2025-01-15T23:32:17.236+0500] {processor.py:925} INFO - DAG(s) 'example_workday_timetable' retrieved from /Users/mac/Desktop/Comapny2/CryptoPortfolioAI/.venv/lib/python3.10/site-packages/airflow/example_dags/example_workday_timetable.py
[2025-01-15T23:32:17.359+0500] {logging_mixin.py:190} INFO - [2025-01-15T23:32:17.359+0500] {dag.py:3239} INFO - Sync 1 DAGs
[2025-01-15T23:32:17.408+0500] {logging_mixin.py:190} INFO - [2025-01-15T23:32:17.407+0500] {dag.py:4180} INFO - Setting next_dagrun for example_workday_timetable to 2021-01-04 00:00:00+00:00, run_after=2021-01-05 00:00:00+00:00
[2025-01-15T23:32:17.428+0500] {processor.py:208} INFO - Processing /Users/mac/Desktop/Comapny2/CryptoPortfolioAI/.venv/lib/python3.10/site-packages/airflow/example_dags/example_workday_timetable.py took 0.614 seconds
[2025-01-15T23:35:08.206+0500] {processor.py:186} INFO - Started process (PID=7432) to work on /Users/mac/Desktop/Comapny2/CryptoPortfolioAI/.venv/lib/python3.10/site-packages/airflow/example_dags/example_workday_timetable.py
[2025-01-15T23:35:08.209+0500] {processor.py:914} INFO - Processing file /Users/mac/Desktop/Comapny2/CryptoPortfolioAI/.venv/lib/python3.10/site-packages/airflow/example_dags/example_workday_timetable.py for tasks to queue
[2025-01-15T23:35:08.211+0500] {logging_mixin.py:190} INFO - [2025-01-15T23:35:08.210+0500] {dagbag.py:588} INFO - Filling up the DagBag from /Users/mac/Desktop/Comapny2/CryptoPortfolioAI/.venv/lib/python3.10/site-packages/airflow/example_dags/example_workday_timetable.py
[2025-01-15T23:35:08.945+0500] {processor.py:925} INFO - DAG(s) 'example_workday_timetable' retrieved from /Users/mac/Desktop/Comapny2/CryptoPortfolioAI/.venv/lib/python3.10/site-packages/airflow/example_dags/example_workday_timetable.py
[2025-01-15T23:35:09.063+0500] {logging_mixin.py:190} INFO - [2025-01-15T23:35:09.063+0500] {dag.py:3239} INFO - Sync 1 DAGs
[2025-01-15T23:35:09.113+0500] {logging_mixin.py:190} INFO - [2025-01-15T23:35:09.113+0500] {dag.py:4180} INFO - Setting next_dagrun for example_workday_timetable to 2021-01-04 00:00:00+00:00, run_after=2021-01-05 00:00:00+00:00
[2025-01-15T23:35:09.132+0500] {processor.py:208} INFO - Processing /Users/mac/Desktop/Comapny2/CryptoPortfolioAI/.venv/lib/python3.10/site-packages/airflow/example_dags/example_workday_timetable.py took 0.930 seconds
[2025-01-15T23:37:54.274+0500] {processor.py:186} INFO - Started process (PID=8202) to work on /Users/mac/Desktop/Comapny2/CryptoPortfolioAI/.venv/lib/python3.10/site-packages/airflow/example_dags/example_workday_timetable.py
[2025-01-15T23:37:54.277+0500] {processor.py:914} INFO - Processing file /Users/mac/Desktop/Comapny2/CryptoPortfolioAI/.venv/lib/python3.10/site-packages/airflow/example_dags/example_workday_timetable.py for tasks to queue
[2025-01-15T23:37:54.279+0500] {logging_mixin.py:190} INFO - [2025-01-15T23:37:54.278+0500] {dagbag.py:588} INFO - Filling up the DagBag from /Users/mac/Desktop/Comapny2/CryptoPortfolioAI/.venv/lib/python3.10/site-packages/airflow/example_dags/example_workday_timetable.py
[2025-01-15T23:37:54.693+0500] {processor.py:925} INFO - DAG(s) 'example_workday_timetable' retrieved from /Users/mac/Desktop/Comapny2/CryptoPortfolioAI/.venv/lib/python3.10/site-packages/airflow/example_dags/example_workday_timetable.py
[2025-01-15T23:37:54.815+0500] {logging_mixin.py:190} INFO - [2025-01-15T23:37:54.815+0500] {dag.py:3239} INFO - Sync 1 DAGs
[2025-01-15T23:37:54.865+0500] {logging_mixin.py:190} INFO - [2025-01-15T23:37:54.864+0500] {dag.py:4180} INFO - Setting next_dagrun for example_workday_timetable to 2021-01-04 00:00:00+00:00, run_after=2021-01-05 00:00:00+00:00
[2025-01-15T23:37:54.884+0500] {processor.py:208} INFO - Processing /Users/mac/Desktop/Comapny2/CryptoPortfolioAI/.venv/lib/python3.10/site-packages/airflow/example_dags/example_workday_timetable.py took 0.614 seconds
[2025-01-15T23:40:58.967+0500] {processor.py:186} INFO - Started process (PID=8976) to work on /Users/mac/Desktop/Comapny2/CryptoPortfolioAI/.venv/lib/python3.10/site-packages/airflow/example_dags/example_workday_timetable.py
[2025-01-15T23:40:58.970+0500] {processor.py:914} INFO - Processing file /Users/mac/Desktop/Comapny2/CryptoPortfolioAI/.venv/lib/python3.10/site-packages/airflow/example_dags/example_workday_timetable.py for tasks to queue
[2025-01-15T23:40:58.972+0500] {logging_mixin.py:190} INFO - [2025-01-15T23:40:58.972+0500] {dagbag.py:588} INFO - Filling up the DagBag from /Users/mac/Desktop/Comapny2/CryptoPortfolioAI/.venv/lib/python3.10/site-packages/airflow/example_dags/example_workday_timetable.py
[2025-01-15T23:40:59.808+0500] {processor.py:925} INFO - DAG(s) 'example_workday_timetable' retrieved from /Users/mac/Desktop/Comapny2/CryptoPortfolioAI/.venv/lib/python3.10/site-packages/airflow/example_dags/example_workday_timetable.py
[2025-01-15T23:40:59.965+0500] {logging_mixin.py:190} INFO - [2025-01-15T23:40:59.965+0500] {dag.py:3239} INFO - Sync 1 DAGs
[2025-01-15T23:41:00.028+0500] {logging_mixin.py:190} INFO - [2025-01-15T23:41:00.027+0500] {dag.py:4180} INFO - Setting next_dagrun for example_workday_timetable to 2021-01-04 00:00:00+00:00, run_after=2021-01-05 00:00:00+00:00
[2025-01-15T23:41:00.052+0500] {processor.py:208} INFO - Processing /Users/mac/Desktop/Comapny2/CryptoPortfolioAI/.venv/lib/python3.10/site-packages/airflow/example_dags/example_workday_timetable.py took 1.089 seconds
[2025-01-15T23:44:14.495+0500] {processor.py:186} INFO - Started process (PID=9781) to work on /Users/mac/Desktop/Comapny2/CryptoPortfolioAI/.venv/lib/python3.10/site-packages/airflow/example_dags/example_workday_timetable.py
[2025-01-15T23:44:14.498+0500] {processor.py:914} INFO - Processing file /Users/mac/Desktop/Comapny2/CryptoPortfolioAI/.venv/lib/python3.10/site-packages/airflow/example_dags/example_workday_timetable.py for tasks to queue
[2025-01-15T23:44:14.500+0500] {logging_mixin.py:190} INFO - [2025-01-15T23:44:14.499+0500] {dagbag.py:588} INFO - Filling up the DagBag from /Users/mac/Desktop/Comapny2/CryptoPortfolioAI/.venv/lib/python3.10/site-packages/airflow/example_dags/example_workday_timetable.py
[2025-01-15T23:44:15.364+0500] {processor.py:925} INFO - DAG(s) 'example_workday_timetable' retrieved from /Users/mac/Desktop/Comapny2/CryptoPortfolioAI/.venv/lib/python3.10/site-packages/airflow/example_dags/example_workday_timetable.py
[2025-01-15T23:44:15.522+0500] {logging_mixin.py:190} INFO - [2025-01-15T23:44:15.522+0500] {dag.py:3239} INFO - Sync 1 DAGs
[2025-01-15T23:44:15.638+0500] {logging_mixin.py:190} INFO - [2025-01-15T23:44:15.637+0500] {dag.py:4180} INFO - Setting next_dagrun for example_workday_timetable to 2021-01-04 00:00:00+00:00, run_after=2021-01-05 00:00:00+00:00
[2025-01-15T23:44:15.667+0500] {processor.py:208} INFO - Processing /Users/mac/Desktop/Comapny2/CryptoPortfolioAI/.venv/lib/python3.10/site-packages/airflow/example_dags/example_workday_timetable.py took 1.176 seconds
