[2025-01-15T12:19:53.986+0500] {processor.py:186} INFO - Started process (PID=36317) to work on /Users/mac/Desktop/Comapny2/CryptoPortfolioAI/.venv/lib/python3.10/site-packages/airflow/example_dags/example_trigger_controller_dag.py
[2025-01-15T12:19:53.987+0500] {processor.py:914} INFO - Processing file /Users/mac/Desktop/Comapny2/CryptoPortfolioAI/.venv/lib/python3.10/site-packages/airflow/example_dags/example_trigger_controller_dag.py for tasks to queue
[2025-01-15T12:19:53.989+0500] {logging_mixin.py:190} INFO - [2025-01-15T12:19:53.989+0500] {dagbag.py:588} INFO - Filling up the DagBag from /Users/mac/Desktop/Comapny2/CryptoPortfolioAI/.venv/lib/python3.10/site-packages/airflow/example_dags/example_trigger_controller_dag.py
[2025-01-15T12:19:53.999+0500] {processor.py:925} INFO - DAG(s) 'example_trigger_controller_dag' retrieved from /Users/mac/Desktop/Comapny2/CryptoPortfolioAI/.venv/lib/python3.10/site-packages/airflow/example_dags/example_trigger_controller_dag.py
[2025-01-15T12:19:54.188+0500] {logging_mixin.py:190} INFO - [2025-01-15T12:19:54.188+0500] {override.py:1912} INFO - Created Permission View: can read on DAG:example_trigger_controller_dag
[2025-01-15T12:19:54.198+0500] {logging_mixin.py:190} INFO - [2025-01-15T12:19:54.198+0500] {override.py:1912} INFO - Created Permission View: can delete on DAG:example_trigger_controller_dag
[2025-01-15T12:19:54.207+0500] {logging_mixin.py:190} INFO - [2025-01-15T12:19:54.206+0500] {override.py:1912} INFO - Created Permission View: can edit on DAG:example_trigger_controller_dag
[2025-01-15T12:19:54.217+0500] {logging_mixin.py:190} INFO - [2025-01-15T12:19:54.216+0500] {override.py:1912} INFO - Created Permission View: can read on DAG Run:example_trigger_controller_dag
[2025-01-15T12:19:54.225+0500] {logging_mixin.py:190} INFO - [2025-01-15T12:19:54.224+0500] {override.py:1912} INFO - Created Permission View: can create on DAG Run:example_trigger_controller_dag
[2025-01-15T12:19:54.233+0500] {logging_mixin.py:190} INFO - [2025-01-15T12:19:54.233+0500] {override.py:1912} INFO - Created Permission View: can delete on DAG Run:example_trigger_controller_dag
[2025-01-15T12:19:54.242+0500] {logging_mixin.py:190} INFO - [2025-01-15T12:19:54.241+0500] {override.py:1912} INFO - Created Permission View: menu access on DAG Run:example_trigger_controller_dag
[2025-01-15T12:19:54.242+0500] {logging_mixin.py:190} INFO - [2025-01-15T12:19:54.242+0500] {dag.py:3239} INFO - Sync 1 DAGs
[2025-01-15T12:19:54.258+0500] {logging_mixin.py:190} INFO - [2025-01-15T12:19:54.257+0500] {dag.py:3262} INFO - Creating ORM DAG for example_trigger_controller_dag
[2025-01-15T12:19:54.267+0500] {logging_mixin.py:190} INFO - [2025-01-15T12:19:54.267+0500] {dag.py:4180} INFO - Setting next_dagrun for example_trigger_controller_dag to 2021-01-01 00:00:00+00:00, run_after=2021-01-01 00:00:00+00:00
[2025-01-15T12:19:54.292+0500] {processor.py:208} INFO - Processing /Users/mac/Desktop/Comapny2/CryptoPortfolioAI/.venv/lib/python3.10/site-packages/airflow/example_dags/example_trigger_controller_dag.py took 0.312 seconds
[2025-01-15T23:20:49.914+0500] {processor.py:186} INFO - Started process (PID=3370) to work on /Users/mac/Desktop/Comapny2/CryptoPortfolioAI/.venv/lib/python3.10/site-packages/airflow/example_dags/example_trigger_controller_dag.py
[2025-01-15T23:20:49.916+0500] {processor.py:914} INFO - Processing file /Users/mac/Desktop/Comapny2/CryptoPortfolioAI/.venv/lib/python3.10/site-packages/airflow/example_dags/example_trigger_controller_dag.py for tasks to queue
[2025-01-15T23:20:49.918+0500] {logging_mixin.py:190} INFO - [2025-01-15T23:20:49.918+0500] {dagbag.py:588} INFO - Filling up the DagBag from /Users/mac/Desktop/Comapny2/CryptoPortfolioAI/.venv/lib/python3.10/site-packages/airflow/example_dags/example_trigger_controller_dag.py
[2025-01-15T23:20:49.932+0500] {processor.py:925} INFO - DAG(s) 'example_trigger_controller_dag' retrieved from /Users/mac/Desktop/Comapny2/CryptoPortfolioAI/.venv/lib/python3.10/site-packages/airflow/example_dags/example_trigger_controller_dag.py
[2025-01-15T23:20:50.038+0500] {logging_mixin.py:190} INFO - [2025-01-15T23:20:50.037+0500] {dag.py:3239} INFO - Sync 1 DAGs
[2025-01-15T23:20:50.057+0500] {logging_mixin.py:190} INFO - [2025-01-15T23:20:50.056+0500] {dag.py:4180} INFO - Setting next_dagrun for example_trigger_controller_dag to 2021-01-01 00:00:00+00:00, run_after=2021-01-01 00:00:00+00:00
[2025-01-15T23:20:50.076+0500] {processor.py:208} INFO - Processing /Users/mac/Desktop/Comapny2/CryptoPortfolioAI/.venv/lib/python3.10/site-packages/airflow/example_dags/example_trigger_controller_dag.py took 0.167 seconds
[2025-01-15T23:25:03.069+0500] {processor.py:186} INFO - Started process (PID=4495) to work on /Users/mac/Desktop/Comapny2/CryptoPortfolioAI/.venv/lib/python3.10/site-packages/airflow/example_dags/example_trigger_controller_dag.py
[2025-01-15T23:25:03.072+0500] {processor.py:914} INFO - Processing file /Users/mac/Desktop/Comapny2/CryptoPortfolioAI/.venv/lib/python3.10/site-packages/airflow/example_dags/example_trigger_controller_dag.py for tasks to queue
[2025-01-15T23:25:03.074+0500] {logging_mixin.py:190} INFO - [2025-01-15T23:25:03.073+0500] {dagbag.py:588} INFO - Filling up the DagBag from /Users/mac/Desktop/Comapny2/CryptoPortfolioAI/.venv/lib/python3.10/site-packages/airflow/example_dags/example_trigger_controller_dag.py
[2025-01-15T23:25:03.093+0500] {processor.py:925} INFO - DAG(s) 'example_trigger_controller_dag' retrieved from /Users/mac/Desktop/Comapny2/CryptoPortfolioAI/.venv/lib/python3.10/site-packages/airflow/example_dags/example_trigger_controller_dag.py
[2025-01-15T23:25:03.245+0500] {logging_mixin.py:190} INFO - [2025-01-15T23:25:03.245+0500] {dag.py:3239} INFO - Sync 1 DAGs
[2025-01-15T23:25:03.263+0500] {logging_mixin.py:190} INFO - [2025-01-15T23:25:03.262+0500] {dag.py:4180} INFO - Setting next_dagrun for example_trigger_controller_dag to 2021-01-01 00:00:00+00:00, run_after=2021-01-01 00:00:00+00:00
[2025-01-15T23:25:03.290+0500] {processor.py:208} INFO - Processing /Users/mac/Desktop/Comapny2/CryptoPortfolioAI/.venv/lib/python3.10/site-packages/airflow/example_dags/example_trigger_controller_dag.py took 0.226 seconds
[2025-01-15T23:29:08.797+0500] {processor.py:186} INFO - Started process (PID=5709) to work on /Users/mac/Desktop/Comapny2/CryptoPortfolioAI/.venv/lib/python3.10/site-packages/airflow/example_dags/example_trigger_controller_dag.py
[2025-01-15T23:29:08.799+0500] {processor.py:914} INFO - Processing file /Users/mac/Desktop/Comapny2/CryptoPortfolioAI/.venv/lib/python3.10/site-packages/airflow/example_dags/example_trigger_controller_dag.py for tasks to queue
[2025-01-15T23:29:08.801+0500] {logging_mixin.py:190} INFO - [2025-01-15T23:29:08.801+0500] {dagbag.py:588} INFO - Filling up the DagBag from /Users/mac/Desktop/Comapny2/CryptoPortfolioAI/.venv/lib/python3.10/site-packages/airflow/example_dags/example_trigger_controller_dag.py
[2025-01-15T23:29:08.817+0500] {processor.py:925} INFO - DAG(s) 'example_trigger_controller_dag' retrieved from /Users/mac/Desktop/Comapny2/CryptoPortfolioAI/.venv/lib/python3.10/site-packages/airflow/example_dags/example_trigger_controller_dag.py
[2025-01-15T23:29:08.930+0500] {logging_mixin.py:190} INFO - [2025-01-15T23:29:08.930+0500] {dag.py:3239} INFO - Sync 1 DAGs
[2025-01-15T23:29:08.950+0500] {logging_mixin.py:190} INFO - [2025-01-15T23:29:08.950+0500] {dag.py:4180} INFO - Setting next_dagrun for example_trigger_controller_dag to 2021-01-01 00:00:00+00:00, run_after=2021-01-01 00:00:00+00:00
[2025-01-15T23:29:08.971+0500] {processor.py:208} INFO - Processing /Users/mac/Desktop/Comapny2/CryptoPortfolioAI/.venv/lib/python3.10/site-packages/airflow/example_dags/example_trigger_controller_dag.py took 0.179 seconds
[2025-01-15T23:32:23.971+0500] {processor.py:186} INFO - Started process (PID=6700) to work on /Users/mac/Desktop/Comapny2/CryptoPortfolioAI/.venv/lib/python3.10/site-packages/airflow/example_dags/example_trigger_controller_dag.py
[2025-01-15T23:32:23.974+0500] {processor.py:914} INFO - Processing file /Users/mac/Desktop/Comapny2/CryptoPortfolioAI/.venv/lib/python3.10/site-packages/airflow/example_dags/example_trigger_controller_dag.py for tasks to queue
[2025-01-15T23:32:23.976+0500] {logging_mixin.py:190} INFO - [2025-01-15T23:32:23.975+0500] {dagbag.py:588} INFO - Filling up the DagBag from /Users/mac/Desktop/Comapny2/CryptoPortfolioAI/.venv/lib/python3.10/site-packages/airflow/example_dags/example_trigger_controller_dag.py
[2025-01-15T23:32:23.990+0500] {processor.py:925} INFO - DAG(s) 'example_trigger_controller_dag' retrieved from /Users/mac/Desktop/Comapny2/CryptoPortfolioAI/.venv/lib/python3.10/site-packages/airflow/example_dags/example_trigger_controller_dag.py
[2025-01-15T23:32:24.099+0500] {logging_mixin.py:190} INFO - [2025-01-15T23:32:24.098+0500] {dag.py:3239} INFO - Sync 1 DAGs
[2025-01-15T23:32:24.116+0500] {logging_mixin.py:190} INFO - [2025-01-15T23:32:24.115+0500] {dag.py:4180} INFO - Setting next_dagrun for example_trigger_controller_dag to 2021-01-01 00:00:00+00:00, run_after=2021-01-01 00:00:00+00:00
[2025-01-15T23:32:24.135+0500] {processor.py:208} INFO - Processing /Users/mac/Desktop/Comapny2/CryptoPortfolioAI/.venv/lib/python3.10/site-packages/airflow/example_dags/example_trigger_controller_dag.py took 0.168 seconds
[2025-01-15T23:35:14.743+0500] {processor.py:186} INFO - Started process (PID=7459) to work on /Users/mac/Desktop/Comapny2/CryptoPortfolioAI/.venv/lib/python3.10/site-packages/airflow/example_dags/example_trigger_controller_dag.py
[2025-01-15T23:35:14.746+0500] {processor.py:914} INFO - Processing file /Users/mac/Desktop/Comapny2/CryptoPortfolioAI/.venv/lib/python3.10/site-packages/airflow/example_dags/example_trigger_controller_dag.py for tasks to queue
[2025-01-15T23:35:14.747+0500] {logging_mixin.py:190} INFO - [2025-01-15T23:35:14.747+0500] {dagbag.py:588} INFO - Filling up the DagBag from /Users/mac/Desktop/Comapny2/CryptoPortfolioAI/.venv/lib/python3.10/site-packages/airflow/example_dags/example_trigger_controller_dag.py
[2025-01-15T23:35:14.762+0500] {processor.py:925} INFO - DAG(s) 'example_trigger_controller_dag' retrieved from /Users/mac/Desktop/Comapny2/CryptoPortfolioAI/.venv/lib/python3.10/site-packages/airflow/example_dags/example_trigger_controller_dag.py
[2025-01-15T23:35:14.866+0500] {logging_mixin.py:190} INFO - [2025-01-15T23:35:14.866+0500] {dag.py:3239} INFO - Sync 1 DAGs
[2025-01-15T23:35:14.883+0500] {logging_mixin.py:190} INFO - [2025-01-15T23:35:14.883+0500] {dag.py:4180} INFO - Setting next_dagrun for example_trigger_controller_dag to 2021-01-01 00:00:00+00:00, run_after=2021-01-01 00:00:00+00:00
[2025-01-15T23:35:14.902+0500] {processor.py:208} INFO - Processing /Users/mac/Desktop/Comapny2/CryptoPortfolioAI/.venv/lib/python3.10/site-packages/airflow/example_dags/example_trigger_controller_dag.py took 0.163 seconds
[2025-01-15T23:38:01.437+0500] {processor.py:186} INFO - Started process (PID=8234) to work on /Users/mac/Desktop/Comapny2/CryptoPortfolioAI/.venv/lib/python3.10/site-packages/airflow/example_dags/example_trigger_controller_dag.py
[2025-01-15T23:38:01.440+0500] {processor.py:914} INFO - Processing file /Users/mac/Desktop/Comapny2/CryptoPortfolioAI/.venv/lib/python3.10/site-packages/airflow/example_dags/example_trigger_controller_dag.py for tasks to queue
[2025-01-15T23:38:01.442+0500] {logging_mixin.py:190} INFO - [2025-01-15T23:38:01.441+0500] {dagbag.py:588} INFO - Filling up the DagBag from /Users/mac/Desktop/Comapny2/CryptoPortfolioAI/.venv/lib/python3.10/site-packages/airflow/example_dags/example_trigger_controller_dag.py
[2025-01-15T23:38:01.457+0500] {processor.py:925} INFO - DAG(s) 'example_trigger_controller_dag' retrieved from /Users/mac/Desktop/Comapny2/CryptoPortfolioAI/.venv/lib/python3.10/site-packages/airflow/example_dags/example_trigger_controller_dag.py
[2025-01-15T23:38:01.565+0500] {logging_mixin.py:190} INFO - [2025-01-15T23:38:01.564+0500] {dag.py:3239} INFO - Sync 1 DAGs
[2025-01-15T23:38:01.581+0500] {logging_mixin.py:190} INFO - [2025-01-15T23:38:01.581+0500] {dag.py:4180} INFO - Setting next_dagrun for example_trigger_controller_dag to 2021-01-01 00:00:00+00:00, run_after=2021-01-01 00:00:00+00:00
[2025-01-15T23:38:01.601+0500] {processor.py:208} INFO - Processing /Users/mac/Desktop/Comapny2/CryptoPortfolioAI/.venv/lib/python3.10/site-packages/airflow/example_dags/example_trigger_controller_dag.py took 0.168 seconds
[2025-01-15T23:41:08.020+0500] {processor.py:186} INFO - Started process (PID=9004) to work on /Users/mac/Desktop/Comapny2/CryptoPortfolioAI/.venv/lib/python3.10/site-packages/airflow/example_dags/example_trigger_controller_dag.py
[2025-01-15T23:41:08.022+0500] {processor.py:914} INFO - Processing file /Users/mac/Desktop/Comapny2/CryptoPortfolioAI/.venv/lib/python3.10/site-packages/airflow/example_dags/example_trigger_controller_dag.py for tasks to queue
[2025-01-15T23:41:08.025+0500] {logging_mixin.py:190} INFO - [2025-01-15T23:41:08.024+0500] {dagbag.py:588} INFO - Filling up the DagBag from /Users/mac/Desktop/Comapny2/CryptoPortfolioAI/.venv/lib/python3.10/site-packages/airflow/example_dags/example_trigger_controller_dag.py
[2025-01-15T23:41:08.053+0500] {processor.py:925} INFO - DAG(s) 'example_trigger_controller_dag' retrieved from /Users/mac/Desktop/Comapny2/CryptoPortfolioAI/.venv/lib/python3.10/site-packages/airflow/example_dags/example_trigger_controller_dag.py
[2025-01-15T23:41:08.213+0500] {logging_mixin.py:190} INFO - [2025-01-15T23:41:08.212+0500] {dag.py:3239} INFO - Sync 1 DAGs
[2025-01-15T23:41:08.235+0500] {logging_mixin.py:190} INFO - [2025-01-15T23:41:08.235+0500] {dag.py:4180} INFO - Setting next_dagrun for example_trigger_controller_dag to 2021-01-01 00:00:00+00:00, run_after=2021-01-01 00:00:00+00:00
[2025-01-15T23:41:08.262+0500] {processor.py:208} INFO - Processing /Users/mac/Desktop/Comapny2/CryptoPortfolioAI/.venv/lib/python3.10/site-packages/airflow/example_dags/example_trigger_controller_dag.py took 0.249 seconds
