[2025-01-15T12:20:18.146+0500] {processor.py:186} INFO - Started process (PID=36415) to work on /Users/mac/Desktop/Comapny2/CryptoPortfolioAI/.venv/lib/python3.10/site-packages/airflow/example_dags/example_short_circuit_operator.py
[2025-01-15T12:20:18.148+0500] {processor.py:914} INFO - Processing file /Users/mac/Desktop/Comapny2/CryptoPortfolioAI/.venv/lib/python3.10/site-packages/airflow/example_dags/example_short_circuit_operator.py for tasks to queue
[2025-01-15T12:20:18.150+0500] {logging_mixin.py:190} INFO - [2025-01-15T12:20:18.149+0500] {dagbag.py:588} INFO - Filling up the DagBag from /Users/mac/Desktop/Comapny2/CryptoPortfolioAI/.venv/lib/python3.10/site-packages/airflow/example_dags/example_short_circuit_operator.py
[2025-01-15T12:20:18.191+0500] {processor.py:925} INFO - DAG(s) 'example_short_circuit_operator' retrieved from /Users/mac/Desktop/Comapny2/CryptoPortfolioAI/.venv/lib/python3.10/site-packages/airflow/example_dags/example_short_circuit_operator.py
[2025-01-15T12:20:18.600+0500] {logging_mixin.py:190} INFO - [2025-01-15T12:20:18.599+0500] {override.py:1912} INFO - Created Permission View: can edit on DAG:example_short_circuit_operator
[2025-01-15T12:20:18.614+0500] {logging_mixin.py:190} INFO - [2025-01-15T12:20:18.614+0500] {override.py:1912} INFO - Created Permission View: can delete on DAG:example_short_circuit_operator
[2025-01-15T12:20:18.625+0500] {logging_mixin.py:190} INFO - [2025-01-15T12:20:18.624+0500] {override.py:1912} INFO - Created Permission View: can read on DAG:example_short_circuit_operator
[2025-01-15T12:20:18.637+0500] {logging_mixin.py:190} INFO - [2025-01-15T12:20:18.637+0500] {override.py:1912} INFO - Created Permission View: can create on DAG Run:example_short_circuit_operator
[2025-01-15T12:20:18.646+0500] {logging_mixin.py:190} INFO - [2025-01-15T12:20:18.645+0500] {override.py:1912} INFO - Created Permission View: can delete on DAG Run:example_short_circuit_operator
[2025-01-15T12:20:18.654+0500] {logging_mixin.py:190} INFO - [2025-01-15T12:20:18.654+0500] {override.py:1912} INFO - Created Permission View: menu access on DAG Run:example_short_circuit_operator
[2025-01-15T12:20:18.664+0500] {logging_mixin.py:190} INFO - [2025-01-15T12:20:18.664+0500] {override.py:1912} INFO - Created Permission View: can read on DAG Run:example_short_circuit_operator
[2025-01-15T12:20:18.665+0500] {logging_mixin.py:190} INFO - [2025-01-15T12:20:18.665+0500] {dag.py:3239} INFO - Sync 1 DAGs
[2025-01-15T12:20:18.679+0500] {logging_mixin.py:190} INFO - [2025-01-15T12:20:18.679+0500] {dag.py:3262} INFO - Creating ORM DAG for example_short_circuit_operator
[2025-01-15T12:20:18.680+0500] {logging_mixin.py:190} INFO - [2025-01-15T12:20:18.679+0500] {dag.py:4180} INFO - Setting next_dagrun for example_short_circuit_operator to None, run_after=None
[2025-01-15T12:20:18.702+0500] {processor.py:208} INFO - Processing /Users/mac/Desktop/Comapny2/CryptoPortfolioAI/.venv/lib/python3.10/site-packages/airflow/example_dags/example_short_circuit_operator.py took 0.562 seconds
[2025-01-15T23:21:19.692+0500] {processor.py:186} INFO - Started process (PID=3512) to work on /Users/mac/Desktop/Comapny2/CryptoPortfolioAI/.venv/lib/python3.10/site-packages/airflow/example_dags/example_short_circuit_operator.py
[2025-01-15T23:21:19.694+0500] {processor.py:914} INFO - Processing file /Users/mac/Desktop/Comapny2/CryptoPortfolioAI/.venv/lib/python3.10/site-packages/airflow/example_dags/example_short_circuit_operator.py for tasks to queue
[2025-01-15T23:21:19.696+0500] {logging_mixin.py:190} INFO - [2025-01-15T23:21:19.696+0500] {dagbag.py:588} INFO - Filling up the DagBag from /Users/mac/Desktop/Comapny2/CryptoPortfolioAI/.venv/lib/python3.10/site-packages/airflow/example_dags/example_short_circuit_operator.py
[2025-01-15T23:21:19.738+0500] {processor.py:925} INFO - DAG(s) 'example_short_circuit_operator' retrieved from /Users/mac/Desktop/Comapny2/CryptoPortfolioAI/.venv/lib/python3.10/site-packages/airflow/example_dags/example_short_circuit_operator.py
[2025-01-15T23:21:19.863+0500] {logging_mixin.py:190} INFO - [2025-01-15T23:21:19.863+0500] {dag.py:3239} INFO - Sync 1 DAGs
[2025-01-15T23:21:19.875+0500] {logging_mixin.py:190} INFO - [2025-01-15T23:21:19.874+0500] {dag.py:4180} INFO - Setting next_dagrun for example_short_circuit_operator to None, run_after=None
[2025-01-15T23:21:19.899+0500] {processor.py:208} INFO - Processing /Users/mac/Desktop/Comapny2/CryptoPortfolioAI/.venv/lib/python3.10/site-packages/airflow/example_dags/example_short_circuit_operator.py took 0.213 seconds
[2025-01-15T23:25:33.282+0500] {processor.py:186} INFO - Started process (PID=4623) to work on /Users/mac/Desktop/Comapny2/CryptoPortfolioAI/.venv/lib/python3.10/site-packages/airflow/example_dags/example_short_circuit_operator.py
[2025-01-15T23:25:33.284+0500] {processor.py:914} INFO - Processing file /Users/mac/Desktop/Comapny2/CryptoPortfolioAI/.venv/lib/python3.10/site-packages/airflow/example_dags/example_short_circuit_operator.py for tasks to queue
[2025-01-15T23:25:33.286+0500] {logging_mixin.py:190} INFO - [2025-01-15T23:25:33.286+0500] {dagbag.py:588} INFO - Filling up the DagBag from /Users/mac/Desktop/Comapny2/CryptoPortfolioAI/.venv/lib/python3.10/site-packages/airflow/example_dags/example_short_circuit_operator.py
[2025-01-15T23:25:33.322+0500] {processor.py:925} INFO - DAG(s) 'example_short_circuit_operator' retrieved from /Users/mac/Desktop/Comapny2/CryptoPortfolioAI/.venv/lib/python3.10/site-packages/airflow/example_dags/example_short_circuit_operator.py
[2025-01-15T23:25:33.501+0500] {logging_mixin.py:190} INFO - [2025-01-15T23:25:33.500+0500] {dag.py:3239} INFO - Sync 1 DAGs
[2025-01-15T23:25:33.516+0500] {logging_mixin.py:190} INFO - [2025-01-15T23:25:33.516+0500] {dag.py:4180} INFO - Setting next_dagrun for example_short_circuit_operator to None, run_after=None
[2025-01-15T23:25:33.547+0500] {processor.py:208} INFO - Processing /Users/mac/Desktop/Comapny2/CryptoPortfolioAI/.venv/lib/python3.10/site-packages/airflow/example_dags/example_short_circuit_operator.py took 0.270 seconds
[2025-01-15T23:29:39.288+0500] {processor.py:186} INFO - Started process (PID=5861) to work on /Users/mac/Desktop/Comapny2/CryptoPortfolioAI/.venv/lib/python3.10/site-packages/airflow/example_dags/example_short_circuit_operator.py
[2025-01-15T23:29:39.291+0500] {processor.py:914} INFO - Processing file /Users/mac/Desktop/Comapny2/CryptoPortfolioAI/.venv/lib/python3.10/site-packages/airflow/example_dags/example_short_circuit_operator.py for tasks to queue
[2025-01-15T23:29:39.293+0500] {logging_mixin.py:190} INFO - [2025-01-15T23:29:39.293+0500] {dagbag.py:588} INFO - Filling up the DagBag from /Users/mac/Desktop/Comapny2/CryptoPortfolioAI/.venv/lib/python3.10/site-packages/airflow/example_dags/example_short_circuit_operator.py
[2025-01-15T23:29:39.324+0500] {processor.py:925} INFO - DAG(s) 'example_short_circuit_operator' retrieved from /Users/mac/Desktop/Comapny2/CryptoPortfolioAI/.venv/lib/python3.10/site-packages/airflow/example_dags/example_short_circuit_operator.py
[2025-01-15T23:29:39.437+0500] {logging_mixin.py:190} INFO - [2025-01-15T23:29:39.436+0500] {dag.py:3239} INFO - Sync 1 DAGs
[2025-01-15T23:29:39.448+0500] {logging_mixin.py:190} INFO - [2025-01-15T23:29:39.448+0500] {dag.py:4180} INFO - Setting next_dagrun for example_short_circuit_operator to None, run_after=None
[2025-01-15T23:29:39.470+0500] {processor.py:208} INFO - Processing /Users/mac/Desktop/Comapny2/CryptoPortfolioAI/.venv/lib/python3.10/site-packages/airflow/example_dags/example_short_circuit_operator.py took 0.186 seconds
[2025-01-15T23:32:49.072+0500] {processor.py:186} INFO - Started process (PID=6813) to work on /Users/mac/Desktop/Comapny2/CryptoPortfolioAI/.venv/lib/python3.10/site-packages/airflow/example_dags/example_short_circuit_operator.py
[2025-01-15T23:32:49.074+0500] {processor.py:914} INFO - Processing file /Users/mac/Desktop/Comapny2/CryptoPortfolioAI/.venv/lib/python3.10/site-packages/airflow/example_dags/example_short_circuit_operator.py for tasks to queue
[2025-01-15T23:32:49.076+0500] {logging_mixin.py:190} INFO - [2025-01-15T23:32:49.075+0500] {dagbag.py:588} INFO - Filling up the DagBag from /Users/mac/Desktop/Comapny2/CryptoPortfolioAI/.venv/lib/python3.10/site-packages/airflow/example_dags/example_short_circuit_operator.py
[2025-01-15T23:32:49.105+0500] {processor.py:925} INFO - DAG(s) 'example_short_circuit_operator' retrieved from /Users/mac/Desktop/Comapny2/CryptoPortfolioAI/.venv/lib/python3.10/site-packages/airflow/example_dags/example_short_circuit_operator.py
[2025-01-15T23:32:49.210+0500] {logging_mixin.py:190} INFO - [2025-01-15T23:32:49.210+0500] {dag.py:3239} INFO - Sync 1 DAGs
[2025-01-15T23:32:49.221+0500] {logging_mixin.py:190} INFO - [2025-01-15T23:32:49.221+0500] {dag.py:4180} INFO - Setting next_dagrun for example_short_circuit_operator to None, run_after=None
[2025-01-15T23:32:49.243+0500] {processor.py:208} INFO - Processing /Users/mac/Desktop/Comapny2/CryptoPortfolioAI/.venv/lib/python3.10/site-packages/airflow/example_dags/example_short_circuit_operator.py took 0.176 seconds
[2025-01-15T23:35:38.621+0500] {processor.py:186} INFO - Started process (PID=7565) to work on /Users/mac/Desktop/Comapny2/CryptoPortfolioAI/.venv/lib/python3.10/site-packages/airflow/example_dags/example_short_circuit_operator.py
[2025-01-15T23:35:38.623+0500] {processor.py:914} INFO - Processing file /Users/mac/Desktop/Comapny2/CryptoPortfolioAI/.venv/lib/python3.10/site-packages/airflow/example_dags/example_short_circuit_operator.py for tasks to queue
[2025-01-15T23:35:38.625+0500] {logging_mixin.py:190} INFO - [2025-01-15T23:35:38.625+0500] {dagbag.py:588} INFO - Filling up the DagBag from /Users/mac/Desktop/Comapny2/CryptoPortfolioAI/.venv/lib/python3.10/site-packages/airflow/example_dags/example_short_circuit_operator.py
[2025-01-15T23:35:38.654+0500] {processor.py:925} INFO - DAG(s) 'example_short_circuit_operator' retrieved from /Users/mac/Desktop/Comapny2/CryptoPortfolioAI/.venv/lib/python3.10/site-packages/airflow/example_dags/example_short_circuit_operator.py
[2025-01-15T23:35:38.763+0500] {logging_mixin.py:190} INFO - [2025-01-15T23:35:38.763+0500] {dag.py:3239} INFO - Sync 1 DAGs
[2025-01-15T23:35:38.774+0500] {logging_mixin.py:190} INFO - [2025-01-15T23:35:38.774+0500] {dag.py:4180} INFO - Setting next_dagrun for example_short_circuit_operator to None, run_after=None
[2025-01-15T23:35:38.796+0500] {processor.py:208} INFO - Processing /Users/mac/Desktop/Comapny2/CryptoPortfolioAI/.venv/lib/python3.10/site-packages/airflow/example_dags/example_short_circuit_operator.py took 0.181 seconds
[2025-01-15T23:38:25.532+0500] {processor.py:186} INFO - Started process (PID=8336) to work on /Users/mac/Desktop/Comapny2/CryptoPortfolioAI/.venv/lib/python3.10/site-packages/airflow/example_dags/example_short_circuit_operator.py
[2025-01-15T23:38:25.534+0500] {processor.py:914} INFO - Processing file /Users/mac/Desktop/Comapny2/CryptoPortfolioAI/.venv/lib/python3.10/site-packages/airflow/example_dags/example_short_circuit_operator.py for tasks to queue
[2025-01-15T23:38:25.536+0500] {logging_mixin.py:190} INFO - [2025-01-15T23:38:25.536+0500] {dagbag.py:588} INFO - Filling up the DagBag from /Users/mac/Desktop/Comapny2/CryptoPortfolioAI/.venv/lib/python3.10/site-packages/airflow/example_dags/example_short_circuit_operator.py
[2025-01-15T23:38:25.565+0500] {processor.py:925} INFO - DAG(s) 'example_short_circuit_operator' retrieved from /Users/mac/Desktop/Comapny2/CryptoPortfolioAI/.venv/lib/python3.10/site-packages/airflow/example_dags/example_short_circuit_operator.py
[2025-01-15T23:38:25.672+0500] {logging_mixin.py:190} INFO - [2025-01-15T23:38:25.672+0500] {dag.py:3239} INFO - Sync 1 DAGs
[2025-01-15T23:38:25.683+0500] {logging_mixin.py:190} INFO - [2025-01-15T23:38:25.683+0500] {dag.py:4180} INFO - Setting next_dagrun for example_short_circuit_operator to None, run_after=None
[2025-01-15T23:38:25.704+0500] {processor.py:208} INFO - Processing /Users/mac/Desktop/Comapny2/CryptoPortfolioAI/.venv/lib/python3.10/site-packages/airflow/example_dags/example_short_circuit_operator.py took 0.178 seconds
[2025-01-15T23:41:37.517+0500] {processor.py:186} INFO - Started process (PID=9108) to work on /Users/mac/Desktop/Comapny2/CryptoPortfolioAI/.venv/lib/python3.10/site-packages/airflow/example_dags/example_short_circuit_operator.py
[2025-01-15T23:41:37.520+0500] {processor.py:914} INFO - Processing file /Users/mac/Desktop/Comapny2/CryptoPortfolioAI/.venv/lib/python3.10/site-packages/airflow/example_dags/example_short_circuit_operator.py for tasks to queue
[2025-01-15T23:41:37.523+0500] {logging_mixin.py:190} INFO - [2025-01-15T23:41:37.523+0500] {dagbag.py:588} INFO - Filling up the DagBag from /Users/mac/Desktop/Comapny2/CryptoPortfolioAI/.venv/lib/python3.10/site-packages/airflow/example_dags/example_short_circuit_operator.py
[2025-01-15T23:41:37.579+0500] {processor.py:925} INFO - DAG(s) 'example_short_circuit_operator' retrieved from /Users/mac/Desktop/Comapny2/CryptoPortfolioAI/.venv/lib/python3.10/site-packages/airflow/example_dags/example_short_circuit_operator.py
[2025-01-15T23:41:37.749+0500] {logging_mixin.py:190} INFO - [2025-01-15T23:41:37.749+0500] {dag.py:3239} INFO - Sync 1 DAGs
[2025-01-15T23:41:37.764+0500] {logging_mixin.py:190} INFO - [2025-01-15T23:41:37.763+0500] {dag.py:4180} INFO - Setting next_dagrun for example_short_circuit_operator to None, run_after=None
[2025-01-15T23:41:37.789+0500] {processor.py:208} INFO - Processing /Users/mac/Desktop/Comapny2/CryptoPortfolioAI/.venv/lib/python3.10/site-packages/airflow/example_dags/example_short_circuit_operator.py took 0.278 seconds
