[2025-01-15T23:21:30.968+0500] {processor.py:186} INFO - Started process (PID=3562) to work on /Users/mac/Desktop/Comapny2/CryptoPortfolioAI/.venv/lib/python3.10/site-packages/airflow/example_dags/example_setup_teardown.py
[2025-01-15T23:21:30.969+0500] {processor.py:914} INFO - Processing file /Users/mac/Desktop/Comapny2/CryptoPortfolioAI/.venv/lib/python3.10/site-packages/airflow/example_dags/example_setup_teardown.py for tasks to queue
[2025-01-15T23:21:30.970+0500] {logging_mixin.py:190} INFO - [2025-01-15T23:21:30.970+0500] {dagbag.py:588} INFO - Filling up the DagBag from /Users/mac/Desktop/Comapny2/CryptoPortfolioAI/.venv/lib/python3.10/site-packages/airflow/example_dags/example_setup_teardown.py
[2025-01-15T23:21:30.982+0500] {processor.py:925} INFO - DAG(s) 'example_setup_teardown' retrieved from /Users/mac/Desktop/Comapny2/CryptoPortfolioAI/.venv/lib/python3.10/site-packages/airflow/example_dags/example_setup_teardown.py
[2025-01-15T23:21:31.175+0500] {logging_mixin.py:190} INFO - [2025-01-15T23:21:31.174+0500] {override.py:1912} INFO - Created Permission View: can edit on DAG:example_setup_teardown
[2025-01-15T23:21:31.185+0500] {logging_mixin.py:190} INFO - [2025-01-15T23:21:31.185+0500] {override.py:1912} INFO - Created Permission View: can read on DAG:example_setup_teardown
[2025-01-15T23:21:31.191+0500] {logging_mixin.py:190} INFO - [2025-01-15T23:21:31.191+0500] {override.py:1912} INFO - Created Permission View: can delete on DAG:example_setup_teardown
[2025-01-15T23:21:31.201+0500] {logging_mixin.py:190} INFO - [2025-01-15T23:21:31.201+0500] {override.py:1912} INFO - Created Permission View: can create on DAG Run:example_setup_teardown
[2025-01-15T23:21:31.207+0500] {logging_mixin.py:190} INFO - [2025-01-15T23:21:31.207+0500] {override.py:1912} INFO - Created Permission View: can read on DAG Run:example_setup_teardown
[2025-01-15T23:21:31.214+0500] {logging_mixin.py:190} INFO - [2025-01-15T23:21:31.214+0500] {override.py:1912} INFO - Created Permission View: can delete on DAG Run:example_setup_teardown
[2025-01-15T23:21:31.222+0500] {logging_mixin.py:190} INFO - [2025-01-15T23:21:31.222+0500] {override.py:1912} INFO - Created Permission View: menu access on DAG Run:example_setup_teardown
[2025-01-15T23:21:31.222+0500] {logging_mixin.py:190} INFO - [2025-01-15T23:21:31.222+0500] {dag.py:3239} INFO - Sync 1 DAGs
[2025-01-15T23:21:31.235+0500] {logging_mixin.py:190} INFO - [2025-01-15T23:21:31.234+0500] {dag.py:3262} INFO - Creating ORM DAG for example_setup_teardown
[2025-01-15T23:21:31.235+0500] {logging_mixin.py:190} INFO - [2025-01-15T23:21:31.235+0500] {dag.py:4180} INFO - Setting next_dagrun for example_setup_teardown to None, run_after=None
[2025-01-15T23:21:31.253+0500] {processor.py:208} INFO - Processing /Users/mac/Desktop/Comapny2/CryptoPortfolioAI/.venv/lib/python3.10/site-packages/airflow/example_dags/example_setup_teardown.py took 0.290 seconds
[2025-01-15T23:25:47.427+0500] {processor.py:186} INFO - Started process (PID=4678) to work on /Users/mac/Desktop/Comapny2/CryptoPortfolioAI/.venv/lib/python3.10/site-packages/airflow/example_dags/example_setup_teardown.py
[2025-01-15T23:25:47.429+0500] {processor.py:914} INFO - Processing file /Users/mac/Desktop/Comapny2/CryptoPortfolioAI/.venv/lib/python3.10/site-packages/airflow/example_dags/example_setup_teardown.py for tasks to queue
[2025-01-15T23:25:47.432+0500] {logging_mixin.py:190} INFO - [2025-01-15T23:25:47.431+0500] {dagbag.py:588} INFO - Filling up the DagBag from /Users/mac/Desktop/Comapny2/CryptoPortfolioAI/.venv/lib/python3.10/site-packages/airflow/example_dags/example_setup_teardown.py
[2025-01-15T23:25:47.450+0500] {processor.py:925} INFO - DAG(s) 'example_setup_teardown' retrieved from /Users/mac/Desktop/Comapny2/CryptoPortfolioAI/.venv/lib/python3.10/site-packages/airflow/example_dags/example_setup_teardown.py
[2025-01-15T23:25:47.608+0500] {logging_mixin.py:190} INFO - [2025-01-15T23:25:47.608+0500] {dag.py:3239} INFO - Sync 1 DAGs
[2025-01-15T23:25:47.622+0500] {logging_mixin.py:190} INFO - [2025-01-15T23:25:47.622+0500] {dag.py:4180} INFO - Setting next_dagrun for example_setup_teardown to None, run_after=None
[2025-01-15T23:25:47.650+0500] {processor.py:208} INFO - Processing /Users/mac/Desktop/Comapny2/CryptoPortfolioAI/.venv/lib/python3.10/site-packages/airflow/example_dags/example_setup_teardown.py took 0.227 seconds
[2025-01-15T23:29:50.076+0500] {processor.py:186} INFO - Started process (PID=5916) to work on /Users/mac/Desktop/Comapny2/CryptoPortfolioAI/.venv/lib/python3.10/site-packages/airflow/example_dags/example_setup_teardown.py
[2025-01-15T23:29:50.078+0500] {processor.py:914} INFO - Processing file /Users/mac/Desktop/Comapny2/CryptoPortfolioAI/.venv/lib/python3.10/site-packages/airflow/example_dags/example_setup_teardown.py for tasks to queue
[2025-01-15T23:29:50.080+0500] {logging_mixin.py:190} INFO - [2025-01-15T23:29:50.080+0500] {dagbag.py:588} INFO - Filling up the DagBag from /Users/mac/Desktop/Comapny2/CryptoPortfolioAI/.venv/lib/python3.10/site-packages/airflow/example_dags/example_setup_teardown.py
[2025-01-15T23:29:50.094+0500] {processor.py:925} INFO - DAG(s) 'example_setup_teardown' retrieved from /Users/mac/Desktop/Comapny2/CryptoPortfolioAI/.venv/lib/python3.10/site-packages/airflow/example_dags/example_setup_teardown.py
[2025-01-15T23:29:50.216+0500] {logging_mixin.py:190} INFO - [2025-01-15T23:29:50.216+0500] {dag.py:3239} INFO - Sync 1 DAGs
[2025-01-15T23:29:50.226+0500] {logging_mixin.py:190} INFO - [2025-01-15T23:29:50.226+0500] {dag.py:4180} INFO - Setting next_dagrun for example_setup_teardown to None, run_after=None
[2025-01-15T23:29:50.248+0500] {processor.py:208} INFO - Processing /Users/mac/Desktop/Comapny2/CryptoPortfolioAI/.venv/lib/python3.10/site-packages/airflow/example_dags/example_setup_teardown.py took 0.177 seconds
[2025-01-15T23:32:58.660+0500] {processor.py:186} INFO - Started process (PID=6851) to work on /Users/mac/Desktop/Comapny2/CryptoPortfolioAI/.venv/lib/python3.10/site-packages/airflow/example_dags/example_setup_teardown.py
[2025-01-15T23:32:58.661+0500] {processor.py:914} INFO - Processing file /Users/mac/Desktop/Comapny2/CryptoPortfolioAI/.venv/lib/python3.10/site-packages/airflow/example_dags/example_setup_teardown.py for tasks to queue
[2025-01-15T23:32:58.663+0500] {logging_mixin.py:190} INFO - [2025-01-15T23:32:58.663+0500] {dagbag.py:588} INFO - Filling up the DagBag from /Users/mac/Desktop/Comapny2/CryptoPortfolioAI/.venv/lib/python3.10/site-packages/airflow/example_dags/example_setup_teardown.py
[2025-01-15T23:32:58.674+0500] {processor.py:925} INFO - DAG(s) 'example_setup_teardown' retrieved from /Users/mac/Desktop/Comapny2/CryptoPortfolioAI/.venv/lib/python3.10/site-packages/airflow/example_dags/example_setup_teardown.py
[2025-01-15T23:32:58.782+0500] {logging_mixin.py:190} INFO - [2025-01-15T23:32:58.782+0500] {dag.py:3239} INFO - Sync 1 DAGs
[2025-01-15T23:32:58.793+0500] {logging_mixin.py:190} INFO - [2025-01-15T23:32:58.792+0500] {dag.py:4180} INFO - Setting next_dagrun for example_setup_teardown to None, run_after=None
[2025-01-15T23:32:58.812+0500] {processor.py:208} INFO - Processing /Users/mac/Desktop/Comapny2/CryptoPortfolioAI/.venv/lib/python3.10/site-packages/airflow/example_dags/example_setup_teardown.py took 0.157 seconds
[2025-01-15T23:35:48.730+0500] {processor.py:186} INFO - Started process (PID=7610) to work on /Users/mac/Desktop/Comapny2/CryptoPortfolioAI/.venv/lib/python3.10/site-packages/airflow/example_dags/example_setup_teardown.py
[2025-01-15T23:35:48.732+0500] {processor.py:914} INFO - Processing file /Users/mac/Desktop/Comapny2/CryptoPortfolioAI/.venv/lib/python3.10/site-packages/airflow/example_dags/example_setup_teardown.py for tasks to queue
[2025-01-15T23:35:48.734+0500] {logging_mixin.py:190} INFO - [2025-01-15T23:35:48.734+0500] {dagbag.py:588} INFO - Filling up the DagBag from /Users/mac/Desktop/Comapny2/CryptoPortfolioAI/.venv/lib/python3.10/site-packages/airflow/example_dags/example_setup_teardown.py
[2025-01-15T23:35:48.746+0500] {processor.py:925} INFO - DAG(s) 'example_setup_teardown' retrieved from /Users/mac/Desktop/Comapny2/CryptoPortfolioAI/.venv/lib/python3.10/site-packages/airflow/example_dags/example_setup_teardown.py
[2025-01-15T23:35:48.866+0500] {logging_mixin.py:190} INFO - [2025-01-15T23:35:48.865+0500] {dag.py:3239} INFO - Sync 1 DAGs
[2025-01-15T23:35:48.876+0500] {logging_mixin.py:190} INFO - [2025-01-15T23:35:48.875+0500] {dag.py:4180} INFO - Setting next_dagrun for example_setup_teardown to None, run_after=None
[2025-01-15T23:35:48.895+0500] {processor.py:208} INFO - Processing /Users/mac/Desktop/Comapny2/CryptoPortfolioAI/.venv/lib/python3.10/site-packages/airflow/example_dags/example_setup_teardown.py took 0.170 seconds
[2025-01-15T23:38:34.585+0500] {processor.py:186} INFO - Started process (PID=8376) to work on /Users/mac/Desktop/Comapny2/CryptoPortfolioAI/.venv/lib/python3.10/site-packages/airflow/example_dags/example_setup_teardown.py
[2025-01-15T23:38:34.588+0500] {processor.py:914} INFO - Processing file /Users/mac/Desktop/Comapny2/CryptoPortfolioAI/.venv/lib/python3.10/site-packages/airflow/example_dags/example_setup_teardown.py for tasks to queue
[2025-01-15T23:38:34.590+0500] {logging_mixin.py:190} INFO - [2025-01-15T23:38:34.590+0500] {dagbag.py:588} INFO - Filling up the DagBag from /Users/mac/Desktop/Comapny2/CryptoPortfolioAI/.venv/lib/python3.10/site-packages/airflow/example_dags/example_setup_teardown.py
[2025-01-15T23:38:34.601+0500] {processor.py:925} INFO - DAG(s) 'example_setup_teardown' retrieved from /Users/mac/Desktop/Comapny2/CryptoPortfolioAI/.venv/lib/python3.10/site-packages/airflow/example_dags/example_setup_teardown.py
[2025-01-15T23:38:34.708+0500] {logging_mixin.py:190} INFO - [2025-01-15T23:38:34.708+0500] {dag.py:3239} INFO - Sync 1 DAGs
[2025-01-15T23:38:34.719+0500] {logging_mixin.py:190} INFO - [2025-01-15T23:38:34.718+0500] {dag.py:4180} INFO - Setting next_dagrun for example_setup_teardown to None, run_after=None
[2025-01-15T23:38:34.738+0500] {processor.py:208} INFO - Processing /Users/mac/Desktop/Comapny2/CryptoPortfolioAI/.venv/lib/python3.10/site-packages/airflow/example_dags/example_setup_teardown.py took 0.157 seconds
[2025-01-15T23:41:49.131+0500] {processor.py:186} INFO - Started process (PID=9156) to work on /Users/mac/Desktop/Comapny2/CryptoPortfolioAI/.venv/lib/python3.10/site-packages/airflow/example_dags/example_setup_teardown.py
[2025-01-15T23:41:49.133+0500] {processor.py:914} INFO - Processing file /Users/mac/Desktop/Comapny2/CryptoPortfolioAI/.venv/lib/python3.10/site-packages/airflow/example_dags/example_setup_teardown.py for tasks to queue
[2025-01-15T23:41:49.135+0500] {logging_mixin.py:190} INFO - [2025-01-15T23:41:49.134+0500] {dagbag.py:588} INFO - Filling up the DagBag from /Users/mac/Desktop/Comapny2/CryptoPortfolioAI/.venv/lib/python3.10/site-packages/airflow/example_dags/example_setup_teardown.py
[2025-01-15T23:41:49.152+0500] {processor.py:925} INFO - DAG(s) 'example_setup_teardown' retrieved from /Users/mac/Desktop/Comapny2/CryptoPortfolioAI/.venv/lib/python3.10/site-packages/airflow/example_dags/example_setup_teardown.py
[2025-01-15T23:41:49.287+0500] {logging_mixin.py:190} INFO - [2025-01-15T23:41:49.286+0500] {dag.py:3239} INFO - Sync 1 DAGs
[2025-01-15T23:41:49.301+0500] {logging_mixin.py:190} INFO - [2025-01-15T23:41:49.300+0500] {dag.py:4180} INFO - Setting next_dagrun for example_setup_teardown to None, run_after=None
[2025-01-15T23:41:49.322+0500] {processor.py:208} INFO - Processing /Users/mac/Desktop/Comapny2/CryptoPortfolioAI/.venv/lib/python3.10/site-packages/airflow/example_dags/example_setup_teardown.py took 0.195 seconds
