[2025-01-15T23:21:27.273+0500] {processor.py:186} INFO - Started process (PID=3548) to work on /Users/mac/Desktop/Comapny2/CryptoPortfolioAI/.venv/lib/python3.10/site-packages/airflow/example_dags/example_setup_teardown_taskflow.py
[2025-01-15T23:21:27.274+0500] {processor.py:914} INFO - Processing file /Users/mac/Desktop/Comapny2/CryptoPortfolioAI/.venv/lib/python3.10/site-packages/airflow/example_dags/example_setup_teardown_taskflow.py for tasks to queue
[2025-01-15T23:21:27.276+0500] {logging_mixin.py:190} INFO - [2025-01-15T23:21:27.275+0500] {dagbag.py:588} INFO - Filling up the DagBag from /Users/mac/Desktop/Comapny2/CryptoPortfolioAI/.venv/lib/python3.10/site-packages/airflow/example_dags/example_setup_teardown_taskflow.py
[2025-01-15T23:21:27.324+0500] {processor.py:925} INFO - DAG(s) 'example_setup_teardown_taskflow' retrieved from /Users/mac/Desktop/Comapny2/CryptoPortfolioAI/.venv/lib/python3.10/site-packages/airflow/example_dags/example_setup_teardown_taskflow.py
[2025-01-15T23:21:27.543+0500] {logging_mixin.py:190} INFO - [2025-01-15T23:21:27.543+0500] {override.py:1912} INFO - Created Permission View: can delete on DAG:example_setup_teardown_taskflow
[2025-01-15T23:21:27.556+0500] {logging_mixin.py:190} INFO - [2025-01-15T23:21:27.555+0500] {override.py:1912} INFO - Created Permission View: can edit on DAG:example_setup_teardown_taskflow
[2025-01-15T23:21:27.564+0500] {logging_mixin.py:190} INFO - [2025-01-15T23:21:27.564+0500] {override.py:1912} INFO - Created Permission View: can read on DAG:example_setup_teardown_taskflow
[2025-01-15T23:21:27.577+0500] {logging_mixin.py:190} INFO - [2025-01-15T23:21:27.576+0500] {override.py:1912} INFO - Created Permission View: menu access on DAG Run:example_setup_teardown_taskflow
[2025-01-15T23:21:27.585+0500] {logging_mixin.py:190} INFO - [2025-01-15T23:21:27.584+0500] {override.py:1912} INFO - Created Permission View: can create on DAG Run:example_setup_teardown_taskflow
[2025-01-15T23:21:27.597+0500] {logging_mixin.py:190} INFO - [2025-01-15T23:21:27.596+0500] {override.py:1912} INFO - Created Permission View: can delete on DAG Run:example_setup_teardown_taskflow
[2025-01-15T23:21:27.607+0500] {logging_mixin.py:190} INFO - [2025-01-15T23:21:27.606+0500] {override.py:1912} INFO - Created Permission View: can read on DAG Run:example_setup_teardown_taskflow
[2025-01-15T23:21:27.608+0500] {logging_mixin.py:190} INFO - [2025-01-15T23:21:27.607+0500] {dag.py:3239} INFO - Sync 1 DAGs
[2025-01-15T23:21:27.626+0500] {logging_mixin.py:190} INFO - [2025-01-15T23:21:27.626+0500] {dag.py:3262} INFO - Creating ORM DAG for example_setup_teardown_taskflow
[2025-01-15T23:21:27.627+0500] {logging_mixin.py:190} INFO - [2025-01-15T23:21:27.627+0500] {dag.py:4180} INFO - Setting next_dagrun for example_setup_teardown_taskflow to None, run_after=None
[2025-01-15T23:21:27.653+0500] {processor.py:208} INFO - Processing /Users/mac/Desktop/Comapny2/CryptoPortfolioAI/.venv/lib/python3.10/site-packages/airflow/example_dags/example_setup_teardown_taskflow.py took 0.386 seconds
[2025-01-15T23:25:42.049+0500] {processor.py:186} INFO - Started process (PID=4662) to work on /Users/mac/Desktop/Comapny2/CryptoPortfolioAI/.venv/lib/python3.10/site-packages/airflow/example_dags/example_setup_teardown_taskflow.py
[2025-01-15T23:25:42.051+0500] {processor.py:914} INFO - Processing file /Users/mac/Desktop/Comapny2/CryptoPortfolioAI/.venv/lib/python3.10/site-packages/airflow/example_dags/example_setup_teardown_taskflow.py for tasks to queue
[2025-01-15T23:25:42.053+0500] {logging_mixin.py:190} INFO - [2025-01-15T23:25:42.053+0500] {dagbag.py:588} INFO - Filling up the DagBag from /Users/mac/Desktop/Comapny2/CryptoPortfolioAI/.venv/lib/python3.10/site-packages/airflow/example_dags/example_setup_teardown_taskflow.py
[2025-01-15T23:25:42.118+0500] {processor.py:925} INFO - DAG(s) 'example_setup_teardown_taskflow' retrieved from /Users/mac/Desktop/Comapny2/CryptoPortfolioAI/.venv/lib/python3.10/site-packages/airflow/example_dags/example_setup_teardown_taskflow.py
[2025-01-15T23:25:42.309+0500] {logging_mixin.py:190} INFO - [2025-01-15T23:25:42.308+0500] {dag.py:3239} INFO - Sync 1 DAGs
[2025-01-15T23:25:42.326+0500] {logging_mixin.py:190} INFO - [2025-01-15T23:25:42.326+0500] {dag.py:4180} INFO - Setting next_dagrun for example_setup_teardown_taskflow to None, run_after=None
[2025-01-15T23:25:42.356+0500] {processor.py:208} INFO - Processing /Users/mac/Desktop/Comapny2/CryptoPortfolioAI/.venv/lib/python3.10/site-packages/airflow/example_dags/example_setup_teardown_taskflow.py took 0.314 seconds
[2025-01-15T23:29:46.450+0500] {processor.py:186} INFO - Started process (PID=5902) to work on /Users/mac/Desktop/Comapny2/CryptoPortfolioAI/.venv/lib/python3.10/site-packages/airflow/example_dags/example_setup_teardown_taskflow.py
[2025-01-15T23:29:46.453+0500] {processor.py:914} INFO - Processing file /Users/mac/Desktop/Comapny2/CryptoPortfolioAI/.venv/lib/python3.10/site-packages/airflow/example_dags/example_setup_teardown_taskflow.py for tasks to queue
[2025-01-15T23:29:46.455+0500] {logging_mixin.py:190} INFO - [2025-01-15T23:29:46.455+0500] {dagbag.py:588} INFO - Filling up the DagBag from /Users/mac/Desktop/Comapny2/CryptoPortfolioAI/.venv/lib/python3.10/site-packages/airflow/example_dags/example_setup_teardown_taskflow.py
[2025-01-15T23:29:46.497+0500] {processor.py:925} INFO - DAG(s) 'example_setup_teardown_taskflow' retrieved from /Users/mac/Desktop/Comapny2/CryptoPortfolioAI/.venv/lib/python3.10/site-packages/airflow/example_dags/example_setup_teardown_taskflow.py
[2025-01-15T23:29:46.614+0500] {logging_mixin.py:190} INFO - [2025-01-15T23:29:46.613+0500] {dag.py:3239} INFO - Sync 1 DAGs
[2025-01-15T23:29:46.626+0500] {logging_mixin.py:190} INFO - [2025-01-15T23:29:46.626+0500] {dag.py:4180} INFO - Setting next_dagrun for example_setup_teardown_taskflow to None, run_after=None
[2025-01-15T23:29:46.648+0500] {processor.py:208} INFO - Processing /Users/mac/Desktop/Comapny2/CryptoPortfolioAI/.venv/lib/python3.10/site-packages/airflow/example_dags/example_setup_teardown_taskflow.py took 0.202 seconds
[2025-01-15T23:32:55.330+0500] {processor.py:186} INFO - Started process (PID=6839) to work on /Users/mac/Desktop/Comapny2/CryptoPortfolioAI/.venv/lib/python3.10/site-packages/airflow/example_dags/example_setup_teardown_taskflow.py
[2025-01-15T23:32:55.332+0500] {processor.py:914} INFO - Processing file /Users/mac/Desktop/Comapny2/CryptoPortfolioAI/.venv/lib/python3.10/site-packages/airflow/example_dags/example_setup_teardown_taskflow.py for tasks to queue
[2025-01-15T23:32:55.334+0500] {logging_mixin.py:190} INFO - [2025-01-15T23:32:55.333+0500] {dagbag.py:588} INFO - Filling up the DagBag from /Users/mac/Desktop/Comapny2/CryptoPortfolioAI/.venv/lib/python3.10/site-packages/airflow/example_dags/example_setup_teardown_taskflow.py
[2025-01-15T23:32:55.375+0500] {processor.py:925} INFO - DAG(s) 'example_setup_teardown_taskflow' retrieved from /Users/mac/Desktop/Comapny2/CryptoPortfolioAI/.venv/lib/python3.10/site-packages/airflow/example_dags/example_setup_teardown_taskflow.py
[2025-01-15T23:32:55.482+0500] {logging_mixin.py:190} INFO - [2025-01-15T23:32:55.481+0500] {dag.py:3239} INFO - Sync 1 DAGs
[2025-01-15T23:32:55.494+0500] {logging_mixin.py:190} INFO - [2025-01-15T23:32:55.493+0500] {dag.py:4180} INFO - Setting next_dagrun for example_setup_teardown_taskflow to None, run_after=None
[2025-01-15T23:32:55.515+0500] {processor.py:208} INFO - Processing /Users/mac/Desktop/Comapny2/CryptoPortfolioAI/.venv/lib/python3.10/site-packages/airflow/example_dags/example_setup_teardown_taskflow.py took 0.189 seconds
[2025-01-15T23:35:45.324+0500] {processor.py:186} INFO - Started process (PID=7592) to work on /Users/mac/Desktop/Comapny2/CryptoPortfolioAI/.venv/lib/python3.10/site-packages/airflow/example_dags/example_setup_teardown_taskflow.py
[2025-01-15T23:35:45.327+0500] {processor.py:914} INFO - Processing file /Users/mac/Desktop/Comapny2/CryptoPortfolioAI/.venv/lib/python3.10/site-packages/airflow/example_dags/example_setup_teardown_taskflow.py for tasks to queue
[2025-01-15T23:35:45.329+0500] {logging_mixin.py:190} INFO - [2025-01-15T23:35:45.328+0500] {dagbag.py:588} INFO - Filling up the DagBag from /Users/mac/Desktop/Comapny2/CryptoPortfolioAI/.venv/lib/python3.10/site-packages/airflow/example_dags/example_setup_teardown_taskflow.py
[2025-01-15T23:35:45.371+0500] {processor.py:925} INFO - DAG(s) 'example_setup_teardown_taskflow' retrieved from /Users/mac/Desktop/Comapny2/CryptoPortfolioAI/.venv/lib/python3.10/site-packages/airflow/example_dags/example_setup_teardown_taskflow.py
[2025-01-15T23:35:45.477+0500] {logging_mixin.py:190} INFO - [2025-01-15T23:35:45.476+0500] {dag.py:3239} INFO - Sync 1 DAGs
[2025-01-15T23:35:45.489+0500] {logging_mixin.py:190} INFO - [2025-01-15T23:35:45.489+0500] {dag.py:4180} INFO - Setting next_dagrun for example_setup_teardown_taskflow to None, run_after=None
[2025-01-15T23:35:45.509+0500] {processor.py:208} INFO - Processing /Users/mac/Desktop/Comapny2/CryptoPortfolioAI/.venv/lib/python3.10/site-packages/airflow/example_dags/example_setup_teardown_taskflow.py took 0.190 seconds
[2025-01-15T23:38:31.265+0500] {processor.py:186} INFO - Started process (PID=8362) to work on /Users/mac/Desktop/Comapny2/CryptoPortfolioAI/.venv/lib/python3.10/site-packages/airflow/example_dags/example_setup_teardown_taskflow.py
[2025-01-15T23:38:31.268+0500] {processor.py:914} INFO - Processing file /Users/mac/Desktop/Comapny2/CryptoPortfolioAI/.venv/lib/python3.10/site-packages/airflow/example_dags/example_setup_teardown_taskflow.py for tasks to queue
[2025-01-15T23:38:31.269+0500] {logging_mixin.py:190} INFO - [2025-01-15T23:38:31.269+0500] {dagbag.py:588} INFO - Filling up the DagBag from /Users/mac/Desktop/Comapny2/CryptoPortfolioAI/.venv/lib/python3.10/site-packages/airflow/example_dags/example_setup_teardown_taskflow.py
[2025-01-15T23:38:31.309+0500] {processor.py:925} INFO - DAG(s) 'example_setup_teardown_taskflow' retrieved from /Users/mac/Desktop/Comapny2/CryptoPortfolioAI/.venv/lib/python3.10/site-packages/airflow/example_dags/example_setup_teardown_taskflow.py
[2025-01-15T23:38:31.415+0500] {logging_mixin.py:190} INFO - [2025-01-15T23:38:31.415+0500] {dag.py:3239} INFO - Sync 1 DAGs
[2025-01-15T23:38:31.428+0500] {logging_mixin.py:190} INFO - [2025-01-15T23:38:31.427+0500] {dag.py:4180} INFO - Setting next_dagrun for example_setup_teardown_taskflow to None, run_after=None
[2025-01-15T23:38:31.449+0500] {processor.py:208} INFO - Processing /Users/mac/Desktop/Comapny2/CryptoPortfolioAI/.venv/lib/python3.10/site-packages/airflow/example_dags/example_setup_teardown_taskflow.py took 0.189 seconds
[2025-01-15T23:41:44.959+0500] {processor.py:186} INFO - Started process (PID=9141) to work on /Users/mac/Desktop/Comapny2/CryptoPortfolioAI/.venv/lib/python3.10/site-packages/airflow/example_dags/example_setup_teardown_taskflow.py
[2025-01-15T23:41:44.961+0500] {processor.py:914} INFO - Processing file /Users/mac/Desktop/Comapny2/CryptoPortfolioAI/.venv/lib/python3.10/site-packages/airflow/example_dags/example_setup_teardown_taskflow.py for tasks to queue
[2025-01-15T23:41:44.962+0500] {logging_mixin.py:190} INFO - [2025-01-15T23:41:44.962+0500] {dagbag.py:588} INFO - Filling up the DagBag from /Users/mac/Desktop/Comapny2/CryptoPortfolioAI/.venv/lib/python3.10/site-packages/airflow/example_dags/example_setup_teardown_taskflow.py
[2025-01-15T23:41:45.016+0500] {processor.py:925} INFO - DAG(s) 'example_setup_teardown_taskflow' retrieved from /Users/mac/Desktop/Comapny2/CryptoPortfolioAI/.venv/lib/python3.10/site-packages/airflow/example_dags/example_setup_teardown_taskflow.py
[2025-01-15T23:41:45.155+0500] {logging_mixin.py:190} INFO - [2025-01-15T23:41:45.154+0500] {dag.py:3239} INFO - Sync 1 DAGs
[2025-01-15T23:41:45.172+0500] {logging_mixin.py:190} INFO - [2025-01-15T23:41:45.172+0500] {dag.py:4180} INFO - Setting next_dagrun for example_setup_teardown_taskflow to None, run_after=None
[2025-01-15T23:41:45.197+0500] {processor.py:208} INFO - Processing /Users/mac/Desktop/Comapny2/CryptoPortfolioAI/.venv/lib/python3.10/site-packages/airflow/example_dags/example_setup_teardown_taskflow.py took 0.246 seconds
