[2025-01-15T12:19:43.489+0500] {processor.py:186} INFO - Started process (PID=36275) to work on /Users/mac/Desktop/Comapny2/CryptoPortfolioAI/.venv/lib/python3.10/site-packages/airflow/example_dags/example_xcom.py
[2025-01-15T12:19:43.491+0500] {processor.py:914} INFO - Processing file /Users/mac/Desktop/Comapny2/CryptoPortfolioAI/.venv/lib/python3.10/site-packages/airflow/example_dags/example_xcom.py for tasks to queue
[2025-01-15T12:19:43.492+0500] {logging_mixin.py:190} INFO - [2025-01-15T12:19:43.492+0500] {dagbag.py:588} INFO - Filling up the DagBag from /Users/mac/Desktop/Comapny2/CryptoPortfolioAI/.venv/lib/python3.10/site-packages/airflow/example_dags/example_xcom.py
[2025-01-15T12:19:43.529+0500] {processor.py:925} INFO - DAG(s) 'example_xcom' retrieved from /Users/mac/Desktop/Comapny2/CryptoPortfolioAI/.venv/lib/python3.10/site-packages/airflow/example_dags/example_xcom.py
[2025-01-15T12:19:43.714+0500] {logging_mixin.py:190} INFO - [2025-01-15T12:19:43.714+0500] {override.py:1912} INFO - Created Permission View: can read on DAG:example_xcom
[2025-01-15T12:19:43.724+0500] {logging_mixin.py:190} INFO - [2025-01-15T12:19:43.724+0500] {override.py:1912} INFO - Created Permission View: can delete on DAG:example_xcom
[2025-01-15T12:19:43.730+0500] {logging_mixin.py:190} INFO - [2025-01-15T12:19:43.730+0500] {override.py:1912} INFO - Created Permission View: can edit on DAG:example_xcom
[2025-01-15T12:19:43.740+0500] {logging_mixin.py:190} INFO - [2025-01-15T12:19:43.739+0500] {override.py:1912} INFO - Created Permission View: menu access on DAG Run:example_xcom
[2025-01-15T12:19:43.746+0500] {logging_mixin.py:190} INFO - [2025-01-15T12:19:43.746+0500] {override.py:1912} INFO - Created Permission View: can read on DAG Run:example_xcom
[2025-01-15T12:19:43.753+0500] {logging_mixin.py:190} INFO - [2025-01-15T12:19:43.752+0500] {override.py:1912} INFO - Created Permission View: can delete on DAG Run:example_xcom
[2025-01-15T12:19:43.760+0500] {logging_mixin.py:190} INFO - [2025-01-15T12:19:43.760+0500] {override.py:1912} INFO - Created Permission View: can create on DAG Run:example_xcom
[2025-01-15T12:19:43.760+0500] {logging_mixin.py:190} INFO - [2025-01-15T12:19:43.760+0500] {dag.py:3239} INFO - Sync 1 DAGs
[2025-01-15T12:19:43.771+0500] {logging_mixin.py:190} INFO - [2025-01-15T12:19:43.771+0500] {dag.py:3262} INFO - Creating ORM DAG for example_xcom
[2025-01-15T12:19:43.778+0500] {logging_mixin.py:190} INFO - [2025-01-15T12:19:43.778+0500] {dag.py:4180} INFO - Setting next_dagrun for example_xcom to 2021-01-01 00:00:00+00:00, run_after=2021-01-01 00:00:00+00:00
[2025-01-15T12:19:43.795+0500] {processor.py:208} INFO - Processing /Users/mac/Desktop/Comapny2/CryptoPortfolioAI/.venv/lib/python3.10/site-packages/airflow/example_dags/example_xcom.py took 0.310 seconds
[2025-01-15T23:20:35.659+0500] {processor.py:186} INFO - Started process (PID=3302) to work on /Users/mac/Desktop/Comapny2/CryptoPortfolioAI/.venv/lib/python3.10/site-packages/airflow/example_dags/example_xcom.py
[2025-01-15T23:20:35.661+0500] {processor.py:914} INFO - Processing file /Users/mac/Desktop/Comapny2/CryptoPortfolioAI/.venv/lib/python3.10/site-packages/airflow/example_dags/example_xcom.py for tasks to queue
[2025-01-15T23:20:35.663+0500] {logging_mixin.py:190} INFO - [2025-01-15T23:20:35.662+0500] {dagbag.py:588} INFO - Filling up the DagBag from /Users/mac/Desktop/Comapny2/CryptoPortfolioAI/.venv/lib/python3.10/site-packages/airflow/example_dags/example_xcom.py
[2025-01-15T23:20:35.704+0500] {processor.py:925} INFO - DAG(s) 'example_xcom' retrieved from /Users/mac/Desktop/Comapny2/CryptoPortfolioAI/.venv/lib/python3.10/site-packages/airflow/example_dags/example_xcom.py
[2025-01-15T23:20:35.817+0500] {logging_mixin.py:190} INFO - [2025-01-15T23:20:35.817+0500] {dag.py:3239} INFO - Sync 1 DAGs
[2025-01-15T23:20:35.835+0500] {logging_mixin.py:190} INFO - [2025-01-15T23:20:35.835+0500] {dag.py:4180} INFO - Setting next_dagrun for example_xcom to 2021-01-01 00:00:00+00:00, run_after=2021-01-01 00:00:00+00:00
[2025-01-15T23:20:35.856+0500] {processor.py:208} INFO - Processing /Users/mac/Desktop/Comapny2/CryptoPortfolioAI/.venv/lib/python3.10/site-packages/airflow/example_dags/example_xcom.py took 0.202 seconds
[2025-01-15T23:24:49.978+0500] {processor.py:186} INFO - Started process (PID=4445) to work on /Users/mac/Desktop/Comapny2/CryptoPortfolioAI/.venv/lib/python3.10/site-packages/airflow/example_dags/example_xcom.py
[2025-01-15T23:24:49.980+0500] {processor.py:914} INFO - Processing file /Users/mac/Desktop/Comapny2/CryptoPortfolioAI/.venv/lib/python3.10/site-packages/airflow/example_dags/example_xcom.py for tasks to queue
[2025-01-15T23:24:49.982+0500] {logging_mixin.py:190} INFO - [2025-01-15T23:24:49.982+0500] {dagbag.py:588} INFO - Filling up the DagBag from /Users/mac/Desktop/Comapny2/CryptoPortfolioAI/.venv/lib/python3.10/site-packages/airflow/example_dags/example_xcom.py
[2025-01-15T23:24:50.033+0500] {processor.py:925} INFO - DAG(s) 'example_xcom' retrieved from /Users/mac/Desktop/Comapny2/CryptoPortfolioAI/.venv/lib/python3.10/site-packages/airflow/example_dags/example_xcom.py
[2025-01-15T23:24:50.187+0500] {logging_mixin.py:190} INFO - [2025-01-15T23:24:50.186+0500] {dag.py:3239} INFO - Sync 1 DAGs
[2025-01-15T23:24:50.210+0500] {logging_mixin.py:190} INFO - [2025-01-15T23:24:50.209+0500] {dag.py:4180} INFO - Setting next_dagrun for example_xcom to 2021-01-01 00:00:00+00:00, run_after=2021-01-01 00:00:00+00:00
[2025-01-15T23:24:50.233+0500] {processor.py:208} INFO - Processing /Users/mac/Desktop/Comapny2/CryptoPortfolioAI/.venv/lib/python3.10/site-packages/airflow/example_dags/example_xcom.py took 0.260 seconds
[2025-01-15T23:28:53.587+0500] {processor.py:186} INFO - Started process (PID=5629) to work on /Users/mac/Desktop/Comapny2/CryptoPortfolioAI/.venv/lib/python3.10/site-packages/airflow/example_dags/example_xcom.py
[2025-01-15T23:28:53.589+0500] {processor.py:914} INFO - Processing file /Users/mac/Desktop/Comapny2/CryptoPortfolioAI/.venv/lib/python3.10/site-packages/airflow/example_dags/example_xcom.py for tasks to queue
[2025-01-15T23:28:53.591+0500] {logging_mixin.py:190} INFO - [2025-01-15T23:28:53.590+0500] {dagbag.py:588} INFO - Filling up the DagBag from /Users/mac/Desktop/Comapny2/CryptoPortfolioAI/.venv/lib/python3.10/site-packages/airflow/example_dags/example_xcom.py
[2025-01-15T23:28:53.639+0500] {processor.py:925} INFO - DAG(s) 'example_xcom' retrieved from /Users/mac/Desktop/Comapny2/CryptoPortfolioAI/.venv/lib/python3.10/site-packages/airflow/example_dags/example_xcom.py
[2025-01-15T23:28:53.760+0500] {logging_mixin.py:190} INFO - [2025-01-15T23:28:53.760+0500] {dag.py:3239} INFO - Sync 1 DAGs
[2025-01-15T23:28:53.780+0500] {logging_mixin.py:190} INFO - [2025-01-15T23:28:53.779+0500] {dag.py:4180} INFO - Setting next_dagrun for example_xcom to 2021-01-01 00:00:00+00:00, run_after=2021-01-01 00:00:00+00:00
[2025-01-15T23:28:53.802+0500] {processor.py:208} INFO - Processing /Users/mac/Desktop/Comapny2/CryptoPortfolioAI/.venv/lib/python3.10/site-packages/airflow/example_dags/example_xcom.py took 0.220 seconds
[2025-01-15T23:32:13.479+0500] {processor.py:186} INFO - Started process (PID=6656) to work on /Users/mac/Desktop/Comapny2/CryptoPortfolioAI/.venv/lib/python3.10/site-packages/airflow/example_dags/example_xcom.py
[2025-01-15T23:32:13.481+0500] {processor.py:914} INFO - Processing file /Users/mac/Desktop/Comapny2/CryptoPortfolioAI/.venv/lib/python3.10/site-packages/airflow/example_dags/example_xcom.py for tasks to queue
[2025-01-15T23:32:13.483+0500] {logging_mixin.py:190} INFO - [2025-01-15T23:32:13.483+0500] {dagbag.py:588} INFO - Filling up the DagBag from /Users/mac/Desktop/Comapny2/CryptoPortfolioAI/.venv/lib/python3.10/site-packages/airflow/example_dags/example_xcom.py
[2025-01-15T23:32:13.522+0500] {processor.py:925} INFO - DAG(s) 'example_xcom' retrieved from /Users/mac/Desktop/Comapny2/CryptoPortfolioAI/.venv/lib/python3.10/site-packages/airflow/example_dags/example_xcom.py
[2025-01-15T23:32:13.626+0500] {logging_mixin.py:190} INFO - [2025-01-15T23:32:13.625+0500] {dag.py:3239} INFO - Sync 1 DAGs
[2025-01-15T23:32:13.643+0500] {logging_mixin.py:190} INFO - [2025-01-15T23:32:13.643+0500] {dag.py:4180} INFO - Setting next_dagrun for example_xcom to 2021-01-01 00:00:00+00:00, run_after=2021-01-01 00:00:00+00:00
[2025-01-15T23:32:13.663+0500] {processor.py:208} INFO - Processing /Users/mac/Desktop/Comapny2/CryptoPortfolioAI/.venv/lib/python3.10/site-packages/airflow/example_dags/example_xcom.py took 0.189 seconds
[2025-01-15T23:35:04.858+0500] {processor.py:186} INFO - Started process (PID=7418) to work on /Users/mac/Desktop/Comapny2/CryptoPortfolioAI/.venv/lib/python3.10/site-packages/airflow/example_dags/example_xcom.py
[2025-01-15T23:35:04.860+0500] {processor.py:914} INFO - Processing file /Users/mac/Desktop/Comapny2/CryptoPortfolioAI/.venv/lib/python3.10/site-packages/airflow/example_dags/example_xcom.py for tasks to queue
[2025-01-15T23:35:04.862+0500] {logging_mixin.py:190} INFO - [2025-01-15T23:35:04.862+0500] {dagbag.py:588} INFO - Filling up the DagBag from /Users/mac/Desktop/Comapny2/CryptoPortfolioAI/.venv/lib/python3.10/site-packages/airflow/example_dags/example_xcom.py
[2025-01-15T23:35:04.901+0500] {processor.py:925} INFO - DAG(s) 'example_xcom' retrieved from /Users/mac/Desktop/Comapny2/CryptoPortfolioAI/.venv/lib/python3.10/site-packages/airflow/example_dags/example_xcom.py
[2025-01-15T23:35:05.007+0500] {logging_mixin.py:190} INFO - [2025-01-15T23:35:05.007+0500] {dag.py:3239} INFO - Sync 1 DAGs
[2025-01-15T23:35:05.024+0500] {logging_mixin.py:190} INFO - [2025-01-15T23:35:05.024+0500] {dag.py:4180} INFO - Setting next_dagrun for example_xcom to 2021-01-01 00:00:00+00:00, run_after=2021-01-01 00:00:00+00:00
[2025-01-15T23:35:05.045+0500] {processor.py:208} INFO - Processing /Users/mac/Desktop/Comapny2/CryptoPortfolioAI/.venv/lib/python3.10/site-packages/airflow/example_dags/example_xcom.py took 0.191 seconds
[2025-01-15T23:37:50.946+0500] {processor.py:186} INFO - Started process (PID=8190) to work on /Users/mac/Desktop/Comapny2/CryptoPortfolioAI/.venv/lib/python3.10/site-packages/airflow/example_dags/example_xcom.py
[2025-01-15T23:37:50.948+0500] {processor.py:914} INFO - Processing file /Users/mac/Desktop/Comapny2/CryptoPortfolioAI/.venv/lib/python3.10/site-packages/airflow/example_dags/example_xcom.py for tasks to queue
[2025-01-15T23:37:50.951+0500] {logging_mixin.py:190} INFO - [2025-01-15T23:37:50.950+0500] {dagbag.py:588} INFO - Filling up the DagBag from /Users/mac/Desktop/Comapny2/CryptoPortfolioAI/.venv/lib/python3.10/site-packages/airflow/example_dags/example_xcom.py
[2025-01-15T23:37:50.988+0500] {processor.py:925} INFO - DAG(s) 'example_xcom' retrieved from /Users/mac/Desktop/Comapny2/CryptoPortfolioAI/.venv/lib/python3.10/site-packages/airflow/example_dags/example_xcom.py
[2025-01-15T23:37:51.091+0500] {logging_mixin.py:190} INFO - [2025-01-15T23:37:51.091+0500] {dag.py:3239} INFO - Sync 1 DAGs
[2025-01-15T23:37:51.110+0500] {logging_mixin.py:190} INFO - [2025-01-15T23:37:51.109+0500] {dag.py:4180} INFO - Setting next_dagrun for example_xcom to 2021-01-01 00:00:00+00:00, run_after=2021-01-01 00:00:00+00:00
[2025-01-15T23:37:51.129+0500] {processor.py:208} INFO - Processing /Users/mac/Desktop/Comapny2/CryptoPortfolioAI/.venv/lib/python3.10/site-packages/airflow/example_dags/example_xcom.py took 0.188 seconds
[2025-01-15T23:40:55.139+0500] {processor.py:186} INFO - Started process (PID=8962) to work on /Users/mac/Desktop/Comapny2/CryptoPortfolioAI/.venv/lib/python3.10/site-packages/airflow/example_dags/example_xcom.py
[2025-01-15T23:40:55.142+0500] {processor.py:914} INFO - Processing file /Users/mac/Desktop/Comapny2/CryptoPortfolioAI/.venv/lib/python3.10/site-packages/airflow/example_dags/example_xcom.py for tasks to queue
[2025-01-15T23:40:55.145+0500] {logging_mixin.py:190} INFO - [2025-01-15T23:40:55.144+0500] {dagbag.py:588} INFO - Filling up the DagBag from /Users/mac/Desktop/Comapny2/CryptoPortfolioAI/.venv/lib/python3.10/site-packages/airflow/example_dags/example_xcom.py
[2025-01-15T23:40:55.190+0500] {processor.py:925} INFO - DAG(s) 'example_xcom' retrieved from /Users/mac/Desktop/Comapny2/CryptoPortfolioAI/.venv/lib/python3.10/site-packages/airflow/example_dags/example_xcom.py
[2025-01-15T23:40:55.333+0500] {logging_mixin.py:190} INFO - [2025-01-15T23:40:55.333+0500] {dag.py:3239} INFO - Sync 1 DAGs
[2025-01-15T23:40:55.361+0500] {logging_mixin.py:190} INFO - [2025-01-15T23:40:55.361+0500] {dag.py:4180} INFO - Setting next_dagrun for example_xcom to 2021-01-01 00:00:00+00:00, run_after=2021-01-01 00:00:00+00:00
[2025-01-15T23:40:55.383+0500] {processor.py:208} INFO - Processing /Users/mac/Desktop/Comapny2/CryptoPortfolioAI/.venv/lib/python3.10/site-packages/airflow/example_dags/example_xcom.py took 0.250 seconds
[2025-01-15T23:44:11.218+0500] {processor.py:186} INFO - Started process (PID=9757) to work on /Users/mac/Desktop/Comapny2/CryptoPortfolioAI/.venv/lib/python3.10/site-packages/airflow/example_dags/example_xcom.py
[2025-01-15T23:44:11.220+0500] {processor.py:914} INFO - Processing file /Users/mac/Desktop/Comapny2/CryptoPortfolioAI/.venv/lib/python3.10/site-packages/airflow/example_dags/example_xcom.py for tasks to queue
[2025-01-15T23:44:11.222+0500] {logging_mixin.py:190} INFO - [2025-01-15T23:44:11.222+0500] {dagbag.py:588} INFO - Filling up the DagBag from /Users/mac/Desktop/Comapny2/CryptoPortfolioAI/.venv/lib/python3.10/site-packages/airflow/example_dags/example_xcom.py
[2025-01-15T23:44:11.283+0500] {processor.py:925} INFO - DAG(s) 'example_xcom' retrieved from /Users/mac/Desktop/Comapny2/CryptoPortfolioAI/.venv/lib/python3.10/site-packages/airflow/example_dags/example_xcom.py
[2025-01-15T23:44:11.459+0500] {logging_mixin.py:190} INFO - [2025-01-15T23:44:11.459+0500] {dag.py:3239} INFO - Sync 1 DAGs
[2025-01-15T23:44:11.496+0500] {logging_mixin.py:190} INFO - [2025-01-15T23:44:11.496+0500] {dag.py:4180} INFO - Setting next_dagrun for example_xcom to 2021-01-01 00:00:00+00:00, run_after=2021-01-01 00:00:00+00:00
[2025-01-15T23:44:11.529+0500] {processor.py:208} INFO - Processing /Users/mac/Desktop/Comapny2/CryptoPortfolioAI/.venv/lib/python3.10/site-packages/airflow/example_dags/example_xcom.py took 0.316 seconds
