[2025-01-15T12:19:39.909+0500] {processor.py:186} INFO - Started process (PID=36267) to work on /Users/mac/Desktop/Comapny2/CryptoPortfolioAI/.venv/lib/python3.10/site-packages/airflow/example_dags/example_xcomargs.py
[2025-01-15T12:19:39.911+0500] {processor.py:914} INFO - Processing file /Users/mac/Desktop/Comapny2/CryptoPortfolioAI/.venv/lib/python3.10/site-packages/airflow/example_dags/example_xcomargs.py for tasks to queue
[2025-01-15T12:19:39.912+0500] {logging_mixin.py:190} INFO - [2025-01-15T12:19:39.911+0500] {dagbag.py:588} INFO - Filling up the DagBag from /Users/mac/Desktop/Comapny2/CryptoPortfolioAI/.venv/lib/python3.10/site-packages/airflow/example_dags/example_xcomargs.py
[2025-01-15T12:19:39.957+0500] {processor.py:925} INFO - DAG(s) 'example_xcom_args_with_operators', 'example_xcom_args' retrieved from /Users/mac/Desktop/Comapny2/CryptoPortfolioAI/.venv/lib/python3.10/site-packages/airflow/example_dags/example_xcomargs.py
[2025-01-15T12:19:40.186+0500] {logging_mixin.py:190} INFO - [2025-01-15T12:19:40.185+0500] {override.py:1912} INFO - Created Permission View: can delete on DAG:example_xcom_args_with_operators
[2025-01-15T12:19:40.196+0500] {logging_mixin.py:190} INFO - [2025-01-15T12:19:40.196+0500] {override.py:1912} INFO - Created Permission View: can read on DAG:example_xcom_args_with_operators
[2025-01-15T12:19:40.204+0500] {logging_mixin.py:190} INFO - [2025-01-15T12:19:40.204+0500] {override.py:1912} INFO - Created Permission View: can edit on DAG:example_xcom_args_with_operators
[2025-01-15T12:19:40.213+0500] {logging_mixin.py:190} INFO - [2025-01-15T12:19:40.213+0500] {override.py:1912} INFO - Created Permission View: can delete on DAG Run:example_xcom_args_with_operators
[2025-01-15T12:19:40.222+0500] {logging_mixin.py:190} INFO - [2025-01-15T12:19:40.221+0500] {override.py:1912} INFO - Created Permission View: can read on DAG Run:example_xcom_args_with_operators
[2025-01-15T12:19:40.230+0500] {logging_mixin.py:190} INFO - [2025-01-15T12:19:40.229+0500] {override.py:1912} INFO - Created Permission View: can create on DAG Run:example_xcom_args_with_operators
[2025-01-15T12:19:40.244+0500] {logging_mixin.py:190} INFO - [2025-01-15T12:19:40.243+0500] {override.py:1912} INFO - Created Permission View: menu access on DAG Run:example_xcom_args_with_operators
[2025-01-15T12:19:40.277+0500] {logging_mixin.py:190} INFO - [2025-01-15T12:19:40.276+0500] {override.py:1912} INFO - Created Permission View: can delete on DAG:example_xcom_args
[2025-01-15T12:19:40.289+0500] {logging_mixin.py:190} INFO - [2025-01-15T12:19:40.289+0500] {override.py:1912} INFO - Created Permission View: can read on DAG:example_xcom_args
[2025-01-15T12:19:40.298+0500] {logging_mixin.py:190} INFO - [2025-01-15T12:19:40.298+0500] {override.py:1912} INFO - Created Permission View: can edit on DAG:example_xcom_args
[2025-01-15T12:19:40.310+0500] {logging_mixin.py:190} INFO - [2025-01-15T12:19:40.309+0500] {override.py:1912} INFO - Created Permission View: can delete on DAG Run:example_xcom_args
[2025-01-15T12:19:40.320+0500] {logging_mixin.py:190} INFO - [2025-01-15T12:19:40.319+0500] {override.py:1912} INFO - Created Permission View: can read on DAG Run:example_xcom_args
[2025-01-15T12:19:40.328+0500] {logging_mixin.py:190} INFO - [2025-01-15T12:19:40.327+0500] {override.py:1912} INFO - Created Permission View: can create on DAG Run:example_xcom_args
[2025-01-15T12:19:40.338+0500] {logging_mixin.py:190} INFO - [2025-01-15T12:19:40.338+0500] {override.py:1912} INFO - Created Permission View: menu access on DAG Run:example_xcom_args
[2025-01-15T12:19:40.339+0500] {logging_mixin.py:190} INFO - [2025-01-15T12:19:40.339+0500] {dag.py:3239} INFO - Sync 2 DAGs
[2025-01-15T12:19:40.356+0500] {logging_mixin.py:190} INFO - [2025-01-15T12:19:40.355+0500] {dag.py:3262} INFO - Creating ORM DAG for example_xcom_args_with_operators
[2025-01-15T12:19:40.356+0500] {logging_mixin.py:190} INFO - [2025-01-15T12:19:40.356+0500] {dag.py:3262} INFO - Creating ORM DAG for example_xcom_args
[2025-01-15T12:19:40.357+0500] {logging_mixin.py:190} INFO - [2025-01-15T12:19:40.357+0500] {dag.py:4180} INFO - Setting next_dagrun for example_xcom_args to None, run_after=None
[2025-01-15T12:19:40.358+0500] {logging_mixin.py:190} INFO - [2025-01-15T12:19:40.357+0500] {dag.py:4180} INFO - Setting next_dagrun for example_xcom_args_with_operators to None, run_after=None
[2025-01-15T12:19:40.380+0500] {processor.py:208} INFO - Processing /Users/mac/Desktop/Comapny2/CryptoPortfolioAI/.venv/lib/python3.10/site-packages/airflow/example_dags/example_xcomargs.py took 0.477 seconds
