[2025-01-15T23:21:45.980+0500] {processor.py:186} INFO - Started process (PID=3624) to work on /Users/mac/Desktop/Comapny2/CryptoPortfolioAI/.venv/lib/python3.10/site-packages/airflow/example_dags/example_python_operator.py
[2025-01-15T23:21:45.982+0500] {processor.py:914} INFO - Processing file /Users/mac/Desktop/Comapny2/CryptoPortfolioAI/.venv/lib/python3.10/site-packages/airflow/example_dags/example_python_operator.py for tasks to queue
[2025-01-15T23:21:45.984+0500] {logging_mixin.py:190} INFO - [2025-01-15T23:21:45.983+0500] {dagbag.py:588} INFO - Filling up the DagBag from /Users/mac/Desktop/Comapny2/CryptoPortfolioAI/.venv/lib/python3.10/site-packages/airflow/example_dags/example_python_operator.py
[2025-01-15T23:21:46.012+0500] {logging_mixin.py:190} INFO - [2025-01-15T23:21:46.011+0500] {example_python_operator.py:93} WARNING - The virtalenv_python example task requires virtualenv, please install it.
[2025-01-15T23:21:46.016+0500] {processor.py:925} INFO - DAG(s) 'example_python_operator' retrieved from /Users/mac/Desktop/Comapny2/CryptoPortfolioAI/.venv/lib/python3.10/site-packages/airflow/example_dags/example_python_operator.py
[2025-01-15T23:21:46.237+0500] {logging_mixin.py:190} INFO - [2025-01-15T23:21:46.237+0500] {override.py:1912} INFO - Created Permission View: can read on DAG:example_python_operator
[2025-01-15T23:21:46.249+0500] {logging_mixin.py:190} INFO - [2025-01-15T23:21:46.249+0500] {override.py:1912} INFO - Created Permission View: can edit on DAG:example_python_operator
[2025-01-15T23:21:46.259+0500] {logging_mixin.py:190} INFO - [2025-01-15T23:21:46.258+0500] {override.py:1912} INFO - Created Permission View: can delete on DAG:example_python_operator
[2025-01-15T23:21:46.269+0500] {logging_mixin.py:190} INFO - [2025-01-15T23:21:46.269+0500] {override.py:1912} INFO - Created Permission View: can read on DAG Run:example_python_operator
[2025-01-15T23:21:46.276+0500] {logging_mixin.py:190} INFO - [2025-01-15T23:21:46.276+0500] {override.py:1912} INFO - Created Permission View: can create on DAG Run:example_python_operator
[2025-01-15T23:21:46.285+0500] {logging_mixin.py:190} INFO - [2025-01-15T23:21:46.285+0500] {override.py:1912} INFO - Created Permission View: menu access on DAG Run:example_python_operator
[2025-01-15T23:21:46.293+0500] {logging_mixin.py:190} INFO - [2025-01-15T23:21:46.292+0500] {override.py:1912} INFO - Created Permission View: can delete on DAG Run:example_python_operator
[2025-01-15T23:21:46.293+0500] {logging_mixin.py:190} INFO - [2025-01-15T23:21:46.293+0500] {dag.py:3239} INFO - Sync 1 DAGs
[2025-01-15T23:21:46.308+0500] {logging_mixin.py:190} INFO - [2025-01-15T23:21:46.308+0500] {dag.py:3262} INFO - Creating ORM DAG for example_python_operator
[2025-01-15T23:21:46.309+0500] {logging_mixin.py:190} INFO - [2025-01-15T23:21:46.308+0500] {dag.py:4180} INFO - Setting next_dagrun for example_python_operator to None, run_after=None
[2025-01-15T23:21:46.328+0500] {processor.py:208} INFO - Processing /Users/mac/Desktop/Comapny2/CryptoPortfolioAI/.venv/lib/python3.10/site-packages/airflow/example_dags/example_python_operator.py took 0.353 seconds
[2025-01-15T23:26:00.919+0500] {processor.py:186} INFO - Started process (PID=4740) to work on /Users/mac/Desktop/Comapny2/CryptoPortfolioAI/.venv/lib/python3.10/site-packages/airflow/example_dags/example_python_operator.py
[2025-01-15T23:26:00.921+0500] {processor.py:914} INFO - Processing file /Users/mac/Desktop/Comapny2/CryptoPortfolioAI/.venv/lib/python3.10/site-packages/airflow/example_dags/example_python_operator.py for tasks to queue
[2025-01-15T23:26:00.924+0500] {logging_mixin.py:190} INFO - [2025-01-15T23:26:00.923+0500] {dagbag.py:588} INFO - Filling up the DagBag from /Users/mac/Desktop/Comapny2/CryptoPortfolioAI/.venv/lib/python3.10/site-packages/airflow/example_dags/example_python_operator.py
[2025-01-15T23:26:00.956+0500] {logging_mixin.py:190} INFO - [2025-01-15T23:26:00.955+0500] {example_python_operator.py:93} WARNING - The virtalenv_python example task requires virtualenv, please install it.
[2025-01-15T23:26:00.960+0500] {processor.py:925} INFO - DAG(s) 'example_python_operator' retrieved from /Users/mac/Desktop/Comapny2/CryptoPortfolioAI/.venv/lib/python3.10/site-packages/airflow/example_dags/example_python_operator.py
[2025-01-15T23:26:01.099+0500] {logging_mixin.py:190} INFO - [2025-01-15T23:26:01.099+0500] {dag.py:3239} INFO - Sync 1 DAGs
[2025-01-15T23:26:01.111+0500] {logging_mixin.py:190} INFO - [2025-01-15T23:26:01.110+0500] {dag.py:4180} INFO - Setting next_dagrun for example_python_operator to None, run_after=None
[2025-01-15T23:26:01.136+0500] {processor.py:208} INFO - Processing /Users/mac/Desktop/Comapny2/CryptoPortfolioAI/.venv/lib/python3.10/site-packages/airflow/example_dags/example_python_operator.py took 0.223 seconds
[2025-01-15T23:30:04.760+0500] {processor.py:186} INFO - Started process (PID=5981) to work on /Users/mac/Desktop/Comapny2/CryptoPortfolioAI/.venv/lib/python3.10/site-packages/airflow/example_dags/example_python_operator.py
[2025-01-15T23:30:04.762+0500] {processor.py:914} INFO - Processing file /Users/mac/Desktop/Comapny2/CryptoPortfolioAI/.venv/lib/python3.10/site-packages/airflow/example_dags/example_python_operator.py for tasks to queue
[2025-01-15T23:30:04.763+0500] {logging_mixin.py:190} INFO - [2025-01-15T23:30:04.763+0500] {dagbag.py:588} INFO - Filling up the DagBag from /Users/mac/Desktop/Comapny2/CryptoPortfolioAI/.venv/lib/python3.10/site-packages/airflow/example_dags/example_python_operator.py
[2025-01-15T23:30:04.788+0500] {logging_mixin.py:190} INFO - [2025-01-15T23:30:04.788+0500] {example_python_operator.py:93} WARNING - The virtalenv_python example task requires virtualenv, please install it.
[2025-01-15T23:30:04.792+0500] {processor.py:925} INFO - DAG(s) 'example_python_operator' retrieved from /Users/mac/Desktop/Comapny2/CryptoPortfolioAI/.venv/lib/python3.10/site-packages/airflow/example_dags/example_python_operator.py
[2025-01-15T23:30:04.909+0500] {logging_mixin.py:190} INFO - [2025-01-15T23:30:04.909+0500] {dag.py:3239} INFO - Sync 1 DAGs
[2025-01-15T23:30:04.921+0500] {logging_mixin.py:190} INFO - [2025-01-15T23:30:04.921+0500] {dag.py:4180} INFO - Setting next_dagrun for example_python_operator to None, run_after=None
[2025-01-15T23:30:04.944+0500] {processor.py:208} INFO - Processing /Users/mac/Desktop/Comapny2/CryptoPortfolioAI/.venv/lib/python3.10/site-packages/airflow/example_dags/example_python_operator.py took 0.189 seconds
[2025-01-15T23:33:09.028+0500] {processor.py:186} INFO - Started process (PID=6902) to work on /Users/mac/Desktop/Comapny2/CryptoPortfolioAI/.venv/lib/python3.10/site-packages/airflow/example_dags/example_python_operator.py
[2025-01-15T23:33:09.030+0500] {processor.py:914} INFO - Processing file /Users/mac/Desktop/Comapny2/CryptoPortfolioAI/.venv/lib/python3.10/site-packages/airflow/example_dags/example_python_operator.py for tasks to queue
[2025-01-15T23:33:09.032+0500] {logging_mixin.py:190} INFO - [2025-01-15T23:33:09.031+0500] {dagbag.py:588} INFO - Filling up the DagBag from /Users/mac/Desktop/Comapny2/CryptoPortfolioAI/.venv/lib/python3.10/site-packages/airflow/example_dags/example_python_operator.py
[2025-01-15T23:33:09.056+0500] {logging_mixin.py:190} INFO - [2025-01-15T23:33:09.056+0500] {example_python_operator.py:93} WARNING - The virtalenv_python example task requires virtualenv, please install it.
[2025-01-15T23:33:09.060+0500] {processor.py:925} INFO - DAG(s) 'example_python_operator' retrieved from /Users/mac/Desktop/Comapny2/CryptoPortfolioAI/.venv/lib/python3.10/site-packages/airflow/example_dags/example_python_operator.py
[2025-01-15T23:33:09.173+0500] {logging_mixin.py:190} INFO - [2025-01-15T23:33:09.172+0500] {dag.py:3239} INFO - Sync 1 DAGs
[2025-01-15T23:33:09.184+0500] {logging_mixin.py:190} INFO - [2025-01-15T23:33:09.184+0500] {dag.py:4180} INFO - Setting next_dagrun for example_python_operator to None, run_after=None
[2025-01-15T23:33:09.206+0500] {processor.py:208} INFO - Processing /Users/mac/Desktop/Comapny2/CryptoPortfolioAI/.venv/lib/python3.10/site-packages/airflow/example_dags/example_python_operator.py took 0.182 seconds
[2025-01-15T23:35:59.795+0500] {processor.py:186} INFO - Started process (PID=7654) to work on /Users/mac/Desktop/Comapny2/CryptoPortfolioAI/.venv/lib/python3.10/site-packages/airflow/example_dags/example_python_operator.py
[2025-01-15T23:35:59.798+0500] {processor.py:914} INFO - Processing file /Users/mac/Desktop/Comapny2/CryptoPortfolioAI/.venv/lib/python3.10/site-packages/airflow/example_dags/example_python_operator.py for tasks to queue
[2025-01-15T23:35:59.800+0500] {logging_mixin.py:190} INFO - [2025-01-15T23:35:59.800+0500] {dagbag.py:588} INFO - Filling up the DagBag from /Users/mac/Desktop/Comapny2/CryptoPortfolioAI/.venv/lib/python3.10/site-packages/airflow/example_dags/example_python_operator.py
[2025-01-15T23:35:59.825+0500] {logging_mixin.py:190} INFO - [2025-01-15T23:35:59.824+0500] {example_python_operator.py:93} WARNING - The virtalenv_python example task requires virtualenv, please install it.
[2025-01-15T23:35:59.828+0500] {processor.py:925} INFO - DAG(s) 'example_python_operator' retrieved from /Users/mac/Desktop/Comapny2/CryptoPortfolioAI/.venv/lib/python3.10/site-packages/airflow/example_dags/example_python_operator.py
[2025-01-15T23:35:59.938+0500] {logging_mixin.py:190} INFO - [2025-01-15T23:35:59.937+0500] {dag.py:3239} INFO - Sync 1 DAGs
[2025-01-15T23:35:59.949+0500] {logging_mixin.py:190} INFO - [2025-01-15T23:35:59.948+0500] {dag.py:4180} INFO - Setting next_dagrun for example_python_operator to None, run_after=None
[2025-01-15T23:35:59.967+0500] {processor.py:208} INFO - Processing /Users/mac/Desktop/Comapny2/CryptoPortfolioAI/.venv/lib/python3.10/site-packages/airflow/example_dags/example_python_operator.py took 0.177 seconds
[2025-01-15T23:38:45.372+0500] {processor.py:186} INFO - Started process (PID=8424) to work on /Users/mac/Desktop/Comapny2/CryptoPortfolioAI/.venv/lib/python3.10/site-packages/airflow/example_dags/example_python_operator.py
[2025-01-15T23:38:45.375+0500] {processor.py:914} INFO - Processing file /Users/mac/Desktop/Comapny2/CryptoPortfolioAI/.venv/lib/python3.10/site-packages/airflow/example_dags/example_python_operator.py for tasks to queue
[2025-01-15T23:38:45.377+0500] {logging_mixin.py:190} INFO - [2025-01-15T23:38:45.377+0500] {dagbag.py:588} INFO - Filling up the DagBag from /Users/mac/Desktop/Comapny2/CryptoPortfolioAI/.venv/lib/python3.10/site-packages/airflow/example_dags/example_python_operator.py
[2025-01-15T23:38:45.400+0500] {logging_mixin.py:190} INFO - [2025-01-15T23:38:45.399+0500] {example_python_operator.py:93} WARNING - The virtalenv_python example task requires virtualenv, please install it.
[2025-01-15T23:38:45.403+0500] {processor.py:925} INFO - DAG(s) 'example_python_operator' retrieved from /Users/mac/Desktop/Comapny2/CryptoPortfolioAI/.venv/lib/python3.10/site-packages/airflow/example_dags/example_python_operator.py
[2025-01-15T23:38:45.509+0500] {logging_mixin.py:190} INFO - [2025-01-15T23:38:45.508+0500] {dag.py:3239} INFO - Sync 1 DAGs
[2025-01-15T23:38:45.520+0500] {logging_mixin.py:190} INFO - [2025-01-15T23:38:45.520+0500] {dag.py:4180} INFO - Setting next_dagrun for example_python_operator to None, run_after=None
[2025-01-15T23:38:45.541+0500] {processor.py:208} INFO - Processing /Users/mac/Desktop/Comapny2/CryptoPortfolioAI/.venv/lib/python3.10/site-packages/airflow/example_dags/example_python_operator.py took 0.173 seconds
[2025-01-15T23:42:02.133+0500] {processor.py:186} INFO - Started process (PID=9205) to work on /Users/mac/Desktop/Comapny2/CryptoPortfolioAI/.venv/lib/python3.10/site-packages/airflow/example_dags/example_python_operator.py
[2025-01-15T23:42:02.136+0500] {processor.py:914} INFO - Processing file /Users/mac/Desktop/Comapny2/CryptoPortfolioAI/.venv/lib/python3.10/site-packages/airflow/example_dags/example_python_operator.py for tasks to queue
[2025-01-15T23:42:02.138+0500] {logging_mixin.py:190} INFO - [2025-01-15T23:42:02.137+0500] {dagbag.py:588} INFO - Filling up the DagBag from /Users/mac/Desktop/Comapny2/CryptoPortfolioAI/.venv/lib/python3.10/site-packages/airflow/example_dags/example_python_operator.py
[2025-01-15T23:42:02.172+0500] {logging_mixin.py:190} INFO - [2025-01-15T23:42:02.172+0500] {example_python_operator.py:93} WARNING - The virtalenv_python example task requires virtualenv, please install it.
[2025-01-15T23:42:02.177+0500] {processor.py:925} INFO - DAG(s) 'example_python_operator' retrieved from /Users/mac/Desktop/Comapny2/CryptoPortfolioAI/.venv/lib/python3.10/site-packages/airflow/example_dags/example_python_operator.py
[2025-01-15T23:42:02.330+0500] {logging_mixin.py:190} INFO - [2025-01-15T23:42:02.330+0500] {dag.py:3239} INFO - Sync 1 DAGs
[2025-01-15T23:42:02.348+0500] {logging_mixin.py:190} INFO - [2025-01-15T23:42:02.348+0500] {dag.py:4180} INFO - Setting next_dagrun for example_python_operator to None, run_after=None
[2025-01-15T23:42:02.374+0500] {processor.py:208} INFO - Processing /Users/mac/Desktop/Comapny2/CryptoPortfolioAI/.venv/lib/python3.10/site-packages/airflow/example_dags/example_python_operator.py took 0.248 seconds
