[2025-01-15T12:19:32.962+0500] {processor.py:186} INFO - Started process (PID=36241) to work on /Users/mac/Desktop/Comapny2/CryptoPortfolioAI/.venv/lib/python3.10/site-packages/airflow/example_dags/tutorial_dag.py
[2025-01-15T12:19:32.964+0500] {processor.py:914} INFO - Processing file /Users/mac/Desktop/Comapny2/CryptoPortfolioAI/.venv/lib/python3.10/site-packages/airflow/example_dags/tutorial_dag.py for tasks to queue
[2025-01-15T12:19:32.966+0500] {logging_mixin.py:190} INFO - [2025-01-15T12:19:32.966+0500] {dagbag.py:588} INFO - Filling up the DagBag from /Users/mac/Desktop/Comapny2/CryptoPortfolioAI/.venv/lib/python3.10/site-packages/airflow/example_dags/tutorial_dag.py
[2025-01-15T12:19:33.003+0500] {processor.py:925} INFO - DAG(s) 'tutorial_dag' retrieved from /Users/mac/Desktop/Comapny2/CryptoPortfolioAI/.venv/lib/python3.10/site-packages/airflow/example_dags/tutorial_dag.py
[2025-01-15T12:19:33.220+0500] {logging_mixin.py:190} INFO - [2025-01-15T12:19:33.220+0500] {override.py:1912} INFO - Created Permission View: can edit on DAG:tutorial_dag
[2025-01-15T12:19:33.229+0500] {logging_mixin.py:190} INFO - [2025-01-15T12:19:33.229+0500] {override.py:1912} INFO - Created Permission View: can delete on DAG:tutorial_dag
[2025-01-15T12:19:33.238+0500] {logging_mixin.py:190} INFO - [2025-01-15T12:19:33.238+0500] {override.py:1912} INFO - Created Permission View: can read on DAG:tutorial_dag
[2025-01-15T12:19:33.247+0500] {logging_mixin.py:190} INFO - [2025-01-15T12:19:33.247+0500] {override.py:1912} INFO - Created Permission View: menu access on DAG Run:tutorial_dag
[2025-01-15T12:19:33.255+0500] {logging_mixin.py:190} INFO - [2025-01-15T12:19:33.255+0500] {override.py:1912} INFO - Created Permission View: can delete on DAG Run:tutorial_dag
[2025-01-15T12:19:33.261+0500] {logging_mixin.py:190} INFO - [2025-01-15T12:19:33.261+0500] {override.py:1912} INFO - Created Permission View: can read on DAG Run:tutorial_dag
[2025-01-15T12:19:33.269+0500] {logging_mixin.py:190} INFO - [2025-01-15T12:19:33.269+0500] {override.py:1912} INFO - Created Permission View: can create on DAG Run:tutorial_dag
[2025-01-15T12:19:33.270+0500] {logging_mixin.py:190} INFO - [2025-01-15T12:19:33.269+0500] {dag.py:3239} INFO - Sync 1 DAGs
[2025-01-15T12:19:33.282+0500] {logging_mixin.py:190} INFO - [2025-01-15T12:19:33.282+0500] {dag.py:3262} INFO - Creating ORM DAG for tutorial_dag
[2025-01-15T12:19:33.283+0500] {logging_mixin.py:190} INFO - [2025-01-15T12:19:33.283+0500] {dag.py:4180} INFO - Setting next_dagrun for tutorial_dag to None, run_after=None
[2025-01-15T12:19:33.300+0500] {processor.py:208} INFO - Processing /Users/mac/Desktop/Comapny2/CryptoPortfolioAI/.venv/lib/python3.10/site-packages/airflow/example_dags/tutorial_dag.py took 0.343 seconds
[2025-01-15T23:20:24.734+0500] {processor.py:186} INFO - Started process (PID=3251) to work on /Users/mac/Desktop/Comapny2/CryptoPortfolioAI/.venv/lib/python3.10/site-packages/airflow/example_dags/tutorial_dag.py
[2025-01-15T23:20:24.736+0500] {processor.py:914} INFO - Processing file /Users/mac/Desktop/Comapny2/CryptoPortfolioAI/.venv/lib/python3.10/site-packages/airflow/example_dags/tutorial_dag.py for tasks to queue
[2025-01-15T23:20:24.737+0500] {logging_mixin.py:190} INFO - [2025-01-15T23:20:24.737+0500] {dagbag.py:588} INFO - Filling up the DagBag from /Users/mac/Desktop/Comapny2/CryptoPortfolioAI/.venv/lib/python3.10/site-packages/airflow/example_dags/tutorial_dag.py
[2025-01-15T23:20:24.771+0500] {processor.py:925} INFO - DAG(s) 'tutorial_dag' retrieved from /Users/mac/Desktop/Comapny2/CryptoPortfolioAI/.venv/lib/python3.10/site-packages/airflow/example_dags/tutorial_dag.py
[2025-01-15T23:20:24.873+0500] {logging_mixin.py:190} INFO - [2025-01-15T23:20:24.872+0500] {dag.py:3239} INFO - Sync 1 DAGs
[2025-01-15T23:20:24.883+0500] {logging_mixin.py:190} INFO - [2025-01-15T23:20:24.883+0500] {dag.py:4180} INFO - Setting next_dagrun for tutorial_dag to None, run_after=None
[2025-01-15T23:20:24.903+0500] {processor.py:208} INFO - Processing /Users/mac/Desktop/Comapny2/CryptoPortfolioAI/.venv/lib/python3.10/site-packages/airflow/example_dags/tutorial_dag.py took 0.174 seconds
[2025-01-15T23:24:38.829+0500] {processor.py:186} INFO - Started process (PID=4402) to work on /Users/mac/Desktop/Comapny2/CryptoPortfolioAI/.venv/lib/python3.10/site-packages/airflow/example_dags/tutorial_dag.py
[2025-01-15T23:24:38.831+0500] {processor.py:914} INFO - Processing file /Users/mac/Desktop/Comapny2/CryptoPortfolioAI/.venv/lib/python3.10/site-packages/airflow/example_dags/tutorial_dag.py for tasks to queue
[2025-01-15T23:24:38.833+0500] {logging_mixin.py:190} INFO - [2025-01-15T23:24:38.833+0500] {dagbag.py:588} INFO - Filling up the DagBag from /Users/mac/Desktop/Comapny2/CryptoPortfolioAI/.venv/lib/python3.10/site-packages/airflow/example_dags/tutorial_dag.py
[2025-01-15T23:24:38.860+0500] {processor.py:925} INFO - DAG(s) 'tutorial_dag' retrieved from /Users/mac/Desktop/Comapny2/CryptoPortfolioAI/.venv/lib/python3.10/site-packages/airflow/example_dags/tutorial_dag.py
[2025-01-15T23:24:38.967+0500] {logging_mixin.py:190} INFO - [2025-01-15T23:24:38.967+0500] {dag.py:3239} INFO - Sync 1 DAGs
[2025-01-15T23:24:38.978+0500] {logging_mixin.py:190} INFO - [2025-01-15T23:24:38.977+0500] {dag.py:4180} INFO - Setting next_dagrun for tutorial_dag to None, run_after=None
[2025-01-15T23:24:38.998+0500] {processor.py:208} INFO - Processing /Users/mac/Desktop/Comapny2/CryptoPortfolioAI/.venv/lib/python3.10/site-packages/airflow/example_dags/tutorial_dag.py took 0.174 seconds
[2025-01-15T23:28:42.961+0500] {processor.py:186} INFO - Started process (PID=5580) to work on /Users/mac/Desktop/Comapny2/CryptoPortfolioAI/.venv/lib/python3.10/site-packages/airflow/example_dags/tutorial_dag.py
[2025-01-15T23:28:42.963+0500] {processor.py:914} INFO - Processing file /Users/mac/Desktop/Comapny2/CryptoPortfolioAI/.venv/lib/python3.10/site-packages/airflow/example_dags/tutorial_dag.py for tasks to queue
[2025-01-15T23:28:42.965+0500] {logging_mixin.py:190} INFO - [2025-01-15T23:28:42.965+0500] {dagbag.py:588} INFO - Filling up the DagBag from /Users/mac/Desktop/Comapny2/CryptoPortfolioAI/.venv/lib/python3.10/site-packages/airflow/example_dags/tutorial_dag.py
[2025-01-15T23:28:42.993+0500] {processor.py:925} INFO - DAG(s) 'tutorial_dag' retrieved from /Users/mac/Desktop/Comapny2/CryptoPortfolioAI/.venv/lib/python3.10/site-packages/airflow/example_dags/tutorial_dag.py
[2025-01-15T23:28:43.103+0500] {logging_mixin.py:190} INFO - [2025-01-15T23:28:43.103+0500] {dag.py:3239} INFO - Sync 1 DAGs
[2025-01-15T23:28:43.114+0500] {logging_mixin.py:190} INFO - [2025-01-15T23:28:43.114+0500] {dag.py:4180} INFO - Setting next_dagrun for tutorial_dag to None, run_after=None
[2025-01-15T23:28:43.138+0500] {processor.py:208} INFO - Processing /Users/mac/Desktop/Comapny2/CryptoPortfolioAI/.venv/lib/python3.10/site-packages/airflow/example_dags/tutorial_dag.py took 0.182 seconds
[2025-01-15T23:32:03.367+0500] {processor.py:186} INFO - Started process (PID=6610) to work on /Users/mac/Desktop/Comapny2/CryptoPortfolioAI/.venv/lib/python3.10/site-packages/airflow/example_dags/tutorial_dag.py
[2025-01-15T23:32:03.369+0500] {processor.py:914} INFO - Processing file /Users/mac/Desktop/Comapny2/CryptoPortfolioAI/.venv/lib/python3.10/site-packages/airflow/example_dags/tutorial_dag.py for tasks to queue
[2025-01-15T23:32:03.371+0500] {logging_mixin.py:190} INFO - [2025-01-15T23:32:03.371+0500] {dagbag.py:588} INFO - Filling up the DagBag from /Users/mac/Desktop/Comapny2/CryptoPortfolioAI/.venv/lib/python3.10/site-packages/airflow/example_dags/tutorial_dag.py
[2025-01-15T23:32:03.396+0500] {processor.py:925} INFO - DAG(s) 'tutorial_dag' retrieved from /Users/mac/Desktop/Comapny2/CryptoPortfolioAI/.venv/lib/python3.10/site-packages/airflow/example_dags/tutorial_dag.py
[2025-01-15T23:32:03.497+0500] {logging_mixin.py:190} INFO - [2025-01-15T23:32:03.497+0500] {dag.py:3239} INFO - Sync 1 DAGs
[2025-01-15T23:32:03.507+0500] {logging_mixin.py:190} INFO - [2025-01-15T23:32:03.507+0500] {dag.py:4180} INFO - Setting next_dagrun for tutorial_dag to None, run_after=None
[2025-01-15T23:32:03.528+0500] {processor.py:208} INFO - Processing /Users/mac/Desktop/Comapny2/CryptoPortfolioAI/.venv/lib/python3.10/site-packages/airflow/example_dags/tutorial_dag.py took 0.166 seconds
[2025-01-15T23:34:54.851+0500] {processor.py:186} INFO - Started process (PID=7374) to work on /Users/mac/Desktop/Comapny2/CryptoPortfolioAI/.venv/lib/python3.10/site-packages/airflow/example_dags/tutorial_dag.py
[2025-01-15T23:34:54.853+0500] {processor.py:914} INFO - Processing file /Users/mac/Desktop/Comapny2/CryptoPortfolioAI/.venv/lib/python3.10/site-packages/airflow/example_dags/tutorial_dag.py for tasks to queue
[2025-01-15T23:34:54.855+0500] {logging_mixin.py:190} INFO - [2025-01-15T23:34:54.854+0500] {dagbag.py:588} INFO - Filling up the DagBag from /Users/mac/Desktop/Comapny2/CryptoPortfolioAI/.venv/lib/python3.10/site-packages/airflow/example_dags/tutorial_dag.py
[2025-01-15T23:34:54.880+0500] {processor.py:925} INFO - DAG(s) 'tutorial_dag' retrieved from /Users/mac/Desktop/Comapny2/CryptoPortfolioAI/.venv/lib/python3.10/site-packages/airflow/example_dags/tutorial_dag.py
[2025-01-15T23:34:54.986+0500] {logging_mixin.py:190} INFO - [2025-01-15T23:34:54.985+0500] {dag.py:3239} INFO - Sync 1 DAGs
[2025-01-15T23:34:54.995+0500] {logging_mixin.py:190} INFO - [2025-01-15T23:34:54.995+0500] {dag.py:4180} INFO - Setting next_dagrun for tutorial_dag to None, run_after=None
[2025-01-15T23:34:55.015+0500] {processor.py:208} INFO - Processing /Users/mac/Desktop/Comapny2/CryptoPortfolioAI/.venv/lib/python3.10/site-packages/airflow/example_dags/tutorial_dag.py took 0.169 seconds
[2025-01-15T23:37:41.553+0500] {processor.py:186} INFO - Started process (PID=8145) to work on /Users/mac/Desktop/Comapny2/CryptoPortfolioAI/.venv/lib/python3.10/site-packages/airflow/example_dags/tutorial_dag.py
[2025-01-15T23:37:41.555+0500] {processor.py:914} INFO - Processing file /Users/mac/Desktop/Comapny2/CryptoPortfolioAI/.venv/lib/python3.10/site-packages/airflow/example_dags/tutorial_dag.py for tasks to queue
[2025-01-15T23:37:41.557+0500] {logging_mixin.py:190} INFO - [2025-01-15T23:37:41.557+0500] {dagbag.py:588} INFO - Filling up the DagBag from /Users/mac/Desktop/Comapny2/CryptoPortfolioAI/.venv/lib/python3.10/site-packages/airflow/example_dags/tutorial_dag.py
[2025-01-15T23:37:41.585+0500] {processor.py:925} INFO - DAG(s) 'tutorial_dag' retrieved from /Users/mac/Desktop/Comapny2/CryptoPortfolioAI/.venv/lib/python3.10/site-packages/airflow/example_dags/tutorial_dag.py
[2025-01-15T23:37:41.686+0500] {logging_mixin.py:190} INFO - [2025-01-15T23:37:41.685+0500] {dag.py:3239} INFO - Sync 1 DAGs
[2025-01-15T23:37:41.696+0500] {logging_mixin.py:190} INFO - [2025-01-15T23:37:41.695+0500] {dag.py:4180} INFO - Setting next_dagrun for tutorial_dag to None, run_after=None
[2025-01-15T23:37:41.716+0500] {processor.py:208} INFO - Processing /Users/mac/Desktop/Comapny2/CryptoPortfolioAI/.venv/lib/python3.10/site-packages/airflow/example_dags/tutorial_dag.py took 0.167 seconds
[2025-01-15T23:40:43.303+0500] {processor.py:186} INFO - Started process (PID=8919) to work on /Users/mac/Desktop/Comapny2/CryptoPortfolioAI/.venv/lib/python3.10/site-packages/airflow/example_dags/tutorial_dag.py
[2025-01-15T23:40:43.305+0500] {processor.py:914} INFO - Processing file /Users/mac/Desktop/Comapny2/CryptoPortfolioAI/.venv/lib/python3.10/site-packages/airflow/example_dags/tutorial_dag.py for tasks to queue
[2025-01-15T23:40:43.308+0500] {logging_mixin.py:190} INFO - [2025-01-15T23:40:43.307+0500] {dagbag.py:588} INFO - Filling up the DagBag from /Users/mac/Desktop/Comapny2/CryptoPortfolioAI/.venv/lib/python3.10/site-packages/airflow/example_dags/tutorial_dag.py
[2025-01-15T23:40:43.342+0500] {processor.py:925} INFO - DAG(s) 'tutorial_dag' retrieved from /Users/mac/Desktop/Comapny2/CryptoPortfolioAI/.venv/lib/python3.10/site-packages/airflow/example_dags/tutorial_dag.py
[2025-01-15T23:40:43.476+0500] {logging_mixin.py:190} INFO - [2025-01-15T23:40:43.476+0500] {dag.py:3239} INFO - Sync 1 DAGs
[2025-01-15T23:40:43.491+0500] {logging_mixin.py:190} INFO - [2025-01-15T23:40:43.491+0500] {dag.py:4180} INFO - Setting next_dagrun for tutorial_dag to None, run_after=None
[2025-01-15T23:40:43.515+0500] {processor.py:208} INFO - Processing /Users/mac/Desktop/Comapny2/CryptoPortfolioAI/.venv/lib/python3.10/site-packages/airflow/example_dags/tutorial_dag.py took 0.217 seconds
[2025-01-15T23:43:57.825+0500] {processor.py:186} INFO - Started process (PID=9696) to work on /Users/mac/Desktop/Comapny2/CryptoPortfolioAI/.venv/lib/python3.10/site-packages/airflow/example_dags/tutorial_dag.py
[2025-01-15T23:43:57.827+0500] {processor.py:914} INFO - Processing file /Users/mac/Desktop/Comapny2/CryptoPortfolioAI/.venv/lib/python3.10/site-packages/airflow/example_dags/tutorial_dag.py for tasks to queue
[2025-01-15T23:43:57.829+0500] {logging_mixin.py:190} INFO - [2025-01-15T23:43:57.828+0500] {dagbag.py:588} INFO - Filling up the DagBag from /Users/mac/Desktop/Comapny2/CryptoPortfolioAI/.venv/lib/python3.10/site-packages/airflow/example_dags/tutorial_dag.py
[2025-01-15T23:43:57.863+0500] {processor.py:925} INFO - DAG(s) 'tutorial_dag' retrieved from /Users/mac/Desktop/Comapny2/CryptoPortfolioAI/.venv/lib/python3.10/site-packages/airflow/example_dags/tutorial_dag.py
[2025-01-15T23:43:58.025+0500] {logging_mixin.py:190} INFO - [2025-01-15T23:43:58.024+0500] {dag.py:3239} INFO - Sync 1 DAGs
[2025-01-15T23:43:58.041+0500] {logging_mixin.py:190} INFO - [2025-01-15T23:43:58.040+0500] {dag.py:4180} INFO - Setting next_dagrun for tutorial_dag to None, run_after=None
[2025-01-15T23:43:58.067+0500] {processor.py:208} INFO - Processing /Users/mac/Desktop/Comapny2/CryptoPortfolioAI/.venv/lib/python3.10/site-packages/airflow/example_dags/tutorial_dag.py took 0.248 seconds
