[2025-01-15T12:19:36.494+0500] {processor.py:186} INFO - Started process (PID=36251) to work on /Users/mac/Desktop/Comapny2/CryptoPortfolioAI/.venv/lib/python3.10/site-packages/airflow/example_dags/tutorial.py
[2025-01-15T12:19:36.496+0500] {processor.py:914} INFO - Processing file /Users/mac/Desktop/Comapny2/CryptoPortfolioAI/.venv/lib/python3.10/site-packages/airflow/example_dags/tutorial.py for tasks to queue
[2025-01-15T12:19:36.497+0500] {logging_mixin.py:190} INFO - [2025-01-15T12:19:36.497+0500] {dagbag.py:588} INFO - Filling up the DagBag from /Users/mac/Desktop/Comapny2/CryptoPortfolioAI/.venv/lib/python3.10/site-packages/airflow/example_dags/tutorial.py
[2025-01-15T12:19:36.506+0500] {processor.py:925} INFO - DAG(s) 'tutorial' retrieved from /Users/mac/Desktop/Comapny2/CryptoPortfolioAI/.venv/lib/python3.10/site-packages/airflow/example_dags/tutorial.py
[2025-01-15T12:19:36.712+0500] {logging_mixin.py:190} INFO - [2025-01-15T12:19:36.711+0500] {override.py:1912} INFO - Created Permission View: can delete on DAG:tutorial
[2025-01-15T12:19:36.724+0500] {logging_mixin.py:190} INFO - [2025-01-15T12:19:36.724+0500] {override.py:1912} INFO - Created Permission View: can edit on DAG:tutorial
[2025-01-15T12:19:36.733+0500] {logging_mixin.py:190} INFO - [2025-01-15T12:19:36.732+0500] {override.py:1912} INFO - Created Permission View: can read on DAG:tutorial
[2025-01-15T12:19:36.743+0500] {logging_mixin.py:190} INFO - [2025-01-15T12:19:36.742+0500] {override.py:1912} INFO - Created Permission View: menu access on DAG Run:tutorial
[2025-01-15T12:19:36.751+0500] {logging_mixin.py:190} INFO - [2025-01-15T12:19:36.750+0500] {override.py:1912} INFO - Created Permission View: can delete on DAG Run:tutorial
[2025-01-15T12:19:36.758+0500] {logging_mixin.py:190} INFO - [2025-01-15T12:19:36.758+0500] {override.py:1912} INFO - Created Permission View: can create on DAG Run:tutorial
[2025-01-15T12:19:36.766+0500] {logging_mixin.py:190} INFO - [2025-01-15T12:19:36.766+0500] {override.py:1912} INFO - Created Permission View: can read on DAG Run:tutorial
[2025-01-15T12:19:36.767+0500] {logging_mixin.py:190} INFO - [2025-01-15T12:19:36.767+0500] {dag.py:3239} INFO - Sync 1 DAGs
[2025-01-15T12:19:36.780+0500] {logging_mixin.py:190} INFO - [2025-01-15T12:19:36.780+0500] {dag.py:3262} INFO - Creating ORM DAG for tutorial
[2025-01-15T12:19:36.791+0500] {logging_mixin.py:190} INFO - [2025-01-15T12:19:36.791+0500] {dag.py:4180} INFO - Setting next_dagrun for tutorial to 2025-01-14 00:00:00+00:00, run_after=2025-01-15 00:00:00+00:00
[2025-01-15T12:19:36.810+0500] {processor.py:208} INFO - Processing /Users/mac/Desktop/Comapny2/CryptoPortfolioAI/.venv/lib/python3.10/site-packages/airflow/example_dags/tutorial.py took 0.322 seconds
[2025-01-15T23:20:27.966+0500] {processor.py:186} INFO - Started process (PID=3267) to work on /Users/mac/Desktop/Comapny2/CryptoPortfolioAI/.venv/lib/python3.10/site-packages/airflow/example_dags/tutorial.py
[2025-01-15T23:20:27.968+0500] {processor.py:914} INFO - Processing file /Users/mac/Desktop/Comapny2/CryptoPortfolioAI/.venv/lib/python3.10/site-packages/airflow/example_dags/tutorial.py for tasks to queue
[2025-01-15T23:20:27.970+0500] {logging_mixin.py:190} INFO - [2025-01-15T23:20:27.969+0500] {dagbag.py:588} INFO - Filling up the DagBag from /Users/mac/Desktop/Comapny2/CryptoPortfolioAI/.venv/lib/python3.10/site-packages/airflow/example_dags/tutorial.py
[2025-01-15T23:20:27.980+0500] {processor.py:925} INFO - DAG(s) 'tutorial' retrieved from /Users/mac/Desktop/Comapny2/CryptoPortfolioAI/.venv/lib/python3.10/site-packages/airflow/example_dags/tutorial.py
[2025-01-15T23:20:28.083+0500] {logging_mixin.py:190} INFO - [2025-01-15T23:20:28.083+0500] {dag.py:3239} INFO - Sync 1 DAGs
[2025-01-15T23:20:28.101+0500] {logging_mixin.py:190} INFO - [2025-01-15T23:20:28.101+0500] {dag.py:4180} INFO - Setting next_dagrun for tutorial to 2025-01-14 00:00:00+00:00, run_after=2025-01-15 00:00:00+00:00
[2025-01-15T23:20:28.124+0500] {processor.py:208} INFO - Processing /Users/mac/Desktop/Comapny2/CryptoPortfolioAI/.venv/lib/python3.10/site-packages/airflow/example_dags/tutorial.py took 0.162 seconds
[2025-01-15T23:24:42.384+0500] {processor.py:186} INFO - Started process (PID=4414) to work on /Users/mac/Desktop/Comapny2/CryptoPortfolioAI/.venv/lib/python3.10/site-packages/airflow/example_dags/tutorial.py
[2025-01-15T23:24:42.386+0500] {processor.py:914} INFO - Processing file /Users/mac/Desktop/Comapny2/CryptoPortfolioAI/.venv/lib/python3.10/site-packages/airflow/example_dags/tutorial.py for tasks to queue
[2025-01-15T23:24:42.388+0500] {logging_mixin.py:190} INFO - [2025-01-15T23:24:42.388+0500] {dagbag.py:588} INFO - Filling up the DagBag from /Users/mac/Desktop/Comapny2/CryptoPortfolioAI/.venv/lib/python3.10/site-packages/airflow/example_dags/tutorial.py
[2025-01-15T23:24:42.400+0500] {processor.py:925} INFO - DAG(s) 'tutorial' retrieved from /Users/mac/Desktop/Comapny2/CryptoPortfolioAI/.venv/lib/python3.10/site-packages/airflow/example_dags/tutorial.py
[2025-01-15T23:24:42.521+0500] {logging_mixin.py:190} INFO - [2025-01-15T23:24:42.521+0500] {dag.py:3239} INFO - Sync 1 DAGs
[2025-01-15T23:24:42.541+0500] {logging_mixin.py:190} INFO - [2025-01-15T23:24:42.541+0500] {dag.py:4180} INFO - Setting next_dagrun for tutorial to 2025-01-14 00:00:00+00:00, run_after=2025-01-15 00:00:00+00:00
[2025-01-15T23:24:42.562+0500] {processor.py:208} INFO - Processing /Users/mac/Desktop/Comapny2/CryptoPortfolioAI/.venv/lib/python3.10/site-packages/airflow/example_dags/tutorial.py took 0.183 seconds
[2025-01-15T23:28:46.457+0500] {processor.py:186} INFO - Started process (PID=5594) to work on /Users/mac/Desktop/Comapny2/CryptoPortfolioAI/.venv/lib/python3.10/site-packages/airflow/example_dags/tutorial.py
[2025-01-15T23:28:46.461+0500] {processor.py:914} INFO - Processing file /Users/mac/Desktop/Comapny2/CryptoPortfolioAI/.venv/lib/python3.10/site-packages/airflow/example_dags/tutorial.py for tasks to queue
[2025-01-15T23:28:46.465+0500] {logging_mixin.py:190} INFO - [2025-01-15T23:28:46.464+0500] {dagbag.py:588} INFO - Filling up the DagBag from /Users/mac/Desktop/Comapny2/CryptoPortfolioAI/.venv/lib/python3.10/site-packages/airflow/example_dags/tutorial.py
[2025-01-15T23:28:46.488+0500] {processor.py:925} INFO - DAG(s) 'tutorial' retrieved from /Users/mac/Desktop/Comapny2/CryptoPortfolioAI/.venv/lib/python3.10/site-packages/airflow/example_dags/tutorial.py
[2025-01-15T23:28:46.751+0500] {logging_mixin.py:190} INFO - [2025-01-15T23:28:46.750+0500] {dag.py:3239} INFO - Sync 1 DAGs
[2025-01-15T23:28:46.773+0500] {logging_mixin.py:190} INFO - [2025-01-15T23:28:46.773+0500] {dag.py:4180} INFO - Setting next_dagrun for tutorial to 2025-01-14 00:00:00+00:00, run_after=2025-01-15 00:00:00+00:00
[2025-01-15T23:28:46.795+0500] {processor.py:208} INFO - Processing /Users/mac/Desktop/Comapny2/CryptoPortfolioAI/.venv/lib/python3.10/site-packages/airflow/example_dags/tutorial.py took 0.344 seconds
[2025-01-15T23:32:06.711+0500] {processor.py:186} INFO - Started process (PID=6628) to work on /Users/mac/Desktop/Comapny2/CryptoPortfolioAI/.venv/lib/python3.10/site-packages/airflow/example_dags/tutorial.py
[2025-01-15T23:32:06.713+0500] {processor.py:914} INFO - Processing file /Users/mac/Desktop/Comapny2/CryptoPortfolioAI/.venv/lib/python3.10/site-packages/airflow/example_dags/tutorial.py for tasks to queue
[2025-01-15T23:32:06.714+0500] {logging_mixin.py:190} INFO - [2025-01-15T23:32:06.714+0500] {dagbag.py:588} INFO - Filling up the DagBag from /Users/mac/Desktop/Comapny2/CryptoPortfolioAI/.venv/lib/python3.10/site-packages/airflow/example_dags/tutorial.py
[2025-01-15T23:32:06.728+0500] {processor.py:925} INFO - DAG(s) 'tutorial' retrieved from /Users/mac/Desktop/Comapny2/CryptoPortfolioAI/.venv/lib/python3.10/site-packages/airflow/example_dags/tutorial.py
[2025-01-15T23:32:06.854+0500] {logging_mixin.py:190} INFO - [2025-01-15T23:32:06.854+0500] {dag.py:3239} INFO - Sync 1 DAGs
[2025-01-15T23:32:06.874+0500] {logging_mixin.py:190} INFO - [2025-01-15T23:32:06.874+0500] {dag.py:4180} INFO - Setting next_dagrun for tutorial to 2025-01-14 00:00:00+00:00, run_after=2025-01-15 00:00:00+00:00
[2025-01-15T23:32:06.895+0500] {processor.py:208} INFO - Processing /Users/mac/Desktop/Comapny2/CryptoPortfolioAI/.venv/lib/python3.10/site-packages/airflow/example_dags/tutorial.py took 0.189 seconds
[2025-01-15T23:34:58.178+0500] {processor.py:186} INFO - Started process (PID=7388) to work on /Users/mac/Desktop/Comapny2/CryptoPortfolioAI/.venv/lib/python3.10/site-packages/airflow/example_dags/tutorial.py
[2025-01-15T23:34:58.181+0500] {processor.py:914} INFO - Processing file /Users/mac/Desktop/Comapny2/CryptoPortfolioAI/.venv/lib/python3.10/site-packages/airflow/example_dags/tutorial.py for tasks to queue
[2025-01-15T23:34:58.182+0500] {logging_mixin.py:190} INFO - [2025-01-15T23:34:58.182+0500] {dagbag.py:588} INFO - Filling up the DagBag from /Users/mac/Desktop/Comapny2/CryptoPortfolioAI/.venv/lib/python3.10/site-packages/airflow/example_dags/tutorial.py
[2025-01-15T23:34:58.192+0500] {processor.py:925} INFO - DAG(s) 'tutorial' retrieved from /Users/mac/Desktop/Comapny2/CryptoPortfolioAI/.venv/lib/python3.10/site-packages/airflow/example_dags/tutorial.py
[2025-01-15T23:34:58.299+0500] {logging_mixin.py:190} INFO - [2025-01-15T23:34:58.299+0500] {dag.py:3239} INFO - Sync 1 DAGs
[2025-01-15T23:34:58.319+0500] {logging_mixin.py:190} INFO - [2025-01-15T23:34:58.318+0500] {dag.py:4180} INFO - Setting next_dagrun for tutorial to 2025-01-14 00:00:00+00:00, run_after=2025-01-15 00:00:00+00:00
[2025-01-15T23:34:58.344+0500] {processor.py:208} INFO - Processing /Users/mac/Desktop/Comapny2/CryptoPortfolioAI/.venv/lib/python3.10/site-packages/airflow/example_dags/tutorial.py took 0.170 seconds
[2025-01-15T23:37:44.836+0500] {processor.py:186} INFO - Started process (PID=8163) to work on /Users/mac/Desktop/Comapny2/CryptoPortfolioAI/.venv/lib/python3.10/site-packages/airflow/example_dags/tutorial.py
[2025-01-15T23:37:44.839+0500] {processor.py:914} INFO - Processing file /Users/mac/Desktop/Comapny2/CryptoPortfolioAI/.venv/lib/python3.10/site-packages/airflow/example_dags/tutorial.py for tasks to queue
[2025-01-15T23:37:44.841+0500] {logging_mixin.py:190} INFO - [2025-01-15T23:37:44.841+0500] {dagbag.py:588} INFO - Filling up the DagBag from /Users/mac/Desktop/Comapny2/CryptoPortfolioAI/.venv/lib/python3.10/site-packages/airflow/example_dags/tutorial.py
[2025-01-15T23:37:44.852+0500] {processor.py:925} INFO - DAG(s) 'tutorial' retrieved from /Users/mac/Desktop/Comapny2/CryptoPortfolioAI/.venv/lib/python3.10/site-packages/airflow/example_dags/tutorial.py
[2025-01-15T23:37:44.961+0500] {logging_mixin.py:190} INFO - [2025-01-15T23:37:44.961+0500] {dag.py:3239} INFO - Sync 1 DAGs
[2025-01-15T23:37:44.978+0500] {logging_mixin.py:190} INFO - [2025-01-15T23:37:44.978+0500] {dag.py:4180} INFO - Setting next_dagrun for tutorial to 2025-01-14 00:00:00+00:00, run_after=2025-01-15 00:00:00+00:00
[2025-01-15T23:37:44.998+0500] {processor.py:208} INFO - Processing /Users/mac/Desktop/Comapny2/CryptoPortfolioAI/.venv/lib/python3.10/site-packages/airflow/example_dags/tutorial.py took 0.166 seconds
[2025-01-15T23:40:47.556+0500] {processor.py:186} INFO - Started process (PID=8934) to work on /Users/mac/Desktop/Comapny2/CryptoPortfolioAI/.venv/lib/python3.10/site-packages/airflow/example_dags/tutorial.py
[2025-01-15T23:40:47.557+0500] {processor.py:914} INFO - Processing file /Users/mac/Desktop/Comapny2/CryptoPortfolioAI/.venv/lib/python3.10/site-packages/airflow/example_dags/tutorial.py for tasks to queue
[2025-01-15T23:40:47.560+0500] {logging_mixin.py:190} INFO - [2025-01-15T23:40:47.559+0500] {dagbag.py:588} INFO - Filling up the DagBag from /Users/mac/Desktop/Comapny2/CryptoPortfolioAI/.venv/lib/python3.10/site-packages/airflow/example_dags/tutorial.py
[2025-01-15T23:40:47.576+0500] {processor.py:925} INFO - DAG(s) 'tutorial' retrieved from /Users/mac/Desktop/Comapny2/CryptoPortfolioAI/.venv/lib/python3.10/site-packages/airflow/example_dags/tutorial.py
[2025-01-15T23:40:47.724+0500] {logging_mixin.py:190} INFO - [2025-01-15T23:40:47.723+0500] {dag.py:3239} INFO - Sync 1 DAGs
[2025-01-15T23:40:47.752+0500] {logging_mixin.py:190} INFO - [2025-01-15T23:40:47.752+0500] {dag.py:4180} INFO - Setting next_dagrun for tutorial to 2025-01-14 00:00:00+00:00, run_after=2025-01-15 00:00:00+00:00
[2025-01-15T23:40:47.779+0500] {processor.py:208} INFO - Processing /Users/mac/Desktop/Comapny2/CryptoPortfolioAI/.venv/lib/python3.10/site-packages/airflow/example_dags/tutorial.py took 0.228 seconds
[2025-01-15T23:44:02.187+0500] {processor.py:186} INFO - Started process (PID=9717) to work on /Users/mac/Desktop/Comapny2/CryptoPortfolioAI/.venv/lib/python3.10/site-packages/airflow/example_dags/tutorial.py
[2025-01-15T23:44:02.190+0500] {processor.py:914} INFO - Processing file /Users/mac/Desktop/Comapny2/CryptoPortfolioAI/.venv/lib/python3.10/site-packages/airflow/example_dags/tutorial.py for tasks to queue
[2025-01-15T23:44:02.193+0500] {logging_mixin.py:190} INFO - [2025-01-15T23:44:02.192+0500] {dagbag.py:588} INFO - Filling up the DagBag from /Users/mac/Desktop/Comapny2/CryptoPortfolioAI/.venv/lib/python3.10/site-packages/airflow/example_dags/tutorial.py
[2025-01-15T23:44:02.210+0500] {processor.py:925} INFO - DAG(s) 'tutorial' retrieved from /Users/mac/Desktop/Comapny2/CryptoPortfolioAI/.venv/lib/python3.10/site-packages/airflow/example_dags/tutorial.py
[2025-01-15T23:44:02.526+0500] {logging_mixin.py:190} INFO - [2025-01-15T23:44:02.525+0500] {dag.py:3239} INFO - Sync 1 DAGs
[2025-01-15T23:44:02.583+0500] {logging_mixin.py:190} INFO - [2025-01-15T23:44:02.583+0500] {dag.py:4180} INFO - Setting next_dagrun for tutorial to 2025-01-14 00:00:00+00:00, run_after=2025-01-15 00:00:00+00:00
[2025-01-15T23:44:02.623+0500] {processor.py:208} INFO - Processing /Users/mac/Desktop/Comapny2/CryptoPortfolioAI/.venv/lib/python3.10/site-packages/airflow/example_dags/tutorial.py took 0.442 seconds
