[2025-01-15T12:19:19.579+0500] {processor.py:186} INFO - Started process (PID=36183) to work on /Users/mac/Desktop/Comapny2/CryptoPortfolioAI/.venv/lib/python3.10/site-packages/airflow/example_dags/tutorial_taskflow_templates.py
[2025-01-15T12:19:19.581+0500] {processor.py:914} INFO - Processing file /Users/mac/Desktop/Comapny2/CryptoPortfolioAI/.venv/lib/python3.10/site-packages/airflow/example_dags/tutorial_taskflow_templates.py for tasks to queue
[2025-01-15T12:19:19.582+0500] {logging_mixin.py:190} INFO - [2025-01-15T12:19:19.582+0500] {dagbag.py:588} INFO - Filling up the DagBag from /Users/mac/Desktop/Comapny2/CryptoPortfolioAI/.venv/lib/python3.10/site-packages/airflow/example_dags/tutorial_taskflow_templates.py
[2025-01-15T12:19:19.624+0500] {processor.py:925} INFO - DAG(s) 'tutorial_taskflow_templates' retrieved from /Users/mac/Desktop/Comapny2/CryptoPortfolioAI/.venv/lib/python3.10/site-packages/airflow/example_dags/tutorial_taskflow_templates.py
[2025-01-15T12:19:19.813+0500] {logging_mixin.py:190} INFO - [2025-01-15T12:19:19.812+0500] {override.py:1912} INFO - Created Permission View: can delete on DAG:tutorial_taskflow_templates
[2025-01-15T12:19:19.822+0500] {logging_mixin.py:190} INFO - [2025-01-15T12:19:19.821+0500] {override.py:1912} INFO - Created Permission View: can read on DAG:tutorial_taskflow_templates
[2025-01-15T12:19:19.831+0500] {logging_mixin.py:190} INFO - [2025-01-15T12:19:19.831+0500] {override.py:1912} INFO - Created Permission View: can edit on DAG:tutorial_taskflow_templates
[2025-01-15T12:19:19.839+0500] {logging_mixin.py:190} INFO - [2025-01-15T12:19:19.839+0500] {override.py:1912} INFO - Created Permission View: can create on DAG Run:tutorial_taskflow_templates
[2025-01-15T12:19:19.847+0500] {logging_mixin.py:190} INFO - [2025-01-15T12:19:19.847+0500] {override.py:1912} INFO - Created Permission View: can delete on DAG Run:tutorial_taskflow_templates
[2025-01-15T12:19:19.853+0500] {logging_mixin.py:190} INFO - [2025-01-15T12:19:19.853+0500] {override.py:1912} INFO - Created Permission View: menu access on DAG Run:tutorial_taskflow_templates
[2025-01-15T12:19:19.860+0500] {logging_mixin.py:190} INFO - [2025-01-15T12:19:19.860+0500] {override.py:1912} INFO - Created Permission View: can read on DAG Run:tutorial_taskflow_templates
[2025-01-15T12:19:19.861+0500] {logging_mixin.py:190} INFO - [2025-01-15T12:19:19.861+0500] {dag.py:3239} INFO - Sync 1 DAGs
[2025-01-15T12:19:19.872+0500] {logging_mixin.py:190} INFO - [2025-01-15T12:19:19.872+0500] {dag.py:3262} INFO - Creating ORM DAG for tutorial_taskflow_templates
[2025-01-15T12:19:19.880+0500] {logging_mixin.py:190} INFO - [2025-01-15T12:19:19.880+0500] {dag.py:4180} INFO - Setting next_dagrun for tutorial_taskflow_templates to 2025-01-14 00:00:00+00:00, run_after=2025-01-15 00:00:00+00:00
[2025-01-15T12:19:19.897+0500] {processor.py:208} INFO - Processing /Users/mac/Desktop/Comapny2/CryptoPortfolioAI/.venv/lib/python3.10/site-packages/airflow/example_dags/tutorial_taskflow_templates.py took 0.324 seconds
[2025-01-15T23:20:10.424+0500] {processor.py:186} INFO - Started process (PID=3181) to work on /Users/mac/Desktop/Comapny2/CryptoPortfolioAI/.venv/lib/python3.10/site-packages/airflow/example_dags/tutorial_taskflow_templates.py
[2025-01-15T23:20:10.426+0500] {processor.py:914} INFO - Processing file /Users/mac/Desktop/Comapny2/CryptoPortfolioAI/.venv/lib/python3.10/site-packages/airflow/example_dags/tutorial_taskflow_templates.py for tasks to queue
[2025-01-15T23:20:10.428+0500] {logging_mixin.py:190} INFO - [2025-01-15T23:20:10.428+0500] {dagbag.py:588} INFO - Filling up the DagBag from /Users/mac/Desktop/Comapny2/CryptoPortfolioAI/.venv/lib/python3.10/site-packages/airflow/example_dags/tutorial_taskflow_templates.py
[2025-01-15T23:20:10.475+0500] {processor.py:925} INFO - DAG(s) 'tutorial_taskflow_templates' retrieved from /Users/mac/Desktop/Comapny2/CryptoPortfolioAI/.venv/lib/python3.10/site-packages/airflow/example_dags/tutorial_taskflow_templates.py
[2025-01-15T23:20:10.582+0500] {logging_mixin.py:190} INFO - [2025-01-15T23:20:10.582+0500] {dag.py:3239} INFO - Sync 1 DAGs
[2025-01-15T23:20:10.600+0500] {logging_mixin.py:190} INFO - [2025-01-15T23:20:10.600+0500] {dag.py:4180} INFO - Setting next_dagrun for tutorial_taskflow_templates to 2025-01-14 00:00:00+00:00, run_after=2025-01-15 00:00:00+00:00
[2025-01-15T23:20:10.619+0500] {processor.py:208} INFO - Processing /Users/mac/Desktop/Comapny2/CryptoPortfolioAI/.venv/lib/python3.10/site-packages/airflow/example_dags/tutorial_taskflow_templates.py took 0.199 seconds
[2025-01-15T23:24:24.383+0500] {processor.py:186} INFO - Started process (PID=4336) to work on /Users/mac/Desktop/Comapny2/CryptoPortfolioAI/.venv/lib/python3.10/site-packages/airflow/example_dags/tutorial_taskflow_templates.py
[2025-01-15T23:24:24.385+0500] {processor.py:914} INFO - Processing file /Users/mac/Desktop/Comapny2/CryptoPortfolioAI/.venv/lib/python3.10/site-packages/airflow/example_dags/tutorial_taskflow_templates.py for tasks to queue
[2025-01-15T23:24:24.387+0500] {logging_mixin.py:190} INFO - [2025-01-15T23:24:24.387+0500] {dagbag.py:588} INFO - Filling up the DagBag from /Users/mac/Desktop/Comapny2/CryptoPortfolioAI/.venv/lib/python3.10/site-packages/airflow/example_dags/tutorial_taskflow_templates.py
[2025-01-15T23:24:24.467+0500] {processor.py:925} INFO - DAG(s) 'tutorial_taskflow_templates' retrieved from /Users/mac/Desktop/Comapny2/CryptoPortfolioAI/.venv/lib/python3.10/site-packages/airflow/example_dags/tutorial_taskflow_templates.py
[2025-01-15T23:24:24.624+0500] {logging_mixin.py:190} INFO - [2025-01-15T23:24:24.623+0500] {dag.py:3239} INFO - Sync 1 DAGs
[2025-01-15T23:24:24.657+0500] {logging_mixin.py:190} INFO - [2025-01-15T23:24:24.656+0500] {dag.py:4180} INFO - Setting next_dagrun for tutorial_taskflow_templates to 2025-01-14 00:00:00+00:00, run_after=2025-01-15 00:00:00+00:00
[2025-01-15T23:24:24.683+0500] {processor.py:208} INFO - Processing /Users/mac/Desktop/Comapny2/CryptoPortfolioAI/.venv/lib/python3.10/site-packages/airflow/example_dags/tutorial_taskflow_templates.py took 0.304 seconds
[2025-01-15T23:28:26.494+0500] {processor.py:186} INFO - Started process (PID=5492) to work on /Users/mac/Desktop/Comapny2/CryptoPortfolioAI/.venv/lib/python3.10/site-packages/airflow/example_dags/tutorial_taskflow_templates.py
[2025-01-15T23:28:26.498+0500] {processor.py:914} INFO - Processing file /Users/mac/Desktop/Comapny2/CryptoPortfolioAI/.venv/lib/python3.10/site-packages/airflow/example_dags/tutorial_taskflow_templates.py for tasks to queue
[2025-01-15T23:28:26.501+0500] {logging_mixin.py:190} INFO - [2025-01-15T23:28:26.500+0500] {dagbag.py:588} INFO - Filling up the DagBag from /Users/mac/Desktop/Comapny2/CryptoPortfolioAI/.venv/lib/python3.10/site-packages/airflow/example_dags/tutorial_taskflow_templates.py
[2025-01-15T23:28:26.598+0500] {processor.py:925} INFO - DAG(s) 'tutorial_taskflow_templates' retrieved from /Users/mac/Desktop/Comapny2/CryptoPortfolioAI/.venv/lib/python3.10/site-packages/airflow/example_dags/tutorial_taskflow_templates.py
[2025-01-15T23:28:26.804+0500] {logging_mixin.py:190} INFO - [2025-01-15T23:28:26.804+0500] {dag.py:3239} INFO - Sync 1 DAGs
[2025-01-15T23:28:26.830+0500] {logging_mixin.py:190} INFO - [2025-01-15T23:28:26.830+0500] {dag.py:4180} INFO - Setting next_dagrun for tutorial_taskflow_templates to 2025-01-14 00:00:00+00:00, run_after=2025-01-15 00:00:00+00:00
[2025-01-15T23:28:26.855+0500] {processor.py:208} INFO - Processing /Users/mac/Desktop/Comapny2/CryptoPortfolioAI/.venv/lib/python3.10/site-packages/airflow/example_dags/tutorial_taskflow_templates.py took 0.367 seconds
[2025-01-15T23:31:49.730+0500] {processor.py:186} INFO - Started process (PID=6543) to work on /Users/mac/Desktop/Comapny2/CryptoPortfolioAI/.venv/lib/python3.10/site-packages/airflow/example_dags/tutorial_taskflow_templates.py
[2025-01-15T23:31:49.733+0500] {processor.py:914} INFO - Processing file /Users/mac/Desktop/Comapny2/CryptoPortfolioAI/.venv/lib/python3.10/site-packages/airflow/example_dags/tutorial_taskflow_templates.py for tasks to queue
[2025-01-15T23:31:49.734+0500] {logging_mixin.py:190} INFO - [2025-01-15T23:31:49.734+0500] {dagbag.py:588} INFO - Filling up the DagBag from /Users/mac/Desktop/Comapny2/CryptoPortfolioAI/.venv/lib/python3.10/site-packages/airflow/example_dags/tutorial_taskflow_templates.py
[2025-01-15T23:31:49.779+0500] {processor.py:925} INFO - DAG(s) 'tutorial_taskflow_templates' retrieved from /Users/mac/Desktop/Comapny2/CryptoPortfolioAI/.venv/lib/python3.10/site-packages/airflow/example_dags/tutorial_taskflow_templates.py
[2025-01-15T23:31:49.895+0500] {logging_mixin.py:190} INFO - [2025-01-15T23:31:49.895+0500] {dag.py:3239} INFO - Sync 1 DAGs
[2025-01-15T23:31:49.916+0500] {logging_mixin.py:190} INFO - [2025-01-15T23:31:49.915+0500] {dag.py:4180} INFO - Setting next_dagrun for tutorial_taskflow_templates to 2025-01-14 00:00:00+00:00, run_after=2025-01-15 00:00:00+00:00
[2025-01-15T23:31:49.937+0500] {processor.py:208} INFO - Processing /Users/mac/Desktop/Comapny2/CryptoPortfolioAI/.venv/lib/python3.10/site-packages/airflow/example_dags/tutorial_taskflow_templates.py took 0.211 seconds
[2025-01-15T23:34:41.123+0500] {processor.py:186} INFO - Started process (PID=7315) to work on /Users/mac/Desktop/Comapny2/CryptoPortfolioAI/.venv/lib/python3.10/site-packages/airflow/example_dags/tutorial_taskflow_templates.py
[2025-01-15T23:34:41.125+0500] {processor.py:914} INFO - Processing file /Users/mac/Desktop/Comapny2/CryptoPortfolioAI/.venv/lib/python3.10/site-packages/airflow/example_dags/tutorial_taskflow_templates.py for tasks to queue
[2025-01-15T23:34:41.127+0500] {logging_mixin.py:190} INFO - [2025-01-15T23:34:41.127+0500] {dagbag.py:588} INFO - Filling up the DagBag from /Users/mac/Desktop/Comapny2/CryptoPortfolioAI/.venv/lib/python3.10/site-packages/airflow/example_dags/tutorial_taskflow_templates.py
[2025-01-15T23:34:41.173+0500] {processor.py:925} INFO - DAG(s) 'tutorial_taskflow_templates' retrieved from /Users/mac/Desktop/Comapny2/CryptoPortfolioAI/.venv/lib/python3.10/site-packages/airflow/example_dags/tutorial_taskflow_templates.py
[2025-01-15T23:34:41.282+0500] {logging_mixin.py:190} INFO - [2025-01-15T23:34:41.282+0500] {dag.py:3239} INFO - Sync 1 DAGs
[2025-01-15T23:34:41.301+0500] {logging_mixin.py:190} INFO - [2025-01-15T23:34:41.301+0500] {dag.py:4180} INFO - Setting next_dagrun for tutorial_taskflow_templates to 2025-01-14 00:00:00+00:00, run_after=2025-01-15 00:00:00+00:00
[2025-01-15T23:34:41.320+0500] {processor.py:208} INFO - Processing /Users/mac/Desktop/Comapny2/CryptoPortfolioAI/.venv/lib/python3.10/site-packages/airflow/example_dags/tutorial_taskflow_templates.py took 0.202 seconds
[2025-01-15T23:37:30.916+0500] {processor.py:186} INFO - Started process (PID=8092) to work on /Users/mac/Desktop/Comapny2/CryptoPortfolioAI/.venv/lib/python3.10/site-packages/airflow/example_dags/tutorial_taskflow_templates.py
[2025-01-15T23:37:30.918+0500] {processor.py:914} INFO - Processing file /Users/mac/Desktop/Comapny2/CryptoPortfolioAI/.venv/lib/python3.10/site-packages/airflow/example_dags/tutorial_taskflow_templates.py for tasks to queue
[2025-01-15T23:37:30.921+0500] {logging_mixin.py:190} INFO - [2025-01-15T23:37:30.920+0500] {dagbag.py:588} INFO - Filling up the DagBag from /Users/mac/Desktop/Comapny2/CryptoPortfolioAI/.venv/lib/python3.10/site-packages/airflow/example_dags/tutorial_taskflow_templates.py
[2025-01-15T23:37:30.966+0500] {processor.py:925} INFO - DAG(s) 'tutorial_taskflow_templates' retrieved from /Users/mac/Desktop/Comapny2/CryptoPortfolioAI/.venv/lib/python3.10/site-packages/airflow/example_dags/tutorial_taskflow_templates.py
[2025-01-15T23:37:31.072+0500] {logging_mixin.py:190} INFO - [2025-01-15T23:37:31.072+0500] {dag.py:3239} INFO - Sync 1 DAGs
[2025-01-15T23:37:31.091+0500] {logging_mixin.py:190} INFO - [2025-01-15T23:37:31.091+0500] {dag.py:4180} INFO - Setting next_dagrun for tutorial_taskflow_templates to 2025-01-14 00:00:00+00:00, run_after=2025-01-15 00:00:00+00:00
[2025-01-15T23:37:31.110+0500] {processor.py:208} INFO - Processing /Users/mac/Desktop/Comapny2/CryptoPortfolioAI/.venv/lib/python3.10/site-packages/airflow/example_dags/tutorial_taskflow_templates.py took 0.199 seconds
[2025-01-15T23:40:27.333+0500] {processor.py:186} INFO - Started process (PID=8857) to work on /Users/mac/Desktop/Comapny2/CryptoPortfolioAI/.venv/lib/python3.10/site-packages/airflow/example_dags/tutorial_taskflow_templates.py
[2025-01-15T23:40:27.336+0500] {processor.py:914} INFO - Processing file /Users/mac/Desktop/Comapny2/CryptoPortfolioAI/.venv/lib/python3.10/site-packages/airflow/example_dags/tutorial_taskflow_templates.py for tasks to queue
[2025-01-15T23:40:27.338+0500] {logging_mixin.py:190} INFO - [2025-01-15T23:40:27.337+0500] {dagbag.py:588} INFO - Filling up the DagBag from /Users/mac/Desktop/Comapny2/CryptoPortfolioAI/.venv/lib/python3.10/site-packages/airflow/example_dags/tutorial_taskflow_templates.py
[2025-01-15T23:40:27.456+0500] {processor.py:925} INFO - DAG(s) 'tutorial_taskflow_templates' retrieved from /Users/mac/Desktop/Comapny2/CryptoPortfolioAI/.venv/lib/python3.10/site-packages/airflow/example_dags/tutorial_taskflow_templates.py
[2025-01-15T23:40:27.680+0500] {logging_mixin.py:190} INFO - [2025-01-15T23:40:27.678+0500] {dag.py:3239} INFO - Sync 1 DAGs
[2025-01-15T23:40:27.708+0500] {logging_mixin.py:190} INFO - [2025-01-15T23:40:27.708+0500] {dag.py:4180} INFO - Setting next_dagrun for tutorial_taskflow_templates to 2025-01-14 00:00:00+00:00, run_after=2025-01-15 00:00:00+00:00
[2025-01-15T23:40:27.739+0500] {processor.py:208} INFO - Processing /Users/mac/Desktop/Comapny2/CryptoPortfolioAI/.venv/lib/python3.10/site-packages/airflow/example_dags/tutorial_taskflow_templates.py took 0.412 seconds
[2025-01-15T23:43:41.928+0500] {processor.py:186} INFO - Started process (PID=9637) to work on /Users/mac/Desktop/Comapny2/CryptoPortfolioAI/.venv/lib/python3.10/site-packages/airflow/example_dags/tutorial_taskflow_templates.py
[2025-01-15T23:43:41.931+0500] {processor.py:914} INFO - Processing file /Users/mac/Desktop/Comapny2/CryptoPortfolioAI/.venv/lib/python3.10/site-packages/airflow/example_dags/tutorial_taskflow_templates.py for tasks to queue
[2025-01-15T23:43:41.933+0500] {logging_mixin.py:190} INFO - [2025-01-15T23:43:41.932+0500] {dagbag.py:588} INFO - Filling up the DagBag from /Users/mac/Desktop/Comapny2/CryptoPortfolioAI/.venv/lib/python3.10/site-packages/airflow/example_dags/tutorial_taskflow_templates.py
[2025-01-15T23:43:41.978+0500] {processor.py:925} INFO - DAG(s) 'tutorial_taskflow_templates' retrieved from /Users/mac/Desktop/Comapny2/CryptoPortfolioAI/.venv/lib/python3.10/site-packages/airflow/example_dags/tutorial_taskflow_templates.py
[2025-01-15T23:43:42.101+0500] {logging_mixin.py:190} INFO - [2025-01-15T23:43:42.101+0500] {dag.py:3239} INFO - Sync 1 DAGs
[2025-01-15T23:43:42.120+0500] {logging_mixin.py:190} INFO - [2025-01-15T23:43:42.119+0500] {dag.py:4180} INFO - Setting next_dagrun for tutorial_taskflow_templates to 2025-01-14 00:00:00+00:00, run_after=2025-01-15 00:00:00+00:00
[2025-01-15T23:43:42.141+0500] {processor.py:208} INFO - Processing /Users/mac/Desktop/Comapny2/CryptoPortfolioAI/.venv/lib/python3.10/site-packages/airflow/example_dags/tutorial_taskflow_templates.py took 0.217 seconds
