[2025-01-15T12:19:26.663+0500] {processor.py:186} INFO - Started process (PID=36215) to work on /Users/mac/Desktop/Comapny2/CryptoPortfolioAI/.venv/lib/python3.10/site-packages/airflow/example_dags/tutorial_taskflow_api.py
[2025-01-15T12:19:26.664+0500] {processor.py:914} INFO - Processing file /Users/mac/Desktop/Comapny2/CryptoPortfolioAI/.venv/lib/python3.10/site-packages/airflow/example_dags/tutorial_taskflow_api.py for tasks to queue
[2025-01-15T12:19:26.665+0500] {logging_mixin.py:190} INFO - [2025-01-15T12:19:26.665+0500] {dagbag.py:588} INFO - Filling up the DagBag from /Users/mac/Desktop/Comapny2/CryptoPortfolioAI/.venv/lib/python3.10/site-packages/airflow/example_dags/tutorial_taskflow_api.py
[2025-01-15T12:19:26.704+0500] {processor.py:925} INFO - DAG(s) 'tutorial_taskflow_api' retrieved from /Users/mac/Desktop/Comapny2/CryptoPortfolioAI/.venv/lib/python3.10/site-packages/airflow/example_dags/tutorial_taskflow_api.py
[2025-01-15T12:19:26.930+0500] {logging_mixin.py:190} INFO - [2025-01-15T12:19:26.930+0500] {override.py:1912} INFO - Created Permission View: can read on DAG:tutorial_taskflow_api
[2025-01-15T12:19:26.943+0500] {logging_mixin.py:190} INFO - [2025-01-15T12:19:26.942+0500] {override.py:1912} INFO - Created Permission View: can delete on DAG:tutorial_taskflow_api
[2025-01-15T12:19:26.949+0500] {logging_mixin.py:190} INFO - [2025-01-15T12:19:26.948+0500] {override.py:1912} INFO - Created Permission View: can edit on DAG:tutorial_taskflow_api
[2025-01-15T12:19:26.959+0500] {logging_mixin.py:190} INFO - [2025-01-15T12:19:26.958+0500] {override.py:1912} INFO - Created Permission View: menu access on DAG Run:tutorial_taskflow_api
[2025-01-15T12:19:26.965+0500] {logging_mixin.py:190} INFO - [2025-01-15T12:19:26.964+0500] {override.py:1912} INFO - Created Permission View: can create on DAG Run:tutorial_taskflow_api
[2025-01-15T12:19:26.972+0500] {logging_mixin.py:190} INFO - [2025-01-15T12:19:26.971+0500] {override.py:1912} INFO - Created Permission View: can read on DAG Run:tutorial_taskflow_api
[2025-01-15T12:19:26.980+0500] {logging_mixin.py:190} INFO - [2025-01-15T12:19:26.979+0500] {override.py:1912} INFO - Created Permission View: can delete on DAG Run:tutorial_taskflow_api
[2025-01-15T12:19:26.980+0500] {logging_mixin.py:190} INFO - [2025-01-15T12:19:26.980+0500] {dag.py:3239} INFO - Sync 1 DAGs
[2025-01-15T12:19:26.993+0500] {logging_mixin.py:190} INFO - [2025-01-15T12:19:26.992+0500] {dag.py:3262} INFO - Creating ORM DAG for tutorial_taskflow_api
[2025-01-15T12:19:26.993+0500] {logging_mixin.py:190} INFO - [2025-01-15T12:19:26.993+0500] {dag.py:4180} INFO - Setting next_dagrun for tutorial_taskflow_api to None, run_after=None
[2025-01-15T12:19:27.013+0500] {processor.py:208} INFO - Processing /Users/mac/Desktop/Comapny2/CryptoPortfolioAI/.venv/lib/python3.10/site-packages/airflow/example_dags/tutorial_taskflow_api.py took 0.356 seconds
[2025-01-15T23:20:17.257+0500] {processor.py:186} INFO - Started process (PID=3220) to work on /Users/mac/Desktop/Comapny2/CryptoPortfolioAI/.venv/lib/python3.10/site-packages/airflow/example_dags/tutorial_taskflow_api.py
[2025-01-15T23:20:17.260+0500] {processor.py:914} INFO - Processing file /Users/mac/Desktop/Comapny2/CryptoPortfolioAI/.venv/lib/python3.10/site-packages/airflow/example_dags/tutorial_taskflow_api.py for tasks to queue
[2025-01-15T23:20:17.262+0500] {logging_mixin.py:190} INFO - [2025-01-15T23:20:17.261+0500] {dagbag.py:588} INFO - Filling up the DagBag from /Users/mac/Desktop/Comapny2/CryptoPortfolioAI/.venv/lib/python3.10/site-packages/airflow/example_dags/tutorial_taskflow_api.py
[2025-01-15T23:20:17.301+0500] {processor.py:925} INFO - DAG(s) 'tutorial_taskflow_api' retrieved from /Users/mac/Desktop/Comapny2/CryptoPortfolioAI/.venv/lib/python3.10/site-packages/airflow/example_dags/tutorial_taskflow_api.py
[2025-01-15T23:20:17.400+0500] {logging_mixin.py:190} INFO - [2025-01-15T23:20:17.400+0500] {dag.py:3239} INFO - Sync 1 DAGs
[2025-01-15T23:20:17.412+0500] {logging_mixin.py:190} INFO - [2025-01-15T23:20:17.412+0500] {dag.py:4180} INFO - Setting next_dagrun for tutorial_taskflow_api to None, run_after=None
[2025-01-15T23:20:17.431+0500] {processor.py:208} INFO - Processing /Users/mac/Desktop/Comapny2/CryptoPortfolioAI/.venv/lib/python3.10/site-packages/airflow/example_dags/tutorial_taskflow_api.py took 0.179 seconds
[2025-01-15T23:24:31.210+0500] {processor.py:186} INFO - Started process (PID=4370) to work on /Users/mac/Desktop/Comapny2/CryptoPortfolioAI/.venv/lib/python3.10/site-packages/airflow/example_dags/tutorial_taskflow_api.py
[2025-01-15T23:24:31.213+0500] {processor.py:914} INFO - Processing file /Users/mac/Desktop/Comapny2/CryptoPortfolioAI/.venv/lib/python3.10/site-packages/airflow/example_dags/tutorial_taskflow_api.py for tasks to queue
[2025-01-15T23:24:31.215+0500] {logging_mixin.py:190} INFO - [2025-01-15T23:24:31.214+0500] {dagbag.py:588} INFO - Filling up the DagBag from /Users/mac/Desktop/Comapny2/CryptoPortfolioAI/.venv/lib/python3.10/site-packages/airflow/example_dags/tutorial_taskflow_api.py
[2025-01-15T23:24:31.262+0500] {processor.py:925} INFO - DAG(s) 'tutorial_taskflow_api' retrieved from /Users/mac/Desktop/Comapny2/CryptoPortfolioAI/.venv/lib/python3.10/site-packages/airflow/example_dags/tutorial_taskflow_api.py
[2025-01-15T23:24:31.399+0500] {logging_mixin.py:190} INFO - [2025-01-15T23:24:31.399+0500] {dag.py:3239} INFO - Sync 1 DAGs
[2025-01-15T23:24:31.413+0500] {logging_mixin.py:190} INFO - [2025-01-15T23:24:31.412+0500] {dag.py:4180} INFO - Setting next_dagrun for tutorial_taskflow_api to None, run_after=None
[2025-01-15T23:24:31.437+0500] {processor.py:208} INFO - Processing /Users/mac/Desktop/Comapny2/CryptoPortfolioAI/.venv/lib/python3.10/site-packages/airflow/example_dags/tutorial_taskflow_api.py took 0.231 seconds
[2025-01-15T23:28:36.463+0500] {processor.py:186} INFO - Started process (PID=5545) to work on /Users/mac/Desktop/Comapny2/CryptoPortfolioAI/.venv/lib/python3.10/site-packages/airflow/example_dags/tutorial_taskflow_api.py
[2025-01-15T23:28:36.465+0500] {processor.py:914} INFO - Processing file /Users/mac/Desktop/Comapny2/CryptoPortfolioAI/.venv/lib/python3.10/site-packages/airflow/example_dags/tutorial_taskflow_api.py for tasks to queue
[2025-01-15T23:28:36.467+0500] {logging_mixin.py:190} INFO - [2025-01-15T23:28:36.467+0500] {dagbag.py:588} INFO - Filling up the DagBag from /Users/mac/Desktop/Comapny2/CryptoPortfolioAI/.venv/lib/python3.10/site-packages/airflow/example_dags/tutorial_taskflow_api.py
[2025-01-15T23:28:36.515+0500] {processor.py:925} INFO - DAG(s) 'tutorial_taskflow_api' retrieved from /Users/mac/Desktop/Comapny2/CryptoPortfolioAI/.venv/lib/python3.10/site-packages/airflow/example_dags/tutorial_taskflow_api.py
[2025-01-15T23:28:36.640+0500] {logging_mixin.py:190} INFO - [2025-01-15T23:28:36.639+0500] {dag.py:3239} INFO - Sync 1 DAGs
[2025-01-15T23:28:36.652+0500] {logging_mixin.py:190} INFO - [2025-01-15T23:28:36.652+0500] {dag.py:4180} INFO - Setting next_dagrun for tutorial_taskflow_api to None, run_after=None
[2025-01-15T23:28:36.674+0500] {processor.py:208} INFO - Processing /Users/mac/Desktop/Comapny2/CryptoPortfolioAI/.venv/lib/python3.10/site-packages/airflow/example_dags/tutorial_taskflow_api.py took 0.215 seconds
[2025-01-15T23:31:56.511+0500] {processor.py:186} INFO - Started process (PID=6575) to work on /Users/mac/Desktop/Comapny2/CryptoPortfolioAI/.venv/lib/python3.10/site-packages/airflow/example_dags/tutorial_taskflow_api.py
[2025-01-15T23:31:56.514+0500] {processor.py:914} INFO - Processing file /Users/mac/Desktop/Comapny2/CryptoPortfolioAI/.venv/lib/python3.10/site-packages/airflow/example_dags/tutorial_taskflow_api.py for tasks to queue
[2025-01-15T23:31:56.515+0500] {logging_mixin.py:190} INFO - [2025-01-15T23:31:56.515+0500] {dagbag.py:588} INFO - Filling up the DagBag from /Users/mac/Desktop/Comapny2/CryptoPortfolioAI/.venv/lib/python3.10/site-packages/airflow/example_dags/tutorial_taskflow_api.py
[2025-01-15T23:31:56.554+0500] {processor.py:925} INFO - DAG(s) 'tutorial_taskflow_api' retrieved from /Users/mac/Desktop/Comapny2/CryptoPortfolioAI/.venv/lib/python3.10/site-packages/airflow/example_dags/tutorial_taskflow_api.py
[2025-01-15T23:31:56.662+0500] {logging_mixin.py:190} INFO - [2025-01-15T23:31:56.662+0500] {dag.py:3239} INFO - Sync 1 DAGs
[2025-01-15T23:31:56.673+0500] {logging_mixin.py:190} INFO - [2025-01-15T23:31:56.673+0500] {dag.py:4180} INFO - Setting next_dagrun for tutorial_taskflow_api to None, run_after=None
[2025-01-15T23:31:56.693+0500] {processor.py:208} INFO - Processing /Users/mac/Desktop/Comapny2/CryptoPortfolioAI/.venv/lib/python3.10/site-packages/airflow/example_dags/tutorial_taskflow_api.py took 0.187 seconds
[2025-01-15T23:34:48.019+0500] {processor.py:186} INFO - Started process (PID=7344) to work on /Users/mac/Desktop/Comapny2/CryptoPortfolioAI/.venv/lib/python3.10/site-packages/airflow/example_dags/tutorial_taskflow_api.py
[2025-01-15T23:34:48.021+0500] {processor.py:914} INFO - Processing file /Users/mac/Desktop/Comapny2/CryptoPortfolioAI/.venv/lib/python3.10/site-packages/airflow/example_dags/tutorial_taskflow_api.py for tasks to queue
[2025-01-15T23:34:48.023+0500] {logging_mixin.py:190} INFO - [2025-01-15T23:34:48.023+0500] {dagbag.py:588} INFO - Filling up the DagBag from /Users/mac/Desktop/Comapny2/CryptoPortfolioAI/.venv/lib/python3.10/site-packages/airflow/example_dags/tutorial_taskflow_api.py
[2025-01-15T23:34:48.061+0500] {processor.py:925} INFO - DAG(s) 'tutorial_taskflow_api' retrieved from /Users/mac/Desktop/Comapny2/CryptoPortfolioAI/.venv/lib/python3.10/site-packages/airflow/example_dags/tutorial_taskflow_api.py
[2025-01-15T23:34:48.173+0500] {logging_mixin.py:190} INFO - [2025-01-15T23:34:48.172+0500] {dag.py:3239} INFO - Sync 1 DAGs
[2025-01-15T23:34:48.185+0500] {logging_mixin.py:190} INFO - [2025-01-15T23:34:48.185+0500] {dag.py:4180} INFO - Setting next_dagrun for tutorial_taskflow_api to None, run_after=None
[2025-01-15T23:34:48.204+0500] {processor.py:208} INFO - Processing /Users/mac/Desktop/Comapny2/CryptoPortfolioAI/.venv/lib/python3.10/site-packages/airflow/example_dags/tutorial_taskflow_api.py took 0.190 seconds
[2025-01-15T23:37:36.572+0500] {processor.py:186} INFO - Started process (PID=8124) to work on /Users/mac/Desktop/Comapny2/CryptoPortfolioAI/.venv/lib/python3.10/site-packages/airflow/example_dags/tutorial_taskflow_api.py
[2025-01-15T23:37:36.575+0500] {processor.py:914} INFO - Processing file /Users/mac/Desktop/Comapny2/CryptoPortfolioAI/.venv/lib/python3.10/site-packages/airflow/example_dags/tutorial_taskflow_api.py for tasks to queue
[2025-01-15T23:37:36.576+0500] {logging_mixin.py:190} INFO - [2025-01-15T23:37:36.576+0500] {dagbag.py:588} INFO - Filling up the DagBag from /Users/mac/Desktop/Comapny2/CryptoPortfolioAI/.venv/lib/python3.10/site-packages/airflow/example_dags/tutorial_taskflow_api.py
[2025-01-15T23:37:36.613+0500] {processor.py:925} INFO - DAG(s) 'tutorial_taskflow_api' retrieved from /Users/mac/Desktop/Comapny2/CryptoPortfolioAI/.venv/lib/python3.10/site-packages/airflow/example_dags/tutorial_taskflow_api.py
[2025-01-15T23:37:36.715+0500] {logging_mixin.py:190} INFO - [2025-01-15T23:37:36.715+0500] {dag.py:3239} INFO - Sync 1 DAGs
[2025-01-15T23:37:36.727+0500] {logging_mixin.py:190} INFO - [2025-01-15T23:37:36.727+0500] {dag.py:4180} INFO - Setting next_dagrun for tutorial_taskflow_api to None, run_after=None
[2025-01-15T23:37:36.747+0500] {processor.py:208} INFO - Processing /Users/mac/Desktop/Comapny2/CryptoPortfolioAI/.venv/lib/python3.10/site-packages/airflow/example_dags/tutorial_taskflow_api.py took 0.180 seconds
[2025-01-15T23:40:35.419+0500] {processor.py:186} INFO - Started process (PID=8892) to work on /Users/mac/Desktop/Comapny2/CryptoPortfolioAI/.venv/lib/python3.10/site-packages/airflow/example_dags/tutorial_taskflow_api.py
[2025-01-15T23:40:35.421+0500] {processor.py:914} INFO - Processing file /Users/mac/Desktop/Comapny2/CryptoPortfolioAI/.venv/lib/python3.10/site-packages/airflow/example_dags/tutorial_taskflow_api.py for tasks to queue
[2025-01-15T23:40:35.424+0500] {logging_mixin.py:190} INFO - [2025-01-15T23:40:35.424+0500] {dagbag.py:588} INFO - Filling up the DagBag from /Users/mac/Desktop/Comapny2/CryptoPortfolioAI/.venv/lib/python3.10/site-packages/airflow/example_dags/tutorial_taskflow_api.py
[2025-01-15T23:40:35.469+0500] {processor.py:925} INFO - DAG(s) 'tutorial_taskflow_api' retrieved from /Users/mac/Desktop/Comapny2/CryptoPortfolioAI/.venv/lib/python3.10/site-packages/airflow/example_dags/tutorial_taskflow_api.py
[2025-01-15T23:40:35.601+0500] {logging_mixin.py:190} INFO - [2025-01-15T23:40:35.600+0500] {dag.py:3239} INFO - Sync 1 DAGs
[2025-01-15T23:40:35.615+0500] {logging_mixin.py:190} INFO - [2025-01-15T23:40:35.615+0500] {dag.py:4180} INFO - Setting next_dagrun for tutorial_taskflow_api to None, run_after=None
[2025-01-15T23:40:35.672+0500] {processor.py:208} INFO - Processing /Users/mac/Desktop/Comapny2/CryptoPortfolioAI/.venv/lib/python3.10/site-packages/airflow/example_dags/tutorial_taskflow_api.py took 0.258 seconds
[2025-01-15T23:43:49.147+0500] {processor.py:186} INFO - Started process (PID=9664) to work on /Users/mac/Desktop/Comapny2/CryptoPortfolioAI/.venv/lib/python3.10/site-packages/airflow/example_dags/tutorial_taskflow_api.py
[2025-01-15T23:43:49.151+0500] {processor.py:914} INFO - Processing file /Users/mac/Desktop/Comapny2/CryptoPortfolioAI/.venv/lib/python3.10/site-packages/airflow/example_dags/tutorial_taskflow_api.py for tasks to queue
[2025-01-15T23:43:49.154+0500] {logging_mixin.py:190} INFO - [2025-01-15T23:43:49.154+0500] {dagbag.py:588} INFO - Filling up the DagBag from /Users/mac/Desktop/Comapny2/CryptoPortfolioAI/.venv/lib/python3.10/site-packages/airflow/example_dags/tutorial_taskflow_api.py
[2025-01-15T23:43:49.225+0500] {processor.py:925} INFO - DAG(s) 'tutorial_taskflow_api' retrieved from /Users/mac/Desktop/Comapny2/CryptoPortfolioAI/.venv/lib/python3.10/site-packages/airflow/example_dags/tutorial_taskflow_api.py
[2025-01-15T23:43:49.396+0500] {logging_mixin.py:190} INFO - [2025-01-15T23:43:49.396+0500] {dag.py:3239} INFO - Sync 1 DAGs
[2025-01-15T23:43:49.410+0500] {logging_mixin.py:190} INFO - [2025-01-15T23:43:49.410+0500] {dag.py:4180} INFO - Setting next_dagrun for tutorial_taskflow_api to None, run_after=None
[2025-01-15T23:43:49.439+0500] {processor.py:208} INFO - Processing /Users/mac/Desktop/Comapny2/CryptoPortfolioAI/.venv/lib/python3.10/site-packages/airflow/example_dags/tutorial_taskflow_api.py took 0.296 seconds
