[2025-01-15T12:19:29.526+0500] {processor.py:186} INFO - Started process (PID=36227) to work on /Users/mac/Desktop/Comapny2/CryptoPortfolioAI/.venv/lib/python3.10/site-packages/airflow/example_dags/tutorial_objectstorage.py
[2025-01-15T12:19:29.528+0500] {processor.py:914} INFO - Processing file /Users/mac/Desktop/Comapny2/CryptoPortfolioAI/.venv/lib/python3.10/site-packages/airflow/example_dags/tutorial_objectstorage.py for tasks to queue
[2025-01-15T12:19:29.529+0500] {logging_mixin.py:190} INFO - [2025-01-15T12:19:29.529+0500] {dagbag.py:588} INFO - Filling up the DagBag from /Users/mac/Desktop/Comapny2/CryptoPortfolioAI/.venv/lib/python3.10/site-packages/airflow/example_dags/tutorial_objectstorage.py
[2025-01-15T12:19:29.570+0500] {processor.py:925} INFO - DAG(s) 'tutorial_objectstorage' retrieved from /Users/mac/Desktop/Comapny2/CryptoPortfolioAI/.venv/lib/python3.10/site-packages/airflow/example_dags/tutorial_objectstorage.py
[2025-01-15T12:19:29.782+0500] {logging_mixin.py:190} INFO - [2025-01-15T12:19:29.781+0500] {override.py:1912} INFO - Created Permission View: can edit on DAG:tutorial_objectstorage
[2025-01-15T12:19:29.792+0500] {logging_mixin.py:190} INFO - [2025-01-15T12:19:29.792+0500] {override.py:1912} INFO - Created Permission View: can delete on DAG:tutorial_objectstorage
[2025-01-15T12:19:29.799+0500] {logging_mixin.py:190} INFO - [2025-01-15T12:19:29.799+0500] {override.py:1912} INFO - Created Permission View: can read on DAG:tutorial_objectstorage
[2025-01-15T12:19:29.811+0500] {logging_mixin.py:190} INFO - [2025-01-15T12:19:29.811+0500] {override.py:1912} INFO - Created Permission View: menu access on DAG Run:tutorial_objectstorage
[2025-01-15T12:19:29.820+0500] {logging_mixin.py:190} INFO - [2025-01-15T12:19:29.820+0500] {override.py:1912} INFO - Created Permission View: can create on DAG Run:tutorial_objectstorage
[2025-01-15T12:19:29.829+0500] {logging_mixin.py:190} INFO - [2025-01-15T12:19:29.829+0500] {override.py:1912} INFO - Created Permission View: can delete on DAG Run:tutorial_objectstorage
[2025-01-15T12:19:29.837+0500] {logging_mixin.py:190} INFO - [2025-01-15T12:19:29.837+0500] {override.py:1912} INFO - Created Permission View: can read on DAG Run:tutorial_objectstorage
[2025-01-15T12:19:29.838+0500] {logging_mixin.py:190} INFO - [2025-01-15T12:19:29.838+0500] {dag.py:3239} INFO - Sync 1 DAGs
[2025-01-15T12:19:29.852+0500] {logging_mixin.py:190} INFO - [2025-01-15T12:19:29.852+0500] {dag.py:3262} INFO - Creating ORM DAG for tutorial_objectstorage
[2025-01-15T12:19:29.853+0500] {logging_mixin.py:190} INFO - [2025-01-15T12:19:29.853+0500] {dag.py:4180} INFO - Setting next_dagrun for tutorial_objectstorage to None, run_after=None
[2025-01-15T12:19:29.871+0500] {processor.py:208} INFO - Processing /Users/mac/Desktop/Comapny2/CryptoPortfolioAI/.venv/lib/python3.10/site-packages/airflow/example_dags/tutorial_objectstorage.py took 0.351 seconds
[2025-01-15T23:20:21.041+0500] {processor.py:186} INFO - Started process (PID=3239) to work on /Users/mac/Desktop/Comapny2/CryptoPortfolioAI/.venv/lib/python3.10/site-packages/airflow/example_dags/tutorial_objectstorage.py
[2025-01-15T23:20:21.044+0500] {processor.py:914} INFO - Processing file /Users/mac/Desktop/Comapny2/CryptoPortfolioAI/.venv/lib/python3.10/site-packages/airflow/example_dags/tutorial_objectstorage.py for tasks to queue
[2025-01-15T23:20:21.045+0500] {logging_mixin.py:190} INFO - [2025-01-15T23:20:21.045+0500] {dagbag.py:588} INFO - Filling up the DagBag from /Users/mac/Desktop/Comapny2/CryptoPortfolioAI/.venv/lib/python3.10/site-packages/airflow/example_dags/tutorial_objectstorage.py
[2025-01-15T23:20:21.089+0500] {processor.py:925} INFO - DAG(s) 'tutorial_objectstorage' retrieved from /Users/mac/Desktop/Comapny2/CryptoPortfolioAI/.venv/lib/python3.10/site-packages/airflow/example_dags/tutorial_objectstorage.py
[2025-01-15T23:20:21.205+0500] {logging_mixin.py:190} INFO - [2025-01-15T23:20:21.204+0500] {dag.py:3239} INFO - Sync 1 DAGs
[2025-01-15T23:20:21.217+0500] {logging_mixin.py:190} INFO - [2025-01-15T23:20:21.216+0500] {dag.py:4180} INFO - Setting next_dagrun for tutorial_objectstorage to None, run_after=None
[2025-01-15T23:20:21.235+0500] {processor.py:208} INFO - Processing /Users/mac/Desktop/Comapny2/CryptoPortfolioAI/.venv/lib/python3.10/site-packages/airflow/example_dags/tutorial_objectstorage.py took 0.199 seconds
[2025-01-15T23:24:35.036+0500] {processor.py:186} INFO - Started process (PID=4386) to work on /Users/mac/Desktop/Comapny2/CryptoPortfolioAI/.venv/lib/python3.10/site-packages/airflow/example_dags/tutorial_objectstorage.py
[2025-01-15T23:24:35.038+0500] {processor.py:914} INFO - Processing file /Users/mac/Desktop/Comapny2/CryptoPortfolioAI/.venv/lib/python3.10/site-packages/airflow/example_dags/tutorial_objectstorage.py for tasks to queue
[2025-01-15T23:24:35.041+0500] {logging_mixin.py:190} INFO - [2025-01-15T23:24:35.040+0500] {dagbag.py:588} INFO - Filling up the DagBag from /Users/mac/Desktop/Comapny2/CryptoPortfolioAI/.venv/lib/python3.10/site-packages/airflow/example_dags/tutorial_objectstorage.py
[2025-01-15T23:24:35.087+0500] {processor.py:925} INFO - DAG(s) 'tutorial_objectstorage' retrieved from /Users/mac/Desktop/Comapny2/CryptoPortfolioAI/.venv/lib/python3.10/site-packages/airflow/example_dags/tutorial_objectstorage.py
[2025-01-15T23:24:35.202+0500] {logging_mixin.py:190} INFO - [2025-01-15T23:24:35.202+0500] {dag.py:3239} INFO - Sync 1 DAGs
[2025-01-15T23:24:35.217+0500] {logging_mixin.py:190} INFO - [2025-01-15T23:24:35.217+0500] {dag.py:4180} INFO - Setting next_dagrun for tutorial_objectstorage to None, run_after=None
[2025-01-15T23:24:35.239+0500] {processor.py:208} INFO - Processing /Users/mac/Desktop/Comapny2/CryptoPortfolioAI/.venv/lib/python3.10/site-packages/airflow/example_dags/tutorial_objectstorage.py took 0.209 seconds
[2025-01-15T23:28:39.501+0500] {processor.py:186} INFO - Started process (PID=5559) to work on /Users/mac/Desktop/Comapny2/CryptoPortfolioAI/.venv/lib/python3.10/site-packages/airflow/example_dags/tutorial_objectstorage.py
[2025-01-15T23:28:39.503+0500] {processor.py:914} INFO - Processing file /Users/mac/Desktop/Comapny2/CryptoPortfolioAI/.venv/lib/python3.10/site-packages/airflow/example_dags/tutorial_objectstorage.py for tasks to queue
[2025-01-15T23:28:39.504+0500] {logging_mixin.py:190} INFO - [2025-01-15T23:28:39.504+0500] {dagbag.py:588} INFO - Filling up the DagBag from /Users/mac/Desktop/Comapny2/CryptoPortfolioAI/.venv/lib/python3.10/site-packages/airflow/example_dags/tutorial_objectstorage.py
[2025-01-15T23:28:39.552+0500] {processor.py:925} INFO - DAG(s) 'tutorial_objectstorage' retrieved from /Users/mac/Desktop/Comapny2/CryptoPortfolioAI/.venv/lib/python3.10/site-packages/airflow/example_dags/tutorial_objectstorage.py
[2025-01-15T23:28:39.662+0500] {logging_mixin.py:190} INFO - [2025-01-15T23:28:39.662+0500] {dag.py:3239} INFO - Sync 1 DAGs
[2025-01-15T23:28:39.674+0500] {logging_mixin.py:190} INFO - [2025-01-15T23:28:39.674+0500] {dag.py:4180} INFO - Setting next_dagrun for tutorial_objectstorage to None, run_after=None
[2025-01-15T23:28:39.695+0500] {processor.py:208} INFO - Processing /Users/mac/Desktop/Comapny2/CryptoPortfolioAI/.venv/lib/python3.10/site-packages/airflow/example_dags/tutorial_objectstorage.py took 0.200 seconds
[2025-01-15T23:32:00.017+0500] {processor.py:186} INFO - Started process (PID=6591) to work on /Users/mac/Desktop/Comapny2/CryptoPortfolioAI/.venv/lib/python3.10/site-packages/airflow/example_dags/tutorial_objectstorage.py
[2025-01-15T23:32:00.020+0500] {processor.py:914} INFO - Processing file /Users/mac/Desktop/Comapny2/CryptoPortfolioAI/.venv/lib/python3.10/site-packages/airflow/example_dags/tutorial_objectstorage.py for tasks to queue
[2025-01-15T23:32:00.022+0500] {logging_mixin.py:190} INFO - [2025-01-15T23:32:00.022+0500] {dagbag.py:588} INFO - Filling up the DagBag from /Users/mac/Desktop/Comapny2/CryptoPortfolioAI/.venv/lib/python3.10/site-packages/airflow/example_dags/tutorial_objectstorage.py
[2025-01-15T23:32:00.061+0500] {processor.py:925} INFO - DAG(s) 'tutorial_objectstorage' retrieved from /Users/mac/Desktop/Comapny2/CryptoPortfolioAI/.venv/lib/python3.10/site-packages/airflow/example_dags/tutorial_objectstorage.py
[2025-01-15T23:32:00.178+0500] {logging_mixin.py:190} INFO - [2025-01-15T23:32:00.178+0500] {dag.py:3239} INFO - Sync 1 DAGs
[2025-01-15T23:32:00.191+0500] {logging_mixin.py:190} INFO - [2025-01-15T23:32:00.190+0500] {dag.py:4180} INFO - Setting next_dagrun for tutorial_objectstorage to None, run_after=None
[2025-01-15T23:32:00.223+0500] {processor.py:208} INFO - Processing /Users/mac/Desktop/Comapny2/CryptoPortfolioAI/.venv/lib/python3.10/site-packages/airflow/example_dags/tutorial_objectstorage.py took 0.210 seconds
[2025-01-15T23:34:51.497+0500] {processor.py:186} INFO - Started process (PID=7362) to work on /Users/mac/Desktop/Comapny2/CryptoPortfolioAI/.venv/lib/python3.10/site-packages/airflow/example_dags/tutorial_objectstorage.py
[2025-01-15T23:34:51.499+0500] {processor.py:914} INFO - Processing file /Users/mac/Desktop/Comapny2/CryptoPortfolioAI/.venv/lib/python3.10/site-packages/airflow/example_dags/tutorial_objectstorage.py for tasks to queue
[2025-01-15T23:34:51.501+0500] {logging_mixin.py:190} INFO - [2025-01-15T23:34:51.500+0500] {dagbag.py:588} INFO - Filling up the DagBag from /Users/mac/Desktop/Comapny2/CryptoPortfolioAI/.venv/lib/python3.10/site-packages/airflow/example_dags/tutorial_objectstorage.py
[2025-01-15T23:34:51.540+0500] {processor.py:925} INFO - DAG(s) 'tutorial_objectstorage' retrieved from /Users/mac/Desktop/Comapny2/CryptoPortfolioAI/.venv/lib/python3.10/site-packages/airflow/example_dags/tutorial_objectstorage.py
[2025-01-15T23:34:51.643+0500] {logging_mixin.py:190} INFO - [2025-01-15T23:34:51.643+0500] {dag.py:3239} INFO - Sync 1 DAGs
[2025-01-15T23:34:51.655+0500] {logging_mixin.py:190} INFO - [2025-01-15T23:34:51.654+0500] {dag.py:4180} INFO - Setting next_dagrun for tutorial_objectstorage to None, run_after=None
[2025-01-15T23:34:51.674+0500] {processor.py:208} INFO - Processing /Users/mac/Desktop/Comapny2/CryptoPortfolioAI/.venv/lib/python3.10/site-packages/airflow/example_dags/tutorial_objectstorage.py took 0.182 seconds
[2025-01-15T23:37:39.000+0500] {processor.py:186} INFO - Started process (PID=8137) to work on /Users/mac/Desktop/Comapny2/CryptoPortfolioAI/.venv/lib/python3.10/site-packages/airflow/example_dags/tutorial_objectstorage.py
[2025-01-15T23:37:39.003+0500] {processor.py:914} INFO - Processing file /Users/mac/Desktop/Comapny2/CryptoPortfolioAI/.venv/lib/python3.10/site-packages/airflow/example_dags/tutorial_objectstorage.py for tasks to queue
[2025-01-15T23:37:39.004+0500] {logging_mixin.py:190} INFO - [2025-01-15T23:37:39.004+0500] {dagbag.py:588} INFO - Filling up the DagBag from /Users/mac/Desktop/Comapny2/CryptoPortfolioAI/.venv/lib/python3.10/site-packages/airflow/example_dags/tutorial_objectstorage.py
[2025-01-15T23:37:39.044+0500] {processor.py:925} INFO - DAG(s) 'tutorial_objectstorage' retrieved from /Users/mac/Desktop/Comapny2/CryptoPortfolioAI/.venv/lib/python3.10/site-packages/airflow/example_dags/tutorial_objectstorage.py
[2025-01-15T23:37:39.151+0500] {logging_mixin.py:190} INFO - [2025-01-15T23:37:39.150+0500] {dag.py:3239} INFO - Sync 1 DAGs
[2025-01-15T23:37:39.162+0500] {logging_mixin.py:190} INFO - [2025-01-15T23:37:39.162+0500] {dag.py:4180} INFO - Setting next_dagrun for tutorial_objectstorage to None, run_after=None
[2025-01-15T23:37:39.180+0500] {processor.py:208} INFO - Processing /Users/mac/Desktop/Comapny2/CryptoPortfolioAI/.venv/lib/python3.10/site-packages/airflow/example_dags/tutorial_objectstorage.py took 0.184 seconds
[2025-01-15T23:40:39.883+0500] {processor.py:186} INFO - Started process (PID=8902) to work on /Users/mac/Desktop/Comapny2/CryptoPortfolioAI/.venv/lib/python3.10/site-packages/airflow/example_dags/tutorial_objectstorage.py
[2025-01-15T23:40:39.885+0500] {processor.py:914} INFO - Processing file /Users/mac/Desktop/Comapny2/CryptoPortfolioAI/.venv/lib/python3.10/site-packages/airflow/example_dags/tutorial_objectstorage.py for tasks to queue
[2025-01-15T23:40:39.887+0500] {logging_mixin.py:190} INFO - [2025-01-15T23:40:39.887+0500] {dagbag.py:588} INFO - Filling up the DagBag from /Users/mac/Desktop/Comapny2/CryptoPortfolioAI/.venv/lib/python3.10/site-packages/airflow/example_dags/tutorial_objectstorage.py
[2025-01-15T23:40:39.954+0500] {processor.py:925} INFO - DAG(s) 'tutorial_objectstorage' retrieved from /Users/mac/Desktop/Comapny2/CryptoPortfolioAI/.venv/lib/python3.10/site-packages/airflow/example_dags/tutorial_objectstorage.py
[2025-01-15T23:40:40.102+0500] {logging_mixin.py:190} INFO - [2025-01-15T23:40:40.101+0500] {dag.py:3239} INFO - Sync 1 DAGs
[2025-01-15T23:40:40.118+0500] {logging_mixin.py:190} INFO - [2025-01-15T23:40:40.118+0500] {dag.py:4180} INFO - Setting next_dagrun for tutorial_objectstorage to None, run_after=None
[2025-01-15T23:40:40.141+0500] {processor.py:208} INFO - Processing /Users/mac/Desktop/Comapny2/CryptoPortfolioAI/.venv/lib/python3.10/site-packages/airflow/example_dags/tutorial_objectstorage.py took 0.264 seconds
[2025-01-15T23:43:53.448+0500] {processor.py:186} INFO - Started process (PID=9682) to work on /Users/mac/Desktop/Comapny2/CryptoPortfolioAI/.venv/lib/python3.10/site-packages/airflow/example_dags/tutorial_objectstorage.py
[2025-01-15T23:43:53.450+0500] {processor.py:914} INFO - Processing file /Users/mac/Desktop/Comapny2/CryptoPortfolioAI/.venv/lib/python3.10/site-packages/airflow/example_dags/tutorial_objectstorage.py for tasks to queue
[2025-01-15T23:43:53.453+0500] {logging_mixin.py:190} INFO - [2025-01-15T23:43:53.452+0500] {dagbag.py:588} INFO - Filling up the DagBag from /Users/mac/Desktop/Comapny2/CryptoPortfolioAI/.venv/lib/python3.10/site-packages/airflow/example_dags/tutorial_objectstorage.py
[2025-01-15T23:43:53.536+0500] {processor.py:925} INFO - DAG(s) 'tutorial_objectstorage' retrieved from /Users/mac/Desktop/Comapny2/CryptoPortfolioAI/.venv/lib/python3.10/site-packages/airflow/example_dags/tutorial_objectstorage.py
[2025-01-15T23:43:53.690+0500] {logging_mixin.py:190} INFO - [2025-01-15T23:43:53.689+0500] {dag.py:3239} INFO - Sync 1 DAGs
[2025-01-15T23:43:53.705+0500] {logging_mixin.py:190} INFO - [2025-01-15T23:43:53.704+0500] {dag.py:4180} INFO - Setting next_dagrun for tutorial_objectstorage to None, run_after=None
[2025-01-15T23:43:53.732+0500] {processor.py:208} INFO - Processing /Users/mac/Desktop/Comapny2/CryptoPortfolioAI/.venv/lib/python3.10/site-packages/airflow/example_dags/tutorial_objectstorage.py took 0.291 seconds
